[0.017s] Invoking command in '/home/kch/ros2_ws/build/krac_control': CMAKE_PREFIX_PATH=/home/kch/ros2_ws/install/krac_interfaces:/home/kch/ros2_ws/install/vision_msgs_rviz_plugins:/home/kch/ros2_ws/install/vision_msgs:/home/kch/ros2_ws/install/px4_ros_com:/home/kch/ros2_ws/install/px4_msgs:/home/kch/ros2_ws/install/krac_utils:/home/kch/ros2_ws/install/krac_mission:/home/kch/ros2_ws/install/krac_control:/home/kch/ros2_ws/install/krac_vision:/opt/ros/humble LD_LIBRARY_PATH=/home/kch/ros2_ws/install/krac_interfaces/lib:/home/kch/ros2_ws/install/vision_msgs_rviz_plugins/lib:/home/kch/ros2_ws/install/vision_msgs/lib:/home/kch/ros2_ws/install/px4_ros_com/lib:/home/kch/ros2_ws/install/px4_msgs/lib:/opt/ros/humble/opt/rviz_ogre_vendor/lib:/opt/ros/humble/lib/x86_64-linux-gnu:/opt/ros/humble/lib /usr/bin/cmake --build /home/kch/ros2_ws/build/krac_control -- -j16 -l16
[0.052s] [35m[1mConsolidate compiler generated dependencies of target vtol_offboard[0m
[0.063s] [ 20%] Built target offboard
[0.064s] [ 40%] Built target vtol_offboard
[0.065s] [ 60%] Built target vtol_fsm_P
[0.065s] [ 80%] Built target precision_lander
[0.065s] [100%] Built target vtol_fsm
[0.211s] Invoked command in '/home/kch/ros2_ws/build/krac_control' returned '0': CMAKE_PREFIX_PATH=/home/kch/ros2_ws/install/krac_interfaces:/home/kch/ros2_ws/install/vision_msgs_rviz_plugins:/home/kch/ros2_ws/install/vision_msgs:/home/kch/ros2_ws/install/px4_ros_com:/home/kch/ros2_ws/install/px4_msgs:/home/kch/ros2_ws/install/krac_utils:/home/kch/ros2_ws/install/krac_mission:/home/kch/ros2_ws/install/krac_control:/home/kch/ros2_ws/install/krac_vision:/opt/ros/humble LD_LIBRARY_PATH=/home/kch/ros2_ws/install/krac_interfaces/lib:/home/kch/ros2_ws/install/vision_msgs_rviz_plugins/lib:/home/kch/ros2_ws/install/vision_msgs/lib:/home/kch/ros2_ws/install/px4_ros_com/lib:/home/kch/ros2_ws/install/px4_msgs/lib:/opt/ros/humble/opt/rviz_ogre_vendor/lib:/opt/ros/humble/lib/x86_64-linux-gnu:/opt/ros/humble/lib /usr/bin/cmake --build /home/kch/ros2_ws/build/krac_control -- -j16 -l16
[0.212s] Invoking command in '/home/kch/ros2_ws/build/krac_control': CMAKE_PREFIX_PATH=/home/kch/ros2_ws/install/krac_interfaces:/home/kch/ros2_ws/install/vision_msgs_rviz_plugins:/home/kch/ros2_ws/install/vision_msgs:/home/kch/ros2_ws/install/px4_ros_com:/home/kch/ros2_ws/install/px4_msgs:/home/kch/ros2_ws/install/krac_utils:/home/kch/ros2_ws/install/krac_mission:/home/kch/ros2_ws/install/krac_control:/home/kch/ros2_ws/install/krac_vision:/opt/ros/humble LD_LIBRARY_PATH=/home/kch/ros2_ws/install/krac_interfaces/lib:/home/kch/ros2_ws/install/vision_msgs_rviz_plugins/lib:/home/kch/ros2_ws/install/vision_msgs/lib:/home/kch/ros2_ws/install/px4_ros_com/lib:/home/kch/ros2_ws/install/px4_msgs/lib:/opt/ros/humble/opt/rviz_ogre_vendor/lib:/opt/ros/humble/lib/x86_64-linux-gnu:/opt/ros/humble/lib /usr/bin/cmake --install /home/kch/ros2_ws/build/krac_control
[0.218s] -- Install configuration: ""
[0.218s] -- Execute custom install script
[0.219s] -- Up-to-date symlink: /home/kch/ros2_ws/install/krac_control/lib/krac_control/vtol_fsm
[0.219s] -- Up-to-date symlink: /home/kch/ros2_ws/install/krac_control/lib/krac_control/vtol_fsm_P
[0.219s] -- Up-to-date symlink: /home/kch/ros2_ws/install/krac_control/lib/krac_control/offboard
[0.219s] -- Up-to-date symlink: /home/kch/ros2_ws/install/krac_control/lib/krac_control/precision_lander
[0.219s] -- Up-to-date symlink: /home/kch/ros2_ws/install/krac_control/lib/krac_control/vtol_offboard
[0.219s] -- Up-to-date symlink: /home/kch/ros2_ws/install/krac_control/lib/krac_control/gripper_test.py
[0.219s] -- Up-to-date symlink: /home/kch/ros2_ws/install/krac_control/share/ament_index/resource_index/package_run_dependencies/krac_control
[0.219s] -- Up-to-date symlink: /home/kch/ros2_ws/install/krac_control/share/ament_index/resource_index/parent_prefix_path/krac_control
[0.219s] -- Up-to-date symlink: /home/kch/ros2_ws/install/krac_control/share/krac_control/environment/ament_prefix_path.sh
[0.219s] -- Up-to-date symlink: /home/kch/ros2_ws/install/krac_control/share/krac_control/environment/ament_prefix_path.dsv
[0.219s] -- Up-to-date symlink: /home/kch/ros2_ws/install/krac_control/share/krac_control/environment/path.sh
[0.220s] -- Up-to-date symlink: /home/kch/ros2_ws/install/krac_control/share/krac_control/environment/path.dsv
[0.220s] -- Up-to-date symlink: /home/kch/ros2_ws/install/krac_control/share/krac_control/local_setup.bash
[0.220s] -- Up-to-date symlink: /home/kch/ros2_ws/install/krac_control/share/krac_control/local_setup.sh
[0.220s] -- Up-to-date symlink: /home/kch/ros2_ws/install/krac_control/share/krac_control/local_setup.zsh
[0.220s] -- Up-to-date symlink: /home/kch/ros2_ws/install/krac_control/share/krac_control/local_setup.dsv
[0.220s] -- Symlinking: /home/kch/ros2_ws/install/krac_control/share/krac_control/package.dsv
[0.229s] -- Up-to-date symlink: /home/kch/ros2_ws/install/krac_control/share/ament_index/resource_index/packages/krac_control
[0.229s] -- Up-to-date symlink: /home/kch/ros2_ws/install/krac_control/share/krac_control/cmake/krac_controlConfig.cmake
[0.229s] -- Up-to-date symlink: /home/kch/ros2_ws/install/krac_control/share/krac_control/cmake/krac_controlConfig-version.cmake
[0.229s] -- Up-to-date symlink: /home/kch/ros2_ws/install/krac_control/share/krac_control/package.xml
[0.243s] Invoked command in '/home/kch/ros2_ws/build/krac_control' returned '0': CMAKE_PREFIX_PATH=/home/kch/ros2_ws/install/krac_interfaces:/home/kch/ros2_ws/install/vision_msgs_rviz_plugins:/home/kch/ros2_ws/install/vision_msgs:/home/kch/ros2_ws/install/px4_ros_com:/home/kch/ros2_ws/install/px4_msgs:/home/kch/ros2_ws/install/krac_utils:/home/kch/ros2_ws/install/krac_mission:/home/kch/ros2_ws/install/krac_control:/home/kch/ros2_ws/install/krac_vision:/opt/ros/humble LD_LIBRARY_PATH=/home/kch/ros2_ws/install/krac_interfaces/lib:/home/kch/ros2_ws/install/vision_msgs_rviz_plugins/lib:/home/kch/ros2_ws/install/vision_msgs/lib:/home/kch/ros2_ws/install/px4_ros_com/lib:/home/kch/ros2_ws/install/px4_msgs/lib:/opt/ros/humble/opt/rviz_ogre_vendor/lib:/opt/ros/humble/lib/x86_64-linux-gnu:/opt/ros/humble/lib /usr/bin/cmake --install /home/kch/ros2_ws/build/krac_control
