[0.019s] Invoking command in '/home/kch/ros2_ws/build/krac_control': AMENT_PREFIX_PATH=/home/kch/ros2_ws/install/krac_interfaces:${AMENT_PREFIX_PATH} CMAKE_PREFIX_PATH=/home/kch/ros2_ws/install/krac_interfaces:/opt/ros/humble LD_LIBRARY_PATH=/home/kch/ros2_ws/install/krac_interfaces/lib:${LD_LIBRARY_PATH} PYTHONPATH=/home/kch/ros2_ws/install/krac_interfaces/local/lib/python3.10/dist-packages:${PYTHONPATH} /usr/bin/cmake /home/kch/ros2_ws/src/krac_control -DCMAKE_INSTALL_PREFIX=/home/kch/ros2_ws/install/krac_control
[0.027s] -- Found ament_cmake: 1.3.12 (/opt/ros/humble/share/ament_cmake/cmake)
[0.106s] -- Override CMake install command with custom implementation using symlinks instead of copying resources
[0.111s] -- Found rclcpp: 16.0.17 (/opt/ros/humble/share/rclcpp/cmake)
[0.133s] -- Found rosidl_generator_c: 3.1.8 (/opt/ros/humble/share/rosidl_generator_c/cmake)
[0.134s] -- Found rosidl_adapter: 3.1.8 (/opt/ros/humble/share/rosidl_adapter/cmake)
[0.138s] -- Found rosidl_generator_cpp: 3.1.8 (/opt/ros/humble/share/rosidl_generator_cpp/cmake)
[0.145s] -- Using all available rosidl_typesupport_c: rosidl_typesupport_fastrtps_c;rosidl_typesupport_introspection_c
[0.151s] -- Using all available rosidl_typesupport_cpp: rosidl_typesupport_fastrtps_cpp;rosidl_typesupport_introspection_cpp
[0.181s] -- Found rmw_implementation_cmake: 6.1.2 (/opt/ros/humble/share/rmw_implementation_cmake/cmake)
[0.184s] -- Found rmw_fastrtps_cpp: 6.2.9 (/opt/ros/humble/share/rmw_fastrtps_cpp/cmake)
[0.281s] -- Using RMW implementation 'rmw_fastrtps_cpp' as default
[0.327s] -- Found mavros_msgs: 2.14.0 (/opt/ros/humble/share/mavros_msgs/cmake)
[0.391s] -- Found krac_interfaces: 0.0.0 (/home/kch/ros2_ws/install/krac_interfaces/share/krac_interfaces/cmake)
[0.402s] -- Found tf2: 0.25.18 (/opt/ros/humble/share/tf2/cmake)
[0.408s] -- Found tf2_geometry_msgs: 0.25.18 (/opt/ros/humble/share/tf2_geometry_msgs/cmake)
[0.414s] -- Found eigen3_cmake_module: 0.1.1 (/opt/ros/humble/share/eigen3_cmake_module/cmake)
[0.416s] -- Ensuring Eigen3 include directory is part of orocos-kdl CMake target
[0.503s] -- Found std_srvs: 4.9.0 (/opt/ros/humble/share/std_srvs/cmake)
[0.581s] -- Configuring done
[0.610s] -- Generating done
[0.617s] -- Build files have been written to: /home/kch/ros2_ws/build/krac_control
[0.625s] Invoked command in '/home/kch/ros2_ws/build/krac_control' returned '0': AMENT_PREFIX_PATH=/home/kch/ros2_ws/install/krac_interfaces:${AMENT_PREFIX_PATH} CMAKE_PREFIX_PATH=/home/kch/ros2_ws/install/krac_interfaces:/opt/ros/humble LD_LIBRARY_PATH=/home/kch/ros2_ws/install/krac_interfaces/lib:${LD_LIBRARY_PATH} PYTHONPATH=/home/kch/ros2_ws/install/krac_interfaces/local/lib/python3.10/dist-packages:${PYTHONPATH} /usr/bin/cmake /home/kch/ros2_ws/src/krac_control -DCMAKE_INSTALL_PREFIX=/home/kch/ros2_ws/install/krac_control
[0.626s] Invoking command in '/home/kch/ros2_ws/build/krac_control': AMENT_PREFIX_PATH=/home/kch/ros2_ws/install/krac_interfaces:${AMENT_PREFIX_PATH} CMAKE_PREFIX_PATH=/home/kch/ros2_ws/install/krac_interfaces:/opt/ros/humble LD_LIBRARY_PATH=/home/kch/ros2_ws/install/krac_interfaces/lib:${LD_LIBRARY_PATH} PYTHONPATH=/home/kch/ros2_ws/install/krac_interfaces/local/lib/python3.10/dist-packages:${PYTHONPATH} /usr/bin/cmake --build /home/kch/ros2_ws/build/krac_control -- -j16 -l16
[0.664s] [35m[1mConsolidate compiler generated dependencies of target vtol_fsm_P[0m
[0.664s] [35m[1mConsolidate compiler generated dependencies of target vtol_fsm[0m
[0.664s] [35m[1mConsolidate compiler generated dependencies of target precision_lander[0m
[0.664s] [35m[1mConsolidate compiler generated dependencies of target offboard[0m
[0.679s] [ 50%] Built target offboard
[0.679s] [ 50%] Built target precision_lander
[0.680s] [ 75%] Built target vtol_fsm
[0.680s] [100%] Built target vtol_fsm_P
[0.689s] Invoked command in '/home/kch/ros2_ws/build/krac_control' returned '0': AMENT_PREFIX_PATH=/home/kch/ros2_ws/install/krac_interfaces:${AMENT_PREFIX_PATH} CMAKE_PREFIX_PATH=/home/kch/ros2_ws/install/krac_interfaces:/opt/ros/humble LD_LIBRARY_PATH=/home/kch/ros2_ws/install/krac_interfaces/lib:${LD_LIBRARY_PATH} PYTHONPATH=/home/kch/ros2_ws/install/krac_interfaces/local/lib/python3.10/dist-packages:${PYTHONPATH} /usr/bin/cmake --build /home/kch/ros2_ws/build/krac_control -- -j16 -l16
[0.690s] Invoking command in '/home/kch/ros2_ws/build/krac_control': AMENT_PREFIX_PATH=/home/kch/ros2_ws/install/krac_interfaces:${AMENT_PREFIX_PATH} CMAKE_PREFIX_PATH=/home/kch/ros2_ws/install/krac_interfaces:/opt/ros/humble LD_LIBRARY_PATH=/home/kch/ros2_ws/install/krac_interfaces/lib:${LD_LIBRARY_PATH} PYTHONPATH=/home/kch/ros2_ws/install/krac_interfaces/local/lib/python3.10/dist-packages:${PYTHONPATH} /usr/bin/cmake --install /home/kch/ros2_ws/build/krac_control
[0.698s] -- Install configuration: ""
[0.698s] -- Execute custom install script
[0.699s] -- Up-to-date symlink: /home/kch/ros2_ws/install/krac_control/lib/krac_control/vtol_fsm
[0.699s] -- Up-to-date symlink: /home/kch/ros2_ws/install/krac_control/lib/krac_control/vtol_fsm_P
[0.699s] -- Up-to-date symlink: /home/kch/ros2_ws/install/krac_control/lib/krac_control/offboard
[0.699s] -- Up-to-date symlink: /home/kch/ros2_ws/install/krac_control/lib/krac_control/precision_lander
[0.699s] -- Up-to-date symlink: /home/kch/ros2_ws/install/krac_control/share/ament_index/resource_index/package_run_dependencies/krac_control
[0.700s] -- Up-to-date symlink: /home/kch/ros2_ws/install/krac_control/share/ament_index/resource_index/parent_prefix_path/krac_control
[0.700s] -- Up-to-date symlink: /home/kch/ros2_ws/install/krac_control/share/krac_control/environment/ament_prefix_path.sh
[0.700s] -- Up-to-date symlink: /home/kch/ros2_ws/install/krac_control/share/krac_control/environment/ament_prefix_path.dsv
[0.700s] -- Up-to-date symlink: /home/kch/ros2_ws/install/krac_control/share/krac_control/environment/path.sh
[0.701s] -- Up-to-date symlink: /home/kch/ros2_ws/install/krac_control/share/krac_control/environment/path.dsv
[0.701s] -- Up-to-date symlink: /home/kch/ros2_ws/install/krac_control/share/krac_control/local_setup.bash
[0.701s] -- Up-to-date symlink: /home/kch/ros2_ws/install/krac_control/share/krac_control/local_setup.sh
[0.701s] -- Up-to-date symlink: /home/kch/ros2_ws/install/krac_control/share/krac_control/local_setup.zsh
[0.701s] -- Up-to-date symlink: /home/kch/ros2_ws/install/krac_control/share/krac_control/local_setup.dsv
[0.701s] -- Symlinking: /home/kch/ros2_ws/install/krac_control/share/krac_control/package.dsv
[0.710s] -- Up-to-date symlink: /home/kch/ros2_ws/install/krac_control/share/ament_index/resource_index/packages/krac_control
[0.710s] -- Up-to-date symlink: /home/kch/ros2_ws/install/krac_control/share/krac_control/cmake/krac_controlConfig.cmake
[0.710s] -- Up-to-date symlink: /home/kch/ros2_ws/install/krac_control/share/krac_control/cmake/krac_controlConfig-version.cmake
[0.710s] -- Up-to-date symlink: /home/kch/ros2_ws/install/krac_control/share/krac_control/package.xml
[0.713s] Invoked command in '/home/kch/ros2_ws/build/krac_control' returned '0': AMENT_PREFIX_PATH=/home/kch/ros2_ws/install/krac_interfaces:${AMENT_PREFIX_PATH} CMAKE_PREFIX_PATH=/home/kch/ros2_ws/install/krac_interfaces:/opt/ros/humble LD_LIBRARY_PATH=/home/kch/ros2_ws/install/krac_interfaces/lib:${LD_LIBRARY_PATH} PYTHONPATH=/home/kch/ros2_ws/install/krac_interfaces/local/lib/python3.10/dist-packages:${PYTHONPATH} /usr/bin/cmake --install /home/kch/ros2_ws/build/krac_control
