[0.058s] DEBUG:colcon:Command line arguments: ['/usr/bin/colcon', 'build', '--symlink-install', '--packages-select', 'krac_mission']
[0.058s] DEBUG:colcon:Parsed command line arguments: Namespace(log_base=None, log_level=None, verb_name='build', build_base='build', install_base='install', merge_install=False, symlink_install=True, test_result_base=None, continue_on_error=False, executor='parallel', parallel_workers=16, event_handlers=None, ignore_user_meta=False, metas=['./colcon.meta'], base_paths=['.'], packages_ignore=None, packages_ignore_regex=None, paths=None, packages_up_to=None, packages_up_to_regex=None, packages_above=None, packages_above_and_dependencies=None, packages_above_depth=None, packages_select_by_dep=None, packages_skip_by_dep=None, packages_skip_up_to=None, packages_select_build_failed=False, packages_skip_build_finished=False, packages_select_test_failures=False, packages_skip_test_passed=False, packages_select=['krac_mission'], packages_skip=None, packages_select_regex=None, packages_skip_regex=None, packages_start=None, packages_end=None, allow_overriding=[], cmake_args=None, cmake_target=None, cmake_target_skip_unavailable=False, cmake_clean_cache=False, cmake_clean_first=False, cmake_force_configure=False, ament_cmake_args=None, catkin_cmake_args=None, catkin_skip_building_tests=False, verb_parser=<colcon_defaults.argument_parser.defaults.DefaultArgumentsDecorator object at 0x7787999629b0>, verb_extension=<colcon_core.verb.build.BuildVerb object at 0x778799aa4370>, main=<bound method BuildVerb.main of <colcon_core.verb.build.BuildVerb object at 0x778799aa4370>>)
[0.148s] Level 1:colcon.colcon_core.package_discovery:discover_packages(colcon_meta) check parameters
[0.149s] Level 1:colcon.colcon_core.package_discovery:discover_packages(recursive) check parameters
[0.149s] Level 1:colcon.colcon_core.package_discovery:discover_packages(ignore) check parameters
[0.149s] Level 1:colcon.colcon_core.package_discovery:discover_packages(path) check parameters
[0.149s] Level 1:colcon.colcon_core.package_discovery:discover_packages(colcon_meta) discover
[0.149s] Level 1:colcon.colcon_core.package_discovery:discover_packages(recursive) discover
[0.149s] INFO:colcon.colcon_core.package_discovery:Crawling recursively for packages in '/home/kch/ros2_ws'
[0.149s] Level 1:colcon.colcon_core.package_identification:_identify(.) by extensions ['ignore', 'ignore_ament_install']
[0.149s] Level 1:colcon.colcon_core.package_identification:_identify(.) by extension 'ignore'
[0.149s] Level 1:colcon.colcon_core.package_identification:_identify(.) by extension 'ignore_ament_install'
[0.149s] Level 1:colcon.colcon_core.package_identification:_identify(.) by extensions ['colcon_pkg']
[0.149s] Level 1:colcon.colcon_core.package_identification:_identify(.) by extension 'colcon_pkg'
[0.149s] Level 1:colcon.colcon_core.package_identification:_identify(.) by extensions ['colcon_meta']
[0.149s] Level 1:colcon.colcon_core.package_identification:_identify(.) by extension 'colcon_meta'
[0.149s] Level 1:colcon.colcon_core.package_identification:_identify(.) by extensions ['ros']
[0.149s] Level 1:colcon.colcon_core.package_identification:_identify(.) by extension 'ros'
[0.177s] Level 1:colcon.colcon_core.package_identification:_identify(.) by extensions ['cmake', 'python']
[0.177s] Level 1:colcon.colcon_core.package_identification:_identify(.) by extension 'cmake'
[0.177s] Level 1:colcon.colcon_core.package_identification:_identify(.) by extension 'python'
[0.177s] Level 1:colcon.colcon_core.package_identification:_identify(.) by extensions ['python_setup_py']
[0.177s] Level 1:colcon.colcon_core.package_identification:_identify(.) by extension 'python_setup_py'
[0.177s] Level 1:colcon.colcon_core.package_identification:_identify(build) by extensions ['ignore', 'ignore_ament_install']
[0.177s] Level 1:colcon.colcon_core.package_identification:_identify(build) by extension 'ignore'
[0.177s] Level 1:colcon.colcon_core.package_identification:_identify(build) ignored
[0.177s] Level 1:colcon.colcon_core.package_identification:_identify(install) by extensions ['ignore', 'ignore_ament_install']
[0.177s] Level 1:colcon.colcon_core.package_identification:_identify(install) by extension 'ignore'
[0.177s] Level 1:colcon.colcon_core.package_identification:_identify(install) ignored
[0.177s] Level 1:colcon.colcon_core.package_identification:_identify(log) by extensions ['ignore', 'ignore_ament_install']
[0.177s] Level 1:colcon.colcon_core.package_identification:_identify(log) by extension 'ignore'
[0.177s] Level 1:colcon.colcon_core.package_identification:_identify(log) ignored
[0.177s] Level 1:colcon.colcon_core.package_identification:_identify(runs) by extensions ['ignore', 'ignore_ament_install']
[0.177s] Level 1:colcon.colcon_core.package_identification:_identify(runs) by extension 'ignore'
[0.177s] Level 1:colcon.colcon_core.package_identification:_identify(runs) by extension 'ignore_ament_install'
[0.177s] Level 1:colcon.colcon_core.package_identification:_identify(runs) by extensions ['colcon_pkg']
[0.177s] Level 1:colcon.colcon_core.package_identification:_identify(runs) by extension 'colcon_pkg'
[0.177s] Level 1:colcon.colcon_core.package_identification:_identify(runs) by extensions ['colcon_meta']
[0.178s] Level 1:colcon.colcon_core.package_identification:_identify(runs) by extension 'colcon_meta'
[0.178s] Level 1:colcon.colcon_core.package_identification:_identify(runs) by extensions ['ros']
[0.178s] Level 1:colcon.colcon_core.package_identification:_identify(runs) by extension 'ros'
[0.178s] Level 1:colcon.colcon_core.package_identification:_identify(runs) by extensions ['cmake', 'python']
[0.178s] Level 1:colcon.colcon_core.package_identification:_identify(runs) by extension 'cmake'
[0.178s] Level 1:colcon.colcon_core.package_identification:_identify(runs) by extension 'python'
[0.178s] Level 1:colcon.colcon_core.package_identification:_identify(runs) by extensions ['python_setup_py']
[0.178s] Level 1:colcon.colcon_core.package_identification:_identify(runs) by extension 'python_setup_py'
[0.178s] Level 1:colcon.colcon_core.package_identification:_identify(runs/detect) by extensions ['ignore', 'ignore_ament_install']
[0.178s] Level 1:colcon.colcon_core.package_identification:_identify(runs/detect) by extension 'ignore'
[0.178s] Level 1:colcon.colcon_core.package_identification:_identify(runs/detect) by extension 'ignore_ament_install'
[0.178s] Level 1:colcon.colcon_core.package_identification:_identify(runs/detect) by extensions ['colcon_pkg']
[0.178s] Level 1:colcon.colcon_core.package_identification:_identify(runs/detect) by extension 'colcon_pkg'
[0.178s] Level 1:colcon.colcon_core.package_identification:_identify(runs/detect) by extensions ['colcon_meta']
[0.178s] Level 1:colcon.colcon_core.package_identification:_identify(runs/detect) by extension 'colcon_meta'
[0.178s] Level 1:colcon.colcon_core.package_identification:_identify(runs/detect) by extensions ['ros']
[0.178s] Level 1:colcon.colcon_core.package_identification:_identify(runs/detect) by extension 'ros'
[0.178s] Level 1:colcon.colcon_core.package_identification:_identify(runs/detect) by extensions ['cmake', 'python']
[0.178s] Level 1:colcon.colcon_core.package_identification:_identify(runs/detect) by extension 'cmake'
[0.178s] Level 1:colcon.colcon_core.package_identification:_identify(runs/detect) by extension 'python'
[0.178s] Level 1:colcon.colcon_core.package_identification:_identify(runs/detect) by extensions ['python_setup_py']
[0.178s] Level 1:colcon.colcon_core.package_identification:_identify(runs/detect) by extension 'python_setup_py'
[0.178s] Level 1:colcon.colcon_core.package_identification:_identify(runs/detect/track) by extensions ['ignore', 'ignore_ament_install']
[0.178s] Level 1:colcon.colcon_core.package_identification:_identify(runs/detect/track) by extension 'ignore'
[0.178s] Level 1:colcon.colcon_core.package_identification:_identify(runs/detect/track) by extension 'ignore_ament_install'
[0.178s] Level 1:colcon.colcon_core.package_identification:_identify(runs/detect/track) by extensions ['colcon_pkg']
[0.178s] Level 1:colcon.colcon_core.package_identification:_identify(runs/detect/track) by extension 'colcon_pkg'
[0.178s] Level 1:colcon.colcon_core.package_identification:_identify(runs/detect/track) by extensions ['colcon_meta']
[0.178s] Level 1:colcon.colcon_core.package_identification:_identify(runs/detect/track) by extension 'colcon_meta'
[0.178s] Level 1:colcon.colcon_core.package_identification:_identify(runs/detect/track) by extensions ['ros']
[0.178s] Level 1:colcon.colcon_core.package_identification:_identify(runs/detect/track) by extension 'ros'
[0.178s] Level 1:colcon.colcon_core.package_identification:_identify(runs/detect/track) by extensions ['cmake', 'python']
[0.178s] Level 1:colcon.colcon_core.package_identification:_identify(runs/detect/track) by extension 'cmake'
[0.178s] Level 1:colcon.colcon_core.package_identification:_identify(runs/detect/track) by extension 'python'
[0.178s] Level 1:colcon.colcon_core.package_identification:_identify(runs/detect/track) by extensions ['python_setup_py']
[0.178s] Level 1:colcon.colcon_core.package_identification:_identify(runs/detect/track) by extension 'python_setup_py'
[0.178s] Level 1:colcon.colcon_core.package_identification:_identify(runs/detect/track10) by extensions ['ignore', 'ignore_ament_install']
[0.178s] Level 1:colcon.colcon_core.package_identification:_identify(runs/detect/track10) by extension 'ignore'
[0.178s] Level 1:colcon.colcon_core.package_identification:_identify(runs/detect/track10) by extension 'ignore_ament_install'
[0.178s] Level 1:colcon.colcon_core.package_identification:_identify(runs/detect/track10) by extensions ['colcon_pkg']
[0.178s] Level 1:colcon.colcon_core.package_identification:_identify(runs/detect/track10) by extension 'colcon_pkg'
[0.178s] Level 1:colcon.colcon_core.package_identification:_identify(runs/detect/track10) by extensions ['colcon_meta']
[0.178s] Level 1:colcon.colcon_core.package_identification:_identify(runs/detect/track10) by extension 'colcon_meta'
[0.178s] Level 1:colcon.colcon_core.package_identification:_identify(runs/detect/track10) by extensions ['ros']
[0.178s] Level 1:colcon.colcon_core.package_identification:_identify(runs/detect/track10) by extension 'ros'
[0.178s] Level 1:colcon.colcon_core.package_identification:_identify(runs/detect/track10) by extensions ['cmake', 'python']
[0.178s] Level 1:colcon.colcon_core.package_identification:_identify(runs/detect/track10) by extension 'cmake'
[0.178s] Level 1:colcon.colcon_core.package_identification:_identify(runs/detect/track10) by extension 'python'
[0.178s] Level 1:colcon.colcon_core.package_identification:_identify(runs/detect/track10) by extensions ['python_setup_py']
[0.178s] Level 1:colcon.colcon_core.package_identification:_identify(runs/detect/track10) by extension 'python_setup_py'
[0.178s] Level 1:colcon.colcon_core.package_identification:_identify(runs/detect/track11) by extensions ['ignore', 'ignore_ament_install']
[0.179s] Level 1:colcon.colcon_core.package_identification:_identify(runs/detect/track11) by extension 'ignore'
[0.179s] Level 1:colcon.colcon_core.package_identification:_identify(runs/detect/track11) by extension 'ignore_ament_install'
[0.179s] Level 1:colcon.colcon_core.package_identification:_identify(runs/detect/track11) by extensions ['colcon_pkg']
[0.179s] Level 1:colcon.colcon_core.package_identification:_identify(runs/detect/track11) by extension 'colcon_pkg'
[0.179s] Level 1:colcon.colcon_core.package_identification:_identify(runs/detect/track11) by extensions ['colcon_meta']
[0.179s] Level 1:colcon.colcon_core.package_identification:_identify(runs/detect/track11) by extension 'colcon_meta'
[0.179s] Level 1:colcon.colcon_core.package_identification:_identify(runs/detect/track11) by extensions ['ros']
[0.179s] Level 1:colcon.colcon_core.package_identification:_identify(runs/detect/track11) by extension 'ros'
[0.179s] Level 1:colcon.colcon_core.package_identification:_identify(runs/detect/track11) by extensions ['cmake', 'python']
[0.179s] Level 1:colcon.colcon_core.package_identification:_identify(runs/detect/track11) by extension 'cmake'
[0.179s] Level 1:colcon.colcon_core.package_identification:_identify(runs/detect/track11) by extension 'python'
[0.179s] Level 1:colcon.colcon_core.package_identification:_identify(runs/detect/track11) by extensions ['python_setup_py']
[0.179s] Level 1:colcon.colcon_core.package_identification:_identify(runs/detect/track11) by extension 'python_setup_py'
[0.179s] Level 1:colcon.colcon_core.package_identification:_identify(runs/detect/track12) by extensions ['ignore', 'ignore_ament_install']
[0.179s] Level 1:colcon.colcon_core.package_identification:_identify(runs/detect/track12) by extension 'ignore'
[0.179s] Level 1:colcon.colcon_core.package_identification:_identify(runs/detect/track12) by extension 'ignore_ament_install'
[0.179s] Level 1:colcon.colcon_core.package_identification:_identify(runs/detect/track12) by extensions ['colcon_pkg']
[0.179s] Level 1:colcon.colcon_core.package_identification:_identify(runs/detect/track12) by extension 'colcon_pkg'
[0.179s] Level 1:colcon.colcon_core.package_identification:_identify(runs/detect/track12) by extensions ['colcon_meta']
[0.179s] Level 1:colcon.colcon_core.package_identification:_identify(runs/detect/track12) by extension 'colcon_meta'
[0.179s] Level 1:colcon.colcon_core.package_identification:_identify(runs/detect/track12) by extensions ['ros']
[0.179s] Level 1:colcon.colcon_core.package_identification:_identify(runs/detect/track12) by extension 'ros'
[0.179s] Level 1:colcon.colcon_core.package_identification:_identify(runs/detect/track12) by extensions ['cmake', 'python']
[0.179s] Level 1:colcon.colcon_core.package_identification:_identify(runs/detect/track12) by extension 'cmake'
[0.179s] Level 1:colcon.colcon_core.package_identification:_identify(runs/detect/track12) by extension 'python'
[0.179s] Level 1:colcon.colcon_core.package_identification:_identify(runs/detect/track12) by extensions ['python_setup_py']
[0.179s] Level 1:colcon.colcon_core.package_identification:_identify(runs/detect/track12) by extension 'python_setup_py'
[0.179s] Level 1:colcon.colcon_core.package_identification:_identify(runs/detect/track13) by extensions ['ignore', 'ignore_ament_install']
[0.179s] Level 1:colcon.colcon_core.package_identification:_identify(runs/detect/track13) by extension 'ignore'
[0.179s] Level 1:colcon.colcon_core.package_identification:_identify(runs/detect/track13) by extension 'ignore_ament_install'
[0.179s] Level 1:colcon.colcon_core.package_identification:_identify(runs/detect/track13) by extensions ['colcon_pkg']
[0.179s] Level 1:colcon.colcon_core.package_identification:_identify(runs/detect/track13) by extension 'colcon_pkg'
[0.179s] Level 1:colcon.colcon_core.package_identification:_identify(runs/detect/track13) by extensions ['colcon_meta']
[0.179s] Level 1:colcon.colcon_core.package_identification:_identify(runs/detect/track13) by extension 'colcon_meta'
[0.179s] Level 1:colcon.colcon_core.package_identification:_identify(runs/detect/track13) by extensions ['ros']
[0.179s] Level 1:colcon.colcon_core.package_identification:_identify(runs/detect/track13) by extension 'ros'
[0.179s] Level 1:colcon.colcon_core.package_identification:_identify(runs/detect/track13) by extensions ['cmake', 'python']
[0.179s] Level 1:colcon.colcon_core.package_identification:_identify(runs/detect/track13) by extension 'cmake'
[0.179s] Level 1:colcon.colcon_core.package_identification:_identify(runs/detect/track13) by extension 'python'
[0.179s] Level 1:colcon.colcon_core.package_identification:_identify(runs/detect/track13) by extensions ['python_setup_py']
[0.179s] Level 1:colcon.colcon_core.package_identification:_identify(runs/detect/track13) by extension 'python_setup_py'
[0.179s] Level 1:colcon.colcon_core.package_identification:_identify(runs/detect/track14) by extensions ['ignore', 'ignore_ament_install']
[0.179s] Level 1:colcon.colcon_core.package_identification:_identify(runs/detect/track14) by extension 'ignore'
[0.179s] Level 1:colcon.colcon_core.package_identification:_identify(runs/detect/track14) by extension 'ignore_ament_install'
[0.179s] Level 1:colcon.colcon_core.package_identification:_identify(runs/detect/track14) by extensions ['colcon_pkg']
[0.179s] Level 1:colcon.colcon_core.package_identification:_identify(runs/detect/track14) by extension 'colcon_pkg'
[0.179s] Level 1:colcon.colcon_core.package_identification:_identify(runs/detect/track14) by extensions ['colcon_meta']
[0.179s] Level 1:colcon.colcon_core.package_identification:_identify(runs/detect/track14) by extension 'colcon_meta'
[0.179s] Level 1:colcon.colcon_core.package_identification:_identify(runs/detect/track14) by extensions ['ros']
[0.179s] Level 1:colcon.colcon_core.package_identification:_identify(runs/detect/track14) by extension 'ros'
[0.179s] Level 1:colcon.colcon_core.package_identification:_identify(runs/detect/track14) by extensions ['cmake', 'python']
[0.179s] Level 1:colcon.colcon_core.package_identification:_identify(runs/detect/track14) by extension 'cmake'
[0.179s] Level 1:colcon.colcon_core.package_identification:_identify(runs/detect/track14) by extension 'python'
[0.179s] Level 1:colcon.colcon_core.package_identification:_identify(runs/detect/track14) by extensions ['python_setup_py']
[0.179s] Level 1:colcon.colcon_core.package_identification:_identify(runs/detect/track14) by extension 'python_setup_py'
[0.179s] Level 1:colcon.colcon_core.package_identification:_identify(runs/detect/track15) by extensions ['ignore', 'ignore_ament_install']
[0.179s] Level 1:colcon.colcon_core.package_identification:_identify(runs/detect/track15) by extension 'ignore'
[0.180s] Level 1:colcon.colcon_core.package_identification:_identify(runs/detect/track15) by extension 'ignore_ament_install'
[0.180s] Level 1:colcon.colcon_core.package_identification:_identify(runs/detect/track15) by extensions ['colcon_pkg']
[0.180s] Level 1:colcon.colcon_core.package_identification:_identify(runs/detect/track15) by extension 'colcon_pkg'
[0.180s] Level 1:colcon.colcon_core.package_identification:_identify(runs/detect/track15) by extensions ['colcon_meta']
[0.180s] Level 1:colcon.colcon_core.package_identification:_identify(runs/detect/track15) by extension 'colcon_meta'
[0.180s] Level 1:colcon.colcon_core.package_identification:_identify(runs/detect/track15) by extensions ['ros']
[0.180s] Level 1:colcon.colcon_core.package_identification:_identify(runs/detect/track15) by extension 'ros'
[0.180s] Level 1:colcon.colcon_core.package_identification:_identify(runs/detect/track15) by extensions ['cmake', 'python']
[0.180s] Level 1:colcon.colcon_core.package_identification:_identify(runs/detect/track15) by extension 'cmake'
[0.180s] Level 1:colcon.colcon_core.package_identification:_identify(runs/detect/track15) by extension 'python'
[0.180s] Level 1:colcon.colcon_core.package_identification:_identify(runs/detect/track15) by extensions ['python_setup_py']
[0.180s] Level 1:colcon.colcon_core.package_identification:_identify(runs/detect/track15) by extension 'python_setup_py'
[0.180s] Level 1:colcon.colcon_core.package_identification:_identify(runs/detect/track16) by extensions ['ignore', 'ignore_ament_install']
[0.180s] Level 1:colcon.colcon_core.package_identification:_identify(runs/detect/track16) by extension 'ignore'
[0.180s] Level 1:colcon.colcon_core.package_identification:_identify(runs/detect/track16) by extension 'ignore_ament_install'
[0.180s] Level 1:colcon.colcon_core.package_identification:_identify(runs/detect/track16) by extensions ['colcon_pkg']
[0.180s] Level 1:colcon.colcon_core.package_identification:_identify(runs/detect/track16) by extension 'colcon_pkg'
[0.180s] Level 1:colcon.colcon_core.package_identification:_identify(runs/detect/track16) by extensions ['colcon_meta']
[0.180s] Level 1:colcon.colcon_core.package_identification:_identify(runs/detect/track16) by extension 'colcon_meta'
[0.180s] Level 1:colcon.colcon_core.package_identification:_identify(runs/detect/track16) by extensions ['ros']
[0.180s] Level 1:colcon.colcon_core.package_identification:_identify(runs/detect/track16) by extension 'ros'
[0.180s] Level 1:colcon.colcon_core.package_identification:_identify(runs/detect/track16) by extensions ['cmake', 'python']
[0.180s] Level 1:colcon.colcon_core.package_identification:_identify(runs/detect/track16) by extension 'cmake'
[0.180s] Level 1:colcon.colcon_core.package_identification:_identify(runs/detect/track16) by extension 'python'
[0.180s] Level 1:colcon.colcon_core.package_identification:_identify(runs/detect/track16) by extensions ['python_setup_py']
[0.180s] Level 1:colcon.colcon_core.package_identification:_identify(runs/detect/track16) by extension 'python_setup_py'
[0.180s] Level 1:colcon.colcon_core.package_identification:_identify(runs/detect/track17) by extensions ['ignore', 'ignore_ament_install']
[0.180s] Level 1:colcon.colcon_core.package_identification:_identify(runs/detect/track17) by extension 'ignore'
[0.180s] Level 1:colcon.colcon_core.package_identification:_identify(runs/detect/track17) by extension 'ignore_ament_install'
[0.180s] Level 1:colcon.colcon_core.package_identification:_identify(runs/detect/track17) by extensions ['colcon_pkg']
[0.180s] Level 1:colcon.colcon_core.package_identification:_identify(runs/detect/track17) by extension 'colcon_pkg'
[0.180s] Level 1:colcon.colcon_core.package_identification:_identify(runs/detect/track17) by extensions ['colcon_meta']
[0.180s] Level 1:colcon.colcon_core.package_identification:_identify(runs/detect/track17) by extension 'colcon_meta'
[0.180s] Level 1:colcon.colcon_core.package_identification:_identify(runs/detect/track17) by extensions ['ros']
[0.180s] Level 1:colcon.colcon_core.package_identification:_identify(runs/detect/track17) by extension 'ros'
[0.180s] Level 1:colcon.colcon_core.package_identification:_identify(runs/detect/track17) by extensions ['cmake', 'python']
[0.180s] Level 1:colcon.colcon_core.package_identification:_identify(runs/detect/track17) by extension 'cmake'
[0.180s] Level 1:colcon.colcon_core.package_identification:_identify(runs/detect/track17) by extension 'python'
[0.180s] Level 1:colcon.colcon_core.package_identification:_identify(runs/detect/track17) by extensions ['python_setup_py']
[0.180s] Level 1:colcon.colcon_core.package_identification:_identify(runs/detect/track17) by extension 'python_setup_py'
[0.180s] Level 1:colcon.colcon_core.package_identification:_identify(runs/detect/track18) by extensions ['ignore', 'ignore_ament_install']
[0.180s] Level 1:colcon.colcon_core.package_identification:_identify(runs/detect/track18) by extension 'ignore'
[0.180s] Level 1:colcon.colcon_core.package_identification:_identify(runs/detect/track18) by extension 'ignore_ament_install'
[0.180s] Level 1:colcon.colcon_core.package_identification:_identify(runs/detect/track18) by extensions ['colcon_pkg']
[0.180s] Level 1:colcon.colcon_core.package_identification:_identify(runs/detect/track18) by extension 'colcon_pkg'
[0.180s] Level 1:colcon.colcon_core.package_identification:_identify(runs/detect/track18) by extensions ['colcon_meta']
[0.180s] Level 1:colcon.colcon_core.package_identification:_identify(runs/detect/track18) by extension 'colcon_meta'
[0.180s] Level 1:colcon.colcon_core.package_identification:_identify(runs/detect/track18) by extensions ['ros']
[0.180s] Level 1:colcon.colcon_core.package_identification:_identify(runs/detect/track18) by extension 'ros'
[0.180s] Level 1:colcon.colcon_core.package_identification:_identify(runs/detect/track18) by extensions ['cmake', 'python']
[0.180s] Level 1:colcon.colcon_core.package_identification:_identify(runs/detect/track18) by extension 'cmake'
[0.180s] Level 1:colcon.colcon_core.package_identification:_identify(runs/detect/track18) by extension 'python'
[0.180s] Level 1:colcon.colcon_core.package_identification:_identify(runs/detect/track18) by extensions ['python_setup_py']
[0.180s] Level 1:colcon.colcon_core.package_identification:_identify(runs/detect/track18) by extension 'python_setup_py'
[0.180s] Level 1:colcon.colcon_core.package_identification:_identify(runs/detect/track19) by extensions ['ignore', 'ignore_ament_install']
[0.181s] Level 1:colcon.colcon_core.package_identification:_identify(runs/detect/track19) by extension 'ignore'
[0.181s] Level 1:colcon.colcon_core.package_identification:_identify(runs/detect/track19) by extension 'ignore_ament_install'
[0.181s] Level 1:colcon.colcon_core.package_identification:_identify(runs/detect/track19) by extensions ['colcon_pkg']
[0.181s] Level 1:colcon.colcon_core.package_identification:_identify(runs/detect/track19) by extension 'colcon_pkg'
[0.181s] Level 1:colcon.colcon_core.package_identification:_identify(runs/detect/track19) by extensions ['colcon_meta']
[0.181s] Level 1:colcon.colcon_core.package_identification:_identify(runs/detect/track19) by extension 'colcon_meta'
[0.181s] Level 1:colcon.colcon_core.package_identification:_identify(runs/detect/track19) by extensions ['ros']
[0.181s] Level 1:colcon.colcon_core.package_identification:_identify(runs/detect/track19) by extension 'ros'
[0.181s] Level 1:colcon.colcon_core.package_identification:_identify(runs/detect/track19) by extensions ['cmake', 'python']
[0.182s] Level 1:colcon.colcon_core.package_identification:_identify(runs/detect/track19) by extension 'cmake'
[0.182s] Level 1:colcon.colcon_core.package_identification:_identify(runs/detect/track19) by extension 'python'
[0.182s] Level 1:colcon.colcon_core.package_identification:_identify(runs/detect/track19) by extensions ['python_setup_py']
[0.182s] Level 1:colcon.colcon_core.package_identification:_identify(runs/detect/track19) by extension 'python_setup_py'
[0.182s] Level 1:colcon.colcon_core.package_identification:_identify(runs/detect/track2) by extensions ['ignore', 'ignore_ament_install']
[0.182s] Level 1:colcon.colcon_core.package_identification:_identify(runs/detect/track2) by extension 'ignore'
[0.182s] Level 1:colcon.colcon_core.package_identification:_identify(runs/detect/track2) by extension 'ignore_ament_install'
[0.182s] Level 1:colcon.colcon_core.package_identification:_identify(runs/detect/track2) by extensions ['colcon_pkg']
[0.182s] Level 1:colcon.colcon_core.package_identification:_identify(runs/detect/track2) by extension 'colcon_pkg'
[0.182s] Level 1:colcon.colcon_core.package_identification:_identify(runs/detect/track2) by extensions ['colcon_meta']
[0.182s] Level 1:colcon.colcon_core.package_identification:_identify(runs/detect/track2) by extension 'colcon_meta'
[0.182s] Level 1:colcon.colcon_core.package_identification:_identify(runs/detect/track2) by extensions ['ros']
[0.182s] Level 1:colcon.colcon_core.package_identification:_identify(runs/detect/track2) by extension 'ros'
[0.182s] Level 1:colcon.colcon_core.package_identification:_identify(runs/detect/track2) by extensions ['cmake', 'python']
[0.182s] Level 1:colcon.colcon_core.package_identification:_identify(runs/detect/track2) by extension 'cmake'
[0.183s] Level 1:colcon.colcon_core.package_identification:_identify(runs/detect/track2) by extension 'python'
[0.183s] Level 1:colcon.colcon_core.package_identification:_identify(runs/detect/track2) by extensions ['python_setup_py']
[0.183s] Level 1:colcon.colcon_core.package_identification:_identify(runs/detect/track2) by extension 'python_setup_py'
[0.183s] Level 1:colcon.colcon_core.package_identification:_identify(runs/detect/track20) by extensions ['ignore', 'ignore_ament_install']
[0.183s] Level 1:colcon.colcon_core.package_identification:_identify(runs/detect/track20) by extension 'ignore'
[0.183s] Level 1:colcon.colcon_core.package_identification:_identify(runs/detect/track20) by extension 'ignore_ament_install'
[0.183s] Level 1:colcon.colcon_core.package_identification:_identify(runs/detect/track20) by extensions ['colcon_pkg']
[0.183s] Level 1:colcon.colcon_core.package_identification:_identify(runs/detect/track20) by extension 'colcon_pkg'
[0.183s] Level 1:colcon.colcon_core.package_identification:_identify(runs/detect/track20) by extensions ['colcon_meta']
[0.183s] Level 1:colcon.colcon_core.package_identification:_identify(runs/detect/track20) by extension 'colcon_meta'
[0.183s] Level 1:colcon.colcon_core.package_identification:_identify(runs/detect/track20) by extensions ['ros']
[0.183s] Level 1:colcon.colcon_core.package_identification:_identify(runs/detect/track20) by extension 'ros'
[0.183s] Level 1:colcon.colcon_core.package_identification:_identify(runs/detect/track20) by extensions ['cmake', 'python']
[0.183s] Level 1:colcon.colcon_core.package_identification:_identify(runs/detect/track20) by extension 'cmake'
[0.183s] Level 1:colcon.colcon_core.package_identification:_identify(runs/detect/track20) by extension 'python'
[0.183s] Level 1:colcon.colcon_core.package_identification:_identify(runs/detect/track20) by extensions ['python_setup_py']
[0.183s] Level 1:colcon.colcon_core.package_identification:_identify(runs/detect/track20) by extension 'python_setup_py'
[0.183s] Level 1:colcon.colcon_core.package_identification:_identify(runs/detect/track21) by extensions ['ignore', 'ignore_ament_install']
[0.183s] Level 1:colcon.colcon_core.package_identification:_identify(runs/detect/track21) by extension 'ignore'
[0.183s] Level 1:colcon.colcon_core.package_identification:_identify(runs/detect/track21) by extension 'ignore_ament_install'
[0.183s] Level 1:colcon.colcon_core.package_identification:_identify(runs/detect/track21) by extensions ['colcon_pkg']
[0.183s] Level 1:colcon.colcon_core.package_identification:_identify(runs/detect/track21) by extension 'colcon_pkg'
[0.183s] Level 1:colcon.colcon_core.package_identification:_identify(runs/detect/track21) by extensions ['colcon_meta']
[0.183s] Level 1:colcon.colcon_core.package_identification:_identify(runs/detect/track21) by extension 'colcon_meta'
[0.183s] Level 1:colcon.colcon_core.package_identification:_identify(runs/detect/track21) by extensions ['ros']
[0.183s] Level 1:colcon.colcon_core.package_identification:_identify(runs/detect/track21) by extension 'ros'
[0.183s] Level 1:colcon.colcon_core.package_identification:_identify(runs/detect/track21) by extensions ['cmake', 'python']
[0.183s] Level 1:colcon.colcon_core.package_identification:_identify(runs/detect/track21) by extension 'cmake'
[0.183s] Level 1:colcon.colcon_core.package_identification:_identify(runs/detect/track21) by extension 'python'
[0.183s] Level 1:colcon.colcon_core.package_identification:_identify(runs/detect/track21) by extensions ['python_setup_py']
[0.183s] Level 1:colcon.colcon_core.package_identification:_identify(runs/detect/track21) by extension 'python_setup_py'
[0.183s] Level 1:colcon.colcon_core.package_identification:_identify(runs/detect/track22) by extensions ['ignore', 'ignore_ament_install']
[0.183s] Level 1:colcon.colcon_core.package_identification:_identify(runs/detect/track22) by extension 'ignore'
[0.183s] Level 1:colcon.colcon_core.package_identification:_identify(runs/detect/track22) by extension 'ignore_ament_install'
[0.183s] Level 1:colcon.colcon_core.package_identification:_identify(runs/detect/track22) by extensions ['colcon_pkg']
[0.183s] Level 1:colcon.colcon_core.package_identification:_identify(runs/detect/track22) by extension 'colcon_pkg'
[0.183s] Level 1:colcon.colcon_core.package_identification:_identify(runs/detect/track22) by extensions ['colcon_meta']
[0.183s] Level 1:colcon.colcon_core.package_identification:_identify(runs/detect/track22) by extension 'colcon_meta'
[0.183s] Level 1:colcon.colcon_core.package_identification:_identify(runs/detect/track22) by extensions ['ros']
[0.183s] Level 1:colcon.colcon_core.package_identification:_identify(runs/detect/track22) by extension 'ros'
[0.183s] Level 1:colcon.colcon_core.package_identification:_identify(runs/detect/track22) by extensions ['cmake', 'python']
[0.183s] Level 1:colcon.colcon_core.package_identification:_identify(runs/detect/track22) by extension 'cmake'
[0.183s] Level 1:colcon.colcon_core.package_identification:_identify(runs/detect/track22) by extension 'python'
[0.183s] Level 1:colcon.colcon_core.package_identification:_identify(runs/detect/track22) by extensions ['python_setup_py']
[0.183s] Level 1:colcon.colcon_core.package_identification:_identify(runs/detect/track22) by extension 'python_setup_py'
[0.183s] Level 1:colcon.colcon_core.package_identification:_identify(runs/detect/track23) by extensions ['ignore', 'ignore_ament_install']
[0.183s] Level 1:colcon.colcon_core.package_identification:_identify(runs/detect/track23) by extension 'ignore'
[0.183s] Level 1:colcon.colcon_core.package_identification:_identify(runs/detect/track23) by extension 'ignore_ament_install'
[0.183s] Level 1:colcon.colcon_core.package_identification:_identify(runs/detect/track23) by extensions ['colcon_pkg']
[0.183s] Level 1:colcon.colcon_core.package_identification:_identify(runs/detect/track23) by extension 'colcon_pkg'
[0.183s] Level 1:colcon.colcon_core.package_identification:_identify(runs/detect/track23) by extensions ['colcon_meta']
[0.183s] Level 1:colcon.colcon_core.package_identification:_identify(runs/detect/track23) by extension 'colcon_meta'
[0.183s] Level 1:colcon.colcon_core.package_identification:_identify(runs/detect/track23) by extensions ['ros']
[0.183s] Level 1:colcon.colcon_core.package_identification:_identify(runs/detect/track23) by extension 'ros'
[0.183s] Level 1:colcon.colcon_core.package_identification:_identify(runs/detect/track23) by extensions ['cmake', 'python']
[0.184s] Level 1:colcon.colcon_core.package_identification:_identify(runs/detect/track23) by extension 'cmake'
[0.184s] Level 1:colcon.colcon_core.package_identification:_identify(runs/detect/track23) by extension 'python'
[0.184s] Level 1:colcon.colcon_core.package_identification:_identify(runs/detect/track23) by extensions ['python_setup_py']
[0.184s] Level 1:colcon.colcon_core.package_identification:_identify(runs/detect/track23) by extension 'python_setup_py'
[0.184s] Level 1:colcon.colcon_core.package_identification:_identify(runs/detect/track24) by extensions ['ignore', 'ignore_ament_install']
[0.184s] Level 1:colcon.colcon_core.package_identification:_identify(runs/detect/track24) by extension 'ignore'
[0.184s] Level 1:colcon.colcon_core.package_identification:_identify(runs/detect/track24) by extension 'ignore_ament_install'
[0.184s] Level 1:colcon.colcon_core.package_identification:_identify(runs/detect/track24) by extensions ['colcon_pkg']
[0.184s] Level 1:colcon.colcon_core.package_identification:_identify(runs/detect/track24) by extension 'colcon_pkg'
[0.184s] Level 1:colcon.colcon_core.package_identification:_identify(runs/detect/track24) by extensions ['colcon_meta']
[0.184s] Level 1:colcon.colcon_core.package_identification:_identify(runs/detect/track24) by extension 'colcon_meta'
[0.184s] Level 1:colcon.colcon_core.package_identification:_identify(runs/detect/track24) by extensions ['ros']
[0.184s] Level 1:colcon.colcon_core.package_identification:_identify(runs/detect/track24) by extension 'ros'
[0.184s] Level 1:colcon.colcon_core.package_identification:_identify(runs/detect/track24) by extensions ['cmake', 'python']
[0.184s] Level 1:colcon.colcon_core.package_identification:_identify(runs/detect/track24) by extension 'cmake'
[0.184s] Level 1:colcon.colcon_core.package_identification:_identify(runs/detect/track24) by extension 'python'
[0.184s] Level 1:colcon.colcon_core.package_identification:_identify(runs/detect/track24) by extensions ['python_setup_py']
[0.184s] Level 1:colcon.colcon_core.package_identification:_identify(runs/detect/track24) by extension 'python_setup_py'
[0.184s] Level 1:colcon.colcon_core.package_identification:_identify(runs/detect/track25) by extensions ['ignore', 'ignore_ament_install']
[0.184s] Level 1:colcon.colcon_core.package_identification:_identify(runs/detect/track25) by extension 'ignore'
[0.184s] Level 1:colcon.colcon_core.package_identification:_identify(runs/detect/track25) by extension 'ignore_ament_install'
[0.184s] Level 1:colcon.colcon_core.package_identification:_identify(runs/detect/track25) by extensions ['colcon_pkg']
[0.184s] Level 1:colcon.colcon_core.package_identification:_identify(runs/detect/track25) by extension 'colcon_pkg'
[0.184s] Level 1:colcon.colcon_core.package_identification:_identify(runs/detect/track25) by extensions ['colcon_meta']
[0.184s] Level 1:colcon.colcon_core.package_identification:_identify(runs/detect/track25) by extension 'colcon_meta'
[0.184s] Level 1:colcon.colcon_core.package_identification:_identify(runs/detect/track25) by extensions ['ros']
[0.184s] Level 1:colcon.colcon_core.package_identification:_identify(runs/detect/track25) by extension 'ros'
[0.184s] Level 1:colcon.colcon_core.package_identification:_identify(runs/detect/track25) by extensions ['cmake', 'python']
[0.184s] Level 1:colcon.colcon_core.package_identification:_identify(runs/detect/track25) by extension 'cmake'
[0.184s] Level 1:colcon.colcon_core.package_identification:_identify(runs/detect/track25) by extension 'python'
[0.184s] Level 1:colcon.colcon_core.package_identification:_identify(runs/detect/track25) by extensions ['python_setup_py']
[0.184s] Level 1:colcon.colcon_core.package_identification:_identify(runs/detect/track25) by extension 'python_setup_py'
[0.184s] Level 1:colcon.colcon_core.package_identification:_identify(runs/detect/track26) by extensions ['ignore', 'ignore_ament_install']
[0.184s] Level 1:colcon.colcon_core.package_identification:_identify(runs/detect/track26) by extension 'ignore'
[0.184s] Level 1:colcon.colcon_core.package_identification:_identify(runs/detect/track26) by extension 'ignore_ament_install'
[0.184s] Level 1:colcon.colcon_core.package_identification:_identify(runs/detect/track26) by extensions ['colcon_pkg']
[0.184s] Level 1:colcon.colcon_core.package_identification:_identify(runs/detect/track26) by extension 'colcon_pkg'
[0.184s] Level 1:colcon.colcon_core.package_identification:_identify(runs/detect/track26) by extensions ['colcon_meta']
[0.184s] Level 1:colcon.colcon_core.package_identification:_identify(runs/detect/track26) by extension 'colcon_meta'
[0.184s] Level 1:colcon.colcon_core.package_identification:_identify(runs/detect/track26) by extensions ['ros']
[0.184s] Level 1:colcon.colcon_core.package_identification:_identify(runs/detect/track26) by extension 'ros'
[0.184s] Level 1:colcon.colcon_core.package_identification:_identify(runs/detect/track26) by extensions ['cmake', 'python']
[0.184s] Level 1:colcon.colcon_core.package_identification:_identify(runs/detect/track26) by extension 'cmake'
[0.184s] Level 1:colcon.colcon_core.package_identification:_identify(runs/detect/track26) by extension 'python'
[0.184s] Level 1:colcon.colcon_core.package_identification:_identify(runs/detect/track26) by extensions ['python_setup_py']
[0.184s] Level 1:colcon.colcon_core.package_identification:_identify(runs/detect/track26) by extension 'python_setup_py'
[0.184s] Level 1:colcon.colcon_core.package_identification:_identify(runs/detect/track27) by extensions ['ignore', 'ignore_ament_install']
[0.184s] Level 1:colcon.colcon_core.package_identification:_identify(runs/detect/track27) by extension 'ignore'
[0.184s] Level 1:colcon.colcon_core.package_identification:_identify(runs/detect/track27) by extension 'ignore_ament_install'
[0.184s] Level 1:colcon.colcon_core.package_identification:_identify(runs/detect/track27) by extensions ['colcon_pkg']
[0.184s] Level 1:colcon.colcon_core.package_identification:_identify(runs/detect/track27) by extension 'colcon_pkg'
[0.184s] Level 1:colcon.colcon_core.package_identification:_identify(runs/detect/track27) by extensions ['colcon_meta']
[0.184s] Level 1:colcon.colcon_core.package_identification:_identify(runs/detect/track27) by extension 'colcon_meta'
[0.185s] Level 1:colcon.colcon_core.package_identification:_identify(runs/detect/track27) by extensions ['ros']
[0.185s] Level 1:colcon.colcon_core.package_identification:_identify(runs/detect/track27) by extension 'ros'
[0.185s] Level 1:colcon.colcon_core.package_identification:_identify(runs/detect/track27) by extensions ['cmake', 'python']
[0.185s] Level 1:colcon.colcon_core.package_identification:_identify(runs/detect/track27) by extension 'cmake'
[0.185s] Level 1:colcon.colcon_core.package_identification:_identify(runs/detect/track27) by extension 'python'
[0.185s] Level 1:colcon.colcon_core.package_identification:_identify(runs/detect/track27) by extensions ['python_setup_py']
[0.185s] Level 1:colcon.colcon_core.package_identification:_identify(runs/detect/track27) by extension 'python_setup_py'
[0.185s] Level 1:colcon.colcon_core.package_identification:_identify(runs/detect/track28) by extensions ['ignore', 'ignore_ament_install']
[0.185s] Level 1:colcon.colcon_core.package_identification:_identify(runs/detect/track28) by extension 'ignore'
[0.185s] Level 1:colcon.colcon_core.package_identification:_identify(runs/detect/track28) by extension 'ignore_ament_install'
[0.185s] Level 1:colcon.colcon_core.package_identification:_identify(runs/detect/track28) by extensions ['colcon_pkg']
[0.185s] Level 1:colcon.colcon_core.package_identification:_identify(runs/detect/track28) by extension 'colcon_pkg'
[0.185s] Level 1:colcon.colcon_core.package_identification:_identify(runs/detect/track28) by extensions ['colcon_meta']
[0.185s] Level 1:colcon.colcon_core.package_identification:_identify(runs/detect/track28) by extension 'colcon_meta'
[0.185s] Level 1:colcon.colcon_core.package_identification:_identify(runs/detect/track28) by extensions ['ros']
[0.185s] Level 1:colcon.colcon_core.package_identification:_identify(runs/detect/track28) by extension 'ros'
[0.185s] Level 1:colcon.colcon_core.package_identification:_identify(runs/detect/track28) by extensions ['cmake', 'python']
[0.185s] Level 1:colcon.colcon_core.package_identification:_identify(runs/detect/track28) by extension 'cmake'
[0.185s] Level 1:colcon.colcon_core.package_identification:_identify(runs/detect/track28) by extension 'python'
[0.185s] Level 1:colcon.colcon_core.package_identification:_identify(runs/detect/track28) by extensions ['python_setup_py']
[0.185s] Level 1:colcon.colcon_core.package_identification:_identify(runs/detect/track28) by extension 'python_setup_py'
[0.185s] Level 1:colcon.colcon_core.package_identification:_identify(runs/detect/track29) by extensions ['ignore', 'ignore_ament_install']
[0.185s] Level 1:colcon.colcon_core.package_identification:_identify(runs/detect/track29) by extension 'ignore'
[0.185s] Level 1:colcon.colcon_core.package_identification:_identify(runs/detect/track29) by extension 'ignore_ament_install'
[0.185s] Level 1:colcon.colcon_core.package_identification:_identify(runs/detect/track29) by extensions ['colcon_pkg']
[0.185s] Level 1:colcon.colcon_core.package_identification:_identify(runs/detect/track29) by extension 'colcon_pkg'
[0.185s] Level 1:colcon.colcon_core.package_identification:_identify(runs/detect/track29) by extensions ['colcon_meta']
[0.185s] Level 1:colcon.colcon_core.package_identification:_identify(runs/detect/track29) by extension 'colcon_meta'
[0.185s] Level 1:colcon.colcon_core.package_identification:_identify(runs/detect/track29) by extensions ['ros']
[0.185s] Level 1:colcon.colcon_core.package_identification:_identify(runs/detect/track29) by extension 'ros'
[0.185s] Level 1:colcon.colcon_core.package_identification:_identify(runs/detect/track29) by extensions ['cmake', 'python']
[0.185s] Level 1:colcon.colcon_core.package_identification:_identify(runs/detect/track29) by extension 'cmake'
[0.185s] Level 1:colcon.colcon_core.package_identification:_identify(runs/detect/track29) by extension 'python'
[0.185s] Level 1:colcon.colcon_core.package_identification:_identify(runs/detect/track29) by extensions ['python_setup_py']
[0.185s] Level 1:colcon.colcon_core.package_identification:_identify(runs/detect/track29) by extension 'python_setup_py'
[0.185s] Level 1:colcon.colcon_core.package_identification:_identify(runs/detect/track3) by extensions ['ignore', 'ignore_ament_install']
[0.185s] Level 1:colcon.colcon_core.package_identification:_identify(runs/detect/track3) by extension 'ignore'
[0.185s] Level 1:colcon.colcon_core.package_identification:_identify(runs/detect/track3) by extension 'ignore_ament_install'
[0.185s] Level 1:colcon.colcon_core.package_identification:_identify(runs/detect/track3) by extensions ['colcon_pkg']
[0.185s] Level 1:colcon.colcon_core.package_identification:_identify(runs/detect/track3) by extension 'colcon_pkg'
[0.185s] Level 1:colcon.colcon_core.package_identification:_identify(runs/detect/track3) by extensions ['colcon_meta']
[0.185s] Level 1:colcon.colcon_core.package_identification:_identify(runs/detect/track3) by extension 'colcon_meta'
[0.185s] Level 1:colcon.colcon_core.package_identification:_identify(runs/detect/track3) by extensions ['ros']
[0.185s] Level 1:colcon.colcon_core.package_identification:_identify(runs/detect/track3) by extension 'ros'
[0.185s] Level 1:colcon.colcon_core.package_identification:_identify(runs/detect/track3) by extensions ['cmake', 'python']
[0.185s] Level 1:colcon.colcon_core.package_identification:_identify(runs/detect/track3) by extension 'cmake'
[0.185s] Level 1:colcon.colcon_core.package_identification:_identify(runs/detect/track3) by extension 'python'
[0.185s] Level 1:colcon.colcon_core.package_identification:_identify(runs/detect/track3) by extensions ['python_setup_py']
[0.185s] Level 1:colcon.colcon_core.package_identification:_identify(runs/detect/track3) by extension 'python_setup_py'
[0.185s] Level 1:colcon.colcon_core.package_identification:_identify(runs/detect/track4) by extensions ['ignore', 'ignore_ament_install']
[0.185s] Level 1:colcon.colcon_core.package_identification:_identify(runs/detect/track4) by extension 'ignore'
[0.185s] Level 1:colcon.colcon_core.package_identification:_identify(runs/detect/track4) by extension 'ignore_ament_install'
[0.185s] Level 1:colcon.colcon_core.package_identification:_identify(runs/detect/track4) by extensions ['colcon_pkg']
[0.185s] Level 1:colcon.colcon_core.package_identification:_identify(runs/detect/track4) by extension 'colcon_pkg'
[0.186s] Level 1:colcon.colcon_core.package_identification:_identify(runs/detect/track4) by extensions ['colcon_meta']
[0.186s] Level 1:colcon.colcon_core.package_identification:_identify(runs/detect/track4) by extension 'colcon_meta'
[0.186s] Level 1:colcon.colcon_core.package_identification:_identify(runs/detect/track4) by extensions ['ros']
[0.186s] Level 1:colcon.colcon_core.package_identification:_identify(runs/detect/track4) by extension 'ros'
[0.186s] Level 1:colcon.colcon_core.package_identification:_identify(runs/detect/track4) by extensions ['cmake', 'python']
[0.186s] Level 1:colcon.colcon_core.package_identification:_identify(runs/detect/track4) by extension 'cmake'
[0.186s] Level 1:colcon.colcon_core.package_identification:_identify(runs/detect/track4) by extension 'python'
[0.186s] Level 1:colcon.colcon_core.package_identification:_identify(runs/detect/track4) by extensions ['python_setup_py']
[0.186s] Level 1:colcon.colcon_core.package_identification:_identify(runs/detect/track4) by extension 'python_setup_py'
[0.186s] Level 1:colcon.colcon_core.package_identification:_identify(runs/detect/track5) by extensions ['ignore', 'ignore_ament_install']
[0.186s] Level 1:colcon.colcon_core.package_identification:_identify(runs/detect/track5) by extension 'ignore'
[0.186s] Level 1:colcon.colcon_core.package_identification:_identify(runs/detect/track5) by extension 'ignore_ament_install'
[0.186s] Level 1:colcon.colcon_core.package_identification:_identify(runs/detect/track5) by extensions ['colcon_pkg']
[0.186s] Level 1:colcon.colcon_core.package_identification:_identify(runs/detect/track5) by extension 'colcon_pkg'
[0.186s] Level 1:colcon.colcon_core.package_identification:_identify(runs/detect/track5) by extensions ['colcon_meta']
[0.186s] Level 1:colcon.colcon_core.package_identification:_identify(runs/detect/track5) by extension 'colcon_meta'
[0.186s] Level 1:colcon.colcon_core.package_identification:_identify(runs/detect/track5) by extensions ['ros']
[0.186s] Level 1:colcon.colcon_core.package_identification:_identify(runs/detect/track5) by extension 'ros'
[0.186s] Level 1:colcon.colcon_core.package_identification:_identify(runs/detect/track5) by extensions ['cmake', 'python']
[0.186s] Level 1:colcon.colcon_core.package_identification:_identify(runs/detect/track5) by extension 'cmake'
[0.186s] Level 1:colcon.colcon_core.package_identification:_identify(runs/detect/track5) by extension 'python'
[0.186s] Level 1:colcon.colcon_core.package_identification:_identify(runs/detect/track5) by extensions ['python_setup_py']
[0.186s] Level 1:colcon.colcon_core.package_identification:_identify(runs/detect/track5) by extension 'python_setup_py'
[0.186s] Level 1:colcon.colcon_core.package_identification:_identify(runs/detect/track6) by extensions ['ignore', 'ignore_ament_install']
[0.186s] Level 1:colcon.colcon_core.package_identification:_identify(runs/detect/track6) by extension 'ignore'
[0.186s] Level 1:colcon.colcon_core.package_identification:_identify(runs/detect/track6) by extension 'ignore_ament_install'
[0.186s] Level 1:colcon.colcon_core.package_identification:_identify(runs/detect/track6) by extensions ['colcon_pkg']
[0.186s] Level 1:colcon.colcon_core.package_identification:_identify(runs/detect/track6) by extension 'colcon_pkg'
[0.186s] Level 1:colcon.colcon_core.package_identification:_identify(runs/detect/track6) by extensions ['colcon_meta']
[0.186s] Level 1:colcon.colcon_core.package_identification:_identify(runs/detect/track6) by extension 'colcon_meta'
[0.186s] Level 1:colcon.colcon_core.package_identification:_identify(runs/detect/track6) by extensions ['ros']
[0.186s] Level 1:colcon.colcon_core.package_identification:_identify(runs/detect/track6) by extension 'ros'
[0.186s] Level 1:colcon.colcon_core.package_identification:_identify(runs/detect/track6) by extensions ['cmake', 'python']
[0.186s] Level 1:colcon.colcon_core.package_identification:_identify(runs/detect/track6) by extension 'cmake'
[0.186s] Level 1:colcon.colcon_core.package_identification:_identify(runs/detect/track6) by extension 'python'
[0.186s] Level 1:colcon.colcon_core.package_identification:_identify(runs/detect/track6) by extensions ['python_setup_py']
[0.186s] Level 1:colcon.colcon_core.package_identification:_identify(runs/detect/track6) by extension 'python_setup_py'
[0.186s] Level 1:colcon.colcon_core.package_identification:_identify(runs/detect/track7) by extensions ['ignore', 'ignore_ament_install']
[0.186s] Level 1:colcon.colcon_core.package_identification:_identify(runs/detect/track7) by extension 'ignore'
[0.186s] Level 1:colcon.colcon_core.package_identification:_identify(runs/detect/track7) by extension 'ignore_ament_install'
[0.186s] Level 1:colcon.colcon_core.package_identification:_identify(runs/detect/track7) by extensions ['colcon_pkg']
[0.186s] Level 1:colcon.colcon_core.package_identification:_identify(runs/detect/track7) by extension 'colcon_pkg'
[0.186s] Level 1:colcon.colcon_core.package_identification:_identify(runs/detect/track7) by extensions ['colcon_meta']
[0.186s] Level 1:colcon.colcon_core.package_identification:_identify(runs/detect/track7) by extension 'colcon_meta'
[0.186s] Level 1:colcon.colcon_core.package_identification:_identify(runs/detect/track7) by extensions ['ros']
[0.186s] Level 1:colcon.colcon_core.package_identification:_identify(runs/detect/track7) by extension 'ros'
[0.186s] Level 1:colcon.colcon_core.package_identification:_identify(runs/detect/track7) by extensions ['cmake', 'python']
[0.186s] Level 1:colcon.colcon_core.package_identification:_identify(runs/detect/track7) by extension 'cmake'
[0.186s] Level 1:colcon.colcon_core.package_identification:_identify(runs/detect/track7) by extension 'python'
[0.186s] Level 1:colcon.colcon_core.package_identification:_identify(runs/detect/track7) by extensions ['python_setup_py']
[0.186s] Level 1:colcon.colcon_core.package_identification:_identify(runs/detect/track7) by extension 'python_setup_py'
[0.186s] Level 1:colcon.colcon_core.package_identification:_identify(runs/detect/track8) by extensions ['ignore', 'ignore_ament_install']
[0.186s] Level 1:colcon.colcon_core.package_identification:_identify(runs/detect/track8) by extension 'ignore'
[0.186s] Level 1:colcon.colcon_core.package_identification:_identify(runs/detect/track8) by extension 'ignore_ament_install'
[0.186s] Level 1:colcon.colcon_core.package_identification:_identify(runs/detect/track8) by extensions ['colcon_pkg']
[0.186s] Level 1:colcon.colcon_core.package_identification:_identify(runs/detect/track8) by extension 'colcon_pkg'
[0.186s] Level 1:colcon.colcon_core.package_identification:_identify(runs/detect/track8) by extensions ['colcon_meta']
[0.186s] Level 1:colcon.colcon_core.package_identification:_identify(runs/detect/track8) by extension 'colcon_meta'
[0.187s] Level 1:colcon.colcon_core.package_identification:_identify(runs/detect/track8) by extensions ['ros']
[0.187s] Level 1:colcon.colcon_core.package_identification:_identify(runs/detect/track8) by extension 'ros'
[0.187s] Level 1:colcon.colcon_core.package_identification:_identify(runs/detect/track8) by extensions ['cmake', 'python']
[0.187s] Level 1:colcon.colcon_core.package_identification:_identify(runs/detect/track8) by extension 'cmake'
[0.187s] Level 1:colcon.colcon_core.package_identification:_identify(runs/detect/track8) by extension 'python'
[0.187s] Level 1:colcon.colcon_core.package_identification:_identify(runs/detect/track8) by extensions ['python_setup_py']
[0.187s] Level 1:colcon.colcon_core.package_identification:_identify(runs/detect/track8) by extension 'python_setup_py'
[0.187s] Level 1:colcon.colcon_core.package_identification:_identify(runs/detect/track9) by extensions ['ignore', 'ignore_ament_install']
[0.187s] Level 1:colcon.colcon_core.package_identification:_identify(runs/detect/track9) by extension 'ignore'
[0.187s] Level 1:colcon.colcon_core.package_identification:_identify(runs/detect/track9) by extension 'ignore_ament_install'
[0.187s] Level 1:colcon.colcon_core.package_identification:_identify(runs/detect/track9) by extensions ['colcon_pkg']
[0.187s] Level 1:colcon.colcon_core.package_identification:_identify(runs/detect/track9) by extension 'colcon_pkg'
[0.187s] Level 1:colcon.colcon_core.package_identification:_identify(runs/detect/track9) by extensions ['colcon_meta']
[0.187s] Level 1:colcon.colcon_core.package_identification:_identify(runs/detect/track9) by extension 'colcon_meta'
[0.187s] Level 1:colcon.colcon_core.package_identification:_identify(runs/detect/track9) by extensions ['ros']
[0.187s] Level 1:colcon.colcon_core.package_identification:_identify(runs/detect/track9) by extension 'ros'
[0.187s] Level 1:colcon.colcon_core.package_identification:_identify(runs/detect/track9) by extensions ['cmake', 'python']
[0.187s] Level 1:colcon.colcon_core.package_identification:_identify(runs/detect/track9) by extension 'cmake'
[0.187s] Level 1:colcon.colcon_core.package_identification:_identify(runs/detect/track9) by extension 'python'
[0.187s] Level 1:colcon.colcon_core.package_identification:_identify(runs/detect/track9) by extensions ['python_setup_py']
[0.187s] Level 1:colcon.colcon_core.package_identification:_identify(runs/detect/track9) by extension 'python_setup_py'
[0.187s] Level 1:colcon.colcon_core.package_identification:_identify(src) by extensions ['ignore', 'ignore_ament_install']
[0.187s] Level 1:colcon.colcon_core.package_identification:_identify(src) by extension 'ignore'
[0.187s] Level 1:colcon.colcon_core.package_identification:_identify(src) by extension 'ignore_ament_install'
[0.187s] Level 1:colcon.colcon_core.package_identification:_identify(src) by extensions ['colcon_pkg']
[0.187s] Level 1:colcon.colcon_core.package_identification:_identify(src) by extension 'colcon_pkg'
[0.187s] Level 1:colcon.colcon_core.package_identification:_identify(src) by extensions ['colcon_meta']
[0.187s] Level 1:colcon.colcon_core.package_identification:_identify(src) by extension 'colcon_meta'
[0.187s] Level 1:colcon.colcon_core.package_identification:_identify(src) by extensions ['ros']
[0.187s] Level 1:colcon.colcon_core.package_identification:_identify(src) by extension 'ros'
[0.187s] Level 1:colcon.colcon_core.package_identification:_identify(src) by extensions ['cmake', 'python']
[0.187s] Level 1:colcon.colcon_core.package_identification:_identify(src) by extension 'cmake'
[0.187s] Level 1:colcon.colcon_core.package_identification:_identify(src) by extension 'python'
[0.187s] Level 1:colcon.colcon_core.package_identification:_identify(src) by extensions ['python_setup_py']
[0.187s] Level 1:colcon.colcon_core.package_identification:_identify(src) by extension 'python_setup_py'
[0.187s] Level 1:colcon.colcon_core.package_identification:_identify(src/krac_control) by extensions ['ignore', 'ignore_ament_install']
[0.187s] Level 1:colcon.colcon_core.package_identification:_identify(src/krac_control) by extension 'ignore'
[0.187s] Level 1:colcon.colcon_core.package_identification:_identify(src/krac_control) by extension 'ignore_ament_install'
[0.187s] Level 1:colcon.colcon_core.package_identification:_identify(src/krac_control) by extensions ['colcon_pkg']
[0.187s] Level 1:colcon.colcon_core.package_identification:_identify(src/krac_control) by extension 'colcon_pkg'
[0.187s] Level 1:colcon.colcon_core.package_identification:_identify(src/krac_control) by extensions ['colcon_meta']
[0.187s] Level 1:colcon.colcon_core.package_identification:_identify(src/krac_control) by extension 'colcon_meta'
[0.187s] Level 1:colcon.colcon_core.package_identification:_identify(src/krac_control) by extensions ['ros']
[0.187s] Level 1:colcon.colcon_core.package_identification:_identify(src/krac_control) by extension 'ros'
[0.189s] DEBUG:colcon.colcon_core.package_identification:Package 'src/krac_control' with type 'ros.ament_cmake' and name 'krac_control'
[0.189s] Level 1:colcon.colcon_core.package_identification:_identify(src/krac_interfaces) by extensions ['ignore', 'ignore_ament_install']
[0.189s] Level 1:colcon.colcon_core.package_identification:_identify(src/krac_interfaces) by extension 'ignore'
[0.189s] Level 1:colcon.colcon_core.package_identification:_identify(src/krac_interfaces) by extension 'ignore_ament_install'
[0.189s] Level 1:colcon.colcon_core.package_identification:_identify(src/krac_interfaces) by extensions ['colcon_pkg']
[0.189s] Level 1:colcon.colcon_core.package_identification:_identify(src/krac_interfaces) by extension 'colcon_pkg'
[0.189s] Level 1:colcon.colcon_core.package_identification:_identify(src/krac_interfaces) by extensions ['colcon_meta']
[0.189s] Level 1:colcon.colcon_core.package_identification:_identify(src/krac_interfaces) by extension 'colcon_meta'
[0.189s] Level 1:colcon.colcon_core.package_identification:_identify(src/krac_interfaces) by extensions ['ros']
[0.189s] Level 1:colcon.colcon_core.package_identification:_identify(src/krac_interfaces) by extension 'ros'
[0.190s] DEBUG:colcon.colcon_core.package_identification:Package 'src/krac_interfaces' with type 'ros.ament_cmake' and name 'krac_interfaces'
[0.190s] Level 1:colcon.colcon_core.package_identification:_identify(src/krac_mission) by extensions ['ignore', 'ignore_ament_install']
[0.190s] Level 1:colcon.colcon_core.package_identification:_identify(src/krac_mission) by extension 'ignore'
[0.190s] Level 1:colcon.colcon_core.package_identification:_identify(src/krac_mission) by extension 'ignore_ament_install'
[0.190s] Level 1:colcon.colcon_core.package_identification:_identify(src/krac_mission) by extensions ['colcon_pkg']
[0.190s] Level 1:colcon.colcon_core.package_identification:_identify(src/krac_mission) by extension 'colcon_pkg'
[0.190s] Level 1:colcon.colcon_core.package_identification:_identify(src/krac_mission) by extensions ['colcon_meta']
[0.190s] Level 1:colcon.colcon_core.package_identification:_identify(src/krac_mission) by extension 'colcon_meta'
[0.190s] Level 1:colcon.colcon_core.package_identification:_identify(src/krac_mission) by extensions ['ros']
[0.190s] Level 1:colcon.colcon_core.package_identification:_identify(src/krac_mission) by extension 'ros'
[0.190s] DEBUG:colcon.colcon_core.package_identification:Package 'src/krac_mission' with type 'ros.ament_cmake' and name 'krac_mission'
[0.190s] Level 1:colcon.colcon_core.package_identification:_identify(src/krac_utils) by extensions ['ignore', 'ignore_ament_install']
[0.191s] Level 1:colcon.colcon_core.package_identification:_identify(src/krac_utils) by extension 'ignore'
[0.191s] Level 1:colcon.colcon_core.package_identification:_identify(src/krac_utils) by extension 'ignore_ament_install'
[0.191s] Level 1:colcon.colcon_core.package_identification:_identify(src/krac_utils) by extensions ['colcon_pkg']
[0.191s] Level 1:colcon.colcon_core.package_identification:_identify(src/krac_utils) by extension 'colcon_pkg'
[0.191s] Level 1:colcon.colcon_core.package_identification:_identify(src/krac_utils) by extensions ['colcon_meta']
[0.191s] Level 1:colcon.colcon_core.package_identification:_identify(src/krac_utils) by extension 'colcon_meta'
[0.191s] Level 1:colcon.colcon_core.package_identification:_identify(src/krac_utils) by extensions ['ros']
[0.191s] Level 1:colcon.colcon_core.package_identification:_identify(src/krac_utils) by extension 'ros'
[0.191s] DEBUG:colcon.colcon_core.package_identification:Package 'src/krac_utils' with type 'ros.ament_cmake' and name 'krac_utils'
[0.191s] Level 1:colcon.colcon_core.package_identification:_identify(src/krac_vision) by extensions ['ignore', 'ignore_ament_install']
[0.191s] Level 1:colcon.colcon_core.package_identification:_identify(src/krac_vision) by extension 'ignore'
[0.191s] Level 1:colcon.colcon_core.package_identification:_identify(src/krac_vision) by extension 'ignore_ament_install'
[0.191s] Level 1:colcon.colcon_core.package_identification:_identify(src/krac_vision) by extensions ['colcon_pkg']
[0.191s] Level 1:colcon.colcon_core.package_identification:_identify(src/krac_vision) by extension 'colcon_pkg'
[0.191s] Level 1:colcon.colcon_core.package_identification:_identify(src/krac_vision) by extensions ['colcon_meta']
[0.191s] Level 1:colcon.colcon_core.package_identification:_identify(src/krac_vision) by extension 'colcon_meta'
[0.191s] Level 1:colcon.colcon_core.package_identification:_identify(src/krac_vision) by extensions ['ros']
[0.191s] Level 1:colcon.colcon_core.package_identification:_identify(src/krac_vision) by extension 'ros'
[0.192s] DEBUG:colcon.colcon_core.package_identification:Package 'src/krac_vision' with type 'ros.ament_python' and name 'krac_vision'
[0.192s] Level 1:colcon.colcon_core.package_identification:_identify(src/px4_msgs) by extensions ['ignore', 'ignore_ament_install']
[0.192s] Level 1:colcon.colcon_core.package_identification:_identify(src/px4_msgs) by extension 'ignore'
[0.192s] Level 1:colcon.colcon_core.package_identification:_identify(src/px4_msgs) by extension 'ignore_ament_install'
[0.192s] Level 1:colcon.colcon_core.package_identification:_identify(src/px4_msgs) by extensions ['colcon_pkg']
[0.192s] Level 1:colcon.colcon_core.package_identification:_identify(src/px4_msgs) by extension 'colcon_pkg'
[0.192s] Level 1:colcon.colcon_core.package_identification:_identify(src/px4_msgs) by extensions ['colcon_meta']
[0.192s] Level 1:colcon.colcon_core.package_identification:_identify(src/px4_msgs) by extension 'colcon_meta'
[0.192s] Level 1:colcon.colcon_core.package_identification:_identify(src/px4_msgs) by extensions ['ros']
[0.192s] Level 1:colcon.colcon_core.package_identification:_identify(src/px4_msgs) by extension 'ros'
[0.192s] DEBUG:colcon.colcon_core.package_identification:Package 'src/px4_msgs' with type 'ros.ament_cmake' and name 'px4_msgs'
[0.192s] Level 1:colcon.colcon_core.package_identification:_identify(src/px4_ros_com) by extensions ['ignore', 'ignore_ament_install']
[0.192s] Level 1:colcon.colcon_core.package_identification:_identify(src/px4_ros_com) by extension 'ignore'
[0.192s] Level 1:colcon.colcon_core.package_identification:_identify(src/px4_ros_com) by extension 'ignore_ament_install'
[0.192s] Level 1:colcon.colcon_core.package_identification:_identify(src/px4_ros_com) by extensions ['colcon_pkg']
[0.192s] Level 1:colcon.colcon_core.package_identification:_identify(src/px4_ros_com) by extension 'colcon_pkg'
[0.192s] Level 1:colcon.colcon_core.package_identification:_identify(src/px4_ros_com) by extensions ['colcon_meta']
[0.192s] Level 1:colcon.colcon_core.package_identification:_identify(src/px4_ros_com) by extension 'colcon_meta'
[0.192s] Level 1:colcon.colcon_core.package_identification:_identify(src/px4_ros_com) by extensions ['ros']
[0.192s] Level 1:colcon.colcon_core.package_identification:_identify(src/px4_ros_com) by extension 'ros'
[0.193s] DEBUG:colcon.colcon_core.package_identification:Package 'src/px4_ros_com' with type 'ros.ament_cmake' and name 'px4_ros_com'
[0.194s] Level 1:colcon.colcon_core.package_identification:_identify(vision_msgs) by extensions ['ignore', 'ignore_ament_install']
[0.194s] Level 1:colcon.colcon_core.package_identification:_identify(vision_msgs) by extension 'ignore'
[0.194s] Level 1:colcon.colcon_core.package_identification:_identify(vision_msgs) by extension 'ignore_ament_install'
[0.194s] Level 1:colcon.colcon_core.package_identification:_identify(vision_msgs) by extensions ['colcon_pkg']
[0.194s] Level 1:colcon.colcon_core.package_identification:_identify(vision_msgs) by extension 'colcon_pkg'
[0.194s] Level 1:colcon.colcon_core.package_identification:_identify(vision_msgs) by extensions ['colcon_meta']
[0.194s] Level 1:colcon.colcon_core.package_identification:_identify(vision_msgs) by extension 'colcon_meta'
[0.194s] Level 1:colcon.colcon_core.package_identification:_identify(vision_msgs) by extensions ['ros']
[0.194s] Level 1:colcon.colcon_core.package_identification:_identify(vision_msgs) by extension 'ros'
[0.194s] Level 1:colcon.colcon_core.package_identification:_identify(vision_msgs) by extensions ['cmake', 'python']
[0.194s] Level 1:colcon.colcon_core.package_identification:_identify(vision_msgs) by extension 'cmake'
[0.194s] Level 1:colcon.colcon_core.package_identification:_identify(vision_msgs) by extension 'python'
[0.194s] Level 1:colcon.colcon_core.package_identification:_identify(vision_msgs) by extensions ['python_setup_py']
[0.194s] Level 1:colcon.colcon_core.package_identification:_identify(vision_msgs) by extension 'python_setup_py'
[0.194s] Level 1:colcon.colcon_core.package_identification:_identify(vision_msgs/vision_msgs) by extensions ['ignore', 'ignore_ament_install']
[0.194s] Level 1:colcon.colcon_core.package_identification:_identify(vision_msgs/vision_msgs) by extension 'ignore'
[0.194s] Level 1:colcon.colcon_core.package_identification:_identify(vision_msgs/vision_msgs) by extension 'ignore_ament_install'
[0.194s] Level 1:colcon.colcon_core.package_identification:_identify(vision_msgs/vision_msgs) by extensions ['colcon_pkg']
[0.194s] Level 1:colcon.colcon_core.package_identification:_identify(vision_msgs/vision_msgs) by extension 'colcon_pkg'
[0.194s] Level 1:colcon.colcon_core.package_identification:_identify(vision_msgs/vision_msgs) by extensions ['colcon_meta']
[0.194s] Level 1:colcon.colcon_core.package_identification:_identify(vision_msgs/vision_msgs) by extension 'colcon_meta'
[0.194s] Level 1:colcon.colcon_core.package_identification:_identify(vision_msgs/vision_msgs) by extensions ['ros']
[0.194s] Level 1:colcon.colcon_core.package_identification:_identify(vision_msgs/vision_msgs) by extension 'ros'
[0.194s] DEBUG:colcon.colcon_core.package_identification:Package 'vision_msgs/vision_msgs' with type 'ros.ament_cmake' and name 'vision_msgs'
[0.194s] Level 1:colcon.colcon_core.package_identification:_identify(vision_msgs/vision_msgs_rviz_plugins) by extensions ['ignore', 'ignore_ament_install']
[0.194s] Level 1:colcon.colcon_core.package_identification:_identify(vision_msgs/vision_msgs_rviz_plugins) by extension 'ignore'
[0.194s] Level 1:colcon.colcon_core.package_identification:_identify(vision_msgs/vision_msgs_rviz_plugins) by extension 'ignore_ament_install'
[0.194s] Level 1:colcon.colcon_core.package_identification:_identify(vision_msgs/vision_msgs_rviz_plugins) by extensions ['colcon_pkg']
[0.194s] Level 1:colcon.colcon_core.package_identification:_identify(vision_msgs/vision_msgs_rviz_plugins) by extension 'colcon_pkg'
[0.194s] Level 1:colcon.colcon_core.package_identification:_identify(vision_msgs/vision_msgs_rviz_plugins) by extensions ['colcon_meta']
[0.194s] Level 1:colcon.colcon_core.package_identification:_identify(vision_msgs/vision_msgs_rviz_plugins) by extension 'colcon_meta'
[0.195s] Level 1:colcon.colcon_core.package_identification:_identify(vision_msgs/vision_msgs_rviz_plugins) by extensions ['ros']
[0.195s] Level 1:colcon.colcon_core.package_identification:_identify(vision_msgs/vision_msgs_rviz_plugins) by extension 'ros'
[0.195s] DEBUG:colcon.colcon_core.package_identification:Package 'vision_msgs/vision_msgs_rviz_plugins' with type 'ros.ament_cmake' and name 'vision_msgs_rviz_plugins'
[0.195s] Level 1:colcon.colcon_core.package_discovery:discover_packages(recursive) using defaults
[0.195s] Level 1:colcon.colcon_core.package_discovery:discover_packages(ignore) discover
[0.195s] Level 1:colcon.colcon_core.package_discovery:discover_packages(ignore) using defaults
[0.195s] Level 1:colcon.colcon_core.package_discovery:discover_packages(path) discover
[0.195s] Level 1:colcon.colcon_core.package_discovery:discover_packages(path) using defaults
[0.206s] INFO:colcon.colcon_core.package_selection:Skipping not selected package 'krac_interfaces' in 'src/krac_interfaces'
[0.206s] INFO:colcon.colcon_core.package_selection:Skipping not selected package 'px4_msgs' in 'src/px4_msgs'
[0.206s] INFO:colcon.colcon_core.package_selection:Skipping not selected package 'vision_msgs' in 'vision_msgs/vision_msgs'
[0.206s] INFO:colcon.colcon_core.package_selection:Skipping not selected package 'krac_control' in 'src/krac_control'
[0.206s] INFO:colcon.colcon_core.package_selection:Skipping not selected package 'krac_utils' in 'src/krac_utils'
[0.206s] INFO:colcon.colcon_core.package_selection:Skipping not selected package 'krac_vision' in 'src/krac_vision'
[0.206s] INFO:colcon.colcon_core.package_selection:Skipping not selected package 'px4_ros_com' in 'src/px4_ros_com'
[0.206s] INFO:colcon.colcon_core.package_selection:Skipping not selected package 'vision_msgs_rviz_plugins' in 'vision_msgs/vision_msgs_rviz_plugins'
[0.207s] Level 1:colcon.colcon_core.package_discovery:discover_packages(prefix_path) check parameters
[0.207s] Level 1:colcon.colcon_core.package_discovery:discover_packages(prefix_path) discover
[0.207s] WARNING:colcon.colcon_ros.prefix_path.ament:The path '/home/kch/ros2_ws/install/yolo_bringup' in the environment variable AMENT_PREFIX_PATH doesn't exist
[0.207s] WARNING:colcon.colcon_ros.prefix_path.ament:The path '/home/kch/ros2_ws/install/yolo_ros' in the environment variable AMENT_PREFIX_PATH doesn't exist
[0.207s] WARNING:colcon.colcon_ros.prefix_path.ament:The path '/home/kch/ros2_ws/install/yolo_msgs' in the environment variable AMENT_PREFIX_PATH doesn't exist
[0.207s] WARNING:colcon.colcon_ros.prefix_path.ament:The path '/home/kch/ros2_ws/install/vision_msgs_rviz_plugins' in the environment variable AMENT_PREFIX_PATH doesn't exist
[0.207s] WARNING:colcon.colcon_ros.prefix_path.ament:The path '/home/kch/ros2_ws/install/vision_msgs' in the environment variable AMENT_PREFIX_PATH doesn't exist
[0.207s] WARNING:colcon.colcon_ros.prefix_path.ament:The path '/home/kch/ros2_ws/install/px4_ros_com' in the environment variable AMENT_PREFIX_PATH doesn't exist
[0.207s] WARNING:colcon.colcon_ros.prefix_path.ament:The path '/home/kch/ros2_ws/install/px4_msgs' in the environment variable AMENT_PREFIX_PATH doesn't exist
[0.207s] WARNING:colcon.colcon_ros.prefix_path.ament:The path '/home/kch/ros2_ws/install/krac_vision' in the environment variable AMENT_PREFIX_PATH doesn't exist
[0.207s] WARNING:colcon.colcon_ros.prefix_path.ament:The path '/home/kch/ros2_ws/install/krac_utils' in the environment variable AMENT_PREFIX_PATH doesn't exist
[0.207s] WARNING:colcon.colcon_ros.prefix_path.ament:The path '/home/kch/ros2_ws/install/krac_mission' in the environment variable AMENT_PREFIX_PATH doesn't exist
[0.207s] WARNING:colcon.colcon_ros.prefix_path.ament:The path '/home/kch/ros2_ws/install/krac_control' in the environment variable AMENT_PREFIX_PATH doesn't exist
[0.207s] WARNING:colcon.colcon_ros.prefix_path.ament:The path '/home/kch/ros2_ws/install/krac_interfaces' in the environment variable AMENT_PREFIX_PATH doesn't exist
[0.207s] WARNING:colcon.colcon_ros.prefix_path.catkin:The path '/home/kch/ros2_ws/install/yolo_bringup' in the environment variable CMAKE_PREFIX_PATH doesn't exist
[0.207s] WARNING:colcon.colcon_ros.prefix_path.catkin:The path '/home/kch/ros2_ws/install/yolo_msgs' in the environment variable CMAKE_PREFIX_PATH doesn't exist
[0.207s] WARNING:colcon.colcon_ros.prefix_path.catkin:The path '/home/kch/ros2_ws/install/vision_msgs_rviz_plugins' in the environment variable CMAKE_PREFIX_PATH doesn't exist
[0.207s] WARNING:colcon.colcon_ros.prefix_path.catkin:The path '/home/kch/ros2_ws/install/vision_msgs' in the environment variable CMAKE_PREFIX_PATH doesn't exist
[0.207s] WARNING:colcon.colcon_ros.prefix_path.catkin:The path '/home/kch/ros2_ws/install/px4_ros_com' in the environment variable CMAKE_PREFIX_PATH doesn't exist
[0.207s] WARNING:colcon.colcon_ros.prefix_path.catkin:The path '/home/kch/ros2_ws/install/px4_msgs' in the environment variable CMAKE_PREFIX_PATH doesn't exist
[0.207s] WARNING:colcon.colcon_ros.prefix_path.catkin:The path '/home/kch/ros2_ws/install/krac_utils' in the environment variable CMAKE_PREFIX_PATH doesn't exist
[0.207s] WARNING:colcon.colcon_ros.prefix_path.catkin:The path '/home/kch/ros2_ws/install/krac_mission' in the environment variable CMAKE_PREFIX_PATH doesn't exist
[0.207s] WARNING:colcon.colcon_ros.prefix_path.catkin:The path '/home/kch/ros2_ws/install/krac_control' in the environment variable CMAKE_PREFIX_PATH doesn't exist
[0.208s] WARNING:colcon.colcon_ros.prefix_path.catkin:The path '/home/kch/ros2_ws/install/krac_interfaces' in the environment variable CMAKE_PREFIX_PATH doesn't exist
[0.208s] DEBUG:colcon.colcon_installed_package_information.package_discovery:Found 0 installed packages in /home/kch/ros2_ws/install
[0.209s] DEBUG:colcon.colcon_installed_package_information.package_discovery:Found 295 installed packages in /opt/ros/humble
[0.209s] Level 1:colcon.colcon_core.package_discovery:discover_packages(prefix_path) using defaults
[0.229s] Level 5:colcon.colcon_core.verb:set package 'krac_mission' build argument 'cmake_args' from command line to 'None'
[0.229s] Level 5:colcon.colcon_core.verb:set package 'krac_mission' build argument 'cmake_target' from command line to 'None'
[0.229s] Level 5:colcon.colcon_core.verb:set package 'krac_mission' build argument 'cmake_target_skip_unavailable' from command line to 'False'
[0.229s] Level 5:colcon.colcon_core.verb:set package 'krac_mission' build argument 'cmake_clean_cache' from command line to 'False'
[0.229s] Level 5:colcon.colcon_core.verb:set package 'krac_mission' build argument 'cmake_clean_first' from command line to 'False'
[0.229s] Level 5:colcon.colcon_core.verb:set package 'krac_mission' build argument 'cmake_force_configure' from command line to 'False'
[0.229s] Level 5:colcon.colcon_core.verb:set package 'krac_mission' build argument 'ament_cmake_args' from command line to 'None'
[0.229s] Level 5:colcon.colcon_core.verb:set package 'krac_mission' build argument 'catkin_cmake_args' from command line to 'None'
[0.229s] Level 5:colcon.colcon_core.verb:set package 'krac_mission' build argument 'catkin_skip_building_tests' from command line to 'False'
[0.229s] DEBUG:colcon.colcon_core.verb:Building package 'krac_mission' with the following arguments: {'ament_cmake_args': None, 'build_base': '/home/kch/ros2_ws/build/krac_mission', 'catkin_cmake_args': None, 'catkin_skip_building_tests': False, 'cmake_args': None, 'cmake_clean_cache': False, 'cmake_clean_first': False, 'cmake_force_configure': False, 'cmake_target': None, 'cmake_target_skip_unavailable': False, 'install_base': '/home/kch/ros2_ws/install/krac_mission', 'merge_install': False, 'path': '/home/kch/ros2_ws/src/krac_mission', 'symlink_install': True, 'test_result_base': None}
[0.229s] INFO:colcon.colcon_core.executor:Executing jobs using 'parallel' executor
[0.230s] DEBUG:colcon.colcon_parallel_executor.executor.parallel:run_until_complete
[0.230s] INFO:colcon.colcon_ros.task.ament_cmake.build:Building ROS package in '/home/kch/ros2_ws/src/krac_mission' with build type 'ament_cmake'
[0.230s] INFO:colcon.colcon_cmake.task.cmake.build:Building CMake package in '/home/kch/ros2_ws/src/krac_mission'
[0.232s] INFO:colcon.colcon_core.plugin_system:Skipping extension 'colcon_core.shell.bat': Not used on non-Windows systems
[0.232s] INFO:colcon.colcon_core.shell:Skip shell extension 'powershell' for command environment: Not usable outside of PowerShell
[0.232s] DEBUG:colcon.colcon_core.shell:Skip shell extension 'dsv' for command environment
[0.233s] ERROR:colcon.colcon_cmake.task.cmake.build:Failed to find the following files:
- /home/kch/ros2_ws/install/krac_interfaces/share/krac_interfaces/package.sh
Check that the following packages have been built:
- krac_interfaces
[0.233s] Level 1:colcon.colcon_core.environment:create_environment_scripts_only(krac_mission)
[0.235s] Level 1:colcon.colcon_core.environment:checking '/home/kch/ros2_ws/install/krac_mission' for CMake module files
[0.235s] Level 1:colcon.colcon_core.environment:checking '/home/kch/ros2_ws/install/krac_mission' for CMake config files
[0.236s] Level 1:colcon.colcon_core.environment:checking '/home/kch/ros2_ws/install/krac_mission/bin'
[0.236s] Level 1:colcon.colcon_core.environment:checking '/home/kch/ros2_ws/install/krac_mission/lib/pkgconfig/krac_mission.pc'
[0.237s] Level 1:colcon.colcon_core.environment:checking '/home/kch/ros2_ws/install/krac_mission/lib/python3.10/site-packages'
[0.237s] Level 1:colcon.colcon_core.environment:checking '/home/kch/ros2_ws/install/krac_mission/bin'
[0.237s] INFO:colcon.colcon_core.shell:Creating package script '/home/kch/ros2_ws/install/krac_mission/share/krac_mission/package.ps1'
[0.238s] INFO:colcon.colcon_core.shell:Creating package descriptor '/home/kch/ros2_ws/install/krac_mission/share/krac_mission/package.dsv'
[0.238s] INFO:colcon.colcon_core.shell:Creating package script '/home/kch/ros2_ws/install/krac_mission/share/krac_mission/package.sh'
[0.238s] INFO:colcon.colcon_core.shell:Creating package script '/home/kch/ros2_ws/install/krac_mission/share/krac_mission/package.bash'
[0.239s] INFO:colcon.colcon_core.shell:Creating package script '/home/kch/ros2_ws/install/krac_mission/share/krac_mission/package.zsh'
[0.239s] Level 1:colcon.colcon_core.environment:create_file_with_runtime_dependencies(/home/kch/ros2_ws/install/krac_mission/share/colcon-core/packages/krac_mission)
[0.250s] DEBUG:colcon.colcon_parallel_executor.executor.parallel:closing loop
[0.250s] DEBUG:colcon.colcon_parallel_executor.executor.parallel:loop closed
[0.250s] DEBUG:colcon.colcon_parallel_executor.executor.parallel:run_until_complete finished with '1'
[0.250s] DEBUG:colcon.colcon_core.event_reactor:joining thread
[0.254s] INFO:colcon.colcon_core.plugin_system:Skipping extension 'colcon_notification.desktop_notification.terminal_notifier': Not used on non-Darwin systems
[0.254s] INFO:colcon.colcon_core.plugin_system:Skipping extension 'colcon_notification.desktop_notification.win32': Not used on non-Windows systems
[0.254s] INFO:colcon.colcon_notification.desktop_notification:Sending desktop notification using 'notify2'
[0.262s] DEBUG:colcon.colcon_core.event_reactor:joined thread
[0.263s] INFO:colcon.colcon_core.shell:Creating prefix script '/home/kch/ros2_ws/install/local_setup.ps1'
[0.264s] INFO:colcon.colcon_core.shell:Creating prefix util module '/home/kch/ros2_ws/install/_local_setup_util_ps1.py'
[0.265s] INFO:colcon.colcon_core.shell:Creating prefix chain script '/home/kch/ros2_ws/install/setup.ps1'
[0.266s] INFO:colcon.colcon_core.shell:Creating prefix script '/home/kch/ros2_ws/install/local_setup.sh'
[0.266s] INFO:colcon.colcon_core.shell:Creating prefix util module '/home/kch/ros2_ws/install/_local_setup_util_sh.py'
[0.266s] INFO:colcon.colcon_core.shell:Creating prefix chain script '/home/kch/ros2_ws/install/setup.sh'
[0.267s] INFO:colcon.colcon_core.shell:Creating prefix script '/home/kch/ros2_ws/install/local_setup.bash'
[0.268s] INFO:colcon.colcon_core.shell:Creating prefix chain script '/home/kch/ros2_ws/install/setup.bash'
[0.268s] INFO:colcon.colcon_core.shell:Creating prefix script '/home/kch/ros2_ws/install/local_setup.zsh'
[0.268s] INFO:colcon.colcon_core.shell:Creating prefix chain script '/home/kch/ros2_ws/install/setup.zsh'
