[0.028s] Invoking command in '/home/kch/ros2_ws/build/krac_control': CMAKE_PREFIX_PATH=/home/kch/ros2_ws/install/krac_interfaces:/home/kch/ros2_ws/install/vision_msgs_rviz_plugins:/home/kch/ros2_ws/install/vision_msgs:/home/kch/ros2_ws/install/px4_ros_com:/home/kch/ros2_ws/install/px4_msgs:/home/kch/ros2_ws/install/krac_utils:/home/kch/ros2_ws/install/krac_mission:/home/kch/ros2_ws/install/krac_control:/home/kch/ros2_ws/install/krac_vision:/opt/ros/humble LD_LIBRARY_PATH=/home/kch/ros2_ws/install/krac_interfaces/lib:/home/kch/ros2_ws/install/vision_msgs_rviz_plugins/lib:/home/kch/ros2_ws/install/vision_msgs/lib:/home/kch/ros2_ws/install/px4_ros_com/lib:/home/kch/ros2_ws/install/px4_msgs/lib:/opt/ros/humble/opt/rviz_ogre_vendor/lib:/opt/ros/humble/lib/x86_64-linux-gnu:/opt/ros/humble/lib /usr/bin/cmake --build /home/kch/ros2_ws/build/krac_control -- -j16 -l16
[0.062s] [35m[1mConsolidate compiler generated dependencies of target vtol_fsm[0m
[0.071s] [ 25%] Built target vtol_fsm_P
[0.071s] [ 50%] Built target offboard
[0.072s] [ 75%] Built target precision_lander
[0.077s] [ 87%] [32mBuilding CXX object CMakeFiles/vtol_fsm.dir/src/vtol_fsm.cpp.o[0m
[16.560s] [100%] [32m[1mLinking CXX executable vtol_fsm[0m
[17.560s] [100%] Built target vtol_fsm
[17.571s] Invoked command in '/home/kch/ros2_ws/build/krac_control' returned '0': CMAKE_PREFIX_PATH=/home/kch/ros2_ws/install/krac_interfaces:/home/kch/ros2_ws/install/vision_msgs_rviz_plugins:/home/kch/ros2_ws/install/vision_msgs:/home/kch/ros2_ws/install/px4_ros_com:/home/kch/ros2_ws/install/px4_msgs:/home/kch/ros2_ws/install/krac_utils:/home/kch/ros2_ws/install/krac_mission:/home/kch/ros2_ws/install/krac_control:/home/kch/ros2_ws/install/krac_vision:/opt/ros/humble LD_LIBRARY_PATH=/home/kch/ros2_ws/install/krac_interfaces/lib:/home/kch/ros2_ws/install/vision_msgs_rviz_plugins/lib:/home/kch/ros2_ws/install/vision_msgs/lib:/home/kch/ros2_ws/install/px4_ros_com/lib:/home/kch/ros2_ws/install/px4_msgs/lib:/opt/ros/humble/opt/rviz_ogre_vendor/lib:/opt/ros/humble/lib/x86_64-linux-gnu:/opt/ros/humble/lib /usr/bin/cmake --build /home/kch/ros2_ws/build/krac_control -- -j16 -l16
[17.573s] Invoking command in '/home/kch/ros2_ws/build/krac_control': CMAKE_PREFIX_PATH=/home/kch/ros2_ws/install/krac_interfaces:/home/kch/ros2_ws/install/vision_msgs_rviz_plugins:/home/kch/ros2_ws/install/vision_msgs:/home/kch/ros2_ws/install/px4_ros_com:/home/kch/ros2_ws/install/px4_msgs:/home/kch/ros2_ws/install/krac_utils:/home/kch/ros2_ws/install/krac_mission:/home/kch/ros2_ws/install/krac_control:/home/kch/ros2_ws/install/krac_vision:/opt/ros/humble LD_LIBRARY_PATH=/home/kch/ros2_ws/install/krac_interfaces/lib:/home/kch/ros2_ws/install/vision_msgs_rviz_plugins/lib:/home/kch/ros2_ws/install/vision_msgs/lib:/home/kch/ros2_ws/install/px4_ros_com/lib:/home/kch/ros2_ws/install/px4_msgs/lib:/opt/ros/humble/opt/rviz_ogre_vendor/lib:/opt/ros/humble/lib/x86_64-linux-gnu:/opt/ros/humble/lib /usr/bin/cmake --install /home/kch/ros2_ws/build/krac_control
[17.580s] -- Install configuration: ""
[17.580s] -- Execute custom install script
[17.580s] -- Up-to-date symlink: /home/kch/ros2_ws/install/krac_control/lib/krac_control/vtol_fsm
[17.581s] -- Up-to-date symlink: /home/kch/ros2_ws/install/krac_control/lib/krac_control/vtol_fsm_P
[17.581s] -- Up-to-date symlink: /home/kch/ros2_ws/install/krac_control/lib/krac_control/offboard
[17.581s] -- Up-to-date symlink: /home/kch/ros2_ws/install/krac_control/lib/krac_control/precision_lander
[17.581s] -- Up-to-date symlink: /home/kch/ros2_ws/install/krac_control/share/ament_index/resource_index/package_run_dependencies/krac_control
[17.581s] -- Up-to-date symlink: /home/kch/ros2_ws/install/krac_control/share/ament_index/resource_index/parent_prefix_path/krac_control
[17.581s] -- Up-to-date symlink: /home/kch/ros2_ws/install/krac_control/share/krac_control/environment/ament_prefix_path.sh
[17.581s] -- Up-to-date symlink: /home/kch/ros2_ws/install/krac_control/share/krac_control/environment/ament_prefix_path.dsv
[17.582s] -- Up-to-date symlink: /home/kch/ros2_ws/install/krac_control/share/krac_control/environment/path.sh
[17.582s] -- Up-to-date symlink: /home/kch/ros2_ws/install/krac_control/share/krac_control/environment/path.dsv
[17.582s] -- Up-to-date symlink: /home/kch/ros2_ws/install/krac_control/share/krac_control/local_setup.bash
[17.582s] -- Up-to-date symlink: /home/kch/ros2_ws/install/krac_control/share/krac_control/local_setup.sh
[17.582s] -- Up-to-date symlink: /home/kch/ros2_ws/install/krac_control/share/krac_control/local_setup.zsh
[17.582s] -- Up-to-date symlink: /home/kch/ros2_ws/install/krac_control/share/krac_control/local_setup.dsv
[17.582s] -- Symlinking: /home/kch/ros2_ws/install/krac_control/share/krac_control/package.dsv
[17.590s] -- Up-to-date symlink: /home/kch/ros2_ws/install/krac_control/share/ament_index/resource_index/packages/krac_control
[17.590s] -- Up-to-date symlink: /home/kch/ros2_ws/install/krac_control/share/krac_control/cmake/krac_controlConfig.cmake
[17.590s] -- Up-to-date symlink: /home/kch/ros2_ws/install/krac_control/share/krac_control/cmake/krac_controlConfig-version.cmake
[17.590s] -- Up-to-date symlink: /home/kch/ros2_ws/install/krac_control/share/krac_control/package.xml
[17.592s] Invoked command in '/home/kch/ros2_ws/build/krac_control' returned '0': CMAKE_PREFIX_PATH=/home/kch/ros2_ws/install/krac_interfaces:/home/kch/ros2_ws/install/vision_msgs_rviz_plugins:/home/kch/ros2_ws/install/vision_msgs:/home/kch/ros2_ws/install/px4_ros_com:/home/kch/ros2_ws/install/px4_msgs:/home/kch/ros2_ws/install/krac_utils:/home/kch/ros2_ws/install/krac_mission:/home/kch/ros2_ws/install/krac_control:/home/kch/ros2_ws/install/krac_vision:/opt/ros/humble LD_LIBRARY_PATH=/home/kch/ros2_ws/install/krac_interfaces/lib:/home/kch/ros2_ws/install/vision_msgs_rviz_plugins/lib:/home/kch/ros2_ws/install/vision_msgs/lib:/home/kch/ros2_ws/install/px4_ros_com/lib:/home/kch/ros2_ws/install/px4_msgs/lib:/opt/ros/humble/opt/rviz_ogre_vendor/lib:/opt/ros/humble/lib/x86_64-linux-gnu:/opt/ros/humble/lib /usr/bin/cmake --install /home/kch/ros2_ws/build/krac_control
