[0.014s] Invoking command in '/home/kch/ros2_ws/build/krac_utils': CMAKE_PREFIX_PATH=/home/kch/ros2_ws/install/krac_interfaces:/home/kch/ros2_ws/install/vision_msgs_rviz_plugins:/home/kch/ros2_ws/install/vision_msgs:/home/kch/ros2_ws/install/px4_ros_com:/home/kch/ros2_ws/install/px4_msgs:/home/kch/ros2_ws/install/krac_utils:/home/kch/ros2_ws/install/krac_mission:/home/kch/ros2_ws/install/krac_control:/home/kch/ros2_ws/install/krac_vision:/opt/ros/humble LD_LIBRARY_PATH=/home/kch/ros2_ws/install/krac_interfaces/lib:/home/kch/ros2_ws/install/vision_msgs_rviz_plugins/lib:/home/kch/ros2_ws/install/vision_msgs/lib:/home/kch/ros2_ws/install/px4_ros_com/lib:/home/kch/ros2_ws/install/px4_msgs/lib:/opt/ros/humble/opt/rviz_ogre_vendor/lib:/opt/ros/humble/lib/x86_64-linux-gnu:/opt/ros/humble/lib /usr/bin/cmake --build /home/kch/ros2_ws/build/krac_utils -- -j16 -l16
[0.056s] [100%] Built target competition_logger
[0.184s] Invoked command in '/home/kch/ros2_ws/build/krac_utils' returned '0': CMAKE_PREFIX_PATH=/home/kch/ros2_ws/install/krac_interfaces:/home/kch/ros2_ws/install/vision_msgs_rviz_plugins:/home/kch/ros2_ws/install/vision_msgs:/home/kch/ros2_ws/install/px4_ros_com:/home/kch/ros2_ws/install/px4_msgs:/home/kch/ros2_ws/install/krac_utils:/home/kch/ros2_ws/install/krac_mission:/home/kch/ros2_ws/install/krac_control:/home/kch/ros2_ws/install/krac_vision:/opt/ros/humble LD_LIBRARY_PATH=/home/kch/ros2_ws/install/krac_interfaces/lib:/home/kch/ros2_ws/install/vision_msgs_rviz_plugins/lib:/home/kch/ros2_ws/install/vision_msgs/lib:/home/kch/ros2_ws/install/px4_ros_com/lib:/home/kch/ros2_ws/install/px4_msgs/lib:/opt/ros/humble/opt/rviz_ogre_vendor/lib:/opt/ros/humble/lib/x86_64-linux-gnu:/opt/ros/humble/lib /usr/bin/cmake --build /home/kch/ros2_ws/build/krac_utils -- -j16 -l16
[0.185s] Invoking command in '/home/kch/ros2_ws/build/krac_utils': CMAKE_PREFIX_PATH=/home/kch/ros2_ws/install/krac_interfaces:/home/kch/ros2_ws/install/vision_msgs_rviz_plugins:/home/kch/ros2_ws/install/vision_msgs:/home/kch/ros2_ws/install/px4_ros_com:/home/kch/ros2_ws/install/px4_msgs:/home/kch/ros2_ws/install/krac_utils:/home/kch/ros2_ws/install/krac_mission:/home/kch/ros2_ws/install/krac_control:/home/kch/ros2_ws/install/krac_vision:/opt/ros/humble LD_LIBRARY_PATH=/home/kch/ros2_ws/install/krac_interfaces/lib:/home/kch/ros2_ws/install/vision_msgs_rviz_plugins/lib:/home/kch/ros2_ws/install/vision_msgs/lib:/home/kch/ros2_ws/install/px4_ros_com/lib:/home/kch/ros2_ws/install/px4_msgs/lib:/opt/ros/humble/opt/rviz_ogre_vendor/lib:/opt/ros/humble/lib/x86_64-linux-gnu:/opt/ros/humble/lib /usr/bin/cmake --install /home/kch/ros2_ws/build/krac_utils
[0.190s] -- Install configuration: ""
[0.190s] -- Execute custom install script
[0.190s] -- Up-to-date symlink: /home/kch/ros2_ws/install/krac_utils/lib/krac_utils/competition_logger
[0.190s] -- Up-to-date symlink: /home/kch/ros2_ws/install/krac_utils/share/ament_index/resource_index/package_run_dependencies/krac_utils
[0.190s] -- Up-to-date symlink: /home/kch/ros2_ws/install/krac_utils/share/ament_index/resource_index/parent_prefix_path/krac_utils
[0.191s] -- Up-to-date symlink: /home/kch/ros2_ws/install/krac_utils/share/krac_utils/environment/ament_prefix_path.sh
[0.191s] -- Up-to-date symlink: /home/kch/ros2_ws/install/krac_utils/share/krac_utils/environment/ament_prefix_path.dsv
[0.191s] -- Up-to-date symlink: /home/kch/ros2_ws/install/krac_utils/share/krac_utils/environment/path.sh
[0.191s] -- Up-to-date symlink: /home/kch/ros2_ws/install/krac_utils/share/krac_utils/environment/path.dsv
[0.191s] -- Up-to-date symlink: /home/kch/ros2_ws/install/krac_utils/share/krac_utils/local_setup.bash
[0.191s] -- Up-to-date symlink: /home/kch/ros2_ws/install/krac_utils/share/krac_utils/local_setup.sh
[0.191s] -- Up-to-date symlink: /home/kch/ros2_ws/install/krac_utils/share/krac_utils/local_setup.zsh
[0.192s] -- Up-to-date symlink: /home/kch/ros2_ws/install/krac_utils/share/krac_utils/local_setup.dsv
[0.192s] -- Symlinking: /home/kch/ros2_ws/install/krac_utils/share/krac_utils/package.dsv
[0.198s] -- Up-to-date symlink: /home/kch/ros2_ws/install/krac_utils/share/ament_index/resource_index/packages/krac_utils
[0.198s] -- Up-to-date symlink: /home/kch/ros2_ws/install/krac_utils/share/krac_utils/cmake/krac_utilsConfig.cmake
[0.198s] -- Up-to-date symlink: /home/kch/ros2_ws/install/krac_utils/share/krac_utils/cmake/krac_utilsConfig-version.cmake
[0.199s] -- Up-to-date symlink: /home/kch/ros2_ws/install/krac_utils/share/krac_utils/package.xml
[0.201s] Invoked command in '/home/kch/ros2_ws/build/krac_utils' returned '0': CMAKE_PREFIX_PATH=/home/kch/ros2_ws/install/krac_interfaces:/home/kch/ros2_ws/install/vision_msgs_rviz_plugins:/home/kch/ros2_ws/install/vision_msgs:/home/kch/ros2_ws/install/px4_ros_com:/home/kch/ros2_ws/install/px4_msgs:/home/kch/ros2_ws/install/krac_utils:/home/kch/ros2_ws/install/krac_mission:/home/kch/ros2_ws/install/krac_control:/home/kch/ros2_ws/install/krac_vision:/opt/ros/humble LD_LIBRARY_PATH=/home/kch/ros2_ws/install/krac_interfaces/lib:/home/kch/ros2_ws/install/vision_msgs_rviz_plugins/lib:/home/kch/ros2_ws/install/vision_msgs/lib:/home/kch/ros2_ws/install/px4_ros_com/lib:/home/kch/ros2_ws/install/px4_msgs/lib:/opt/ros/humble/opt/rviz_ogre_vendor/lib:/opt/ros/humble/lib/x86_64-linux-gnu:/opt/ros/humble/lib /usr/bin/cmake --install /home/kch/ros2_ws/build/krac_utils
