[0.026s] Invoking command in '/home/kch/ros2_ws/build/krac_utils': CMAKE_PREFIX_PATH=/home/kch/ros2_ws/install/krac_interfaces:/home/kch/ros2_ws/install/yolo_bringup:/home/kch/ros2_ws/install/yolo_msgs:/home/kch/ros2_ws/install/vision_msgs_rviz_plugins:/home/kch/ros2_ws/install/vision_msgs:/home/kch/ros2_ws/install/px4_ros_com:/home/kch/ros2_ws/install/px4_msgs:/home/kch/ros2_ws/install/krac_utils:/home/kch/ros2_ws/install/krac_mission:/home/kch/ros2_ws/install/krac_control:/home/kch/ros2_ws/install/yolo_ros:/home/kch/ros2_ws/install/krac_vision:/opt/ros/humble LD_LIBRARY_PATH=/home/kch/ros2_ws/install/krac_interfaces/lib:/home/kch/ros2_ws/install/yolo_msgs/lib:/home/kch/ros2_ws/install/vision_msgs_rviz_plugins/lib:/home/kch/ros2_ws/install/vision_msgs/lib:/home/kch/ros2_ws/install/px4_ros_com/lib:/home/kch/ros2_ws/install/px4_msgs/lib:/opt/ros/humble/opt/rviz_ogre_vendor/lib:/opt/ros/humble/lib/x86_64-linux-gnu:/opt/ros/humble/lib /usr/bin/cmake --build /home/kch/ros2_ws/build/krac_utils -- -j16 -l16
[0.055s] [35m[1mConsolidate compiler generated dependencies of target competition_logger[0m
[0.069s] [100%] Built target competition_logger
[0.214s] Invoked command in '/home/kch/ros2_ws/build/krac_utils' returned '0': CMAKE_PREFIX_PATH=/home/kch/ros2_ws/install/krac_interfaces:/home/kch/ros2_ws/install/yolo_bringup:/home/kch/ros2_ws/install/yolo_msgs:/home/kch/ros2_ws/install/vision_msgs_rviz_plugins:/home/kch/ros2_ws/install/vision_msgs:/home/kch/ros2_ws/install/px4_ros_com:/home/kch/ros2_ws/install/px4_msgs:/home/kch/ros2_ws/install/krac_utils:/home/kch/ros2_ws/install/krac_mission:/home/kch/ros2_ws/install/krac_control:/home/kch/ros2_ws/install/yolo_ros:/home/kch/ros2_ws/install/krac_vision:/opt/ros/humble LD_LIBRARY_PATH=/home/kch/ros2_ws/install/krac_interfaces/lib:/home/kch/ros2_ws/install/yolo_msgs/lib:/home/kch/ros2_ws/install/vision_msgs_rviz_plugins/lib:/home/kch/ros2_ws/install/vision_msgs/lib:/home/kch/ros2_ws/install/px4_ros_com/lib:/home/kch/ros2_ws/install/px4_msgs/lib:/opt/ros/humble/opt/rviz_ogre_vendor/lib:/opt/ros/humble/lib/x86_64-linux-gnu:/opt/ros/humble/lib /usr/bin/cmake --build /home/kch/ros2_ws/build/krac_utils -- -j16 -l16
[0.215s] Invoking command in '/home/kch/ros2_ws/build/krac_utils': CMAKE_PREFIX_PATH=/home/kch/ros2_ws/install/krac_interfaces:/home/kch/ros2_ws/install/yolo_bringup:/home/kch/ros2_ws/install/yolo_msgs:/home/kch/ros2_ws/install/vision_msgs_rviz_plugins:/home/kch/ros2_ws/install/vision_msgs:/home/kch/ros2_ws/install/px4_ros_com:/home/kch/ros2_ws/install/px4_msgs:/home/kch/ros2_ws/install/krac_utils:/home/kch/ros2_ws/install/krac_mission:/home/kch/ros2_ws/install/krac_control:/home/kch/ros2_ws/install/yolo_ros:/home/kch/ros2_ws/install/krac_vision:/opt/ros/humble LD_LIBRARY_PATH=/home/kch/ros2_ws/install/krac_interfaces/lib:/home/kch/ros2_ws/install/yolo_msgs/lib:/home/kch/ros2_ws/install/vision_msgs_rviz_plugins/lib:/home/kch/ros2_ws/install/vision_msgs/lib:/home/kch/ros2_ws/install/px4_ros_com/lib:/home/kch/ros2_ws/install/px4_msgs/lib:/opt/ros/humble/opt/rviz_ogre_vendor/lib:/opt/ros/humble/lib/x86_64-linux-gnu:/opt/ros/humble/lib /usr/bin/cmake --install /home/kch/ros2_ws/build/krac_utils
[0.221s] -- Install configuration: ""
[0.221s] -- Execute custom install script
[0.222s] -- Up-to-date symlink: /home/kch/ros2_ws/install/krac_utils/lib/krac_utils/competition_logger
[0.222s] -- Up-to-date symlink: /home/kch/ros2_ws/install/krac_utils/share/ament_index/resource_index/package_run_dependencies/krac_utils
[0.222s] -- Up-to-date symlink: /home/kch/ros2_ws/install/krac_utils/share/ament_index/resource_index/parent_prefix_path/krac_utils
[0.222s] -- Up-to-date symlink: /home/kch/ros2_ws/install/krac_utils/share/krac_utils/environment/ament_prefix_path.sh
[0.222s] -- Up-to-date symlink: /home/kch/ros2_ws/install/krac_utils/share/krac_utils/environment/ament_prefix_path.dsv
[0.222s] -- Up-to-date symlink: /home/kch/ros2_ws/install/krac_utils/share/krac_utils/environment/path.sh
[0.222s] -- Up-to-date symlink: /home/kch/ros2_ws/install/krac_utils/share/krac_utils/environment/path.dsv
[0.222s] -- Up-to-date symlink: /home/kch/ros2_ws/install/krac_utils/share/krac_utils/local_setup.bash
[0.222s] -- Up-to-date symlink: /home/kch/ros2_ws/install/krac_utils/share/krac_utils/local_setup.sh
[0.222s] -- Up-to-date symlink: /home/kch/ros2_ws/install/krac_utils/share/krac_utils/local_setup.zsh
[0.223s] -- Up-to-date symlink: /home/kch/ros2_ws/install/krac_utils/share/krac_utils/local_setup.dsv
[0.223s] -- Symlinking: /home/kch/ros2_ws/install/krac_utils/share/krac_utils/package.dsv
[0.231s] -- Up-to-date symlink: /home/kch/ros2_ws/install/krac_utils/share/ament_index/resource_index/packages/krac_utils
[0.231s] -- Up-to-date symlink: /home/kch/ros2_ws/install/krac_utils/share/krac_utils/cmake/krac_utilsConfig.cmake
[0.231s] -- Up-to-date symlink: /home/kch/ros2_ws/install/krac_utils/share/krac_utils/cmake/krac_utilsConfig-version.cmake
[0.231s] -- Up-to-date symlink: /home/kch/ros2_ws/install/krac_utils/share/krac_utils/package.xml
[0.240s] Invoked command in '/home/kch/ros2_ws/build/krac_utils' returned '0': CMAKE_PREFIX_PATH=/home/kch/ros2_ws/install/krac_interfaces:/home/kch/ros2_ws/install/yolo_bringup:/home/kch/ros2_ws/install/yolo_msgs:/home/kch/ros2_ws/install/vision_msgs_rviz_plugins:/home/kch/ros2_ws/install/vision_msgs:/home/kch/ros2_ws/install/px4_ros_com:/home/kch/ros2_ws/install/px4_msgs:/home/kch/ros2_ws/install/krac_utils:/home/kch/ros2_ws/install/krac_mission:/home/kch/ros2_ws/install/krac_control:/home/kch/ros2_ws/install/yolo_ros:/home/kch/ros2_ws/install/krac_vision:/opt/ros/humble LD_LIBRARY_PATH=/home/kch/ros2_ws/install/krac_interfaces/lib:/home/kch/ros2_ws/install/yolo_msgs/lib:/home/kch/ros2_ws/install/vision_msgs_rviz_plugins/lib:/home/kch/ros2_ws/install/vision_msgs/lib:/home/kch/ros2_ws/install/px4_ros_com/lib:/home/kch/ros2_ws/install/px4_msgs/lib:/opt/ros/humble/opt/rviz_ogre_vendor/lib:/opt/ros/humble/lib/x86_64-linux-gnu:/opt/ros/humble/lib /usr/bin/cmake --install /home/kch/ros2_ws/build/krac_utils
