In file included from [01m[K/opt/ros/humble/include/rclcpp/rclcpp/logging.hpp:24[m[K,
                 from [01m[K/opt/ros/humble/include/rclcpp/rclcpp/client.hpp:40[m[K,
                 from [01m[K/opt/ros/humble/include/rclcpp/rclcpp/callback_group.hpp:24[m[K,
                 from [01m[K/opt/ros/humble/include/rclcpp/rclcpp/any_executable.hpp:20[m[K,
                 from [01m[K/opt/ros/humble/include/rclcpp/rclcpp/memory_strategy.hpp:25[m[K,
                 from [01m[K/opt/ros/humble/include/rclcpp/rclcpp/memory_strategies.hpp:18[m[K,
                 from [01m[K/opt/ros/humble/include/rclcpp/rclcpp/executor_options.hpp:20[m[K,
                 from [01m[K/opt/ros/humble/include/rclcpp/rclcpp/executor.hpp:37[m[K,
                 from [01m[K/opt/ros/humble/include/rclcpp/rclcpp/executors/multi_threaded_executor.hpp:25[m[K,
                 from [01m[K/opt/ros/humble/include/rclcpp/rclcpp/executors.hpp:21[m[K,
                 from [01m[K/opt/ros/humble/include/rclcpp/rclcpp/rclcpp.hpp:155[m[K,
                 from [01m[K/home/kch/ros2_ws/src/krac_control/src/vtol_fsm.cpp:1[m[K:
[01m[K/home/kch/ros2_ws/src/krac_control/src/vtol_fsm.cpp:[m[K In member function ‘[01m[Kvoid RescueMissionNode::control_loop()[m[K’:
[01m[K/home/kch/ros2_ws/src/krac_control/src/vtol_fsm.cpp:280:61:[m[K [01;35m[Kwarning: [m[Kformat ‘[01m[K%d[m[K’ expects argument of type ‘[01m[Kint[m[K’, but argument 5 has type ‘[01m[Ksize_t[m[K’ {aka ‘[01m[Klong unsigned int[m[K’} [[01;35m[K]8;;https://gcc.gnu.org/onlinedocs/gcc/Warning-Options.html#index-Wformat=-Wformat=]8;;[m[K]
  280 |              RCLCPP_INFO(this->get_logger(), [01;35m[K"📌 다음 목적지(WP %d) 탐색 완료! 목표 헤딩(%.1f도)으로 기수를 자동 조준합니다."[m[K,
      |                                              [01;35m[K^~~~~~~~~~~~~~~~~~~~~~~~~~~~~~~~~~~~~~~~~~~~~~~~~~~~~~~~~~~~~~~~~~~~~~~~~~~~~~~~[m[K

  281 |                          [32m[Ksearch_seq[m[K, target_yaw_rad_ * 180.0 / M_PI);
      |                          [32m[K~~~~~~~~~~[m[K           
      |                          [32m[K|[m[K
      |                          [32m[Ksize_t {aka long unsigned int}[m[K

[01m[K/home/kch/ros2_ws/src/krac_control/src/vtol_fsm.cpp:280:81:[m[K [01;36m[Knote: [m[Kformat string is defined here
  280 | INFO(this->get_logger(), "📌 다음 목적지(WP [01;36m[K%d[m[K) 탐색 완료! 목표 헤딩(%.1f도)으로 기수를 자동 조준합니다.",
      |                                             [01;36m[K~^[m[K
      |                                              [01;36m[K|[m[K
      |                                              [01;36m[Kint[m[K
      |                                             [32m[K%ld[m[K
