[0.011s] Invoking command in '/home/kch/ros2_ws/build/px4_ros_com': CMAKE_PREFIX_PATH=/home/kch/ros2_ws/install/px4_msgs:/home/kch/ros2_ws/install/vision_msgs_rviz_plugins:/home/kch/ros2_ws/install/vision_msgs:/home/kch/ros2_ws/install/px4_ros_com:/home/kch/ros2_ws/install/krac_utils:/home/kch/ros2_ws/install/krac_mission:/home/kch/ros2_ws/install/krac_control:/home/kch/ros2_ws/install/krac_interfaces:/home/kch/ros2_ws/install/krac_vision:/opt/ros/humble LD_LIBRARY_PATH=/home/kch/ros2_ws/install/px4_msgs/lib:/home/kch/ros2_ws/install/vision_msgs_rviz_plugins/lib:/home/kch/ros2_ws/install/vision_msgs/lib:/home/kch/ros2_ws/install/px4_ros_com/lib:/home/kch/ros2_ws/install/krac_interfaces/lib:/opt/ros/humble/opt/rviz_ogre_vendor/lib:/opt/ros/humble/lib/x86_64-linux-gnu:/opt/ros/humble/lib /usr/bin/cmake /home/kch/ros2_ws/src/px4_ros_com -DAMENT_CMAKE_SYMLINK_INSTALL=1 -DCMAKE_INSTALL_PREFIX=/home/kch/ros2_ws/install/px4_ros_com
[0.020s] -- Found ament_cmake: 1.3.12 (/opt/ros/humble/share/ament_cmake/cmake)
[0.105s] -- Override CMake install command with custom implementation using symlinks instead of copying resources
[0.110s] -- Found builtin_interfaces: 1.2.2 (/opt/ros/humble/share/builtin_interfaces/cmake)
[0.125s] -- Found rosidl_generator_c: 3.1.8 (/opt/ros/humble/share/rosidl_generator_c/cmake)
[0.126s] -- Found rosidl_adapter: 3.1.8 (/opt/ros/humble/share/rosidl_adapter/cmake)
[0.129s] -- Found rosidl_generator_cpp: 3.1.8 (/opt/ros/humble/share/rosidl_generator_cpp/cmake)
[0.134s] -- Using all available rosidl_typesupport_c: rosidl_typesupport_fastrtps_c;rosidl_typesupport_introspection_c
[0.141s] -- Using all available rosidl_typesupport_cpp: rosidl_typesupport_fastrtps_cpp;rosidl_typesupport_introspection_cpp
[0.148s] -- Found eigen3_cmake_module: 0.1.1 (/opt/ros/humble/share/eigen3_cmake_module/cmake)
[0.148s] -- Found geometry_msgs: 4.9.0 (/opt/ros/humble/share/geometry_msgs/cmake)
[0.162s] -- Found px4_msgs: 2.0.1 (/home/kch/ros2_ws/install/px4_msgs/share/px4_msgs/cmake)
[0.170s] -- Found rclcpp: 16.0.17 (/opt/ros/humble/share/rclcpp/cmake)
[0.190s] -- Found rmw_implementation_cmake: 6.1.2 (/opt/ros/humble/share/rmw_implementation_cmake/cmake)
[0.191s] -- Found rmw_fastrtps_cpp: 6.2.9 (/opt/ros/humble/share/rmw_fastrtps_cpp/cmake)
[0.274s] -- Using RMW implementation 'rmw_fastrtps_cpp' as default
[0.296s] -- Found sensor_msgs: 4.9.0 (/opt/ros/humble/share/sensor_msgs/cmake)
[0.305s] -- Found rclpy: 3.3.19 (/opt/ros/humble/share/rclpy/cmake)
[0.310s] -- Found ament_lint_auto: 0.12.14 (/opt/ros/humble/share/ament_lint_auto/cmake)
[0.381s] -- Added test 'copyright' to check source files copyright and LICENSE
[0.389s] -- Added test 'cppcheck' to perform static code analysis on C / C++ code
[0.389s] -- Configured cppcheck include dirs: /home/kch/ros2_ws/src/px4_ros_com/include;$<BUILD_INTERFACE:/home/kch/ros2_ws/src/px4_ros_com/include/px4_ros_com>
[0.389s] -- Configured cppcheck exclude dirs and/or files: 
[0.393s] -- Added test 'cpplint' to check C / C++ code against the Google style
[0.393s] -- Configured cpplint exclude dirs and/or files: 
[0.393s] -- Added test 'flake8' to check Python code syntax and style conventions
[0.394s] -- Added test 'lint_cmake' to check CMake code style
[0.395s] -- Added test 'pep257' to check Python code against some of the docstring style conventions in PEP 257
[0.398s] -- Added test 'uncrustify' to check C / C++ code style
[0.398s] -- Configured uncrustify additional arguments: 
[0.398s] -- Added test 'xmllint' to check XML markup files
[0.401s] -- Configuring done
[0.433s] -- Generating done
[0.439s] -- Build files have been written to: /home/kch/ros2_ws/build/px4_ros_com
[0.447s] Invoked command in '/home/kch/ros2_ws/build/px4_ros_com' returned '0': CMAKE_PREFIX_PATH=/home/kch/ros2_ws/install/px4_msgs:/home/kch/ros2_ws/install/vision_msgs_rviz_plugins:/home/kch/ros2_ws/install/vision_msgs:/home/kch/ros2_ws/install/px4_ros_com:/home/kch/ros2_ws/install/krac_utils:/home/kch/ros2_ws/install/krac_mission:/home/kch/ros2_ws/install/krac_control:/home/kch/ros2_ws/install/krac_interfaces:/home/kch/ros2_ws/install/krac_vision:/opt/ros/humble LD_LIBRARY_PATH=/home/kch/ros2_ws/install/px4_msgs/lib:/home/kch/ros2_ws/install/vision_msgs_rviz_plugins/lib:/home/kch/ros2_ws/install/vision_msgs/lib:/home/kch/ros2_ws/install/px4_ros_com/lib:/home/kch/ros2_ws/install/krac_interfaces/lib:/opt/ros/humble/opt/rviz_ogre_vendor/lib:/opt/ros/humble/lib/x86_64-linux-gnu:/opt/ros/humble/lib /usr/bin/cmake /home/kch/ros2_ws/src/px4_ros_com -DAMENT_CMAKE_SYMLINK_INSTALL=1 -DCMAKE_INSTALL_PREFIX=/home/kch/ros2_ws/install/px4_ros_com
[0.448s] Invoking command in '/home/kch/ros2_ws/build/px4_ros_com': CMAKE_PREFIX_PATH=/home/kch/ros2_ws/install/px4_msgs:/home/kch/ros2_ws/install/vision_msgs_rviz_plugins:/home/kch/ros2_ws/install/vision_msgs:/home/kch/ros2_ws/install/px4_ros_com:/home/kch/ros2_ws/install/krac_utils:/home/kch/ros2_ws/install/krac_mission:/home/kch/ros2_ws/install/krac_control:/home/kch/ros2_ws/install/krac_interfaces:/home/kch/ros2_ws/install/krac_vision:/opt/ros/humble LD_LIBRARY_PATH=/home/kch/ros2_ws/install/px4_msgs/lib:/home/kch/ros2_ws/install/vision_msgs_rviz_plugins/lib:/home/kch/ros2_ws/install/vision_msgs/lib:/home/kch/ros2_ws/install/px4_ros_com/lib:/home/kch/ros2_ws/install/krac_interfaces/lib:/opt/ros/humble/opt/rviz_ogre_vendor/lib:/opt/ros/humble/lib/x86_64-linux-gnu:/opt/ros/humble/lib /usr/bin/cmake --build /home/kch/ros2_ws/build/px4_ros_com -- -j16 -l16
[0.491s] [35m[1mConsolidate compiler generated dependencies of target frame_transforms[0m
[0.491s] [35m[1mConsolidate compiler generated dependencies of target vehicle_gps_position_listener[0m
[0.491s] [35m[1mConsolidate compiler generated dependencies of target offboard_control[0m
[0.491s] [35m[1mConsolidate compiler generated dependencies of target sensor_combined_listener[0m
[0.494s] [35m[1mConsolidate compiler generated dependencies of target debug_vect_advertiser[0m
[0.494s] [35m[1mConsolidate compiler generated dependencies of target offboard_control_srv[0m
[0.510s] [ 33%] Built target ament_cmake_python_symlink_px4_ros_com
[0.510s] [ 41%] Built target debug_vect_advertiser
[0.510s] [ 41%] Built target sensor_combined_listener
[0.510s] [ 50%] Built target vehicle_gps_position_listener
[0.514s] [ 66%] Built target offboard_control
[0.517s] [ 83%] Built target offboard_control_srv
[0.520s] [100%] Built target frame_transforms
[0.669s] running egg_info
[0.670s] writing px4_ros_com.egg-info/PKG-INFO
[0.670s] writing dependency_links to px4_ros_com.egg-info/dependency_links.txt
[0.670s] writing top-level names to px4_ros_com.egg-info/top_level.txt
[0.672s] reading manifest file 'px4_ros_com.egg-info/SOURCES.txt'
[0.673s] writing manifest file 'px4_ros_com.egg-info/SOURCES.txt'
[0.698s] [100%] Built target ament_cmake_python_build_px4_ros_com_egg
[0.710s] Invoked command in '/home/kch/ros2_ws/build/px4_ros_com' returned '0': CMAKE_PREFIX_PATH=/home/kch/ros2_ws/install/px4_msgs:/home/kch/ros2_ws/install/vision_msgs_rviz_plugins:/home/kch/ros2_ws/install/vision_msgs:/home/kch/ros2_ws/install/px4_ros_com:/home/kch/ros2_ws/install/krac_utils:/home/kch/ros2_ws/install/krac_mission:/home/kch/ros2_ws/install/krac_control:/home/kch/ros2_ws/install/krac_interfaces:/home/kch/ros2_ws/install/krac_vision:/opt/ros/humble LD_LIBRARY_PATH=/home/kch/ros2_ws/install/px4_msgs/lib:/home/kch/ros2_ws/install/vision_msgs_rviz_plugins/lib:/home/kch/ros2_ws/install/vision_msgs/lib:/home/kch/ros2_ws/install/px4_ros_com/lib:/home/kch/ros2_ws/install/krac_interfaces/lib:/opt/ros/humble/opt/rviz_ogre_vendor/lib:/opt/ros/humble/lib/x86_64-linux-gnu:/opt/ros/humble/lib /usr/bin/cmake --build /home/kch/ros2_ws/build/px4_ros_com -- -j16 -l16
[0.711s] Invoking command in '/home/kch/ros2_ws/build/px4_ros_com': CMAKE_PREFIX_PATH=/home/kch/ros2_ws/install/px4_msgs:/home/kch/ros2_ws/install/vision_msgs_rviz_plugins:/home/kch/ros2_ws/install/vision_msgs:/home/kch/ros2_ws/install/px4_ros_com:/home/kch/ros2_ws/install/krac_utils:/home/kch/ros2_ws/install/krac_mission:/home/kch/ros2_ws/install/krac_control:/home/kch/ros2_ws/install/krac_interfaces:/home/kch/ros2_ws/install/krac_vision:/opt/ros/humble LD_LIBRARY_PATH=/home/kch/ros2_ws/install/px4_msgs/lib:/home/kch/ros2_ws/install/vision_msgs_rviz_plugins/lib:/home/kch/ros2_ws/install/vision_msgs/lib:/home/kch/ros2_ws/install/px4_ros_com/lib:/home/kch/ros2_ws/install/krac_interfaces/lib:/opt/ros/humble/opt/rviz_ogre_vendor/lib:/opt/ros/humble/lib/x86_64-linux-gnu:/opt/ros/humble/lib /usr/bin/cmake --install /home/kch/ros2_ws/build/px4_ros_com
[0.719s] -- Install configuration: ""
[0.719s] -- Execute custom install script
[0.719s] -- Up-to-date symlink: /home/kch/ros2_ws/install/px4_ros_com/lib/px4_ros_com/sensor_combined_listener
[0.720s] -- Up-to-date symlink: /home/kch/ros2_ws/install/px4_ros_com/lib/px4_ros_com/vehicle_gps_position_listener
[0.720s] -- Up-to-date symlink: /home/kch/ros2_ws/install/px4_ros_com/lib/px4_ros_com/debug_vect_advertiser
[0.720s] -- Up-to-date symlink: /home/kch/ros2_ws/install/px4_ros_com/lib/px4_ros_com/offboard_control
[0.720s] -- Up-to-date symlink: /home/kch/ros2_ws/install/px4_ros_com/lib/px4_ros_com/offboard_control_srv
[0.720s] -- Up-to-date symlink: /home/kch/ros2_ws/install/px4_ros_com/share/px4_ros_com/environment/library_path.sh
[0.720s] -- Up-to-date symlink: /home/kch/ros2_ws/install/px4_ros_com/share/px4_ros_com/environment/library_path.dsv
[0.721s] -- Up-to-date symlink: /home/kch/ros2_ws/install/px4_ros_com/include/px4_ros_com/frame_transforms.h
[0.721s] -- Up-to-date symlink: /home/kch/ros2_ws/install/px4_ros_com/share/px4_ros_com//launch/offboard_control_launch.yaml
[0.721s] -- Up-to-date symlink: /home/kch/ros2_ws/install/px4_ros_com/share/px4_ros_com//launch/sensor_combined_listener.launch.py
[0.722s] -- Up-to-date symlink: /home/kch/ros2_ws/install/px4_ros_com/share/px4_ros_com//test/__init__.py
[0.722s] -- Up-to-date symlink: /home/kch/ros2_ws/install/px4_ros_com/share/px4_ros_com//test/pipeline_io_test.py
[0.722s] -- Up-to-date symlink: /home/kch/ros2_ws/install/px4_ros_com/share/px4_ros_com//test/test_input.py
[0.722s] -- Up-to-date symlink: /home/kch/ros2_ws/install/px4_ros_com/share/px4_ros_com//test/test_output.py
[0.722s] -- Up-to-date symlink: /home/kch/ros2_ws/install/px4_ros_com/share/px4_ros_com/environment/pythonpath.sh
[0.722s] -- Up-to-date symlink: /home/kch/ros2_ws/install/px4_ros_com/share/px4_ros_com/environment/pythonpath.dsv
[0.722s] -- Up-to-date symlink: /home/kch/ros2_ws/install/px4_ros_com/local/lib/python3.10/dist-packages/px4_ros_com-0.1.0-py3.10.egg-info/PKG-INFO
[0.723s] -- Up-to-date symlink: /home/kch/ros2_ws/install/px4_ros_com/local/lib/python3.10/dist-packages/px4_ros_com-0.1.0-py3.10.egg-info/SOURCES.txt
[0.723s] -- Up-to-date symlink: /home/kch/ros2_ws/install/px4_ros_com/local/lib/python3.10/dist-packages/px4_ros_com-0.1.0-py3.10.egg-info/dependency_links.txt
[0.723s] -- Up-to-date symlink: /home/kch/ros2_ws/install/px4_ros_com/local/lib/python3.10/dist-packages/px4_ros_com-0.1.0-py3.10.egg-info/top_level.txt
[0.723s] -- Up-to-date symlink: /home/kch/ros2_ws/install/px4_ros_com/local/lib/python3.10/dist-packages/px4_ros_com/__init__.py
[0.723s] -- Up-to-date symlink: /home/kch/ros2_ws/install/px4_ros_com/local/lib/python3.10/dist-packages/px4_ros_com/module_to_import.py
[0.724s] -- Up-to-date symlink: /home/kch/ros2_ws/install/px4_ros_com/lib/px4_ros_com/offboard_control.py
[0.724s] -- Up-to-date symlink: /home/kch/ros2_ws/install/px4_ros_com/share/ament_index/resource_index/package_run_dependencies/px4_ros_com
[0.724s] -- Up-to-date symlink: /home/kch/ros2_ws/install/px4_ros_com/share/ament_index/resource_index/parent_prefix_path/px4_ros_com
[0.724s] -- Up-to-date symlink: /home/kch/ros2_ws/install/px4_ros_com/share/px4_ros_com/environment/ament_prefix_path.sh
[0.724s] -- Up-to-date symlink: /home/kch/ros2_ws/install/px4_ros_com/share/px4_ros_com/environment/ament_prefix_path.dsv
[0.724s] -- Up-to-date symlink: /home/kch/ros2_ws/install/px4_ros_com/share/px4_ros_com/environment/path.sh
[0.724s] -- Up-to-date symlink: /home/kch/ros2_ws/install/px4_ros_com/share/px4_ros_com/environment/path.dsv
[0.725s] -- Up-to-date symlink: /home/kch/ros2_ws/install/px4_ros_com/share/px4_ros_com/local_setup.bash
[0.725s] -- Up-to-date symlink: /home/kch/ros2_ws/install/px4_ros_com/share/px4_ros_com/local_setup.sh
[0.725s] -- Up-to-date symlink: /home/kch/ros2_ws/install/px4_ros_com/share/px4_ros_com/local_setup.zsh
[0.725s] -- Up-to-date symlink: /home/kch/ros2_ws/install/px4_ros_com/share/px4_ros_com/local_setup.dsv
[0.725s] -- Symlinking: /home/kch/ros2_ws/install/px4_ros_com/share/px4_ros_com/package.dsv
[0.735s] -- Up-to-date symlink: /home/kch/ros2_ws/install/px4_ros_com/share/ament_index/resource_index/packages/px4_ros_com
[0.735s] -- Up-to-date symlink: /home/kch/ros2_ws/install/px4_ros_com/share/px4_ros_com/cmake/ament_cmake_export_dependencies-extras.cmake
[0.735s] -- Up-to-date symlink: /home/kch/ros2_ws/install/px4_ros_com/share/px4_ros_com/cmake/ament_cmake_export_targets-extras.cmake
[0.735s] -- Up-to-date symlink: /home/kch/ros2_ws/install/px4_ros_com/share/px4_ros_com/cmake/ament_cmake_export_include_directories-extras.cmake
[0.736s] -- Up-to-date symlink: /home/kch/ros2_ws/install/px4_ros_com/share/px4_ros_com/cmake/ament_cmake_export_libraries-extras.cmake
[0.736s] -- Up-to-date symlink: /home/kch/ros2_ws/install/px4_ros_com/share/px4_ros_com/cmake/px4_ros_comConfig.cmake
[0.736s] -- Up-to-date symlink: /home/kch/ros2_ws/install/px4_ros_com/share/px4_ros_com/cmake/px4_ros_comConfig-version.cmake
[0.736s] -- Up-to-date symlink: /home/kch/ros2_ws/install/px4_ros_com/share/px4_ros_com/package.xml
[0.737s] -- Up-to-date: /home/kch/ros2_ws/install/px4_ros_com/lib/libframe_transforms.so
[0.761s] Listing '/home/kch/ros2_ws/install/px4_ros_com/local/lib/python3.10/dist-packages/px4_ros_com'...
[0.765s] -- Up-to-date: /home/kch/ros2_ws/install/px4_ros_com/share/px4_ros_com/cmake/export_frame_transformsExport.cmake
[0.766s] -- Up-to-date: /home/kch/ros2_ws/install/px4_ros_com/share/px4_ros_com/cmake/export_frame_transformsExport-noconfig.cmake
[0.768s] Invoked command in '/home/kch/ros2_ws/build/px4_ros_com' returned '0': CMAKE_PREFIX_PATH=/home/kch/ros2_ws/install/px4_msgs:/home/kch/ros2_ws/install/vision_msgs_rviz_plugins:/home/kch/ros2_ws/install/vision_msgs:/home/kch/ros2_ws/install/px4_ros_com:/home/kch/ros2_ws/install/krac_utils:/home/kch/ros2_ws/install/krac_mission:/home/kch/ros2_ws/install/krac_control:/home/kch/ros2_ws/install/krac_interfaces:/home/kch/ros2_ws/install/krac_vision:/opt/ros/humble LD_LIBRARY_PATH=/home/kch/ros2_ws/install/px4_msgs/lib:/home/kch/ros2_ws/install/vision_msgs_rviz_plugins/lib:/home/kch/ros2_ws/install/vision_msgs/lib:/home/kch/ros2_ws/install/px4_ros_com/lib:/home/kch/ros2_ws/install/krac_interfaces/lib:/opt/ros/humble/opt/rviz_ogre_vendor/lib:/opt/ros/humble/lib/x86_64-linux-gnu:/opt/ros/humble/lib /usr/bin/cmake --install /home/kch/ros2_ws/build/px4_ros_com
