[0.018s] Invoking command in '/home/kch/ros2_ws/build/vision_msgs': CMAKE_PREFIX_PATH=${CMAKE_PREFIX_PATH}:/home/kch/ros2_ws/install/krac_vision:/opt/ros/humble /usr/bin/cmake /home/kch/ros2_ws/vision_msgs/vision_msgs -DAMENT_CMAKE_SYMLINK_INSTALL=1 -DCMAKE_INSTALL_PREFIX=/home/kch/ros2_ws/install/vision_msgs
[0.055s] -- Found ament_cmake: 1.3.12 (/opt/ros/humble/share/ament_cmake/cmake)
[0.147s] -- Override CMake install command with custom implementation using symlinks instead of copying resources
[0.164s] -- Found std_msgs: 4.9.0 (/opt/ros/humble/share/std_msgs/cmake)
[0.190s] -- Found rosidl_generator_c: 3.1.8 (/opt/ros/humble/share/rosidl_generator_c/cmake)
[0.191s] -- Found rosidl_adapter: 3.1.8 (/opt/ros/humble/share/rosidl_adapter/cmake)
[0.195s] -- Found rosidl_generator_cpp: 3.1.8 (/opt/ros/humble/share/rosidl_generator_cpp/cmake)
[0.206s] -- Using all available rosidl_typesupport_c: rosidl_typesupport_fastrtps_c;rosidl_typesupport_introspection_c
[0.213s] -- Using all available rosidl_typesupport_cpp: rosidl_typesupport_fastrtps_cpp;rosidl_typesupport_introspection_cpp
[0.232s] -- Found geometry_msgs: 4.9.0 (/opt/ros/humble/share/geometry_msgs/cmake)
[0.243s] -- Found rosidl_default_generators: 1.2.0 (/opt/ros/humble/share/rosidl_default_generators/cmake)
[0.509s] -- Found ament_cmake_cppcheck: 0.12.14 (/opt/ros/humble/share/ament_cmake_cppcheck/cmake)
[0.511s] -- Found ament_cmake_cpplint: 0.12.14 (/opt/ros/humble/share/ament_cmake_cpplint/cmake)
[0.512s] -- Found ament_cmake_uncrustify: 0.12.14 (/opt/ros/humble/share/ament_cmake_uncrustify/cmake)
[0.513s] -- Found ament_cmake_ros: 0.10.0 (/opt/ros/humble/share/ament_cmake_ros/cmake)
[0.806s] -- Using all available rosidl_typesupport_c: rosidl_typesupport_fastrtps_c;rosidl_typesupport_introspection_c
[0.925s] -- Using all available rosidl_typesupport_cpp: rosidl_typesupport_fastrtps_cpp;rosidl_typesupport_introspection_cpp
[0.944s] -- Found python_cmake_module: 0.10.0 (/opt/ros/humble/share/python_cmake_module/cmake)
[0.961s] -- Using PYTHON_EXECUTABLE: /usr/bin/python3
[0.962s] -- Using PYTHON_INCLUDE_DIRS: /usr/include/python3.10
[0.962s] -- Using PYTHON_LIBRARIES: /usr/lib/x86_64-linux-gnu/libpython3.10.so
[0.989s] -- Found ament_cmake_flake8: 0.12.14 (/opt/ros/humble/share/ament_cmake_flake8/cmake)
[0.991s] -- Found ament_cmake_pep257: 0.12.14 (/opt/ros/humble/share/ament_cmake_pep257/cmake)
[0.995s] -- Found ament_lint_auto: 0.12.14 (/opt/ros/humble/share/ament_lint_auto/cmake)
[1.003s] -- Found gtest sources under '/opt/ros/humble/src/gtest_vendor': C++ tests using 'Google Test' will be built
[1.017s] -- Added test 'cppcheck' to perform static code analysis on C / C++ code
[1.017s] -- Configured cppcheck include dirs: /home/kch/ros2_ws/vision_msgs/vision_msgs/include
[1.017s] -- Configured cppcheck exclude dirs and/or files: 
[1.018s] -- Added test 'cpplint' to check C / C++ code against the Google style
[1.019s] -- Configured cpplint exclude dirs and/or files: 
[1.020s] -- Added test 'uncrustify' to check C / C++ code style
[1.020s] -- Configured uncrustify additional arguments: 
[1.021s] -- Added test 'copyright' to check source files copyright and LICENSE
[1.021s] -- Added test 'lint_cmake' to check CMake code style
[1.022s] -- Added test 'xmllint' to check XML markup files
[1.025s] -- Configuring done
[1.106s] -- Generating done
[1.119s] -- Build files have been written to: /home/kch/ros2_ws/build/vision_msgs
[1.126s] Invoked command in '/home/kch/ros2_ws/build/vision_msgs' returned '0': CMAKE_PREFIX_PATH=${CMAKE_PREFIX_PATH}:/home/kch/ros2_ws/install/krac_vision:/opt/ros/humble /usr/bin/cmake /home/kch/ros2_ws/vision_msgs/vision_msgs -DAMENT_CMAKE_SYMLINK_INSTALL=1 -DCMAKE_INSTALL_PREFIX=/home/kch/ros2_ws/install/vision_msgs
[1.128s] Invoking command in '/home/kch/ros2_ws/build/vision_msgs': CMAKE_PREFIX_PATH=${CMAKE_PREFIX_PATH}:/home/kch/ros2_ws/install/krac_vision:/opt/ros/humble /usr/bin/cmake --build /home/kch/ros2_ws/build/vision_msgs -- -j16 -l16
[1.168s] [35m[1mConsolidate compiler generated dependencies of target gtest_main[0m
[1.169s] [35m[1mConsolidate compiler generated dependencies of target gtest[0m
[1.173s] [35m[1mConsolidate compiler generated dependencies of target vision_msgs__rosidl_generator_c[0m
[1.176s] [  1%] Built target vision_msgs__cpp
[1.179s] [  3%] Built target gtest_main
[1.179s] [  3%] Built target gtest
[1.181s] [  3%] Built target ament_cmake_python_symlink_vision_msgs
[1.188s] [ 15%] Built target vision_msgs__rosidl_generator_c
[1.189s] [35m[1mConsolidate compiler generated dependencies of target vision_msgs__rosidl_typesupport_cpp[0m
[1.189s] [35m[1mConsolidate compiler generated dependencies of target vision_msgs__rosidl_typesupport_fastrtps_cpp[0m
[1.191s] [35m[1mConsolidate compiler generated dependencies of target vision_msgs__rosidl_typesupport_introspection_cpp[0m
[1.203s] [35m[1mConsolidate compiler generated dependencies of target vision_msgs__rosidl_typesupport_c[0m
[1.203s] [35m[1mConsolidate compiler generated dependencies of target vision_msgs__rosidl_typesupport_introspection_c[0m
[1.206s] [35m[1mConsolidate compiler generated dependencies of target vision_msgs__rosidl_typesupport_fastrtps_c[0m
[1.207s] [ 27%] Built target vision_msgs__rosidl_typesupport_cpp
[1.209s] [ 49%] Built target vision_msgs__rosidl_typesupport_introspection_cpp
[1.209s] [ 49%] Built target vision_msgs__rosidl_typesupport_fastrtps_cpp
[1.217s] [ 71%] Built target vision_msgs__rosidl_typesupport_introspection_c
[1.217s] [ 71%] Built target vision_msgs__rosidl_typesupport_c
[1.224s] [ 82%] Built target vision_msgs__rosidl_typesupport_fastrtps_c
[1.241s] [ 82%] Built target vision_msgs
[1.251s] [35m[1mConsolidate compiler generated dependencies of target vision_msgs_test[0m
[1.259s] [ 82%] Built target vision_msgs__py
[1.262s] [ 84%] Built target vision_msgs_test
[1.274s] [35m[1mConsolidate compiler generated dependencies of target vision_msgs__rosidl_generator_py[0m
[1.292s] [ 95%] Built target vision_msgs__rosidl_generator_py
[1.301s] [35m[1mConsolidate compiler generated dependencies of target vision_msgs__rosidl_typesupport_fastrtps_c__pyext[0m
[1.301s] [35m[1mConsolidate compiler generated dependencies of target vision_msgs__rosidl_typesupport_c__pyext[0m
[1.301s] [35m[1mConsolidate compiler generated dependencies of target vision_msgs__rosidl_typesupport_introspection_c__pyext[0m
[1.315s] [ 97%] Built target vision_msgs__rosidl_typesupport_c__pyext
[1.316s] [ 99%] Built target vision_msgs__rosidl_typesupport_introspection_c__pyext
[1.317s] [100%] Built target vision_msgs__rosidl_typesupport_fastrtps_c__pyext
[1.336s] running egg_info
[1.337s] writing vision_msgs.egg-info/PKG-INFO
[1.337s] writing dependency_links to vision_msgs.egg-info/dependency_links.txt
[1.337s] writing top-level names to vision_msgs.egg-info/top_level.txt
[1.339s] reading manifest file 'vision_msgs.egg-info/SOURCES.txt'
[1.340s] writing manifest file 'vision_msgs.egg-info/SOURCES.txt'
[1.365s] [100%] Built target ament_cmake_python_build_vision_msgs_egg
[1.485s] Invoked command in '/home/kch/ros2_ws/build/vision_msgs' returned '0': CMAKE_PREFIX_PATH=${CMAKE_PREFIX_PATH}:/home/kch/ros2_ws/install/krac_vision:/opt/ros/humble /usr/bin/cmake --build /home/kch/ros2_ws/build/vision_msgs -- -j16 -l16
[1.487s] Invoking command in '/home/kch/ros2_ws/build/vision_msgs': CMAKE_PREFIX_PATH=${CMAKE_PREFIX_PATH}:/home/kch/ros2_ws/install/krac_vision:/opt/ros/humble /usr/bin/cmake --install /home/kch/ros2_ws/build/vision_msgs
[1.495s] -- Install configuration: ""
[1.495s] -- Execute custom install script
[1.496s] -- Up-to-date symlink: /home/kch/ros2_ws/install/vision_msgs/share/ament_index/resource_index/rosidl_interfaces/vision_msgs
[1.497s] -- Up-to-date symlink: /home/kch/ros2_ws/install/vision_msgs/include/vision_msgs/vision_msgs/msg/bounding_box2_d.h
[1.497s] -- Up-to-date symlink: /home/kch/ros2_ws/install/vision_msgs/include/vision_msgs/vision_msgs/msg/bounding_box2_d_array.h
[1.498s] -- Up-to-date symlink: /home/kch/ros2_ws/install/vision_msgs/include/vision_msgs/vision_msgs/msg/bounding_box3_d.h
[1.499s] -- Up-to-date symlink: /home/kch/ros2_ws/install/vision_msgs/include/vision_msgs/vision_msgs/msg/bounding_box3_d_array.h
[1.500s] -- Up-to-date symlink: /home/kch/ros2_ws/install/vision_msgs/include/vision_msgs/vision_msgs/msg/classification.h
[1.500s] -- Up-to-date symlink: /home/kch/ros2_ws/install/vision_msgs/include/vision_msgs/vision_msgs/msg/detail/bounding_box2_d__functions.h
[1.501s] -- Up-to-date symlink: /home/kch/ros2_ws/install/vision_msgs/include/vision_msgs/vision_msgs/msg/detail/bounding_box2_d__struct.h
[1.501s] -- Up-to-date symlink: /home/kch/ros2_ws/install/vision_msgs/include/vision_msgs/vision_msgs/msg/detail/bounding_box2_d__type_support.h
[1.501s] -- Up-to-date symlink: /home/kch/ros2_ws/install/vision_msgs/include/vision_msgs/vision_msgs/msg/detail/bounding_box2_d_array__functions.h
[1.501s] -- Up-to-date symlink: /home/kch/ros2_ws/install/vision_msgs/include/vision_msgs/vision_msgs/msg/detail/bounding_box2_d_array__struct.h
[1.501s] -- Up-to-date symlink: /home/kch/ros2_ws/install/vision_msgs/include/vision_msgs/vision_msgs/msg/detail/bounding_box2_d_array__type_support.h
[1.501s] -- Up-to-date symlink: /home/kch/ros2_ws/install/vision_msgs/include/vision_msgs/vision_msgs/msg/detail/bounding_box3_d__functions.h
[1.502s] -- Up-to-date symlink: /home/kch/ros2_ws/install/vision_msgs/include/vision_msgs/vision_msgs/msg/detail/bounding_box3_d__struct.h
[1.502s] -- Up-to-date symlink: /home/kch/ros2_ws/install/vision_msgs/include/vision_msgs/vision_msgs/msg/detail/bounding_box3_d__type_support.h
[1.502s] -- Up-to-date symlink: /home/kch/ros2_ws/install/vision_msgs/include/vision_msgs/vision_msgs/msg/detail/bounding_box3_d_array__functions.h
[1.502s] -- Up-to-date symlink: /home/kch/ros2_ws/install/vision_msgs/include/vision_msgs/vision_msgs/msg/detail/bounding_box3_d_array__struct.h
[1.502s] -- Up-to-date symlink: /home/kch/ros2_ws/install/vision_msgs/include/vision_msgs/vision_msgs/msg/detail/bounding_box3_d_array__type_support.h
[1.502s] -- Up-to-date symlink: /home/kch/ros2_ws/install/vision_msgs/include/vision_msgs/vision_msgs/msg/detail/classification__functions.h
[1.502s] -- Up-to-date symlink: /home/kch/ros2_ws/install/vision_msgs/include/vision_msgs/vision_msgs/msg/detail/classification__struct.h
[1.503s] -- Up-to-date symlink: /home/kch/ros2_ws/install/vision_msgs/include/vision_msgs/vision_msgs/msg/detail/classification__type_support.h
[1.503s] -- Up-to-date symlink: /home/kch/ros2_ws/install/vision_msgs/include/vision_msgs/vision_msgs/msg/detail/detection2_d__functions.h
[1.503s] -- Up-to-date symlink: /home/kch/ros2_ws/install/vision_msgs/include/vision_msgs/vision_msgs/msg/detail/detection2_d__struct.h
[1.503s] -- Up-to-date symlink: /home/kch/ros2_ws/install/vision_msgs/include/vision_msgs/vision_msgs/msg/detail/detection2_d__type_support.h
[1.503s] -- Up-to-date symlink: /home/kch/ros2_ws/install/vision_msgs/include/vision_msgs/vision_msgs/msg/detail/detection2_d_array__functions.h
[1.503s] -- Up-to-date symlink: /home/kch/ros2_ws/install/vision_msgs/include/vision_msgs/vision_msgs/msg/detail/detection2_d_array__struct.h
[1.504s] -- Up-to-date symlink: /home/kch/ros2_ws/install/vision_msgs/include/vision_msgs/vision_msgs/msg/detail/detection2_d_array__type_support.h
[1.504s] -- Up-to-date symlink: /home/kch/ros2_ws/install/vision_msgs/include/vision_msgs/vision_msgs/msg/detail/detection3_d__functions.h
[1.504s] -- Up-to-date symlink: /home/kch/ros2_ws/install/vision_msgs/include/vision_msgs/vision_msgs/msg/detail/detection3_d__struct.h
[1.504s] -- Up-to-date symlink: /home/kch/ros2_ws/install/vision_msgs/include/vision_msgs/vision_msgs/msg/detail/detection3_d__type_support.h
[1.504s] -- Up-to-date symlink: /home/kch/ros2_ws/install/vision_msgs/include/vision_msgs/vision_msgs/msg/detail/detection3_d_array__functions.h
[1.504s] -- Up-to-date symlink: /home/kch/ros2_ws/install/vision_msgs/include/vision_msgs/vision_msgs/msg/detail/detection3_d_array__struct.h
[1.505s] -- Up-to-date symlink: /home/kch/ros2_ws/install/vision_msgs/include/vision_msgs/vision_msgs/msg/detail/detection3_d_array__type_support.h
[1.505s] -- Up-to-date symlink: /home/kch/ros2_ws/install/vision_msgs/include/vision_msgs/vision_msgs/msg/detail/label_info__functions.h
[1.505s] -- Up-to-date symlink: /home/kch/ros2_ws/install/vision_msgs/include/vision_msgs/vision_msgs/msg/detail/label_info__struct.h
[1.505s] -- Up-to-date symlink: /home/kch/ros2_ws/install/vision_msgs/include/vision_msgs/vision_msgs/msg/detail/label_info__type_support.h
[1.505s] -- Up-to-date symlink: /home/kch/ros2_ws/install/vision_msgs/include/vision_msgs/vision_msgs/msg/detail/object_hypothesis__functions.h
[1.506s] -- Up-to-date symlink: /home/kch/ros2_ws/install/vision_msgs/include/vision_msgs/vision_msgs/msg/detail/object_hypothesis__struct.h
[1.506s] -- Up-to-date symlink: /home/kch/ros2_ws/install/vision_msgs/include/vision_msgs/vision_msgs/msg/detail/object_hypothesis__type_support.h
[1.506s] -- Up-to-date symlink: /home/kch/ros2_ws/install/vision_msgs/include/vision_msgs/vision_msgs/msg/detail/object_hypothesis_with_pose__functions.h
[1.506s] -- Up-to-date symlink: /home/kch/ros2_ws/install/vision_msgs/include/vision_msgs/vision_msgs/msg/detail/object_hypothesis_with_pose__struct.h
[1.506s] -- Up-to-date symlink: /home/kch/ros2_ws/install/vision_msgs/include/vision_msgs/vision_msgs/msg/detail/object_hypothesis_with_pose__type_support.h
[1.506s] -- Up-to-date symlink: /home/kch/ros2_ws/install/vision_msgs/include/vision_msgs/vision_msgs/msg/detail/point2_d__functions.h
[1.506s] -- Up-to-date symlink: /home/kch/ros2_ws/install/vision_msgs/include/vision_msgs/vision_msgs/msg/detail/point2_d__struct.h
[1.507s] -- Up-to-date symlink: /home/kch/ros2_ws/install/vision_msgs/include/vision_msgs/vision_msgs/msg/detail/point2_d__type_support.h
[1.507s] -- Up-to-date symlink: /home/kch/ros2_ws/install/vision_msgs/include/vision_msgs/vision_msgs/msg/detail/pose2_d__functions.h
[1.507s] -- Up-to-date symlink: /home/kch/ros2_ws/install/vision_msgs/include/vision_msgs/vision_msgs/msg/detail/pose2_d__struct.h
[1.507s] -- Up-to-date symlink: /home/kch/ros2_ws/install/vision_msgs/include/vision_msgs/vision_msgs/msg/detail/pose2_d__type_support.h
[1.507s] -- Up-to-date symlink: /home/kch/ros2_ws/install/vision_msgs/include/vision_msgs/vision_msgs/msg/detail/vision_class__functions.h
[1.507s] -- Up-to-date symlink: /home/kch/ros2_ws/install/vision_msgs/include/vision_msgs/vision_msgs/msg/detail/vision_class__struct.h
[1.508s] -- Up-to-date symlink: /home/kch/ros2_ws/install/vision_msgs/include/vision_msgs/vision_msgs/msg/detail/vision_class__type_support.h
[1.508s] -- Up-to-date symlink: /home/kch/ros2_ws/install/vision_msgs/include/vision_msgs/vision_msgs/msg/detail/vision_info__functions.h
[1.508s] -- Up-to-date symlink: /home/kch/ros2_ws/install/vision_msgs/include/vision_msgs/vision_msgs/msg/detail/vision_info__struct.h
[1.508s] -- Up-to-date symlink: /home/kch/ros2_ws/install/vision_msgs/include/vision_msgs/vision_msgs/msg/detail/vision_info__type_support.h
[1.508s] -- Up-to-date symlink: /home/kch/ros2_ws/install/vision_msgs/include/vision_msgs/vision_msgs/msg/detection2_d.h
[1.508s] -- Up-to-date symlink: /home/kch/ros2_ws/install/vision_msgs/include/vision_msgs/vision_msgs/msg/detection2_d_array.h
[1.509s] -- Up-to-date symlink: /home/kch/ros2_ws/install/vision_msgs/include/vision_msgs/vision_msgs/msg/detection3_d.h
[1.509s] -- Up-to-date symlink: /home/kch/ros2_ws/install/vision_msgs/include/vision_msgs/vision_msgs/msg/detection3_d_array.h
[1.509s] -- Up-to-date symlink: /home/kch/ros2_ws/install/vision_msgs/include/vision_msgs/vision_msgs/msg/label_info.h
[1.509s] -- Up-to-date symlink: /home/kch/ros2_ws/install/vision_msgs/include/vision_msgs/vision_msgs/msg/object_hypothesis.h
[1.510s] -- Up-to-date symlink: /home/kch/ros2_ws/install/vision_msgs/include/vision_msgs/vision_msgs/msg/object_hypothesis_with_pose.h
[1.510s] -- Up-to-date symlink: /home/kch/ros2_ws/install/vision_msgs/include/vision_msgs/vision_msgs/msg/point2_d.h
[1.510s] -- Up-to-date symlink: /home/kch/ros2_ws/install/vision_msgs/include/vision_msgs/vision_msgs/msg/pose2_d.h
[1.510s] -- Up-to-date symlink: /home/kch/ros2_ws/install/vision_msgs/include/vision_msgs/vision_msgs/msg/rosidl_generator_c__visibility_control.h
[1.510s] -- Up-to-date symlink: /home/kch/ros2_ws/install/vision_msgs/include/vision_msgs/vision_msgs/msg/vision_class.h
[1.510s] -- Up-to-date symlink: /home/kch/ros2_ws/install/vision_msgs/include/vision_msgs/vision_msgs/msg/vision_info.h
[1.510s] -- Up-to-date symlink: /home/kch/ros2_ws/install/vision_msgs/share/vision_msgs/environment/library_path.sh
[1.511s] -- Up-to-date symlink: /home/kch/ros2_ws/install/vision_msgs/share/vision_msgs/environment/library_path.dsv
[1.511s] -- Up-to-date symlink: /home/kch/ros2_ws/install/vision_msgs/include/vision_msgs/vision_msgs/msg/detail/bounding_box2_d__rosidl_typesupport_fastrtps_c.h
[1.511s] -- Up-to-date symlink: /home/kch/ros2_ws/install/vision_msgs/include/vision_msgs/vision_msgs/msg/detail/bounding_box2_d_array__rosidl_typesupport_fastrtps_c.h
[1.512s] -- Up-to-date symlink: /home/kch/ros2_ws/install/vision_msgs/include/vision_msgs/vision_msgs/msg/detail/bounding_box3_d__rosidl_typesupport_fastrtps_c.h
[1.512s] -- Up-to-date symlink: /home/kch/ros2_ws/install/vision_msgs/include/vision_msgs/vision_msgs/msg/detail/bounding_box3_d_array__rosidl_typesupport_fastrtps_c.h
[1.512s] -- Up-to-date symlink: /home/kch/ros2_ws/install/vision_msgs/include/vision_msgs/vision_msgs/msg/detail/classification__rosidl_typesupport_fastrtps_c.h
[1.512s] -- Up-to-date symlink: /home/kch/ros2_ws/install/vision_msgs/include/vision_msgs/vision_msgs/msg/detail/detection2_d__rosidl_typesupport_fastrtps_c.h
[1.512s] -- Up-to-date symlink: /home/kch/ros2_ws/install/vision_msgs/include/vision_msgs/vision_msgs/msg/detail/detection2_d_array__rosidl_typesupport_fastrtps_c.h
[1.512s] -- Up-to-date symlink: /home/kch/ros2_ws/install/vision_msgs/include/vision_msgs/vision_msgs/msg/detail/detection3_d__rosidl_typesupport_fastrtps_c.h
[1.513s] -- Up-to-date symlink: /home/kch/ros2_ws/install/vision_msgs/include/vision_msgs/vision_msgs/msg/detail/detection3_d_array__rosidl_typesupport_fastrtps_c.h
[1.513s] -- Up-to-date symlink: /home/kch/ros2_ws/install/vision_msgs/include/vision_msgs/vision_msgs/msg/detail/label_info__rosidl_typesupport_fastrtps_c.h
[1.513s] -- Up-to-date symlink: /home/kch/ros2_ws/install/vision_msgs/include/vision_msgs/vision_msgs/msg/detail/object_hypothesis__rosidl_typesupport_fastrtps_c.h
[1.513s] -- Up-to-date symlink: /home/kch/ros2_ws/install/vision_msgs/include/vision_msgs/vision_msgs/msg/detail/object_hypothesis_with_pose__rosidl_typesupport_fastrtps_c.h
[1.513s] -- Up-to-date symlink: /home/kch/ros2_ws/install/vision_msgs/include/vision_msgs/vision_msgs/msg/detail/point2_d__rosidl_typesupport_fastrtps_c.h
[1.513s] -- Up-to-date symlink: /home/kch/ros2_ws/install/vision_msgs/include/vision_msgs/vision_msgs/msg/detail/pose2_d__rosidl_typesupport_fastrtps_c.h
[1.513s] -- Up-to-date symlink: /home/kch/ros2_ws/install/vision_msgs/include/vision_msgs/vision_msgs/msg/detail/vision_class__rosidl_typesupport_fastrtps_c.h
[1.514s] -- Up-to-date symlink: /home/kch/ros2_ws/install/vision_msgs/include/vision_msgs/vision_msgs/msg/detail/vision_info__rosidl_typesupport_fastrtps_c.h
[1.514s] -- Up-to-date symlink: /home/kch/ros2_ws/install/vision_msgs/include/vision_msgs/vision_msgs/msg/rosidl_typesupport_fastrtps_c__visibility_control.h
[1.515s] -- Up-to-date symlink: /home/kch/ros2_ws/install/vision_msgs/include/vision_msgs/vision_msgs/msg/bounding_box2_d.hpp
[1.515s] -- Up-to-date symlink: /home/kch/ros2_ws/install/vision_msgs/include/vision_msgs/vision_msgs/msg/bounding_box2_d_array.hpp
[1.515s] -- Up-to-date symlink: /home/kch/ros2_ws/install/vision_msgs/include/vision_msgs/vision_msgs/msg/bounding_box3_d.hpp
[1.515s] -- Up-to-date symlink: /home/kch/ros2_ws/install/vision_msgs/include/vision_msgs/vision_msgs/msg/bounding_box3_d_array.hpp
[1.516s] -- Up-to-date symlink: /home/kch/ros2_ws/install/vision_msgs/include/vision_msgs/vision_msgs/msg/classification.hpp
[1.516s] -- Up-to-date symlink: /home/kch/ros2_ws/install/vision_msgs/include/vision_msgs/vision_msgs/msg/detail/bounding_box2_d__builder.hpp
[1.516s] -- Up-to-date symlink: /home/kch/ros2_ws/install/vision_msgs/include/vision_msgs/vision_msgs/msg/detail/bounding_box2_d__struct.hpp
[1.516s] -- Up-to-date symlink: /home/kch/ros2_ws/install/vision_msgs/include/vision_msgs/vision_msgs/msg/detail/bounding_box2_d__traits.hpp
[1.516s] -- Up-to-date symlink: /home/kch/ros2_ws/install/vision_msgs/include/vision_msgs/vision_msgs/msg/detail/bounding_box2_d__type_support.hpp
[1.516s] -- Up-to-date symlink: /home/kch/ros2_ws/install/vision_msgs/include/vision_msgs/vision_msgs/msg/detail/bounding_box2_d_array__builder.hpp
[1.516s] -- Up-to-date symlink: /home/kch/ros2_ws/install/vision_msgs/include/vision_msgs/vision_msgs/msg/detail/bounding_box2_d_array__struct.hpp
[1.517s] -- Up-to-date symlink: /home/kch/ros2_ws/install/vision_msgs/include/vision_msgs/vision_msgs/msg/detail/bounding_box2_d_array__traits.hpp
[1.517s] -- Up-to-date symlink: /home/kch/ros2_ws/install/vision_msgs/include/vision_msgs/vision_msgs/msg/detail/bounding_box2_d_array__type_support.hpp
[1.517s] -- Up-to-date symlink: /home/kch/ros2_ws/install/vision_msgs/include/vision_msgs/vision_msgs/msg/detail/bounding_box3_d__builder.hpp
[1.517s] -- Up-to-date symlink: /home/kch/ros2_ws/install/vision_msgs/include/vision_msgs/vision_msgs/msg/detail/bounding_box3_d__struct.hpp
[1.518s] -- Up-to-date symlink: /home/kch/ros2_ws/install/vision_msgs/include/vision_msgs/vision_msgs/msg/detail/bounding_box3_d__traits.hpp
[1.518s] -- Up-to-date symlink: /home/kch/ros2_ws/install/vision_msgs/include/vision_msgs/vision_msgs/msg/detail/bounding_box3_d__type_support.hpp
[1.518s] -- Up-to-date symlink: /home/kch/ros2_ws/install/vision_msgs/include/vision_msgs/vision_msgs/msg/detail/bounding_box3_d_array__builder.hpp
[1.518s] -- Up-to-date symlink: /home/kch/ros2_ws/install/vision_msgs/include/vision_msgs/vision_msgs/msg/detail/bounding_box3_d_array__struct.hpp
[1.518s] -- Up-to-date symlink: /home/kch/ros2_ws/install/vision_msgs/include/vision_msgs/vision_msgs/msg/detail/bounding_box3_d_array__traits.hpp
[1.518s] -- Up-to-date symlink: /home/kch/ros2_ws/install/vision_msgs/include/vision_msgs/vision_msgs/msg/detail/bounding_box3_d_array__type_support.hpp
[1.519s] -- Up-to-date symlink: /home/kch/ros2_ws/install/vision_msgs/include/vision_msgs/vision_msgs/msg/detail/classification__builder.hpp
[1.519s] -- Up-to-date symlink: /home/kch/ros2_ws/install/vision_msgs/include/vision_msgs/vision_msgs/msg/detail/classification__struct.hpp
[1.519s] -- Up-to-date symlink: /home/kch/ros2_ws/install/vision_msgs/include/vision_msgs/vision_msgs/msg/detail/classification__traits.hpp
[1.519s] -- Up-to-date symlink: /home/kch/ros2_ws/install/vision_msgs/include/vision_msgs/vision_msgs/msg/detail/classification__type_support.hpp
[1.519s] -- Up-to-date symlink: /home/kch/ros2_ws/install/vision_msgs/include/vision_msgs/vision_msgs/msg/detail/detection2_d__builder.hpp
[1.519s] -- Up-to-date symlink: /home/kch/ros2_ws/install/vision_msgs/include/vision_msgs/vision_msgs/msg/detail/detection2_d__struct.hpp
[1.520s] -- Up-to-date symlink: /home/kch/ros2_ws/install/vision_msgs/include/vision_msgs/vision_msgs/msg/detail/detection2_d__traits.hpp
[1.520s] -- Up-to-date symlink: /home/kch/ros2_ws/install/vision_msgs/include/vision_msgs/vision_msgs/msg/detail/detection2_d__type_support.hpp
[1.520s] -- Up-to-date symlink: /home/kch/ros2_ws/install/vision_msgs/include/vision_msgs/vision_msgs/msg/detail/detection2_d_array__builder.hpp
[1.520s] -- Up-to-date symlink: /home/kch/ros2_ws/install/vision_msgs/include/vision_msgs/vision_msgs/msg/detail/detection2_d_array__struct.hpp
[1.520s] -- Up-to-date symlink: /home/kch/ros2_ws/install/vision_msgs/include/vision_msgs/vision_msgs/msg/detail/detection2_d_array__traits.hpp
[1.520s] -- Up-to-date symlink: /home/kch/ros2_ws/install/vision_msgs/include/vision_msgs/vision_msgs/msg/detail/detection2_d_array__type_support.hpp
[1.521s] -- Up-to-date symlink: /home/kch/ros2_ws/install/vision_msgs/include/vision_msgs/vision_msgs/msg/detail/detection3_d__builder.hpp
[1.521s] -- Up-to-date symlink: /home/kch/ros2_ws/install/vision_msgs/include/vision_msgs/vision_msgs/msg/detail/detection3_d__struct.hpp
[1.521s] -- Up-to-date symlink: /home/kch/ros2_ws/install/vision_msgs/include/vision_msgs/vision_msgs/msg/detail/detection3_d__traits.hpp
[1.521s] -- Up-to-date symlink: /home/kch/ros2_ws/install/vision_msgs/include/vision_msgs/vision_msgs/msg/detail/detection3_d__type_support.hpp
[1.521s] -- Up-to-date symlink: /home/kch/ros2_ws/install/vision_msgs/include/vision_msgs/vision_msgs/msg/detail/detection3_d_array__builder.hpp
[1.521s] -- Up-to-date symlink: /home/kch/ros2_ws/install/vision_msgs/include/vision_msgs/vision_msgs/msg/detail/detection3_d_array__struct.hpp
[1.521s] -- Up-to-date symlink: /home/kch/ros2_ws/install/vision_msgs/include/vision_msgs/vision_msgs/msg/detail/detection3_d_array__traits.hpp
[1.522s] -- Up-to-date symlink: /home/kch/ros2_ws/install/vision_msgs/include/vision_msgs/vision_msgs/msg/detail/detection3_d_array__type_support.hpp
[1.522s] -- Up-to-date symlink: /home/kch/ros2_ws/install/vision_msgs/include/vision_msgs/vision_msgs/msg/detail/label_info__builder.hpp
[1.522s] -- Up-to-date symlink: /home/kch/ros2_ws/install/vision_msgs/include/vision_msgs/vision_msgs/msg/detail/label_info__struct.hpp
[1.522s] -- Up-to-date symlink: /home/kch/ros2_ws/install/vision_msgs/include/vision_msgs/vision_msgs/msg/detail/label_info__traits.hpp
[1.522s] -- Up-to-date symlink: /home/kch/ros2_ws/install/vision_msgs/include/vision_msgs/vision_msgs/msg/detail/label_info__type_support.hpp
[1.522s] -- Up-to-date symlink: /home/kch/ros2_ws/install/vision_msgs/include/vision_msgs/vision_msgs/msg/detail/object_hypothesis__builder.hpp
[1.523s] -- Up-to-date symlink: /home/kch/ros2_ws/install/vision_msgs/include/vision_msgs/vision_msgs/msg/detail/object_hypothesis__struct.hpp
[1.523s] -- Up-to-date symlink: /home/kch/ros2_ws/install/vision_msgs/include/vision_msgs/vision_msgs/msg/detail/object_hypothesis__traits.hpp
[1.523s] -- Up-to-date symlink: /home/kch/ros2_ws/install/vision_msgs/include/vision_msgs/vision_msgs/msg/detail/object_hypothesis__type_support.hpp
[1.523s] -- Up-to-date symlink: /home/kch/ros2_ws/install/vision_msgs/include/vision_msgs/vision_msgs/msg/detail/object_hypothesis_with_pose__builder.hpp
[1.524s] -- Up-to-date symlink: /home/kch/ros2_ws/install/vision_msgs/include/vision_msgs/vision_msgs/msg/detail/object_hypothesis_with_pose__struct.hpp
[1.524s] -- Up-to-date symlink: /home/kch/ros2_ws/install/vision_msgs/include/vision_msgs/vision_msgs/msg/detail/object_hypothesis_with_pose__traits.hpp
[1.524s] -- Up-to-date symlink: /home/kch/ros2_ws/install/vision_msgs/include/vision_msgs/vision_msgs/msg/detail/object_hypothesis_with_pose__type_support.hpp
[1.524s] -- Up-to-date symlink: /home/kch/ros2_ws/install/vision_msgs/include/vision_msgs/vision_msgs/msg/detail/point2_d__builder.hpp
[1.524s] -- Up-to-date symlink: /home/kch/ros2_ws/install/vision_msgs/include/vision_msgs/vision_msgs/msg/detail/point2_d__struct.hpp
[1.524s] -- Up-to-date symlink: /home/kch/ros2_ws/install/vision_msgs/include/vision_msgs/vision_msgs/msg/detail/point2_d__traits.hpp
[1.525s] -- Up-to-date symlink: /home/kch/ros2_ws/install/vision_msgs/include/vision_msgs/vision_msgs/msg/detail/point2_d__type_support.hpp
[1.525s] -- Up-to-date symlink: /home/kch/ros2_ws/install/vision_msgs/include/vision_msgs/vision_msgs/msg/detail/pose2_d__builder.hpp
[1.525s] -- Up-to-date symlink: /home/kch/ros2_ws/install/vision_msgs/include/vision_msgs/vision_msgs/msg/detail/pose2_d__struct.hpp
[1.525s] -- Up-to-date symlink: /home/kch/ros2_ws/install/vision_msgs/include/vision_msgs/vision_msgs/msg/detail/pose2_d__traits.hpp
[1.525s] -- Up-to-date symlink: /home/kch/ros2_ws/install/vision_msgs/include/vision_msgs/vision_msgs/msg/detail/pose2_d__type_support.hpp
[1.525s] -- Up-to-date symlink: /home/kch/ros2_ws/install/vision_msgs/include/vision_msgs/vision_msgs/msg/detail/vision_class__builder.hpp
[1.526s] -- Up-to-date symlink: /home/kch/ros2_ws/install/vision_msgs/include/vision_msgs/vision_msgs/msg/detail/vision_class__struct.hpp
[1.526s] -- Up-to-date symlink: /home/kch/ros2_ws/install/vision_msgs/include/vision_msgs/vision_msgs/msg/detail/vision_class__traits.hpp
[1.526s] -- Up-to-date symlink: /home/kch/ros2_ws/install/vision_msgs/include/vision_msgs/vision_msgs/msg/detail/vision_class__type_support.hpp
[1.526s] -- Up-to-date symlink: /home/kch/ros2_ws/install/vision_msgs/include/vision_msgs/vision_msgs/msg/detail/vision_info__builder.hpp
[1.526s] -- Up-to-date symlink: /home/kch/ros2_ws/install/vision_msgs/include/vision_msgs/vision_msgs/msg/detail/vision_info__struct.hpp
[1.526s] -- Up-to-date symlink: /home/kch/ros2_ws/install/vision_msgs/include/vision_msgs/vision_msgs/msg/detail/vision_info__traits.hpp
[1.527s] -- Up-to-date symlink: /home/kch/ros2_ws/install/vision_msgs/include/vision_msgs/vision_msgs/msg/detail/vision_info__type_support.hpp
[1.527s] -- Up-to-date symlink: /home/kch/ros2_ws/install/vision_msgs/include/vision_msgs/vision_msgs/msg/detection2_d.hpp
[1.527s] -- Up-to-date symlink: /home/kch/ros2_ws/install/vision_msgs/include/vision_msgs/vision_msgs/msg/detection2_d_array.hpp
[1.527s] -- Up-to-date symlink: /home/kch/ros2_ws/install/vision_msgs/include/vision_msgs/vision_msgs/msg/detection3_d.hpp
[1.527s] -- Up-to-date symlink: /home/kch/ros2_ws/install/vision_msgs/include/vision_msgs/vision_msgs/msg/detection3_d_array.hpp
[1.528s] -- Up-to-date symlink: /home/kch/ros2_ws/install/vision_msgs/include/vision_msgs/vision_msgs/msg/label_info.hpp
[1.528s] -- Up-to-date symlink: /home/kch/ros2_ws/install/vision_msgs/include/vision_msgs/vision_msgs/msg/object_hypothesis.hpp
[1.528s] -- Up-to-date symlink: /home/kch/ros2_ws/install/vision_msgs/include/vision_msgs/vision_msgs/msg/object_hypothesis_with_pose.hpp
[1.528s] -- Up-to-date symlink: /home/kch/ros2_ws/install/vision_msgs/include/vision_msgs/vision_msgs/msg/point2_d.hpp
[1.528s] -- Up-to-date symlink: /home/kch/ros2_ws/install/vision_msgs/include/vision_msgs/vision_msgs/msg/pose2_d.hpp
[1.528s] -- Up-to-date symlink: /home/kch/ros2_ws/install/vision_msgs/include/vision_msgs/vision_msgs/msg/rosidl_generator_cpp__visibility_control.hpp
[1.528s] -- Up-to-date symlink: /home/kch/ros2_ws/install/vision_msgs/include/vision_msgs/vision_msgs/msg/vision_class.hpp
[1.529s] -- Up-to-date symlink: /home/kch/ros2_ws/install/vision_msgs/include/vision_msgs/vision_msgs/msg/vision_info.hpp
[1.529s] -- Up-to-date symlink: /home/kch/ros2_ws/install/vision_msgs/include/vision_msgs/vision_msgs/msg/detail/bounding_box2_d__rosidl_typesupport_fastrtps_cpp.hpp
[1.529s] -- Up-to-date symlink: /home/kch/ros2_ws/install/vision_msgs/include/vision_msgs/vision_msgs/msg/detail/bounding_box2_d_array__rosidl_typesupport_fastrtps_cpp.hpp
[1.530s] -- Up-to-date symlink: /home/kch/ros2_ws/install/vision_msgs/include/vision_msgs/vision_msgs/msg/detail/bounding_box3_d__rosidl_typesupport_fastrtps_cpp.hpp
[1.530s] -- Up-to-date symlink: /home/kch/ros2_ws/install/vision_msgs/include/vision_msgs/vision_msgs/msg/detail/bounding_box3_d_array__rosidl_typesupport_fastrtps_cpp.hpp
[1.530s] -- Up-to-date symlink: /home/kch/ros2_ws/install/vision_msgs/include/vision_msgs/vision_msgs/msg/detail/classification__rosidl_typesupport_fastrtps_cpp.hpp
[1.530s] -- Up-to-date symlink: /home/kch/ros2_ws/install/vision_msgs/include/vision_msgs/vision_msgs/msg/detail/detection2_d__rosidl_typesupport_fastrtps_cpp.hpp
[1.530s] -- Up-to-date symlink: /home/kch/ros2_ws/install/vision_msgs/include/vision_msgs/vision_msgs/msg/detail/detection2_d_array__rosidl_typesupport_fastrtps_cpp.hpp
[1.530s] -- Up-to-date symlink: /home/kch/ros2_ws/install/vision_msgs/include/vision_msgs/vision_msgs/msg/detail/detection3_d__rosidl_typesupport_fastrtps_cpp.hpp
[1.531s] -- Up-to-date symlink: /home/kch/ros2_ws/install/vision_msgs/include/vision_msgs/vision_msgs/msg/detail/detection3_d_array__rosidl_typesupport_fastrtps_cpp.hpp
[1.531s] -- Up-to-date symlink: /home/kch/ros2_ws/install/vision_msgs/include/vision_msgs/vision_msgs/msg/detail/label_info__rosidl_typesupport_fastrtps_cpp.hpp
[1.531s] -- Up-to-date symlink: /home/kch/ros2_ws/install/vision_msgs/include/vision_msgs/vision_msgs/msg/detail/object_hypothesis__rosidl_typesupport_fastrtps_cpp.hpp
[1.531s] -- Up-to-date symlink: /home/kch/ros2_ws/install/vision_msgs/include/vision_msgs/vision_msgs/msg/detail/object_hypothesis_with_pose__rosidl_typesupport_fastrtps_cpp.hpp
[1.531s] -- Up-to-date symlink: /home/kch/ros2_ws/install/vision_msgs/include/vision_msgs/vision_msgs/msg/detail/point2_d__rosidl_typesupport_fastrtps_cpp.hpp
[1.531s] -- Up-to-date symlink: /home/kch/ros2_ws/install/vision_msgs/include/vision_msgs/vision_msgs/msg/detail/pose2_d__rosidl_typesupport_fastrtps_cpp.hpp
[1.532s] -- Up-to-date symlink: /home/kch/ros2_ws/install/vision_msgs/include/vision_msgs/vision_msgs/msg/detail/vision_class__rosidl_typesupport_fastrtps_cpp.hpp
[1.532s] -- Up-to-date symlink: /home/kch/ros2_ws/install/vision_msgs/include/vision_msgs/vision_msgs/msg/detail/vision_info__rosidl_typesupport_fastrtps_cpp.hpp
[1.532s] -- Up-to-date symlink: /home/kch/ros2_ws/install/vision_msgs/include/vision_msgs/vision_msgs/msg/rosidl_typesupport_fastrtps_cpp__visibility_control.h
[1.533s] -- Up-to-date symlink: /home/kch/ros2_ws/install/vision_msgs/include/vision_msgs/vision_msgs/msg/detail/bounding_box2_d__rosidl_typesupport_introspection_c.h
[1.533s] -- Up-to-date symlink: /home/kch/ros2_ws/install/vision_msgs/include/vision_msgs/vision_msgs/msg/detail/bounding_box2_d_array__rosidl_typesupport_introspection_c.h
[1.533s] -- Up-to-date symlink: /home/kch/ros2_ws/install/vision_msgs/include/vision_msgs/vision_msgs/msg/detail/bounding_box3_d__rosidl_typesupport_introspection_c.h
[1.533s] -- Up-to-date symlink: /home/kch/ros2_ws/install/vision_msgs/include/vision_msgs/vision_msgs/msg/detail/bounding_box3_d_array__rosidl_typesupport_introspection_c.h
[1.533s] -- Up-to-date symlink: /home/kch/ros2_ws/install/vision_msgs/include/vision_msgs/vision_msgs/msg/detail/classification__rosidl_typesupport_introspection_c.h
[1.533s] -- Up-to-date symlink: /home/kch/ros2_ws/install/vision_msgs/include/vision_msgs/vision_msgs/msg/detail/detection2_d__rosidl_typesupport_introspection_c.h
[1.534s] -- Up-to-date symlink: /home/kch/ros2_ws/install/vision_msgs/include/vision_msgs/vision_msgs/msg/detail/detection2_d_array__rosidl_typesupport_introspection_c.h
[1.534s] -- Up-to-date symlink: /home/kch/ros2_ws/install/vision_msgs/include/vision_msgs/vision_msgs/msg/detail/detection3_d__rosidl_typesupport_introspection_c.h
[1.534s] -- Up-to-date symlink: /home/kch/ros2_ws/install/vision_msgs/include/vision_msgs/vision_msgs/msg/detail/detection3_d_array__rosidl_typesupport_introspection_c.h
[1.534s] -- Up-to-date symlink: /home/kch/ros2_ws/install/vision_msgs/include/vision_msgs/vision_msgs/msg/detail/label_info__rosidl_typesupport_introspection_c.h
[1.534s] -- Up-to-date symlink: /home/kch/ros2_ws/install/vision_msgs/include/vision_msgs/vision_msgs/msg/detail/object_hypothesis__rosidl_typesupport_introspection_c.h
[1.534s] -- Up-to-date symlink: /home/kch/ros2_ws/install/vision_msgs/include/vision_msgs/vision_msgs/msg/detail/object_hypothesis_with_pose__rosidl_typesupport_introspection_c.h
[1.535s] -- Up-to-date symlink: /home/kch/ros2_ws/install/vision_msgs/include/vision_msgs/vision_msgs/msg/detail/point2_d__rosidl_typesupport_introspection_c.h
[1.535s] -- Up-to-date symlink: /home/kch/ros2_ws/install/vision_msgs/include/vision_msgs/vision_msgs/msg/detail/pose2_d__rosidl_typesupport_introspection_c.h
[1.535s] -- Up-to-date symlink: /home/kch/ros2_ws/install/vision_msgs/include/vision_msgs/vision_msgs/msg/detail/vision_class__rosidl_typesupport_introspection_c.h
[1.535s] -- Up-to-date symlink: /home/kch/ros2_ws/install/vision_msgs/include/vision_msgs/vision_msgs/msg/detail/vision_info__rosidl_typesupport_introspection_c.h
[1.535s] -- Up-to-date symlink: /home/kch/ros2_ws/install/vision_msgs/include/vision_msgs/vision_msgs/msg/rosidl_typesupport_introspection_c__visibility_control.h
[1.536s] -- Up-to-date symlink: /home/kch/ros2_ws/install/vision_msgs/include/vision_msgs/vision_msgs/msg/detail/bounding_box2_d__rosidl_typesupport_introspection_cpp.hpp
[1.536s] -- Up-to-date symlink: /home/kch/ros2_ws/install/vision_msgs/include/vision_msgs/vision_msgs/msg/detail/bounding_box2_d_array__rosidl_typesupport_introspection_cpp.hpp
[1.536s] -- Up-to-date symlink: /home/kch/ros2_ws/install/vision_msgs/include/vision_msgs/vision_msgs/msg/detail/bounding_box3_d__rosidl_typesupport_introspection_cpp.hpp
[1.536s] -- Up-to-date symlink: /home/kch/ros2_ws/install/vision_msgs/include/vision_msgs/vision_msgs/msg/detail/bounding_box3_d_array__rosidl_typesupport_introspection_cpp.hpp
[1.536s] -- Up-to-date symlink: /home/kch/ros2_ws/install/vision_msgs/include/vision_msgs/vision_msgs/msg/detail/classification__rosidl_typesupport_introspection_cpp.hpp
[1.537s] -- Up-to-date symlink: /home/kch/ros2_ws/install/vision_msgs/include/vision_msgs/vision_msgs/msg/detail/detection2_d__rosidl_typesupport_introspection_cpp.hpp
[1.537s] -- Up-to-date symlink: /home/kch/ros2_ws/install/vision_msgs/include/vision_msgs/vision_msgs/msg/detail/detection2_d_array__rosidl_typesupport_introspection_cpp.hpp
[1.537s] -- Up-to-date symlink: /home/kch/ros2_ws/install/vision_msgs/include/vision_msgs/vision_msgs/msg/detail/detection3_d__rosidl_typesupport_introspection_cpp.hpp
[1.537s] -- Up-to-date symlink: /home/kch/ros2_ws/install/vision_msgs/include/vision_msgs/vision_msgs/msg/detail/detection3_d_array__rosidl_typesupport_introspection_cpp.hpp
[1.537s] -- Up-to-date symlink: /home/kch/ros2_ws/install/vision_msgs/include/vision_msgs/vision_msgs/msg/detail/label_info__rosidl_typesupport_introspection_cpp.hpp
[1.537s] -- Up-to-date symlink: /home/kch/ros2_ws/install/vision_msgs/include/vision_msgs/vision_msgs/msg/detail/object_hypothesis__rosidl_typesupport_introspection_cpp.hpp
[1.538s] -- Up-to-date symlink: /home/kch/ros2_ws/install/vision_msgs/include/vision_msgs/vision_msgs/msg/detail/object_hypothesis_with_pose__rosidl_typesupport_introspection_cpp.hpp
[1.538s] -- Up-to-date symlink: /home/kch/ros2_ws/install/vision_msgs/include/vision_msgs/vision_msgs/msg/detail/point2_d__rosidl_typesupport_introspection_cpp.hpp
[1.538s] -- Up-to-date symlink: /home/kch/ros2_ws/install/vision_msgs/include/vision_msgs/vision_msgs/msg/detail/pose2_d__rosidl_typesupport_introspection_cpp.hpp
[1.538s] -- Up-to-date symlink: /home/kch/ros2_ws/install/vision_msgs/include/vision_msgs/vision_msgs/msg/detail/vision_class__rosidl_typesupport_introspection_cpp.hpp
[1.538s] -- Up-to-date symlink: /home/kch/ros2_ws/install/vision_msgs/include/vision_msgs/vision_msgs/msg/detail/vision_info__rosidl_typesupport_introspection_cpp.hpp
[1.539s] -- Up-to-date symlink: /home/kch/ros2_ws/install/vision_msgs/share/vision_msgs/environment/pythonpath.sh
[1.539s] -- Up-to-date symlink: /home/kch/ros2_ws/install/vision_msgs/share/vision_msgs/environment/pythonpath.dsv
[1.539s] -- Up-to-date symlink: /home/kch/ros2_ws/install/vision_msgs/local/lib/python3.10/dist-packages/vision_msgs-4.1.1-py3.10.egg-info/PKG-INFO
[1.539s] -- Up-to-date symlink: /home/kch/ros2_ws/install/vision_msgs/local/lib/python3.10/dist-packages/vision_msgs-4.1.1-py3.10.egg-info/SOURCES.txt
[1.539s] -- Up-to-date symlink: /home/kch/ros2_ws/install/vision_msgs/local/lib/python3.10/dist-packages/vision_msgs-4.1.1-py3.10.egg-info/dependency_links.txt
[1.539s] -- Up-to-date symlink: /home/kch/ros2_ws/install/vision_msgs/local/lib/python3.10/dist-packages/vision_msgs-4.1.1-py3.10.egg-info/top_level.txt
[1.540s] -- Up-to-date symlink: /home/kch/ros2_ws/install/vision_msgs/local/lib/python3.10/dist-packages/vision_msgs/__init__.py
[1.540s] -- Up-to-date symlink: /home/kch/ros2_ws/install/vision_msgs/local/lib/python3.10/dist-packages/vision_msgs/_vision_msgs_s.ep.rosidl_typesupport_c.c
[1.541s] -- Up-to-date symlink: /home/kch/ros2_ws/install/vision_msgs/local/lib/python3.10/dist-packages/vision_msgs/_vision_msgs_s.ep.rosidl_typesupport_fastrtps_c.c
[1.541s] -- Up-to-date symlink: /home/kch/ros2_ws/install/vision_msgs/local/lib/python3.10/dist-packages/vision_msgs/_vision_msgs_s.ep.rosidl_typesupport_introspection_c.c
[1.541s] -- Up-to-date symlink: /home/kch/ros2_ws/install/vision_msgs/local/lib/python3.10/dist-packages/vision_msgs/libvision_msgs__rosidl_generator_py.so
[1.541s] -- Up-to-date symlink: /home/kch/ros2_ws/install/vision_msgs/local/lib/python3.10/dist-packages/vision_msgs/msg/__init__.py
[1.541s] -- Up-to-date symlink: /home/kch/ros2_ws/install/vision_msgs/local/lib/python3.10/dist-packages/vision_msgs/msg/_bounding_box2_d.py
[1.545s] -- Up-to-date symlink: /home/kch/ros2_ws/install/vision_msgs/local/lib/python3.10/dist-packages/vision_msgs/msg/_bounding_box2_d_array.py
[1.545s] -- Up-to-date symlink: /home/kch/ros2_ws/install/vision_msgs/local/lib/python3.10/dist-packages/vision_msgs/msg/_bounding_box2_d_array_s.c
[1.545s] -- Up-to-date symlink: /home/kch/ros2_ws/install/vision_msgs/local/lib/python3.10/dist-packages/vision_msgs/msg/_bounding_box2_d_s.c
[1.545s] -- Up-to-date symlink: /home/kch/ros2_ws/install/vision_msgs/local/lib/python3.10/dist-packages/vision_msgs/msg/_bounding_box3_d.py
[1.545s] -- Up-to-date symlink: /home/kch/ros2_ws/install/vision_msgs/local/lib/python3.10/dist-packages/vision_msgs/msg/_bounding_box3_d_array.py
[1.546s] -- Up-to-date symlink: /home/kch/ros2_ws/install/vision_msgs/local/lib/python3.10/dist-packages/vision_msgs/msg/_bounding_box3_d_array_s.c
[1.546s] -- Up-to-date symlink: /home/kch/ros2_ws/install/vision_msgs/local/lib/python3.10/dist-packages/vision_msgs/msg/_bounding_box3_d_s.c
[1.546s] -- Up-to-date symlink: /home/kch/ros2_ws/install/vision_msgs/local/lib/python3.10/dist-packages/vision_msgs/msg/_classification.py
[1.546s] -- Up-to-date symlink: /home/kch/ros2_ws/install/vision_msgs/local/lib/python3.10/dist-packages/vision_msgs/msg/_classification_s.c
[1.546s] -- Up-to-date symlink: /home/kch/ros2_ws/install/vision_msgs/local/lib/python3.10/dist-packages/vision_msgs/msg/_detection2_d.py
[1.547s] -- Up-to-date symlink: /home/kch/ros2_ws/install/vision_msgs/local/lib/python3.10/dist-packages/vision_msgs/msg/_detection2_d_array.py
[1.547s] -- Up-to-date symlink: /home/kch/ros2_ws/install/vision_msgs/local/lib/python3.10/dist-packages/vision_msgs/msg/_detection2_d_array_s.c
[1.547s] -- Up-to-date symlink: /home/kch/ros2_ws/install/vision_msgs/local/lib/python3.10/dist-packages/vision_msgs/msg/_detection2_d_s.c
[1.547s] -- Up-to-date symlink: /home/kch/ros2_ws/install/vision_msgs/local/lib/python3.10/dist-packages/vision_msgs/msg/_detection3_d.py
[1.547s] -- Up-to-date symlink: /home/kch/ros2_ws/install/vision_msgs/local/lib/python3.10/dist-packages/vision_msgs/msg/_detection3_d_array.py
[1.547s] -- Up-to-date symlink: /home/kch/ros2_ws/install/vision_msgs/local/lib/python3.10/dist-packages/vision_msgs/msg/_detection3_d_array_s.c
[1.548s] -- Up-to-date symlink: /home/kch/ros2_ws/install/vision_msgs/local/lib/python3.10/dist-packages/vision_msgs/msg/_detection3_d_s.c
[1.548s] -- Up-to-date symlink: /home/kch/ros2_ws/install/vision_msgs/local/lib/python3.10/dist-packages/vision_msgs/msg/_label_info.py
[1.548s] -- Up-to-date symlink: /home/kch/ros2_ws/install/vision_msgs/local/lib/python3.10/dist-packages/vision_msgs/msg/_label_info_s.c
[1.548s] -- Up-to-date symlink: /home/kch/ros2_ws/install/vision_msgs/local/lib/python3.10/dist-packages/vision_msgs/msg/_object_hypothesis.py
[1.548s] -- Up-to-date symlink: /home/kch/ros2_ws/install/vision_msgs/local/lib/python3.10/dist-packages/vision_msgs/msg/_object_hypothesis_s.c
[1.548s] -- Up-to-date symlink: /home/kch/ros2_ws/install/vision_msgs/local/lib/python3.10/dist-packages/vision_msgs/msg/_object_hypothesis_with_pose.py
[1.549s] -- Up-to-date symlink: /home/kch/ros2_ws/install/vision_msgs/local/lib/python3.10/dist-packages/vision_msgs/msg/_object_hypothesis_with_pose_s.c
[1.549s] -- Up-to-date symlink: /home/kch/ros2_ws/install/vision_msgs/local/lib/python3.10/dist-packages/vision_msgs/msg/_point2_d.py
[1.549s] -- Up-to-date symlink: /home/kch/ros2_ws/install/vision_msgs/local/lib/python3.10/dist-packages/vision_msgs/msg/_point2_d_s.c
[1.549s] -- Up-to-date symlink: /home/kch/ros2_ws/install/vision_msgs/local/lib/python3.10/dist-packages/vision_msgs/msg/_pose2_d.py
[1.549s] -- Up-to-date symlink: /home/kch/ros2_ws/install/vision_msgs/local/lib/python3.10/dist-packages/vision_msgs/msg/_pose2_d_s.c
[1.549s] -- Up-to-date symlink: /home/kch/ros2_ws/install/vision_msgs/local/lib/python3.10/dist-packages/vision_msgs/msg/_vision_class.py
[1.549s] -- Up-to-date symlink: /home/kch/ros2_ws/install/vision_msgs/local/lib/python3.10/dist-packages/vision_msgs/msg/_vision_class_s.c
[1.550s] -- Up-to-date symlink: /home/kch/ros2_ws/install/vision_msgs/local/lib/python3.10/dist-packages/vision_msgs/msg/_vision_info.py
[1.550s] -- Up-to-date symlink: /home/kch/ros2_ws/install/vision_msgs/local/lib/python3.10/dist-packages/vision_msgs/msg/_vision_info_s.c
[1.550s] -- Up-to-date symlink: /home/kch/ros2_ws/install/vision_msgs/local/lib/python3.10/dist-packages/vision_msgs/vision_msgs_s__rosidl_typesupport_c.cpython-310-x86_64-linux-gnu.so
[1.550s] -- Up-to-date symlink: /home/kch/ros2_ws/install/vision_msgs/local/lib/python3.10/dist-packages/vision_msgs/vision_msgs_s__rosidl_typesupport_fastrtps_c.cpython-310-x86_64-linux-gnu.so
[1.550s] -- Up-to-date symlink: /home/kch/ros2_ws/install/vision_msgs/local/lib/python3.10/dist-packages/vision_msgs/vision_msgs_s__rosidl_typesupport_introspection_c.cpython-310-x86_64-linux-gnu.so
[1.550s] -- Up-to-date symlink: /home/kch/ros2_ws/install/vision_msgs/local/lib/python3.10/dist-packages/vision_msgs/vision_msgs_s__rosidl_typesupport_fastrtps_c.cpython-310-x86_64-linux-gnu.so
[1.551s] -- Up-to-date symlink: /home/kch/ros2_ws/install/vision_msgs/local/lib/python3.10/dist-packages/vision_msgs/vision_msgs_s__rosidl_typesupport_introspection_c.cpython-310-x86_64-linux-gnu.so
[1.551s] -- Up-to-date symlink: /home/kch/ros2_ws/install/vision_msgs/local/lib/python3.10/dist-packages/vision_msgs/vision_msgs_s__rosidl_typesupport_c.cpython-310-x86_64-linux-gnu.so
[1.551s] -- Up-to-date symlink: /home/kch/ros2_ws/install/vision_msgs/share/vision_msgs/msg/BoundingBox2D.idl
[1.551s] -- Up-to-date symlink: /home/kch/ros2_ws/install/vision_msgs/share/vision_msgs/msg/BoundingBox2DArray.idl
[1.551s] -- Up-to-date symlink: /home/kch/ros2_ws/install/vision_msgs/share/vision_msgs/msg/BoundingBox3D.idl
[1.552s] -- Up-to-date symlink: /home/kch/ros2_ws/install/vision_msgs/share/vision_msgs/msg/BoundingBox3DArray.idl
[1.552s] -- Up-to-date symlink: /home/kch/ros2_ws/install/vision_msgs/share/vision_msgs/msg/Classification.idl
[1.552s] -- Up-to-date symlink: /home/kch/ros2_ws/install/vision_msgs/share/vision_msgs/msg/Detection2DArray.idl
[1.552s] -- Up-to-date symlink: /home/kch/ros2_ws/install/vision_msgs/share/vision_msgs/msg/Detection2D.idl
[1.552s] -- Up-to-date symlink: /home/kch/ros2_ws/install/vision_msgs/share/vision_msgs/msg/Detection3DArray.idl
[1.552s] -- Up-to-date symlink: /home/kch/ros2_ws/install/vision_msgs/share/vision_msgs/msg/Detection3D.idl
[1.553s] -- Up-to-date symlink: /home/kch/ros2_ws/install/vision_msgs/share/vision_msgs/msg/LabelInfo.idl
[1.553s] -- Up-to-date symlink: /home/kch/ros2_ws/install/vision_msgs/share/vision_msgs/msg/ObjectHypothesis.idl
[1.553s] -- Up-to-date symlink: /home/kch/ros2_ws/install/vision_msgs/share/vision_msgs/msg/ObjectHypothesisWithPose.idl
[1.553s] -- Up-to-date symlink: /home/kch/ros2_ws/install/vision_msgs/share/vision_msgs/msg/VisionClass.idl
[1.553s] -- Up-to-date symlink: /home/kch/ros2_ws/install/vision_msgs/share/vision_msgs/msg/Point2D.idl
[1.553s] -- Up-to-date symlink: /home/kch/ros2_ws/install/vision_msgs/share/vision_msgs/msg/Pose2D.idl
[1.554s] -- Up-to-date symlink: /home/kch/ros2_ws/install/vision_msgs/share/vision_msgs/msg/VisionInfo.idl
[1.554s] -- Up-to-date symlink: /home/kch/ros2_ws/install/vision_msgs/share/vision_msgs/msg/BoundingBox2D.msg
[1.554s] -- Up-to-date symlink: /home/kch/ros2_ws/install/vision_msgs/share/vision_msgs/msg/BoundingBox2DArray.msg
[1.554s] -- Up-to-date symlink: /home/kch/ros2_ws/install/vision_msgs/share/vision_msgs/msg/BoundingBox3D.msg
[1.554s] -- Up-to-date symlink: /home/kch/ros2_ws/install/vision_msgs/share/vision_msgs/msg/BoundingBox3DArray.msg
[1.554s] -- Up-to-date symlink: /home/kch/ros2_ws/install/vision_msgs/share/vision_msgs/msg/Classification.msg
[1.555s] -- Up-to-date symlink: /home/kch/ros2_ws/install/vision_msgs/share/vision_msgs/msg/Detection2DArray.msg
[1.555s] -- Up-to-date symlink: /home/kch/ros2_ws/install/vision_msgs/share/vision_msgs/msg/Detection2D.msg
[1.555s] -- Up-to-date symlink: /home/kch/ros2_ws/install/vision_msgs/share/vision_msgs/msg/Detection3DArray.msg
[1.555s] -- Up-to-date symlink: /home/kch/ros2_ws/install/vision_msgs/share/vision_msgs/msg/Detection3D.msg
[1.555s] -- Up-to-date symlink: /home/kch/ros2_ws/install/vision_msgs/share/vision_msgs/msg/LabelInfo.msg
[1.555s] -- Up-to-date symlink: /home/kch/ros2_ws/install/vision_msgs/share/vision_msgs/msg/ObjectHypothesis.msg
[1.556s] -- Up-to-date symlink: /home/kch/ros2_ws/install/vision_msgs/share/vision_msgs/msg/ObjectHypothesisWithPose.msg
[1.556s] -- Up-to-date symlink: /home/kch/ros2_ws/install/vision_msgs/share/vision_msgs/msg/VisionClass.msg
[1.556s] -- Up-to-date symlink: /home/kch/ros2_ws/install/vision_msgs/share/vision_msgs/msg/Point2D.msg
[1.556s] -- Up-to-date symlink: /home/kch/ros2_ws/install/vision_msgs/share/vision_msgs/msg/Pose2D.msg
[1.556s] -- Up-to-date symlink: /home/kch/ros2_ws/install/vision_msgs/share/vision_msgs/msg/VisionInfo.msg
[1.556s] -- Up-to-date symlink: /home/kch/ros2_ws/install/vision_msgs/include/vision_msgs/create_aabb.hpp
[1.557s] -- Up-to-date symlink: /home/kch/ros2_ws/install/vision_msgs/share/ament_index/resource_index/package_run_dependencies/vision_msgs
[1.557s] -- Up-to-date symlink: /home/kch/ros2_ws/install/vision_msgs/share/ament_index/resource_index/parent_prefix_path/vision_msgs
[1.557s] -- Up-to-date symlink: /home/kch/ros2_ws/install/vision_msgs/share/vision_msgs/environment/ament_prefix_path.sh
[1.557s] -- Up-to-date symlink: /home/kch/ros2_ws/install/vision_msgs/share/vision_msgs/environment/ament_prefix_path.dsv
[1.557s] -- Up-to-date symlink: /home/kch/ros2_ws/install/vision_msgs/share/vision_msgs/environment/path.sh
[1.557s] -- Up-to-date symlink: /home/kch/ros2_ws/install/vision_msgs/share/vision_msgs/environment/path.dsv
[1.558s] -- Up-to-date symlink: /home/kch/ros2_ws/install/vision_msgs/share/vision_msgs/local_setup.bash
[1.558s] -- Up-to-date symlink: /home/kch/ros2_ws/install/vision_msgs/share/vision_msgs/local_setup.sh
[1.558s] -- Up-to-date symlink: /home/kch/ros2_ws/install/vision_msgs/share/vision_msgs/local_setup.zsh
[1.558s] -- Up-to-date symlink: /home/kch/ros2_ws/install/vision_msgs/share/vision_msgs/local_setup.dsv
[1.558s] -- Symlinking: /home/kch/ros2_ws/install/vision_msgs/share/vision_msgs/package.dsv
[1.569s] -- Up-to-date symlink: /home/kch/ros2_ws/install/vision_msgs/share/ament_index/resource_index/packages/vision_msgs
[1.569s] -- Up-to-date symlink: /home/kch/ros2_ws/install/vision_msgs/share/vision_msgs/cmake/rosidl_cmake-extras.cmake
[1.569s] -- Up-to-date symlink: /home/kch/ros2_ws/install/vision_msgs/share/vision_msgs/cmake/ament_cmake_export_dependencies-extras.cmake
[1.569s] -- Up-to-date symlink: /home/kch/ros2_ws/install/vision_msgs/share/vision_msgs/cmake/ament_cmake_export_include_directories-extras.cmake
[1.570s] -- Up-to-date symlink: /home/kch/ros2_ws/install/vision_msgs/share/vision_msgs/cmake/ament_cmake_export_libraries-extras.cmake
[1.570s] -- Up-to-date symlink: /home/kch/ros2_ws/install/vision_msgs/share/vision_msgs/cmake/ament_cmake_export_targets-extras.cmake
[1.570s] -- Up-to-date symlink: /home/kch/ros2_ws/install/vision_msgs/share/vision_msgs/cmake/rosidl_cmake_export_typesupport_targets-extras.cmake
[1.570s] -- Up-to-date symlink: /home/kch/ros2_ws/install/vision_msgs/share/vision_msgs/cmake/rosidl_cmake_export_typesupport_libraries-extras.cmake
[1.570s] -- Up-to-date symlink: /home/kch/ros2_ws/install/vision_msgs/share/vision_msgs/cmake/vision_msgsConfig.cmake
[1.570s] -- Up-to-date symlink: /home/kch/ros2_ws/install/vision_msgs/share/vision_msgs/cmake/vision_msgsConfig-version.cmake
[1.570s] -- Up-to-date symlink: /home/kch/ros2_ws/install/vision_msgs/share/vision_msgs/package.xml
[1.571s] -- Up-to-date: /home/kch/ros2_ws/install/vision_msgs/lib/libvision_msgs__rosidl_generator_c.so
[1.572s] -- Up-to-date: /home/kch/ros2_ws/install/vision_msgs/lib/libvision_msgs__rosidl_typesupport_fastrtps_c.so
[1.573s] -- Up-to-date: /home/kch/ros2_ws/install/vision_msgs/lib/libvision_msgs__rosidl_typesupport_fastrtps_cpp.so
[1.574s] -- Up-to-date: /home/kch/ros2_ws/install/vision_msgs/lib/libvision_msgs__rosidl_typesupport_introspection_c.so
[1.574s] -- Up-to-date: /home/kch/ros2_ws/install/vision_msgs/lib/libvision_msgs__rosidl_typesupport_c.so
[1.575s] -- Up-to-date: /home/kch/ros2_ws/install/vision_msgs/lib/libvision_msgs__rosidl_typesupport_introspection_cpp.so
[1.576s] -- Up-to-date: /home/kch/ros2_ws/install/vision_msgs/lib/libvision_msgs__rosidl_typesupport_cpp.so
[1.600s] Listing '/home/kch/ros2_ws/install/vision_msgs/local/lib/python3.10/dist-packages/vision_msgs'...
[1.601s] Compiling '/home/kch/ros2_ws/install/vision_msgs/local/lib/python3.10/dist-packages/vision_msgs/__init__.py'...
[1.601s] Listing '/home/kch/ros2_ws/install/vision_msgs/local/lib/python3.10/dist-packages/vision_msgs/msg'...
[1.608s] -- Up-to-date: /home/kch/ros2_ws/install/vision_msgs/lib/libvision_msgs__rosidl_generator_py.so
[1.609s] -- Up-to-date: /home/kch/ros2_ws/install/vision_msgs/share/vision_msgs/cmake/export_vision_msgs__rosidl_generator_cExport.cmake
[1.609s] -- Up-to-date: /home/kch/ros2_ws/install/vision_msgs/share/vision_msgs/cmake/export_vision_msgs__rosidl_generator_cExport-noconfig.cmake
[1.609s] -- Up-to-date: /home/kch/ros2_ws/install/vision_msgs/share/vision_msgs/cmake/export_vision_msgs__rosidl_typesupport_fastrtps_cExport.cmake
[1.609s] -- Up-to-date: /home/kch/ros2_ws/install/vision_msgs/share/vision_msgs/cmake/export_vision_msgs__rosidl_typesupport_fastrtps_cExport-noconfig.cmake
[1.609s] -- Up-to-date: /home/kch/ros2_ws/install/vision_msgs/share/vision_msgs/cmake/export_vision_msgs__rosidl_generator_cppExport.cmake
[1.609s] -- Up-to-date: /home/kch/ros2_ws/install/vision_msgs/share/vision_msgs/cmake/export_vision_msgs__rosidl_typesupport_fastrtps_cppExport.cmake
[1.609s] -- Up-to-date: /home/kch/ros2_ws/install/vision_msgs/share/vision_msgs/cmake/export_vision_msgs__rosidl_typesupport_fastrtps_cppExport-noconfig.cmake
[1.609s] -- Up-to-date: /home/kch/ros2_ws/install/vision_msgs/share/vision_msgs/cmake/vision_msgs__rosidl_typesupport_introspection_cExport.cmake
[1.609s] -- Up-to-date: /home/kch/ros2_ws/install/vision_msgs/share/vision_msgs/cmake/vision_msgs__rosidl_typesupport_introspection_cExport-noconfig.cmake
[1.610s] -- Up-to-date: /home/kch/ros2_ws/install/vision_msgs/share/vision_msgs/cmake/vision_msgs__rosidl_typesupport_cExport.cmake
[1.610s] -- Up-to-date: /home/kch/ros2_ws/install/vision_msgs/share/vision_msgs/cmake/vision_msgs__rosidl_typesupport_cExport-noconfig.cmake
[1.610s] -- Up-to-date: /home/kch/ros2_ws/install/vision_msgs/share/vision_msgs/cmake/vision_msgs__rosidl_typesupport_introspection_cppExport.cmake
[1.610s] -- Up-to-date: /home/kch/ros2_ws/install/vision_msgs/share/vision_msgs/cmake/vision_msgs__rosidl_typesupport_introspection_cppExport-noconfig.cmake
[1.610s] -- Up-to-date: /home/kch/ros2_ws/install/vision_msgs/share/vision_msgs/cmake/vision_msgs__rosidl_typesupport_cppExport.cmake
[1.610s] -- Up-to-date: /home/kch/ros2_ws/install/vision_msgs/share/vision_msgs/cmake/vision_msgs__rosidl_typesupport_cppExport-noconfig.cmake
[1.610s] -- Up-to-date: /home/kch/ros2_ws/install/vision_msgs/share/vision_msgs/cmake/export_vision_msgs__rosidl_generator_pyExport.cmake
[1.610s] -- Up-to-date: /home/kch/ros2_ws/install/vision_msgs/share/vision_msgs/cmake/export_vision_msgs__rosidl_generator_pyExport-noconfig.cmake
[1.612s] Invoked command in '/home/kch/ros2_ws/build/vision_msgs' returned '0': CMAKE_PREFIX_PATH=${CMAKE_PREFIX_PATH}:/home/kch/ros2_ws/install/krac_vision:/opt/ros/humble /usr/bin/cmake --install /home/kch/ros2_ws/build/vision_msgs
