[0.422s] Invoking command in '/home/kch/ros2_ws/build/krac_vision': AMENT_PREFIX_PATH=/home/kch/ros2_ws/install/krac_interfaces:${AMENT_PREFIX_PATH} CMAKE_PREFIX_PATH=/home/kch/ros2_ws/install/krac_interfaces LD_LIBRARY_PATH=/home/kch/ros2_ws/install/krac_interfaces/lib:${LD_LIBRARY_PATH} PYTHONPATH=/home/kch/ros2_ws/build/krac_vision/prefix_override:/usr/lib/python3/dist-packages/colcon_core/task/python/colcon_distutils_commands:/home/kch/ros2_ws/install/krac_vision/lib/python3.10/site-packages:/home/kch/ros2_ws/install/krac_interfaces/local/lib/python3.10/dist-packages:${PYTHONPATH} /usr/bin/python3 -W ignore:setup.py install is deprecated -W ignore:easy_install command is deprecated setup.py develop --editable --build-directory /home/kch/ros2_ws/build/krac_vision/build --no-deps symlink_data --force
[0.591s] running develop
[0.702s] running egg_info
[0.702s] writing krac_vision.egg-info/PKG-INFO
[0.702s] writing dependency_links to krac_vision.egg-info/dependency_links.txt
[0.702s] writing entry points to krac_vision.egg-info/entry_points.txt
[0.702s] writing requirements to krac_vision.egg-info/requires.txt
[0.702s] writing top-level names to krac_vision.egg-info/top_level.txt
[0.704s] reading manifest file 'krac_vision.egg-info/SOURCES.txt'
[0.705s] writing manifest file 'krac_vision.egg-info/SOURCES.txt'
[0.706s] running build_ext
[0.706s] Creating /home/kch/ros2_ws/install/krac_vision/lib/python3.10/site-packages/krac-vision.egg-link (link to .)
[0.707s] Installing vision_tracker script to /home/kch/ros2_ws/install/krac_vision/lib/krac_vision
[0.707s] 
[0.707s] Installed /home/kch/ros2_ws/build/krac_vision
[0.707s] running symlink_data
[0.707s] symbolically linking /home/kch/ros2_ws/build/krac_vision/resource/krac_vision -> /home/kch/ros2_ws/install/krac_vision/share/ament_index/resource_index/packages
[0.707s] symbolically linking /home/kch/ros2_ws/build/krac_vision/package.xml -> /home/kch/ros2_ws/install/krac_vision/share/krac_vision
[0.708s] symbolically linking /home/kch/ros2_ws/build/krac_vision/weights/best.pt -> /home/kch/ros2_ws/install/krac_vision/share/krac_vision/weights
[0.708s] symbolically linking /home/kch/ros2_ws/build/krac_vision/launch/yolo_detector.launch.py -> /home/kch/ros2_ws/install/krac_vision/share/krac_vision/launch
[0.743s] Invoked command in '/home/kch/ros2_ws/build/krac_vision' returned '0': AMENT_PREFIX_PATH=/home/kch/ros2_ws/install/krac_interfaces:${AMENT_PREFIX_PATH} CMAKE_PREFIX_PATH=/home/kch/ros2_ws/install/krac_interfaces LD_LIBRARY_PATH=/home/kch/ros2_ws/install/krac_interfaces/lib:${LD_LIBRARY_PATH} PYTHONPATH=/home/kch/ros2_ws/build/krac_vision/prefix_override:/usr/lib/python3/dist-packages/colcon_core/task/python/colcon_distutils_commands:/home/kch/ros2_ws/install/krac_vision/lib/python3.10/site-packages:/home/kch/ros2_ws/install/krac_interfaces/local/lib/python3.10/dist-packages:${PYTHONPATH} /usr/bin/python3 -W ignore:setup.py install is deprecated -W ignore:easy_install command is deprecated setup.py develop --editable --build-directory /home/kch/ros2_ws/build/krac_vision/build --no-deps symlink_data --force
