[0.016s] Invoking command in '/home/kch/ros2_ws/build/vision_msgs': CMAKE_PREFIX_PATH=${CMAKE_PREFIX_PATH}:/home/kch/ros2_ws/install/krac_vision:/opt/ros/humble /usr/bin/cmake /home/kch/ros2_ws/vision_msgs/vision_msgs -DCMAKE_INSTALL_PREFIX=/home/kch/ros2_ws/install/vision_msgs
[0.027s] -- Found ament_cmake: 1.3.12 (/opt/ros/humble/share/ament_cmake/cmake)
[0.131s] -- Override CMake install command with custom implementation using symlinks instead of copying resources
[0.137s] -- Found std_msgs: 4.9.0 (/opt/ros/humble/share/std_msgs/cmake)
[0.158s] -- Found rosidl_generator_c: 3.1.8 (/opt/ros/humble/share/rosidl_generator_c/cmake)
[0.160s] -- Found rosidl_adapter: 3.1.8 (/opt/ros/humble/share/rosidl_adapter/cmake)
[0.165s] -- Found rosidl_generator_cpp: 3.1.8 (/opt/ros/humble/share/rosidl_generator_cpp/cmake)
[0.172s] -- Using all available rosidl_typesupport_c: rosidl_typesupport_fastrtps_c;rosidl_typesupport_introspection_c
[0.181s] -- Using all available rosidl_typesupport_cpp: rosidl_typesupport_fastrtps_cpp;rosidl_typesupport_introspection_cpp
[0.197s] -- Found geometry_msgs: 4.9.0 (/opt/ros/humble/share/geometry_msgs/cmake)
[0.206s] -- Found rosidl_default_generators: 1.2.0 (/opt/ros/humble/share/rosidl_default_generators/cmake)
[0.537s] -- Found ament_cmake_cppcheck: 0.12.14 (/opt/ros/humble/share/ament_cmake_cppcheck/cmake)
[0.538s] -- Found ament_cmake_cpplint: 0.12.14 (/opt/ros/humble/share/ament_cmake_cpplint/cmake)
[0.539s] -- Found ament_cmake_uncrustify: 0.12.14 (/opt/ros/humble/share/ament_cmake_uncrustify/cmake)
[0.541s] -- Found ament_cmake_ros: 0.10.0 (/opt/ros/humble/share/ament_cmake_ros/cmake)
[0.895s] -- Using all available rosidl_typesupport_c: rosidl_typesupport_fastrtps_c;rosidl_typesupport_introspection_c
[1.047s] -- Using all available rosidl_typesupport_cpp: rosidl_typesupport_fastrtps_cpp;rosidl_typesupport_introspection_cpp
[1.070s] -- Found python_cmake_module: 0.10.0 (/opt/ros/humble/share/python_cmake_module/cmake)
[1.091s] -- Using PYTHON_EXECUTABLE: /usr/bin/python3
[1.091s] -- Using PYTHON_INCLUDE_DIRS: /usr/include/python3.10
[1.091s] -- Using PYTHON_LIBRARIES: /usr/lib/x86_64-linux-gnu/libpython3.10.so
[1.129s] -- Found ament_cmake_flake8: 0.12.14 (/opt/ros/humble/share/ament_cmake_flake8/cmake)
[1.131s] -- Found ament_cmake_pep257: 0.12.14 (/opt/ros/humble/share/ament_cmake_pep257/cmake)
[1.137s] -- Found ament_lint_auto: 0.12.14 (/opt/ros/humble/share/ament_lint_auto/cmake)
[1.146s] -- Found gtest sources under '/opt/ros/humble/src/gtest_vendor': C++ tests using 'Google Test' will be built
[1.161s] -- Added test 'cppcheck' to perform static code analysis on C / C++ code
[1.162s] -- Configured cppcheck include dirs: /home/kch/ros2_ws/vision_msgs/vision_msgs/include
[1.162s] -- Configured cppcheck exclude dirs and/or files: 
[1.163s] -- Added test 'cpplint' to check C / C++ code against the Google style
[1.163s] -- Configured cpplint exclude dirs and/or files: 
[1.164s] -- Added test 'uncrustify' to check C / C++ code style
[1.164s] -- Configured uncrustify additional arguments: 
[1.166s] -- Added test 'copyright' to check source files copyright and LICENSE
[1.166s] -- Added test 'lint_cmake' to check CMake code style
[1.167s] -- Added test 'xmllint' to check XML markup files
[1.171s] -- Configuring done
[1.272s] -- Generating done
[1.285s] -- Build files have been written to: /home/kch/ros2_ws/build/vision_msgs
[1.297s] Invoked command in '/home/kch/ros2_ws/build/vision_msgs' returned '0': CMAKE_PREFIX_PATH=${CMAKE_PREFIX_PATH}:/home/kch/ros2_ws/install/krac_vision:/opt/ros/humble /usr/bin/cmake /home/kch/ros2_ws/vision_msgs/vision_msgs -DCMAKE_INSTALL_PREFIX=/home/kch/ros2_ws/install/vision_msgs
[1.298s] Invoking command in '/home/kch/ros2_ws/build/vision_msgs': CMAKE_PREFIX_PATH=${CMAKE_PREFIX_PATH}:/home/kch/ros2_ws/install/krac_vision:/opt/ros/humble /usr/bin/cmake --build /home/kch/ros2_ws/build/vision_msgs -- -j16 -l16
[1.344s] [35m[1mConsolidate compiler generated dependencies of target gtest_main[0m
[1.345s] [35m[1mConsolidate compiler generated dependencies of target gtest[0m
[1.349s] [35m[1mConsolidate compiler generated dependencies of target vision_msgs__rosidl_generator_c[0m
[1.358s] [  1%] Built target vision_msgs__cpp
[1.358s] [  2%] Built target gtest
[1.359s] [  3%] Built target gtest_main
[1.365s] [  3%] Built target ament_cmake_python_symlink_vision_msgs
[1.369s] [ 15%] Built target vision_msgs__rosidl_generator_c
[1.377s] [35m[1mConsolidate compiler generated dependencies of target vision_msgs__rosidl_typesupport_introspection_cpp[0m
[1.377s] [35m[1mConsolidate compiler generated dependencies of target vision_msgs__rosidl_typesupport_fastrtps_cpp[0m
[1.377s] [35m[1mConsolidate compiler generated dependencies of target vision_msgs__rosidl_typesupport_cpp[0m
[1.384s] [35m[1mConsolidate compiler generated dependencies of target vision_msgs__rosidl_typesupport_c[0m
[1.386s] [35m[1mConsolidate compiler generated dependencies of target vision_msgs__rosidl_typesupport_introspection_c[0m
[1.387s] [35m[1mConsolidate compiler generated dependencies of target vision_msgs__rosidl_typesupport_fastrtps_c[0m
[1.400s] [ 41%] Built target vision_msgs__rosidl_typesupport_fastrtps_cpp
[1.400s] [ 42%] Built target vision_msgs__rosidl_typesupport_introspection_cpp
[1.400s] [ 48%] Built target vision_msgs__rosidl_typesupport_c
[1.400s] [ 60%] Built target vision_msgs__rosidl_typesupport_cpp
[1.408s] [ 71%] Built target vision_msgs__rosidl_typesupport_introspection_c
[1.411s] [ 82%] Built target vision_msgs__rosidl_typesupport_fastrtps_c
[1.435s] [ 82%] Built target vision_msgs
[1.448s] [35m[1mConsolidate compiler generated dependencies of target vision_msgs_test[0m
[1.459s] [ 82%] Built target vision_msgs__py
[1.461s] [ 84%] Built target vision_msgs_test
[1.476s] [35m[1mConsolidate compiler generated dependencies of target vision_msgs__rosidl_generator_py[0m
[1.498s] [ 95%] Built target vision_msgs__rosidl_generator_py
[1.510s] [35m[1mConsolidate compiler generated dependencies of target vision_msgs__rosidl_typesupport_introspection_c__pyext[0m
[1.511s] [35m[1mConsolidate compiler generated dependencies of target vision_msgs__rosidl_typesupport_c__pyext[0m
[1.511s] [35m[1mConsolidate compiler generated dependencies of target vision_msgs__rosidl_typesupport_fastrtps_c__pyext[0m
[1.526s] [100%] Built target vision_msgs__rosidl_typesupport_fastrtps_c__pyext
[1.526s] [100%] Built target vision_msgs__rosidl_typesupport_c__pyext
[1.526s] [100%] Built target vision_msgs__rosidl_typesupport_introspection_c__pyext
[1.575s] running egg_info
[1.576s] writing vision_msgs.egg-info/PKG-INFO
[1.576s] writing dependency_links to vision_msgs.egg-info/dependency_links.txt
[1.576s] writing top-level names to vision_msgs.egg-info/top_level.txt
[1.579s] reading manifest file 'vision_msgs.egg-info/SOURCES.txt'
[1.580s] writing manifest file 'vision_msgs.egg-info/SOURCES.txt'
[1.614s] [100%] Built target ament_cmake_python_build_vision_msgs_egg
[1.787s] Invoked command in '/home/kch/ros2_ws/build/vision_msgs' returned '0': CMAKE_PREFIX_PATH=${CMAKE_PREFIX_PATH}:/home/kch/ros2_ws/install/krac_vision:/opt/ros/humble /usr/bin/cmake --build /home/kch/ros2_ws/build/vision_msgs -- -j16 -l16
[1.789s] Invoking command in '/home/kch/ros2_ws/build/vision_msgs': CMAKE_PREFIX_PATH=${CMAKE_PREFIX_PATH}:/home/kch/ros2_ws/install/krac_vision:/opt/ros/humble /usr/bin/cmake --install /home/kch/ros2_ws/build/vision_msgs
[1.797s] -- Install configuration: ""
[1.797s] -- Execute custom install script
[1.798s] -- Up-to-date symlink: /home/kch/ros2_ws/install/vision_msgs/share/ament_index/resource_index/rosidl_interfaces/vision_msgs
[1.799s] -- Up-to-date symlink: /home/kch/ros2_ws/install/vision_msgs/include/vision_msgs/vision_msgs/msg/bounding_box2_d.h
[1.800s] -- Up-to-date symlink: /home/kch/ros2_ws/install/vision_msgs/include/vision_msgs/vision_msgs/msg/bounding_box2_d_array.h
[1.800s] -- Up-to-date symlink: /home/kch/ros2_ws/install/vision_msgs/include/vision_msgs/vision_msgs/msg/bounding_box3_d.h
[1.800s] -- Up-to-date symlink: /home/kch/ros2_ws/install/vision_msgs/include/vision_msgs/vision_msgs/msg/bounding_box3_d_array.h
[1.800s] -- Up-to-date symlink: /home/kch/ros2_ws/install/vision_msgs/include/vision_msgs/vision_msgs/msg/classification.h
[1.801s] -- Up-to-date symlink: /home/kch/ros2_ws/install/vision_msgs/include/vision_msgs/vision_msgs/msg/detail/bounding_box2_d__functions.h
[1.801s] -- Up-to-date symlink: /home/kch/ros2_ws/install/vision_msgs/include/vision_msgs/vision_msgs/msg/detail/bounding_box2_d__struct.h
[1.801s] -- Up-to-date symlink: /home/kch/ros2_ws/install/vision_msgs/include/vision_msgs/vision_msgs/msg/detail/bounding_box2_d__type_support.h
[1.801s] -- Up-to-date symlink: /home/kch/ros2_ws/install/vision_msgs/include/vision_msgs/vision_msgs/msg/detail/bounding_box2_d_array__functions.h
[1.802s] -- Up-to-date symlink: /home/kch/ros2_ws/install/vision_msgs/include/vision_msgs/vision_msgs/msg/detail/bounding_box2_d_array__struct.h
[1.802s] -- Up-to-date symlink: /home/kch/ros2_ws/install/vision_msgs/include/vision_msgs/vision_msgs/msg/detail/bounding_box2_d_array__type_support.h
[1.802s] -- Up-to-date symlink: /home/kch/ros2_ws/install/vision_msgs/include/vision_msgs/vision_msgs/msg/detail/bounding_box3_d__functions.h
[1.802s] -- Up-to-date symlink: /home/kch/ros2_ws/install/vision_msgs/include/vision_msgs/vision_msgs/msg/detail/bounding_box3_d__struct.h
[1.802s] -- Up-to-date symlink: /home/kch/ros2_ws/install/vision_msgs/include/vision_msgs/vision_msgs/msg/detail/bounding_box3_d__type_support.h
[1.803s] -- Up-to-date symlink: /home/kch/ros2_ws/install/vision_msgs/include/vision_msgs/vision_msgs/msg/detail/bounding_box3_d_array__functions.h
[1.803s] -- Up-to-date symlink: /home/kch/ros2_ws/install/vision_msgs/include/vision_msgs/vision_msgs/msg/detail/bounding_box3_d_array__struct.h
[1.803s] -- Up-to-date symlink: /home/kch/ros2_ws/install/vision_msgs/include/vision_msgs/vision_msgs/msg/detail/bounding_box3_d_array__type_support.h
[1.803s] -- Up-to-date symlink: /home/kch/ros2_ws/install/vision_msgs/include/vision_msgs/vision_msgs/msg/detail/classification__functions.h
[1.803s] -- Up-to-date symlink: /home/kch/ros2_ws/install/vision_msgs/include/vision_msgs/vision_msgs/msg/detail/classification__struct.h
[1.804s] -- Up-to-date symlink: /home/kch/ros2_ws/install/vision_msgs/include/vision_msgs/vision_msgs/msg/detail/classification__type_support.h
[1.804s] -- Up-to-date symlink: /home/kch/ros2_ws/install/vision_msgs/include/vision_msgs/vision_msgs/msg/detail/detection2_d__functions.h
[1.804s] -- Up-to-date symlink: /home/kch/ros2_ws/install/vision_msgs/include/vision_msgs/vision_msgs/msg/detail/detection2_d__struct.h
[1.804s] -- Up-to-date symlink: /home/kch/ros2_ws/install/vision_msgs/include/vision_msgs/vision_msgs/msg/detail/detection2_d__type_support.h
[1.804s] -- Up-to-date symlink: /home/kch/ros2_ws/install/vision_msgs/include/vision_msgs/vision_msgs/msg/detail/detection2_d_array__functions.h
[1.805s] -- Up-to-date symlink: /home/kch/ros2_ws/install/vision_msgs/include/vision_msgs/vision_msgs/msg/detail/detection2_d_array__struct.h
[1.805s] -- Up-to-date symlink: /home/kch/ros2_ws/install/vision_msgs/include/vision_msgs/vision_msgs/msg/detail/detection2_d_array__type_support.h
[1.805s] -- Up-to-date symlink: /home/kch/ros2_ws/install/vision_msgs/include/vision_msgs/vision_msgs/msg/detail/detection3_d__functions.h
[1.805s] -- Up-to-date symlink: /home/kch/ros2_ws/install/vision_msgs/include/vision_msgs/vision_msgs/msg/detail/detection3_d__struct.h
[1.806s] -- Up-to-date symlink: /home/kch/ros2_ws/install/vision_msgs/include/vision_msgs/vision_msgs/msg/detail/detection3_d__type_support.h
[1.806s] -- Up-to-date symlink: /home/kch/ros2_ws/install/vision_msgs/include/vision_msgs/vision_msgs/msg/detail/detection3_d_array__functions.h
[1.806s] -- Up-to-date symlink: /home/kch/ros2_ws/install/vision_msgs/include/vision_msgs/vision_msgs/msg/detail/detection3_d_array__struct.h
[1.806s] -- Up-to-date symlink: /home/kch/ros2_ws/install/vision_msgs/include/vision_msgs/vision_msgs/msg/detail/detection3_d_array__type_support.h
[1.806s] -- Up-to-date symlink: /home/kch/ros2_ws/install/vision_msgs/include/vision_msgs/vision_msgs/msg/detail/label_info__functions.h
[1.807s] -- Up-to-date symlink: /home/kch/ros2_ws/install/vision_msgs/include/vision_msgs/vision_msgs/msg/detail/label_info__struct.h
[1.807s] -- Up-to-date symlink: /home/kch/ros2_ws/install/vision_msgs/include/vision_msgs/vision_msgs/msg/detail/label_info__type_support.h
[1.807s] -- Up-to-date symlink: /home/kch/ros2_ws/install/vision_msgs/include/vision_msgs/vision_msgs/msg/detail/object_hypothesis__functions.h
[1.807s] -- Up-to-date symlink: /home/kch/ros2_ws/install/vision_msgs/include/vision_msgs/vision_msgs/msg/detail/object_hypothesis__struct.h
[1.807s] -- Up-to-date symlink: /home/kch/ros2_ws/install/vision_msgs/include/vision_msgs/vision_msgs/msg/detail/object_hypothesis__type_support.h
[1.808s] -- Up-to-date symlink: /home/kch/ros2_ws/install/vision_msgs/include/vision_msgs/vision_msgs/msg/detail/object_hypothesis_with_pose__functions.h
[1.808s] -- Up-to-date symlink: /home/kch/ros2_ws/install/vision_msgs/include/vision_msgs/vision_msgs/msg/detail/object_hypothesis_with_pose__struct.h
[1.808s] -- Up-to-date symlink: /home/kch/ros2_ws/install/vision_msgs/include/vision_msgs/vision_msgs/msg/detail/object_hypothesis_with_pose__type_support.h
[1.808s] -- Up-to-date symlink: /home/kch/ros2_ws/install/vision_msgs/include/vision_msgs/vision_msgs/msg/detail/point2_d__functions.h
[1.808s] -- Up-to-date symlink: /home/kch/ros2_ws/install/vision_msgs/include/vision_msgs/vision_msgs/msg/detail/point2_d__struct.h
[1.809s] -- Up-to-date symlink: /home/kch/ros2_ws/install/vision_msgs/include/vision_msgs/vision_msgs/msg/detail/point2_d__type_support.h
[1.809s] -- Up-to-date symlink: /home/kch/ros2_ws/install/vision_msgs/include/vision_msgs/vision_msgs/msg/detail/pose2_d__functions.h
[1.809s] -- Up-to-date symlink: /home/kch/ros2_ws/install/vision_msgs/include/vision_msgs/vision_msgs/msg/detail/pose2_d__struct.h
[1.809s] -- Up-to-date symlink: /home/kch/ros2_ws/install/vision_msgs/include/vision_msgs/vision_msgs/msg/detail/pose2_d__type_support.h
[1.810s] -- Up-to-date symlink: /home/kch/ros2_ws/install/vision_msgs/include/vision_msgs/vision_msgs/msg/detail/vision_class__functions.h
[1.810s] -- Up-to-date symlink: /home/kch/ros2_ws/install/vision_msgs/include/vision_msgs/vision_msgs/msg/detail/vision_class__struct.h
[1.810s] -- Up-to-date symlink: /home/kch/ros2_ws/install/vision_msgs/include/vision_msgs/vision_msgs/msg/detail/vision_class__type_support.h
[1.810s] -- Up-to-date symlink: /home/kch/ros2_ws/install/vision_msgs/include/vision_msgs/vision_msgs/msg/detail/vision_info__functions.h
[1.811s] -- Up-to-date symlink: /home/kch/ros2_ws/install/vision_msgs/include/vision_msgs/vision_msgs/msg/detail/vision_info__struct.h
[1.811s] -- Up-to-date symlink: /home/kch/ros2_ws/install/vision_msgs/include/vision_msgs/vision_msgs/msg/detail/vision_info__type_support.h
[1.811s] -- Up-to-date symlink: /home/kch/ros2_ws/install/vision_msgs/include/vision_msgs/vision_msgs/msg/detection2_d.h
[1.811s] -- Up-to-date symlink: /home/kch/ros2_ws/install/vision_msgs/include/vision_msgs/vision_msgs/msg/detection2_d_array.h
[1.812s] -- Up-to-date symlink: /home/kch/ros2_ws/install/vision_msgs/include/vision_msgs/vision_msgs/msg/detection3_d.h
[1.812s] -- Up-to-date symlink: /home/kch/ros2_ws/install/vision_msgs/include/vision_msgs/vision_msgs/msg/detection3_d_array.h
[1.813s] -- Up-to-date symlink: /home/kch/ros2_ws/install/vision_msgs/include/vision_msgs/vision_msgs/msg/label_info.h
[1.813s] -- Up-to-date symlink: /home/kch/ros2_ws/install/vision_msgs/include/vision_msgs/vision_msgs/msg/object_hypothesis.h
[1.813s] -- Up-to-date symlink: /home/kch/ros2_ws/install/vision_msgs/include/vision_msgs/vision_msgs/msg/object_hypothesis_with_pose.h
[1.814s] -- Up-to-date symlink: /home/kch/ros2_ws/install/vision_msgs/include/vision_msgs/vision_msgs/msg/point2_d.h
[1.814s] -- Up-to-date symlink: /home/kch/ros2_ws/install/vision_msgs/include/vision_msgs/vision_msgs/msg/pose2_d.h
[1.814s] -- Up-to-date symlink: /home/kch/ros2_ws/install/vision_msgs/include/vision_msgs/vision_msgs/msg/rosidl_generator_c__visibility_control.h
[1.814s] -- Up-to-date symlink: /home/kch/ros2_ws/install/vision_msgs/include/vision_msgs/vision_msgs/msg/vision_class.h
[1.815s] -- Up-to-date symlink: /home/kch/ros2_ws/install/vision_msgs/include/vision_msgs/vision_msgs/msg/vision_info.h
[1.815s] -- Up-to-date symlink: /home/kch/ros2_ws/install/vision_msgs/share/vision_msgs/environment/library_path.sh
[1.815s] -- Up-to-date symlink: /home/kch/ros2_ws/install/vision_msgs/share/vision_msgs/environment/library_path.dsv
[1.816s] -- Up-to-date symlink: /home/kch/ros2_ws/install/vision_msgs/include/vision_msgs/vision_msgs/msg/detail/bounding_box2_d__rosidl_typesupport_fastrtps_c.h
[1.816s] -- Up-to-date symlink: /home/kch/ros2_ws/install/vision_msgs/include/vision_msgs/vision_msgs/msg/detail/bounding_box2_d_array__rosidl_typesupport_fastrtps_c.h
[1.817s] -- Up-to-date symlink: /home/kch/ros2_ws/install/vision_msgs/include/vision_msgs/vision_msgs/msg/detail/bounding_box3_d__rosidl_typesupport_fastrtps_c.h
[1.817s] -- Up-to-date symlink: /home/kch/ros2_ws/install/vision_msgs/include/vision_msgs/vision_msgs/msg/detail/bounding_box3_d_array__rosidl_typesupport_fastrtps_c.h
[1.817s] -- Up-to-date symlink: /home/kch/ros2_ws/install/vision_msgs/include/vision_msgs/vision_msgs/msg/detail/classification__rosidl_typesupport_fastrtps_c.h
[1.817s] -- Up-to-date symlink: /home/kch/ros2_ws/install/vision_msgs/include/vision_msgs/vision_msgs/msg/detail/detection2_d__rosidl_typesupport_fastrtps_c.h
[1.818s] -- Up-to-date symlink: /home/kch/ros2_ws/install/vision_msgs/include/vision_msgs/vision_msgs/msg/detail/detection2_d_array__rosidl_typesupport_fastrtps_c.h
[1.818s] -- Up-to-date symlink: /home/kch/ros2_ws/install/vision_msgs/include/vision_msgs/vision_msgs/msg/detail/detection3_d__rosidl_typesupport_fastrtps_c.h
[1.818s] -- Up-to-date symlink: /home/kch/ros2_ws/install/vision_msgs/include/vision_msgs/vision_msgs/msg/detail/detection3_d_array__rosidl_typesupport_fastrtps_c.h
[1.818s] -- Up-to-date symlink: /home/kch/ros2_ws/install/vision_msgs/include/vision_msgs/vision_msgs/msg/detail/label_info__rosidl_typesupport_fastrtps_c.h
[1.819s] -- Up-to-date symlink: /home/kch/ros2_ws/install/vision_msgs/include/vision_msgs/vision_msgs/msg/detail/object_hypothesis__rosidl_typesupport_fastrtps_c.h
[1.819s] -- Up-to-date symlink: /home/kch/ros2_ws/install/vision_msgs/include/vision_msgs/vision_msgs/msg/detail/object_hypothesis_with_pose__rosidl_typesupport_fastrtps_c.h
[1.819s] -- Up-to-date symlink: /home/kch/ros2_ws/install/vision_msgs/include/vision_msgs/vision_msgs/msg/detail/point2_d__rosidl_typesupport_fastrtps_c.h
[1.819s] -- Up-to-date symlink: /home/kch/ros2_ws/install/vision_msgs/include/vision_msgs/vision_msgs/msg/detail/pose2_d__rosidl_typesupport_fastrtps_c.h
[1.819s] -- Up-to-date symlink: /home/kch/ros2_ws/install/vision_msgs/include/vision_msgs/vision_msgs/msg/detail/vision_class__rosidl_typesupport_fastrtps_c.h
[1.820s] -- Up-to-date symlink: /home/kch/ros2_ws/install/vision_msgs/include/vision_msgs/vision_msgs/msg/detail/vision_info__rosidl_typesupport_fastrtps_c.h
[1.820s] -- Up-to-date symlink: /home/kch/ros2_ws/install/vision_msgs/include/vision_msgs/vision_msgs/msg/rosidl_typesupport_fastrtps_c__visibility_control.h
[1.821s] -- Up-to-date symlink: /home/kch/ros2_ws/install/vision_msgs/include/vision_msgs/vision_msgs/msg/bounding_box2_d.hpp
[1.821s] -- Up-to-date symlink: /home/kch/ros2_ws/install/vision_msgs/include/vision_msgs/vision_msgs/msg/bounding_box2_d_array.hpp
[1.822s] -- Up-to-date symlink: /home/kch/ros2_ws/install/vision_msgs/include/vision_msgs/vision_msgs/msg/bounding_box3_d.hpp
[1.822s] -- Up-to-date symlink: /home/kch/ros2_ws/install/vision_msgs/include/vision_msgs/vision_msgs/msg/bounding_box3_d_array.hpp
[1.822s] -- Up-to-date symlink: /home/kch/ros2_ws/install/vision_msgs/include/vision_msgs/vision_msgs/msg/classification.hpp
[1.822s] -- Up-to-date symlink: /home/kch/ros2_ws/install/vision_msgs/include/vision_msgs/vision_msgs/msg/detail/bounding_box2_d__builder.hpp
[1.823s] -- Up-to-date symlink: /home/kch/ros2_ws/install/vision_msgs/include/vision_msgs/vision_msgs/msg/detail/bounding_box2_d__struct.hpp
[1.823s] -- Up-to-date symlink: /home/kch/ros2_ws/install/vision_msgs/include/vision_msgs/vision_msgs/msg/detail/bounding_box2_d__traits.hpp
[1.823s] -- Up-to-date symlink: /home/kch/ros2_ws/install/vision_msgs/include/vision_msgs/vision_msgs/msg/detail/bounding_box2_d__type_support.hpp
[1.823s] -- Up-to-date symlink: /home/kch/ros2_ws/install/vision_msgs/include/vision_msgs/vision_msgs/msg/detail/bounding_box2_d_array__builder.hpp
[1.823s] -- Up-to-date symlink: /home/kch/ros2_ws/install/vision_msgs/include/vision_msgs/vision_msgs/msg/detail/bounding_box2_d_array__struct.hpp
[1.824s] -- Up-to-date symlink: /home/kch/ros2_ws/install/vision_msgs/include/vision_msgs/vision_msgs/msg/detail/bounding_box2_d_array__traits.hpp
[1.824s] -- Up-to-date symlink: /home/kch/ros2_ws/install/vision_msgs/include/vision_msgs/vision_msgs/msg/detail/bounding_box2_d_array__type_support.hpp
[1.824s] -- Up-to-date symlink: /home/kch/ros2_ws/install/vision_msgs/include/vision_msgs/vision_msgs/msg/detail/bounding_box3_d__builder.hpp
[1.824s] -- Up-to-date symlink: /home/kch/ros2_ws/install/vision_msgs/include/vision_msgs/vision_msgs/msg/detail/bounding_box3_d__struct.hpp
[1.825s] -- Up-to-date symlink: /home/kch/ros2_ws/install/vision_msgs/include/vision_msgs/vision_msgs/msg/detail/bounding_box3_d__traits.hpp
[1.825s] -- Up-to-date symlink: /home/kch/ros2_ws/install/vision_msgs/include/vision_msgs/vision_msgs/msg/detail/bounding_box3_d__type_support.hpp
[1.825s] -- Up-to-date symlink: /home/kch/ros2_ws/install/vision_msgs/include/vision_msgs/vision_msgs/msg/detail/bounding_box3_d_array__builder.hpp
[1.825s] -- Up-to-date symlink: /home/kch/ros2_ws/install/vision_msgs/include/vision_msgs/vision_msgs/msg/detail/bounding_box3_d_array__struct.hpp
[1.826s] -- Up-to-date symlink: /home/kch/ros2_ws/install/vision_msgs/include/vision_msgs/vision_msgs/msg/detail/bounding_box3_d_array__traits.hpp
[1.826s] -- Up-to-date symlink: /home/kch/ros2_ws/install/vision_msgs/include/vision_msgs/vision_msgs/msg/detail/bounding_box3_d_array__type_support.hpp
[1.826s] -- Up-to-date symlink: /home/kch/ros2_ws/install/vision_msgs/include/vision_msgs/vision_msgs/msg/detail/classification__builder.hpp
[1.826s] -- Up-to-date symlink: /home/kch/ros2_ws/install/vision_msgs/include/vision_msgs/vision_msgs/msg/detail/classification__struct.hpp
[1.827s] -- Up-to-date symlink: /home/kch/ros2_ws/install/vision_msgs/include/vision_msgs/vision_msgs/msg/detail/classification__traits.hpp
[1.827s] -- Up-to-date symlink: /home/kch/ros2_ws/install/vision_msgs/include/vision_msgs/vision_msgs/msg/detail/classification__type_support.hpp
[1.827s] -- Up-to-date symlink: /home/kch/ros2_ws/install/vision_msgs/include/vision_msgs/vision_msgs/msg/detail/detection2_d__builder.hpp
[1.827s] -- Up-to-date symlink: /home/kch/ros2_ws/install/vision_msgs/include/vision_msgs/vision_msgs/msg/detail/detection2_d__struct.hpp
[1.828s] -- Up-to-date symlink: /home/kch/ros2_ws/install/vision_msgs/include/vision_msgs/vision_msgs/msg/detail/detection2_d__traits.hpp
[1.828s] -- Up-to-date symlink: /home/kch/ros2_ws/install/vision_msgs/include/vision_msgs/vision_msgs/msg/detail/detection2_d__type_support.hpp
[1.828s] -- Up-to-date symlink: /home/kch/ros2_ws/install/vision_msgs/include/vision_msgs/vision_msgs/msg/detail/detection2_d_array__builder.hpp
[1.828s] -- Up-to-date symlink: /home/kch/ros2_ws/install/vision_msgs/include/vision_msgs/vision_msgs/msg/detail/detection2_d_array__struct.hpp
[1.829s] -- Up-to-date symlink: /home/kch/ros2_ws/install/vision_msgs/include/vision_msgs/vision_msgs/msg/detail/detection2_d_array__traits.hpp
[1.829s] -- Up-to-date symlink: /home/kch/ros2_ws/install/vision_msgs/include/vision_msgs/vision_msgs/msg/detail/detection2_d_array__type_support.hpp
[1.829s] -- Up-to-date symlink: /home/kch/ros2_ws/install/vision_msgs/include/vision_msgs/vision_msgs/msg/detail/detection3_d__builder.hpp
[1.829s] -- Up-to-date symlink: /home/kch/ros2_ws/install/vision_msgs/include/vision_msgs/vision_msgs/msg/detail/detection3_d__struct.hpp
[1.830s] -- Up-to-date symlink: /home/kch/ros2_ws/install/vision_msgs/include/vision_msgs/vision_msgs/msg/detail/detection3_d__traits.hpp
[1.830s] -- Up-to-date symlink: /home/kch/ros2_ws/install/vision_msgs/include/vision_msgs/vision_msgs/msg/detail/detection3_d__type_support.hpp
[1.830s] -- Up-to-date symlink: /home/kch/ros2_ws/install/vision_msgs/include/vision_msgs/vision_msgs/msg/detail/detection3_d_array__builder.hpp
[1.830s] -- Up-to-date symlink: /home/kch/ros2_ws/install/vision_msgs/include/vision_msgs/vision_msgs/msg/detail/detection3_d_array__struct.hpp
[1.831s] -- Up-to-date symlink: /home/kch/ros2_ws/install/vision_msgs/include/vision_msgs/vision_msgs/msg/detail/detection3_d_array__traits.hpp
[1.831s] -- Up-to-date symlink: /home/kch/ros2_ws/install/vision_msgs/include/vision_msgs/vision_msgs/msg/detail/detection3_d_array__type_support.hpp
[1.831s] -- Up-to-date symlink: /home/kch/ros2_ws/install/vision_msgs/include/vision_msgs/vision_msgs/msg/detail/label_info__builder.hpp
[1.831s] -- Up-to-date symlink: /home/kch/ros2_ws/install/vision_msgs/include/vision_msgs/vision_msgs/msg/detail/label_info__struct.hpp
[1.832s] -- Up-to-date symlink: /home/kch/ros2_ws/install/vision_msgs/include/vision_msgs/vision_msgs/msg/detail/label_info__traits.hpp
[1.832s] -- Up-to-date symlink: /home/kch/ros2_ws/install/vision_msgs/include/vision_msgs/vision_msgs/msg/detail/label_info__type_support.hpp
[1.832s] -- Up-to-date symlink: /home/kch/ros2_ws/install/vision_msgs/include/vision_msgs/vision_msgs/msg/detail/object_hypothesis__builder.hpp
[1.832s] -- Up-to-date symlink: /home/kch/ros2_ws/install/vision_msgs/include/vision_msgs/vision_msgs/msg/detail/object_hypothesis__struct.hpp
[1.833s] -- Up-to-date symlink: /home/kch/ros2_ws/install/vision_msgs/include/vision_msgs/vision_msgs/msg/detail/object_hypothesis__traits.hpp
[1.833s] -- Up-to-date symlink: /home/kch/ros2_ws/install/vision_msgs/include/vision_msgs/vision_msgs/msg/detail/object_hypothesis__type_support.hpp
[1.833s] -- Up-to-date symlink: /home/kch/ros2_ws/install/vision_msgs/include/vision_msgs/vision_msgs/msg/detail/object_hypothesis_with_pose__builder.hpp
[1.833s] -- Up-to-date symlink: /home/kch/ros2_ws/install/vision_msgs/include/vision_msgs/vision_msgs/msg/detail/object_hypothesis_with_pose__struct.hpp
[1.834s] -- Up-to-date symlink: /home/kch/ros2_ws/install/vision_msgs/include/vision_msgs/vision_msgs/msg/detail/object_hypothesis_with_pose__traits.hpp
[1.834s] -- Up-to-date symlink: /home/kch/ros2_ws/install/vision_msgs/include/vision_msgs/vision_msgs/msg/detail/object_hypothesis_with_pose__type_support.hpp
[1.834s] -- Up-to-date symlink: /home/kch/ros2_ws/install/vision_msgs/include/vision_msgs/vision_msgs/msg/detail/point2_d__builder.hpp
[1.834s] -- Up-to-date symlink: /home/kch/ros2_ws/install/vision_msgs/include/vision_msgs/vision_msgs/msg/detail/point2_d__struct.hpp
[1.834s] -- Up-to-date symlink: /home/kch/ros2_ws/install/vision_msgs/include/vision_msgs/vision_msgs/msg/detail/point2_d__traits.hpp
[1.835s] -- Up-to-date symlink: /home/kch/ros2_ws/install/vision_msgs/include/vision_msgs/vision_msgs/msg/detail/point2_d__type_support.hpp
[1.835s] -- Up-to-date symlink: /home/kch/ros2_ws/install/vision_msgs/include/vision_msgs/vision_msgs/msg/detail/pose2_d__builder.hpp
[1.835s] -- Up-to-date symlink: /home/kch/ros2_ws/install/vision_msgs/include/vision_msgs/vision_msgs/msg/detail/pose2_d__struct.hpp
[1.835s] -- Up-to-date symlink: /home/kch/ros2_ws/install/vision_msgs/include/vision_msgs/vision_msgs/msg/detail/pose2_d__traits.hpp
[1.836s] -- Up-to-date symlink: /home/kch/ros2_ws/install/vision_msgs/include/vision_msgs/vision_msgs/msg/detail/pose2_d__type_support.hpp
[1.836s] -- Up-to-date symlink: /home/kch/ros2_ws/install/vision_msgs/include/vision_msgs/vision_msgs/msg/detail/vision_class__builder.hpp
[1.836s] -- Up-to-date symlink: /home/kch/ros2_ws/install/vision_msgs/include/vision_msgs/vision_msgs/msg/detail/vision_class__struct.hpp
[1.836s] -- Up-to-date symlink: /home/kch/ros2_ws/install/vision_msgs/include/vision_msgs/vision_msgs/msg/detail/vision_class__traits.hpp
[1.836s] -- Up-to-date symlink: /home/kch/ros2_ws/install/vision_msgs/include/vision_msgs/vision_msgs/msg/detail/vision_class__type_support.hpp
[1.837s] -- Up-to-date symlink: /home/kch/ros2_ws/install/vision_msgs/include/vision_msgs/vision_msgs/msg/detail/vision_info__builder.hpp
[1.837s] -- Up-to-date symlink: /home/kch/ros2_ws/install/vision_msgs/include/vision_msgs/vision_msgs/msg/detail/vision_info__struct.hpp
[1.837s] -- Up-to-date symlink: /home/kch/ros2_ws/install/vision_msgs/include/vision_msgs/vision_msgs/msg/detail/vision_info__traits.hpp
[1.837s] -- Up-to-date symlink: /home/kch/ros2_ws/install/vision_msgs/include/vision_msgs/vision_msgs/msg/detail/vision_info__type_support.hpp
[1.838s] -- Up-to-date symlink: /home/kch/ros2_ws/install/vision_msgs/include/vision_msgs/vision_msgs/msg/detection2_d.hpp
[1.838s] -- Up-to-date symlink: /home/kch/ros2_ws/install/vision_msgs/include/vision_msgs/vision_msgs/msg/detection2_d_array.hpp
[1.838s] -- Up-to-date symlink: /home/kch/ros2_ws/install/vision_msgs/include/vision_msgs/vision_msgs/msg/detection3_d.hpp
[1.838s] -- Up-to-date symlink: /home/kch/ros2_ws/install/vision_msgs/include/vision_msgs/vision_msgs/msg/detection3_d_array.hpp
[1.838s] -- Up-to-date symlink: /home/kch/ros2_ws/install/vision_msgs/include/vision_msgs/vision_msgs/msg/label_info.hpp
[1.839s] -- Up-to-date symlink: /home/kch/ros2_ws/install/vision_msgs/include/vision_msgs/vision_msgs/msg/object_hypothesis.hpp
[1.839s] -- Up-to-date symlink: /home/kch/ros2_ws/install/vision_msgs/include/vision_msgs/vision_msgs/msg/object_hypothesis_with_pose.hpp
[1.839s] -- Up-to-date symlink: /home/kch/ros2_ws/install/vision_msgs/include/vision_msgs/vision_msgs/msg/point2_d.hpp
[1.839s] -- Up-to-date symlink: /home/kch/ros2_ws/install/vision_msgs/include/vision_msgs/vision_msgs/msg/pose2_d.hpp
[1.840s] -- Up-to-date symlink: /home/kch/ros2_ws/install/vision_msgs/include/vision_msgs/vision_msgs/msg/rosidl_generator_cpp__visibility_control.hpp
[1.840s] -- Up-to-date symlink: /home/kch/ros2_ws/install/vision_msgs/include/vision_msgs/vision_msgs/msg/vision_class.hpp
[1.840s] -- Up-to-date symlink: /home/kch/ros2_ws/install/vision_msgs/include/vision_msgs/vision_msgs/msg/vision_info.hpp
[1.842s] -- Up-to-date symlink: /home/kch/ros2_ws/install/vision_msgs/include/vision_msgs/vision_msgs/msg/detail/bounding_box2_d__rosidl_typesupport_fastrtps_cpp.hpp
[1.842s] -- Up-to-date symlink: /home/kch/ros2_ws/install/vision_msgs/include/vision_msgs/vision_msgs/msg/detail/bounding_box2_d_array__rosidl_typesupport_fastrtps_cpp.hpp
[1.842s] -- Up-to-date symlink: /home/kch/ros2_ws/install/vision_msgs/include/vision_msgs/vision_msgs/msg/detail/bounding_box3_d__rosidl_typesupport_fastrtps_cpp.hpp
[1.842s] -- Up-to-date symlink: /home/kch/ros2_ws/install/vision_msgs/include/vision_msgs/vision_msgs/msg/detail/bounding_box3_d_array__rosidl_typesupport_fastrtps_cpp.hpp
[1.842s] -- Up-to-date symlink: /home/kch/ros2_ws/install/vision_msgs/include/vision_msgs/vision_msgs/msg/detail/classification__rosidl_typesupport_fastrtps_cpp.hpp
[1.843s] -- Up-to-date symlink: /home/kch/ros2_ws/install/vision_msgs/include/vision_msgs/vision_msgs/msg/detail/detection2_d__rosidl_typesupport_fastrtps_cpp.hpp
[1.843s] -- Up-to-date symlink: /home/kch/ros2_ws/install/vision_msgs/include/vision_msgs/vision_msgs/msg/detail/detection2_d_array__rosidl_typesupport_fastrtps_cpp.hpp
[1.843s] -- Up-to-date symlink: /home/kch/ros2_ws/install/vision_msgs/include/vision_msgs/vision_msgs/msg/detail/detection3_d__rosidl_typesupport_fastrtps_cpp.hpp
[1.843s] -- Up-to-date symlink: /home/kch/ros2_ws/install/vision_msgs/include/vision_msgs/vision_msgs/msg/detail/detection3_d_array__rosidl_typesupport_fastrtps_cpp.hpp
[1.843s] -- Up-to-date symlink: /home/kch/ros2_ws/install/vision_msgs/include/vision_msgs/vision_msgs/msg/detail/label_info__rosidl_typesupport_fastrtps_cpp.hpp
[1.844s] -- Up-to-date symlink: /home/kch/ros2_ws/install/vision_msgs/include/vision_msgs/vision_msgs/msg/detail/object_hypothesis__rosidl_typesupport_fastrtps_cpp.hpp
[1.844s] -- Up-to-date symlink: /home/kch/ros2_ws/install/vision_msgs/include/vision_msgs/vision_msgs/msg/detail/object_hypothesis_with_pose__rosidl_typesupport_fastrtps_cpp.hpp
[1.844s] -- Up-to-date symlink: /home/kch/ros2_ws/install/vision_msgs/include/vision_msgs/vision_msgs/msg/detail/point2_d__rosidl_typesupport_fastrtps_cpp.hpp
[1.844s] -- Up-to-date symlink: /home/kch/ros2_ws/install/vision_msgs/include/vision_msgs/vision_msgs/msg/detail/pose2_d__rosidl_typesupport_fastrtps_cpp.hpp
[1.845s] -- Up-to-date symlink: /home/kch/ros2_ws/install/vision_msgs/include/vision_msgs/vision_msgs/msg/detail/vision_class__rosidl_typesupport_fastrtps_cpp.hpp
[1.845s] -- Up-to-date symlink: /home/kch/ros2_ws/install/vision_msgs/include/vision_msgs/vision_msgs/msg/detail/vision_info__rosidl_typesupport_fastrtps_cpp.hpp
[1.845s] -- Up-to-date symlink: /home/kch/ros2_ws/install/vision_msgs/include/vision_msgs/vision_msgs/msg/rosidl_typesupport_fastrtps_cpp__visibility_control.h
[1.846s] -- Up-to-date symlink: /home/kch/ros2_ws/install/vision_msgs/include/vision_msgs/vision_msgs/msg/detail/bounding_box2_d__rosidl_typesupport_introspection_c.h
[1.847s] -- Up-to-date symlink: /home/kch/ros2_ws/install/vision_msgs/include/vision_msgs/vision_msgs/msg/detail/bounding_box2_d_array__rosidl_typesupport_introspection_c.h
[1.847s] -- Up-to-date symlink: /home/kch/ros2_ws/install/vision_msgs/include/vision_msgs/vision_msgs/msg/detail/bounding_box3_d__rosidl_typesupport_introspection_c.h
[1.847s] -- Up-to-date symlink: /home/kch/ros2_ws/install/vision_msgs/include/vision_msgs/vision_msgs/msg/detail/bounding_box3_d_array__rosidl_typesupport_introspection_c.h
[1.848s] -- Up-to-date symlink: /home/kch/ros2_ws/install/vision_msgs/include/vision_msgs/vision_msgs/msg/detail/classification__rosidl_typesupport_introspection_c.h
[1.848s] -- Up-to-date symlink: /home/kch/ros2_ws/install/vision_msgs/include/vision_msgs/vision_msgs/msg/detail/detection2_d__rosidl_typesupport_introspection_c.h
[1.848s] -- Up-to-date symlink: /home/kch/ros2_ws/install/vision_msgs/include/vision_msgs/vision_msgs/msg/detail/detection2_d_array__rosidl_typesupport_introspection_c.h
[1.848s] -- Up-to-date symlink: /home/kch/ros2_ws/install/vision_msgs/include/vision_msgs/vision_msgs/msg/detail/detection3_d__rosidl_typesupport_introspection_c.h
[1.849s] -- Up-to-date symlink: /home/kch/ros2_ws/install/vision_msgs/include/vision_msgs/vision_msgs/msg/detail/detection3_d_array__rosidl_typesupport_introspection_c.h
[1.849s] -- Up-to-date symlink: /home/kch/ros2_ws/install/vision_msgs/include/vision_msgs/vision_msgs/msg/detail/label_info__rosidl_typesupport_introspection_c.h
[1.849s] -- Up-to-date symlink: /home/kch/ros2_ws/install/vision_msgs/include/vision_msgs/vision_msgs/msg/detail/object_hypothesis__rosidl_typesupport_introspection_c.h
[1.849s] -- Up-to-date symlink: /home/kch/ros2_ws/install/vision_msgs/include/vision_msgs/vision_msgs/msg/detail/object_hypothesis_with_pose__rosidl_typesupport_introspection_c.h
[1.849s] -- Up-to-date symlink: /home/kch/ros2_ws/install/vision_msgs/include/vision_msgs/vision_msgs/msg/detail/point2_d__rosidl_typesupport_introspection_c.h
[1.850s] -- Up-to-date symlink: /home/kch/ros2_ws/install/vision_msgs/include/vision_msgs/vision_msgs/msg/detail/pose2_d__rosidl_typesupport_introspection_c.h
[1.850s] -- Up-to-date symlink: /home/kch/ros2_ws/install/vision_msgs/include/vision_msgs/vision_msgs/msg/detail/vision_class__rosidl_typesupport_introspection_c.h
[1.850s] -- Up-to-date symlink: /home/kch/ros2_ws/install/vision_msgs/include/vision_msgs/vision_msgs/msg/detail/vision_info__rosidl_typesupport_introspection_c.h
[1.851s] -- Up-to-date symlink: /home/kch/ros2_ws/install/vision_msgs/include/vision_msgs/vision_msgs/msg/rosidl_typesupport_introspection_c__visibility_control.h
[1.851s] -- Up-to-date symlink: /home/kch/ros2_ws/install/vision_msgs/include/vision_msgs/vision_msgs/msg/detail/bounding_box2_d__rosidl_typesupport_introspection_cpp.hpp
[1.851s] -- Up-to-date symlink: /home/kch/ros2_ws/install/vision_msgs/include/vision_msgs/vision_msgs/msg/detail/bounding_box2_d_array__rosidl_typesupport_introspection_cpp.hpp
[1.852s] -- Up-to-date symlink: /home/kch/ros2_ws/install/vision_msgs/include/vision_msgs/vision_msgs/msg/detail/bounding_box3_d__rosidl_typesupport_introspection_cpp.hpp
[1.852s] -- Up-to-date symlink: /home/kch/ros2_ws/install/vision_msgs/include/vision_msgs/vision_msgs/msg/detail/bounding_box3_d_array__rosidl_typesupport_introspection_cpp.hpp
[1.852s] -- Up-to-date symlink: /home/kch/ros2_ws/install/vision_msgs/include/vision_msgs/vision_msgs/msg/detail/classification__rosidl_typesupport_introspection_cpp.hpp
[1.852s] -- Up-to-date symlink: /home/kch/ros2_ws/install/vision_msgs/include/vision_msgs/vision_msgs/msg/detail/detection2_d__rosidl_typesupport_introspection_cpp.hpp
[1.853s] -- Up-to-date symlink: /home/kch/ros2_ws/install/vision_msgs/include/vision_msgs/vision_msgs/msg/detail/detection2_d_array__rosidl_typesupport_introspection_cpp.hpp
[1.853s] -- Up-to-date symlink: /home/kch/ros2_ws/install/vision_msgs/include/vision_msgs/vision_msgs/msg/detail/detection3_d__rosidl_typesupport_introspection_cpp.hpp
[1.853s] -- Up-to-date symlink: /home/kch/ros2_ws/install/vision_msgs/include/vision_msgs/vision_msgs/msg/detail/detection3_d_array__rosidl_typesupport_introspection_cpp.hpp
[1.853s] -- Up-to-date symlink: /home/kch/ros2_ws/install/vision_msgs/include/vision_msgs/vision_msgs/msg/detail/label_info__rosidl_typesupport_introspection_cpp.hpp
[1.854s] -- Up-to-date symlink: /home/kch/ros2_ws/install/vision_msgs/include/vision_msgs/vision_msgs/msg/detail/object_hypothesis__rosidl_typesupport_introspection_cpp.hpp
[1.854s] -- Up-to-date symlink: /home/kch/ros2_ws/install/vision_msgs/include/vision_msgs/vision_msgs/msg/detail/object_hypothesis_with_pose__rosidl_typesupport_introspection_cpp.hpp
[1.854s] -- Up-to-date symlink: /home/kch/ros2_ws/install/vision_msgs/include/vision_msgs/vision_msgs/msg/detail/point2_d__rosidl_typesupport_introspection_cpp.hpp
[1.854s] -- Up-to-date symlink: /home/kch/ros2_ws/install/vision_msgs/include/vision_msgs/vision_msgs/msg/detail/pose2_d__rosidl_typesupport_introspection_cpp.hpp
[1.855s] -- Up-to-date symlink: /home/kch/ros2_ws/install/vision_msgs/include/vision_msgs/vision_msgs/msg/detail/vision_class__rosidl_typesupport_introspection_cpp.hpp
[1.855s] -- Up-to-date symlink: /home/kch/ros2_ws/install/vision_msgs/include/vision_msgs/vision_msgs/msg/detail/vision_info__rosidl_typesupport_introspection_cpp.hpp
[1.855s] -- Up-to-date symlink: /home/kch/ros2_ws/install/vision_msgs/share/vision_msgs/environment/pythonpath.sh
[1.855s] -- Up-to-date symlink: /home/kch/ros2_ws/install/vision_msgs/share/vision_msgs/environment/pythonpath.dsv
[1.856s] -- Up-to-date symlink: /home/kch/ros2_ws/install/vision_msgs/local/lib/python3.10/dist-packages/vision_msgs-4.1.1-py3.10.egg-info/PKG-INFO
[1.856s] -- Up-to-date symlink: /home/kch/ros2_ws/install/vision_msgs/local/lib/python3.10/dist-packages/vision_msgs-4.1.1-py3.10.egg-info/SOURCES.txt
[1.856s] -- Up-to-date symlink: /home/kch/ros2_ws/install/vision_msgs/local/lib/python3.10/dist-packages/vision_msgs-4.1.1-py3.10.egg-info/dependency_links.txt
[1.856s] -- Up-to-date symlink: /home/kch/ros2_ws/install/vision_msgs/local/lib/python3.10/dist-packages/vision_msgs-4.1.1-py3.10.egg-info/top_level.txt
[1.858s] -- Up-to-date symlink: /home/kch/ros2_ws/install/vision_msgs/local/lib/python3.10/dist-packages/vision_msgs/__init__.py
[1.858s] -- Up-to-date symlink: /home/kch/ros2_ws/install/vision_msgs/local/lib/python3.10/dist-packages/vision_msgs/_vision_msgs_s.ep.rosidl_typesupport_c.c
[1.858s] -- Up-to-date symlink: /home/kch/ros2_ws/install/vision_msgs/local/lib/python3.10/dist-packages/vision_msgs/_vision_msgs_s.ep.rosidl_typesupport_fastrtps_c.c
[1.859s] -- Up-to-date symlink: /home/kch/ros2_ws/install/vision_msgs/local/lib/python3.10/dist-packages/vision_msgs/_vision_msgs_s.ep.rosidl_typesupport_introspection_c.c
[1.859s] -- Up-to-date symlink: /home/kch/ros2_ws/install/vision_msgs/local/lib/python3.10/dist-packages/vision_msgs/libvision_msgs__rosidl_generator_py.so
[1.859s] -- Up-to-date symlink: /home/kch/ros2_ws/install/vision_msgs/local/lib/python3.10/dist-packages/vision_msgs/msg/__init__.py
[1.859s] -- Up-to-date symlink: /home/kch/ros2_ws/install/vision_msgs/local/lib/python3.10/dist-packages/vision_msgs/msg/_bounding_box2_d.py
[1.860s] -- Up-to-date symlink: /home/kch/ros2_ws/install/vision_msgs/local/lib/python3.10/dist-packages/vision_msgs/msg/_bounding_box2_d_array.py
[1.860s] -- Up-to-date symlink: /home/kch/ros2_ws/install/vision_msgs/local/lib/python3.10/dist-packages/vision_msgs/msg/_bounding_box2_d_array_s.c
[1.860s] -- Up-to-date symlink: /home/kch/ros2_ws/install/vision_msgs/local/lib/python3.10/dist-packages/vision_msgs/msg/_bounding_box2_d_s.c
[1.860s] -- Up-to-date symlink: /home/kch/ros2_ws/install/vision_msgs/local/lib/python3.10/dist-packages/vision_msgs/msg/_bounding_box3_d.py
[1.861s] -- Up-to-date symlink: /home/kch/ros2_ws/install/vision_msgs/local/lib/python3.10/dist-packages/vision_msgs/msg/_bounding_box3_d_array.py
[1.861s] -- Up-to-date symlink: /home/kch/ros2_ws/install/vision_msgs/local/lib/python3.10/dist-packages/vision_msgs/msg/_bounding_box3_d_array_s.c
[1.861s] -- Up-to-date symlink: /home/kch/ros2_ws/install/vision_msgs/local/lib/python3.10/dist-packages/vision_msgs/msg/_bounding_box3_d_s.c
[1.861s] -- Up-to-date symlink: /home/kch/ros2_ws/install/vision_msgs/local/lib/python3.10/dist-packages/vision_msgs/msg/_classification.py
[1.862s] -- Up-to-date symlink: /home/kch/ros2_ws/install/vision_msgs/local/lib/python3.10/dist-packages/vision_msgs/msg/_classification_s.c
[1.862s] -- Up-to-date symlink: /home/kch/ros2_ws/install/vision_msgs/local/lib/python3.10/dist-packages/vision_msgs/msg/_detection2_d.py
[1.862s] -- Up-to-date symlink: /home/kch/ros2_ws/install/vision_msgs/local/lib/python3.10/dist-packages/vision_msgs/msg/_detection2_d_array.py
[1.862s] -- Up-to-date symlink: /home/kch/ros2_ws/install/vision_msgs/local/lib/python3.10/dist-packages/vision_msgs/msg/_detection2_d_array_s.c
[1.863s] -- Up-to-date symlink: /home/kch/ros2_ws/install/vision_msgs/local/lib/python3.10/dist-packages/vision_msgs/msg/_detection2_d_s.c
[1.863s] -- Up-to-date symlink: /home/kch/ros2_ws/install/vision_msgs/local/lib/python3.10/dist-packages/vision_msgs/msg/_detection3_d.py
[1.863s] -- Up-to-date symlink: /home/kch/ros2_ws/install/vision_msgs/local/lib/python3.10/dist-packages/vision_msgs/msg/_detection3_d_array.py
[1.863s] -- Up-to-date symlink: /home/kch/ros2_ws/install/vision_msgs/local/lib/python3.10/dist-packages/vision_msgs/msg/_detection3_d_array_s.c
[1.864s] -- Up-to-date symlink: /home/kch/ros2_ws/install/vision_msgs/local/lib/python3.10/dist-packages/vision_msgs/msg/_detection3_d_s.c
[1.864s] -- Up-to-date symlink: /home/kch/ros2_ws/install/vision_msgs/local/lib/python3.10/dist-packages/vision_msgs/msg/_label_info.py
[1.864s] -- Up-to-date symlink: /home/kch/ros2_ws/install/vision_msgs/local/lib/python3.10/dist-packages/vision_msgs/msg/_label_info_s.c
[1.864s] -- Up-to-date symlink: /home/kch/ros2_ws/install/vision_msgs/local/lib/python3.10/dist-packages/vision_msgs/msg/_object_hypothesis.py
[1.864s] -- Up-to-date symlink: /home/kch/ros2_ws/install/vision_msgs/local/lib/python3.10/dist-packages/vision_msgs/msg/_object_hypothesis_s.c
[1.865s] -- Up-to-date symlink: /home/kch/ros2_ws/install/vision_msgs/local/lib/python3.10/dist-packages/vision_msgs/msg/_object_hypothesis_with_pose.py
[1.865s] -- Up-to-date symlink: /home/kch/ros2_ws/install/vision_msgs/local/lib/python3.10/dist-packages/vision_msgs/msg/_object_hypothesis_with_pose_s.c
[1.865s] -- Up-to-date symlink: /home/kch/ros2_ws/install/vision_msgs/local/lib/python3.10/dist-packages/vision_msgs/msg/_point2_d.py
[1.865s] -- Up-to-date symlink: /home/kch/ros2_ws/install/vision_msgs/local/lib/python3.10/dist-packages/vision_msgs/msg/_point2_d_s.c
[1.866s] -- Up-to-date symlink: /home/kch/ros2_ws/install/vision_msgs/local/lib/python3.10/dist-packages/vision_msgs/msg/_pose2_d.py
[1.866s] -- Up-to-date symlink: /home/kch/ros2_ws/install/vision_msgs/local/lib/python3.10/dist-packages/vision_msgs/msg/_pose2_d_s.c
[1.866s] -- Up-to-date symlink: /home/kch/ros2_ws/install/vision_msgs/local/lib/python3.10/dist-packages/vision_msgs/msg/_vision_class.py
[1.866s] -- Up-to-date symlink: /home/kch/ros2_ws/install/vision_msgs/local/lib/python3.10/dist-packages/vision_msgs/msg/_vision_class_s.c
[1.867s] -- Up-to-date symlink: /home/kch/ros2_ws/install/vision_msgs/local/lib/python3.10/dist-packages/vision_msgs/msg/_vision_info.py
[1.867s] -- Up-to-date symlink: /home/kch/ros2_ws/install/vision_msgs/local/lib/python3.10/dist-packages/vision_msgs/msg/_vision_info_s.c
[1.867s] -- Up-to-date symlink: /home/kch/ros2_ws/install/vision_msgs/local/lib/python3.10/dist-packages/vision_msgs/vision_msgs_s__rosidl_typesupport_c.cpython-310-x86_64-linux-gnu.so
[1.867s] -- Up-to-date symlink: /home/kch/ros2_ws/install/vision_msgs/local/lib/python3.10/dist-packages/vision_msgs/vision_msgs_s__rosidl_typesupport_fastrtps_c.cpython-310-x86_64-linux-gnu.so
[1.868s] -- Up-to-date symlink: /home/kch/ros2_ws/install/vision_msgs/local/lib/python3.10/dist-packages/vision_msgs/vision_msgs_s__rosidl_typesupport_introspection_c.cpython-310-x86_64-linux-gnu.so
[1.868s] -- Up-to-date symlink: /home/kch/ros2_ws/install/vision_msgs/local/lib/python3.10/dist-packages/vision_msgs/vision_msgs_s__rosidl_typesupport_fastrtps_c.cpython-310-x86_64-linux-gnu.so
[1.868s] -- Up-to-date symlink: /home/kch/ros2_ws/install/vision_msgs/local/lib/python3.10/dist-packages/vision_msgs/vision_msgs_s__rosidl_typesupport_introspection_c.cpython-310-x86_64-linux-gnu.so
[1.868s] -- Up-to-date symlink: /home/kch/ros2_ws/install/vision_msgs/local/lib/python3.10/dist-packages/vision_msgs/vision_msgs_s__rosidl_typesupport_c.cpython-310-x86_64-linux-gnu.so
[1.869s] -- Up-to-date symlink: /home/kch/ros2_ws/install/vision_msgs/share/vision_msgs/msg/BoundingBox2D.idl
[1.869s] -- Up-to-date symlink: /home/kch/ros2_ws/install/vision_msgs/share/vision_msgs/msg/BoundingBox2DArray.idl
[1.869s] -- Up-to-date symlink: /home/kch/ros2_ws/install/vision_msgs/share/vision_msgs/msg/BoundingBox3D.idl
[1.870s] -- Up-to-date symlink: /home/kch/ros2_ws/install/vision_msgs/share/vision_msgs/msg/BoundingBox3DArray.idl
[1.870s] -- Up-to-date symlink: /home/kch/ros2_ws/install/vision_msgs/share/vision_msgs/msg/Classification.idl
[1.870s] -- Up-to-date symlink: /home/kch/ros2_ws/install/vision_msgs/share/vision_msgs/msg/Detection2DArray.idl
[1.870s] -- Up-to-date symlink: /home/kch/ros2_ws/install/vision_msgs/share/vision_msgs/msg/Detection2D.idl
[1.871s] -- Up-to-date symlink: /home/kch/ros2_ws/install/vision_msgs/share/vision_msgs/msg/Detection3DArray.idl
[1.871s] -- Up-to-date symlink: /home/kch/ros2_ws/install/vision_msgs/share/vision_msgs/msg/Detection3D.idl
[1.871s] -- Up-to-date symlink: /home/kch/ros2_ws/install/vision_msgs/share/vision_msgs/msg/LabelInfo.idl
[1.871s] -- Up-to-date symlink: /home/kch/ros2_ws/install/vision_msgs/share/vision_msgs/msg/ObjectHypothesis.idl
[1.872s] -- Up-to-date symlink: /home/kch/ros2_ws/install/vision_msgs/share/vision_msgs/msg/ObjectHypothesisWithPose.idl
[1.872s] -- Up-to-date symlink: /home/kch/ros2_ws/install/vision_msgs/share/vision_msgs/msg/VisionClass.idl
[1.872s] -- Up-to-date symlink: /home/kch/ros2_ws/install/vision_msgs/share/vision_msgs/msg/Point2D.idl
[1.872s] -- Up-to-date symlink: /home/kch/ros2_ws/install/vision_msgs/share/vision_msgs/msg/Pose2D.idl
[1.873s] -- Up-to-date symlink: /home/kch/ros2_ws/install/vision_msgs/share/vision_msgs/msg/VisionInfo.idl
[1.873s] -- Up-to-date symlink: /home/kch/ros2_ws/install/vision_msgs/share/vision_msgs/msg/BoundingBox2D.msg
[1.873s] -- Up-to-date symlink: /home/kch/ros2_ws/install/vision_msgs/share/vision_msgs/msg/BoundingBox2DArray.msg
[1.873s] -- Up-to-date symlink: /home/kch/ros2_ws/install/vision_msgs/share/vision_msgs/msg/BoundingBox3D.msg
[1.873s] -- Up-to-date symlink: /home/kch/ros2_ws/install/vision_msgs/share/vision_msgs/msg/BoundingBox3DArray.msg
[1.874s] -- Up-to-date symlink: /home/kch/ros2_ws/install/vision_msgs/share/vision_msgs/msg/Classification.msg
[1.874s] -- Up-to-date symlink: /home/kch/ros2_ws/install/vision_msgs/share/vision_msgs/msg/Detection2DArray.msg
[1.874s] -- Up-to-date symlink: /home/kch/ros2_ws/install/vision_msgs/share/vision_msgs/msg/Detection2D.msg
[1.874s] -- Up-to-date symlink: /home/kch/ros2_ws/install/vision_msgs/share/vision_msgs/msg/Detection3DArray.msg
[1.875s] -- Up-to-date symlink: /home/kch/ros2_ws/install/vision_msgs/share/vision_msgs/msg/Detection3D.msg
[1.875s] -- Up-to-date symlink: /home/kch/ros2_ws/install/vision_msgs/share/vision_msgs/msg/LabelInfo.msg
[1.875s] -- Up-to-date symlink: /home/kch/ros2_ws/install/vision_msgs/share/vision_msgs/msg/ObjectHypothesis.msg
[1.875s] -- Up-to-date symlink: /home/kch/ros2_ws/install/vision_msgs/share/vision_msgs/msg/ObjectHypothesisWithPose.msg
[1.876s] -- Up-to-date symlink: /home/kch/ros2_ws/install/vision_msgs/share/vision_msgs/msg/VisionClass.msg
[1.876s] -- Up-to-date symlink: /home/kch/ros2_ws/install/vision_msgs/share/vision_msgs/msg/Point2D.msg
[1.876s] -- Up-to-date symlink: /home/kch/ros2_ws/install/vision_msgs/share/vision_msgs/msg/Pose2D.msg
[1.876s] -- Up-to-date symlink: /home/kch/ros2_ws/install/vision_msgs/share/vision_msgs/msg/VisionInfo.msg
[1.877s] -- Up-to-date symlink: /home/kch/ros2_ws/install/vision_msgs/include/vision_msgs/create_aabb.hpp
[1.877s] -- Up-to-date symlink: /home/kch/ros2_ws/install/vision_msgs/share/ament_index/resource_index/package_run_dependencies/vision_msgs
[1.877s] -- Up-to-date symlink: /home/kch/ros2_ws/install/vision_msgs/share/ament_index/resource_index/parent_prefix_path/vision_msgs
[1.878s] -- Up-to-date symlink: /home/kch/ros2_ws/install/vision_msgs/share/vision_msgs/environment/ament_prefix_path.sh
[1.878s] -- Up-to-date symlink: /home/kch/ros2_ws/install/vision_msgs/share/vision_msgs/environment/ament_prefix_path.dsv
[1.878s] -- Up-to-date symlink: /home/kch/ros2_ws/install/vision_msgs/share/vision_msgs/environment/path.sh
[1.878s] -- Up-to-date symlink: /home/kch/ros2_ws/install/vision_msgs/share/vision_msgs/environment/path.dsv
[1.878s] -- Up-to-date symlink: /home/kch/ros2_ws/install/vision_msgs/share/vision_msgs/local_setup.bash
[1.879s] -- Up-to-date symlink: /home/kch/ros2_ws/install/vision_msgs/share/vision_msgs/local_setup.sh
[1.879s] -- Up-to-date symlink: /home/kch/ros2_ws/install/vision_msgs/share/vision_msgs/local_setup.zsh
[1.879s] -- Up-to-date symlink: /home/kch/ros2_ws/install/vision_msgs/share/vision_msgs/local_setup.dsv
[1.879s] -- Symlinking: /home/kch/ros2_ws/install/vision_msgs/share/vision_msgs/package.dsv
[1.894s] -- Up-to-date symlink: /home/kch/ros2_ws/install/vision_msgs/share/ament_index/resource_index/packages/vision_msgs
[1.894s] -- Up-to-date symlink: /home/kch/ros2_ws/install/vision_msgs/share/vision_msgs/cmake/rosidl_cmake-extras.cmake
[1.895s] -- Up-to-date symlink: /home/kch/ros2_ws/install/vision_msgs/share/vision_msgs/cmake/ament_cmake_export_dependencies-extras.cmake
[1.895s] -- Up-to-date symlink: /home/kch/ros2_ws/install/vision_msgs/share/vision_msgs/cmake/ament_cmake_export_include_directories-extras.cmake
[1.895s] -- Up-to-date symlink: /home/kch/ros2_ws/install/vision_msgs/share/vision_msgs/cmake/ament_cmake_export_libraries-extras.cmake
[1.895s] -- Up-to-date symlink: /home/kch/ros2_ws/install/vision_msgs/share/vision_msgs/cmake/ament_cmake_export_targets-extras.cmake
[1.896s] -- Up-to-date symlink: /home/kch/ros2_ws/install/vision_msgs/share/vision_msgs/cmake/rosidl_cmake_export_typesupport_targets-extras.cmake
[1.896s] -- Up-to-date symlink: /home/kch/ros2_ws/install/vision_msgs/share/vision_msgs/cmake/rosidl_cmake_export_typesupport_libraries-extras.cmake
[1.896s] -- Up-to-date symlink: /home/kch/ros2_ws/install/vision_msgs/share/vision_msgs/cmake/vision_msgsConfig.cmake
[1.896s] -- Up-to-date symlink: /home/kch/ros2_ws/install/vision_msgs/share/vision_msgs/cmake/vision_msgsConfig-version.cmake
[1.896s] -- Up-to-date symlink: /home/kch/ros2_ws/install/vision_msgs/share/vision_msgs/package.xml
[1.897s] -- Up-to-date: /home/kch/ros2_ws/install/vision_msgs/lib/libvision_msgs__rosidl_generator_c.so
[1.898s] -- Up-to-date: /home/kch/ros2_ws/install/vision_msgs/lib/libvision_msgs__rosidl_typesupport_fastrtps_c.so
[1.899s] -- Up-to-date: /home/kch/ros2_ws/install/vision_msgs/lib/libvision_msgs__rosidl_typesupport_fastrtps_cpp.so
[1.900s] -- Up-to-date: /home/kch/ros2_ws/install/vision_msgs/lib/libvision_msgs__rosidl_typesupport_introspection_c.so
[1.901s] -- Up-to-date: /home/kch/ros2_ws/install/vision_msgs/lib/libvision_msgs__rosidl_typesupport_c.so
[1.902s] -- Up-to-date: /home/kch/ros2_ws/install/vision_msgs/lib/libvision_msgs__rosidl_typesupport_introspection_cpp.so
[1.903s] -- Up-to-date: /home/kch/ros2_ws/install/vision_msgs/lib/libvision_msgs__rosidl_typesupport_cpp.so
[1.943s] Listing '/home/kch/ros2_ws/install/vision_msgs/local/lib/python3.10/dist-packages/vision_msgs'...
[1.943s] Compiling '/home/kch/ros2_ws/install/vision_msgs/local/lib/python3.10/dist-packages/vision_msgs/__init__.py'...
[1.943s] Listing '/home/kch/ros2_ws/install/vision_msgs/local/lib/python3.10/dist-packages/vision_msgs/msg'...
[1.949s] -- Up-to-date: /home/kch/ros2_ws/install/vision_msgs/lib/libvision_msgs__rosidl_generator_py.so
[1.949s] -- Up-to-date: /home/kch/ros2_ws/install/vision_msgs/share/vision_msgs/cmake/export_vision_msgs__rosidl_generator_cExport.cmake
[1.949s] -- Up-to-date: /home/kch/ros2_ws/install/vision_msgs/share/vision_msgs/cmake/export_vision_msgs__rosidl_generator_cExport-noconfig.cmake
[1.949s] -- Up-to-date: /home/kch/ros2_ws/install/vision_msgs/share/vision_msgs/cmake/export_vision_msgs__rosidl_typesupport_fastrtps_cExport.cmake
[1.949s] -- Up-to-date: /home/kch/ros2_ws/install/vision_msgs/share/vision_msgs/cmake/export_vision_msgs__rosidl_typesupport_fastrtps_cExport-noconfig.cmake
[1.949s] -- Up-to-date: /home/kch/ros2_ws/install/vision_msgs/share/vision_msgs/cmake/export_vision_msgs__rosidl_generator_cppExport.cmake
[1.950s] -- Up-to-date: /home/kch/ros2_ws/install/vision_msgs/share/vision_msgs/cmake/export_vision_msgs__rosidl_typesupport_fastrtps_cppExport.cmake
[1.950s] -- Up-to-date: /home/kch/ros2_ws/install/vision_msgs/share/vision_msgs/cmake/export_vision_msgs__rosidl_typesupport_fastrtps_cppExport-noconfig.cmake
[1.950s] -- Up-to-date: /home/kch/ros2_ws/install/vision_msgs/share/vision_msgs/cmake/vision_msgs__rosidl_typesupport_introspection_cExport.cmake
[1.950s] -- Up-to-date: /home/kch/ros2_ws/install/vision_msgs/share/vision_msgs/cmake/vision_msgs__rosidl_typesupport_introspection_cExport-noconfig.cmake
[1.950s] -- Up-to-date: /home/kch/ros2_ws/install/vision_msgs/share/vision_msgs/cmake/vision_msgs__rosidl_typesupport_cExport.cmake
[1.950s] -- Up-to-date: /home/kch/ros2_ws/install/vision_msgs/share/vision_msgs/cmake/vision_msgs__rosidl_typesupport_cExport-noconfig.cmake
[1.950s] -- Up-to-date: /home/kch/ros2_ws/install/vision_msgs/share/vision_msgs/cmake/vision_msgs__rosidl_typesupport_introspection_cppExport.cmake
[1.950s] -- Up-to-date: /home/kch/ros2_ws/install/vision_msgs/share/vision_msgs/cmake/vision_msgs__rosidl_typesupport_introspection_cppExport-noconfig.cmake
[1.951s] -- Up-to-date: /home/kch/ros2_ws/install/vision_msgs/share/vision_msgs/cmake/vision_msgs__rosidl_typesupport_cppExport.cmake
[1.951s] -- Up-to-date: /home/kch/ros2_ws/install/vision_msgs/share/vision_msgs/cmake/vision_msgs__rosidl_typesupport_cppExport-noconfig.cmake
[1.951s] -- Up-to-date: /home/kch/ros2_ws/install/vision_msgs/share/vision_msgs/cmake/export_vision_msgs__rosidl_generator_pyExport.cmake
[1.951s] -- Up-to-date: /home/kch/ros2_ws/install/vision_msgs/share/vision_msgs/cmake/export_vision_msgs__rosidl_generator_pyExport-noconfig.cmake
[1.954s] Invoked command in '/home/kch/ros2_ws/build/vision_msgs' returned '0': CMAKE_PREFIX_PATH=${CMAKE_PREFIX_PATH}:/home/kch/ros2_ws/install/krac_vision:/opt/ros/humble /usr/bin/cmake --install /home/kch/ros2_ws/build/vision_msgs
