[0.009s] Invoking command in '/home/kch/ros2_ws/build/px4_ros_com': CMAKE_PREFIX_PATH=/home/kch/ros2_ws/install/px4_msgs:/home/kch/ros2_ws/install/vision_msgs_rviz_plugins:/home/kch/ros2_ws/install/vision_msgs:/home/kch/ros2_ws/install/px4_ros_com:/home/kch/ros2_ws/install/krac_utils:/home/kch/ros2_ws/install/krac_mission:/home/kch/ros2_ws/install/krac_control:/home/kch/ros2_ws/install/krac_interfaces:/home/kch/ros2_ws/install/krac_vision:/opt/ros/humble LD_LIBRARY_PATH=/home/kch/ros2_ws/install/px4_msgs/lib:/home/kch/ros2_ws/install/vision_msgs_rviz_plugins/lib:/home/kch/ros2_ws/install/vision_msgs/lib:/home/kch/ros2_ws/install/px4_ros_com/lib:/home/kch/ros2_ws/install/krac_interfaces/lib:/opt/ros/humble/opt/rviz_ogre_vendor/lib:/opt/ros/humble/lib/x86_64-linux-gnu:/opt/ros/humble/lib /usr/bin/cmake --build /home/kch/ros2_ws/build/px4_ros_com -- -j16 -l16
[0.058s] [100%] Built target offboard_control_srv
[0.058s] [100%] Built target offboard_control
[0.058s] [100%] Built target vehicle_gps_position_listener
[0.058s] [100%] Built target frame_transforms
[0.058s] [100%] Built target sensor_combined_listener
[0.058s] [100%] Built target debug_vect_advertiser
[0.063s] [100%] Built target ament_cmake_python_symlink_px4_ros_com
[0.206s] running egg_info
[0.206s] writing px4_ros_com.egg-info/PKG-INFO
[0.206s] writing dependency_links to px4_ros_com.egg-info/dependency_links.txt
[0.206s] writing top-level names to px4_ros_com.egg-info/top_level.txt
[0.207s] reading manifest file 'px4_ros_com.egg-info/SOURCES.txt'
[0.207s] writing manifest file 'px4_ros_com.egg-info/SOURCES.txt'
[0.228s] [100%] Built target ament_cmake_python_build_px4_ros_com_egg
[0.238s] Invoked command in '/home/kch/ros2_ws/build/px4_ros_com' returned '0': CMAKE_PREFIX_PATH=/home/kch/ros2_ws/install/px4_msgs:/home/kch/ros2_ws/install/vision_msgs_rviz_plugins:/home/kch/ros2_ws/install/vision_msgs:/home/kch/ros2_ws/install/px4_ros_com:/home/kch/ros2_ws/install/krac_utils:/home/kch/ros2_ws/install/krac_mission:/home/kch/ros2_ws/install/krac_control:/home/kch/ros2_ws/install/krac_interfaces:/home/kch/ros2_ws/install/krac_vision:/opt/ros/humble LD_LIBRARY_PATH=/home/kch/ros2_ws/install/px4_msgs/lib:/home/kch/ros2_ws/install/vision_msgs_rviz_plugins/lib:/home/kch/ros2_ws/install/vision_msgs/lib:/home/kch/ros2_ws/install/px4_ros_com/lib:/home/kch/ros2_ws/install/krac_interfaces/lib:/opt/ros/humble/opt/rviz_ogre_vendor/lib:/opt/ros/humble/lib/x86_64-linux-gnu:/opt/ros/humble/lib /usr/bin/cmake --build /home/kch/ros2_ws/build/px4_ros_com -- -j16 -l16
[0.239s] Invoking command in '/home/kch/ros2_ws/build/px4_ros_com': CMAKE_PREFIX_PATH=/home/kch/ros2_ws/install/px4_msgs:/home/kch/ros2_ws/install/vision_msgs_rviz_plugins:/home/kch/ros2_ws/install/vision_msgs:/home/kch/ros2_ws/install/px4_ros_com:/home/kch/ros2_ws/install/krac_utils:/home/kch/ros2_ws/install/krac_mission:/home/kch/ros2_ws/install/krac_control:/home/kch/ros2_ws/install/krac_interfaces:/home/kch/ros2_ws/install/krac_vision:/opt/ros/humble LD_LIBRARY_PATH=/home/kch/ros2_ws/install/px4_msgs/lib:/home/kch/ros2_ws/install/vision_msgs_rviz_plugins/lib:/home/kch/ros2_ws/install/vision_msgs/lib:/home/kch/ros2_ws/install/px4_ros_com/lib:/home/kch/ros2_ws/install/krac_interfaces/lib:/opt/ros/humble/opt/rviz_ogre_vendor/lib:/opt/ros/humble/lib/x86_64-linux-gnu:/opt/ros/humble/lib /usr/bin/cmake --install /home/kch/ros2_ws/build/px4_ros_com
[0.245s] -- Install configuration: ""
[0.246s] -- Execute custom install script
[0.246s] -- Up-to-date symlink: /home/kch/ros2_ws/install/px4_ros_com/lib/px4_ros_com/sensor_combined_listener
[0.246s] -- Up-to-date symlink: /home/kch/ros2_ws/install/px4_ros_com/lib/px4_ros_com/vehicle_gps_position_listener
[0.246s] -- Up-to-date symlink: /home/kch/ros2_ws/install/px4_ros_com/lib/px4_ros_com/debug_vect_advertiser
[0.246s] -- Up-to-date symlink: /home/kch/ros2_ws/install/px4_ros_com/lib/px4_ros_com/offboard_control
[0.246s] -- Up-to-date symlink: /home/kch/ros2_ws/install/px4_ros_com/lib/px4_ros_com/offboard_control_srv
[0.246s] -- Up-to-date symlink: /home/kch/ros2_ws/install/px4_ros_com/share/px4_ros_com/environment/library_path.sh
[0.247s] -- Up-to-date symlink: /home/kch/ros2_ws/install/px4_ros_com/share/px4_ros_com/environment/library_path.dsv
[0.247s] -- Up-to-date symlink: /home/kch/ros2_ws/install/px4_ros_com/include/px4_ros_com/frame_transforms.h
[0.249s] -- Up-to-date symlink: /home/kch/ros2_ws/install/px4_ros_com/share/px4_ros_com//launch/offboard_control_launch.yaml
[0.249s] -- Up-to-date symlink: /home/kch/ros2_ws/install/px4_ros_com/share/px4_ros_com//launch/sensor_combined_listener.launch.py
[0.249s] -- Up-to-date symlink: /home/kch/ros2_ws/install/px4_ros_com/share/px4_ros_com//test/__init__.py
[0.249s] -- Up-to-date symlink: /home/kch/ros2_ws/install/px4_ros_com/share/px4_ros_com//test/pipeline_io_test.py
[0.249s] -- Up-to-date symlink: /home/kch/ros2_ws/install/px4_ros_com/share/px4_ros_com//test/test_input.py
[0.249s] -- Up-to-date symlink: /home/kch/ros2_ws/install/px4_ros_com/share/px4_ros_com//test/test_output.py
[0.249s] -- Up-to-date symlink: /home/kch/ros2_ws/install/px4_ros_com/share/px4_ros_com/environment/pythonpath.sh
[0.249s] -- Up-to-date symlink: /home/kch/ros2_ws/install/px4_ros_com/share/px4_ros_com/environment/pythonpath.dsv
[0.249s] -- Up-to-date symlink: /home/kch/ros2_ws/install/px4_ros_com/local/lib/python3.10/dist-packages/px4_ros_com-0.1.0-py3.10.egg-info/PKG-INFO
[0.249s] -- Up-to-date symlink: /home/kch/ros2_ws/install/px4_ros_com/local/lib/python3.10/dist-packages/px4_ros_com-0.1.0-py3.10.egg-info/SOURCES.txt
[0.249s] -- Up-to-date symlink: /home/kch/ros2_ws/install/px4_ros_com/local/lib/python3.10/dist-packages/px4_ros_com-0.1.0-py3.10.egg-info/dependency_links.txt
[0.250s] -- Up-to-date symlink: /home/kch/ros2_ws/install/px4_ros_com/local/lib/python3.10/dist-packages/px4_ros_com-0.1.0-py3.10.egg-info/top_level.txt
[0.250s] -- Up-to-date symlink: /home/kch/ros2_ws/install/px4_ros_com/local/lib/python3.10/dist-packages/px4_ros_com/__init__.py
[0.250s] -- Up-to-date symlink: /home/kch/ros2_ws/install/px4_ros_com/local/lib/python3.10/dist-packages/px4_ros_com/module_to_import.py
[0.250s] -- Up-to-date symlink: /home/kch/ros2_ws/install/px4_ros_com/lib/px4_ros_com/offboard_control.py
[0.250s] -- Up-to-date symlink: /home/kch/ros2_ws/install/px4_ros_com/share/ament_index/resource_index/package_run_dependencies/px4_ros_com
[0.250s] -- Up-to-date symlink: /home/kch/ros2_ws/install/px4_ros_com/share/ament_index/resource_index/parent_prefix_path/px4_ros_com
[0.250s] -- Up-to-date symlink: /home/kch/ros2_ws/install/px4_ros_com/share/px4_ros_com/environment/ament_prefix_path.sh
[0.250s] -- Up-to-date symlink: /home/kch/ros2_ws/install/px4_ros_com/share/px4_ros_com/environment/ament_prefix_path.dsv
[0.250s] -- Up-to-date symlink: /home/kch/ros2_ws/install/px4_ros_com/share/px4_ros_com/environment/path.sh
[0.250s] -- Up-to-date symlink: /home/kch/ros2_ws/install/px4_ros_com/share/px4_ros_com/environment/path.dsv
[0.250s] -- Up-to-date symlink: /home/kch/ros2_ws/install/px4_ros_com/share/px4_ros_com/local_setup.bash
[0.250s] -- Up-to-date symlink: /home/kch/ros2_ws/install/px4_ros_com/share/px4_ros_com/local_setup.sh
[0.251s] -- Up-to-date symlink: /home/kch/ros2_ws/install/px4_ros_com/share/px4_ros_com/local_setup.zsh
[0.251s] -- Up-to-date symlink: /home/kch/ros2_ws/install/px4_ros_com/share/px4_ros_com/local_setup.dsv
[0.251s] -- Symlinking: /home/kch/ros2_ws/install/px4_ros_com/share/px4_ros_com/package.dsv
[0.259s] -- Up-to-date symlink: /home/kch/ros2_ws/install/px4_ros_com/share/ament_index/resource_index/packages/px4_ros_com
[0.259s] -- Up-to-date symlink: /home/kch/ros2_ws/install/px4_ros_com/share/px4_ros_com/cmake/ament_cmake_export_dependencies-extras.cmake
[0.259s] -- Up-to-date symlink: /home/kch/ros2_ws/install/px4_ros_com/share/px4_ros_com/cmake/ament_cmake_export_targets-extras.cmake
[0.259s] -- Up-to-date symlink: /home/kch/ros2_ws/install/px4_ros_com/share/px4_ros_com/cmake/ament_cmake_export_include_directories-extras.cmake
[0.259s] -- Up-to-date symlink: /home/kch/ros2_ws/install/px4_ros_com/share/px4_ros_com/cmake/ament_cmake_export_libraries-extras.cmake
[0.259s] -- Up-to-date symlink: /home/kch/ros2_ws/install/px4_ros_com/share/px4_ros_com/cmake/px4_ros_comConfig.cmake
[0.259s] -- Up-to-date symlink: /home/kch/ros2_ws/install/px4_ros_com/share/px4_ros_com/cmake/px4_ros_comConfig-version.cmake
[0.259s] -- Up-to-date symlink: /home/kch/ros2_ws/install/px4_ros_com/share/px4_ros_com/package.xml
[0.260s] -- Up-to-date: /home/kch/ros2_ws/install/px4_ros_com/lib/libframe_transforms.so
[0.282s] Listing '/home/kch/ros2_ws/install/px4_ros_com/local/lib/python3.10/dist-packages/px4_ros_com'...
[0.285s] -- Up-to-date: /home/kch/ros2_ws/install/px4_ros_com/share/px4_ros_com/cmake/export_frame_transformsExport.cmake
[0.285s] -- Up-to-date: /home/kch/ros2_ws/install/px4_ros_com/share/px4_ros_com/cmake/export_frame_transformsExport-noconfig.cmake
[0.288s] Invoked command in '/home/kch/ros2_ws/build/px4_ros_com' returned '0': CMAKE_PREFIX_PATH=/home/kch/ros2_ws/install/px4_msgs:/home/kch/ros2_ws/install/vision_msgs_rviz_plugins:/home/kch/ros2_ws/install/vision_msgs:/home/kch/ros2_ws/install/px4_ros_com:/home/kch/ros2_ws/install/krac_utils:/home/kch/ros2_ws/install/krac_mission:/home/kch/ros2_ws/install/krac_control:/home/kch/ros2_ws/install/krac_interfaces:/home/kch/ros2_ws/install/krac_vision:/opt/ros/humble LD_LIBRARY_PATH=/home/kch/ros2_ws/install/px4_msgs/lib:/home/kch/ros2_ws/install/vision_msgs_rviz_plugins/lib:/home/kch/ros2_ws/install/vision_msgs/lib:/home/kch/ros2_ws/install/px4_ros_com/lib:/home/kch/ros2_ws/install/krac_interfaces/lib:/opt/ros/humble/opt/rviz_ogre_vendor/lib:/opt/ros/humble/lib/x86_64-linux-gnu:/opt/ros/humble/lib /usr/bin/cmake --install /home/kch/ros2_ws/build/px4_ros_com
