-- Found ament_cmake: 1.3.12 (/opt/ros/humble/share/ament_cmake/cmake)
-- Override CMake install command with custom implementation using symlinks instead of copying resources
-- Found rclcpp: 16.0.17 (/opt/ros/humble/share/rclcpp/cmake)
-- Found rosidl_generator_c: 3.1.8 (/opt/ros/humble/share/rosidl_generator_c/cmake)
-- Found rosidl_adapter: 3.1.8 (/opt/ros/humble/share/rosidl_adapter/cmake)
-- Found rosidl_generator_cpp: 3.1.8 (/opt/ros/humble/share/rosidl_generator_cpp/cmake)
-- Using all available rosidl_typesupport_c: rosidl_typesupport_fastrtps_c;rosidl_typesupport_introspection_c
-- Using all available rosidl_typesupport_cpp: rosidl_typesupport_fastrtps_cpp;rosidl_typesupport_introspection_cpp
-- Found rmw_implementation_cmake: 6.1.2 (/opt/ros/humble/share/rmw_implementation_cmake/cmake)
-- Found rmw_fastrtps_cpp: 6.2.9 (/opt/ros/humble/share/rmw_fastrtps_cpp/cmake)
-- Using RMW implementation 'rmw_fastrtps_cpp' as default
-- Found mavros_msgs: 2.14.0 (/opt/ros/humble/share/mavros_msgs/cmake)
-- Found krac_interfaces: 0.0.0 (/home/kch/ros2_ws/install/krac_interfaces/share/krac_interfaces/cmake)
-- Configuring done
-- Generating done
-- Build files have been written to: /home/kch/ros2_ws/build/krac_mission
-- Install configuration: ""
-- Execute custom install script
-- Up-to-date symlink: /home/kch/ros2_ws/install/krac_mission/share/krac_mission/launch/krac_24_sitl.launch.py
-- Up-to-date symlink: /home/kch/ros2_ws/install/krac_mission/share/krac_mission/launch/main_mission.launch.py
-- Up-to-date symlink: /home/kch/ros2_ws/install/krac_mission/share/krac_mission/launch/sitl_vtol.launch.py
-- Up-to-date symlink: /home/kch/ros2_ws/install/krac_mission/share/krac_mission/launch/sitl_x500.launch.py
-- Up-to-date symlink: /home/kch/ros2_ws/install/krac_mission/share/krac_mission/config/mavros_params.yaml
-- Up-to-date symlink: /home/kch/ros2_ws/install/krac_mission/share/krac_mission/config/vtol_params.yaml
-- Up-to-date symlink: /home/kch/ros2_ws/install/krac_mission/share/krac_mission/config/waypoints.yaml
-- Up-to-date symlink: /home/kch/ros2_ws/install/krac_mission/share/ament_index/resource_index/package_run_dependencies/krac_mission
-- Up-to-date symlink: /home/kch/ros2_ws/install/krac_mission/share/ament_index/resource_index/parent_prefix_path/krac_mission
-- Up-to-date symlink: /home/kch/ros2_ws/install/krac_mission/share/krac_mission/environment/ament_prefix_path.sh
-- Up-to-date symlink: /home/kch/ros2_ws/install/krac_mission/share/krac_mission/environment/ament_prefix_path.dsv
-- Up-to-date symlink: /home/kch/ros2_ws/install/krac_mission/share/krac_mission/environment/path.sh
-- Up-to-date symlink: /home/kch/ros2_ws/install/krac_mission/share/krac_mission/environment/path.dsv
-- Up-to-date symlink: /home/kch/ros2_ws/install/krac_mission/share/krac_mission/local_setup.bash
-- Up-to-date symlink: /home/kch/ros2_ws/install/krac_mission/share/krac_mission/local_setup.sh
-- Up-to-date symlink: /home/kch/ros2_ws/install/krac_mission/share/krac_mission/local_setup.zsh
-- Up-to-date symlink: /home/kch/ros2_ws/install/krac_mission/share/krac_mission/local_setup.dsv
-- Symlinking: /home/kch/ros2_ws/install/krac_mission/share/krac_mission/package.dsv
-- Up-to-date symlink: /home/kch/ros2_ws/install/krac_mission/share/ament_index/resource_index/packages/krac_mission
-- Up-to-date symlink: /home/kch/ros2_ws/install/krac_mission/share/krac_mission/cmake/krac_missionConfig.cmake
-- Up-to-date symlink: /home/kch/ros2_ws/install/krac_mission/share/krac_mission/cmake/krac_missionConfig-version.cmake
-- Up-to-date symlink: /home/kch/ros2_ws/install/krac_mission/share/krac_mission/package.xml
-- Installing: /home/kch/ros2_ws/install/krac_mission/lib/krac_mission/mission_loader
