[0.015s] Invoking command in '/home/kch/ros2_ws/build/krac_control': AMENT_PREFIX_PATH=/home/kch/ros2_ws/install/krac_interfaces:${AMENT_PREFIX_PATH} CMAKE_PREFIX_PATH=/home/kch/ros2_ws/install/krac_interfaces:/opt/ros/humble LD_LIBRARY_PATH=/home/kch/ros2_ws/install/krac_interfaces/lib:${LD_LIBRARY_PATH} PYTHONPATH=/home/kch/ros2_ws/install/krac_interfaces/local/lib/python3.10/dist-packages:${PYTHONPATH} /usr/bin/cmake --build /home/kch/ros2_ws/build/krac_control -- -j16 -l16
[0.064s] -- Found ament_cmake: 1.3.12 (/opt/ros/humble/share/ament_cmake/cmake)
[0.172s] -- Override CMake install command with custom implementation using symlinks instead of copying resources
[0.185s] -- Found rclcpp: 16.0.17 (/opt/ros/humble/share/rclcpp/cmake)
[0.224s] -- Found rosidl_generator_c: 3.1.8 (/opt/ros/humble/share/rosidl_generator_c/cmake)
[0.227s] -- Found rosidl_adapter: 3.1.8 (/opt/ros/humble/share/rosidl_adapter/cmake)
[0.235s] -- Found rosidl_generator_cpp: 3.1.8 (/opt/ros/humble/share/rosidl_generator_cpp/cmake)
[0.246s] -- Using all available rosidl_typesupport_c: rosidl_typesupport_fastrtps_c;rosidl_typesupport_introspection_c
[0.259s] -- Using all available rosidl_typesupport_cpp: rosidl_typesupport_fastrtps_cpp;rosidl_typesupport_introspection_cpp
[0.292s] -- Found rmw_implementation_cmake: 6.1.2 (/opt/ros/humble/share/rmw_implementation_cmake/cmake)
[0.294s] -- Found rmw_fastrtps_cpp: 6.2.9 (/opt/ros/humble/share/rmw_fastrtps_cpp/cmake)
[0.393s] -- Using RMW implementation 'rmw_fastrtps_cpp' as default
[0.443s] -- Found mavros_msgs: 2.14.0 (/opt/ros/humble/share/mavros_msgs/cmake)
[0.519s] -- Found krac_interfaces: 0.0.0 (/home/kch/ros2_ws/install/krac_interfaces/share/krac_interfaces/cmake)
[0.529s] -- Found tf2: 0.25.18 (/opt/ros/humble/share/tf2/cmake)
[0.533s] -- Found tf2_geometry_msgs: 0.25.18 (/opt/ros/humble/share/tf2_geometry_msgs/cmake)
[0.537s] -- Found eigen3_cmake_module: 0.1.1 (/opt/ros/humble/share/eigen3_cmake_module/cmake)
[0.539s] -- Ensuring Eigen3 include directory is part of orocos-kdl CMake target
[0.604s] -- Found std_srvs: 4.9.0 (/opt/ros/humble/share/std_srvs/cmake)
[0.619s] [31mCMake Error at /opt/ros/humble/share/ament_cmake_core/cmake/symlink_install/ament_cmake_symlink_install_targets.cmake:67 (message):
[0.619s]   ament_cmake_symlink_install_targets() 'vtol_offboard' is not a target
[0.619s] Call Stack (most recent call first):
[0.619s]   /opt/ros/humble/share/ament_cmake_core/cmake/symlink_install/install.cmake:37 (ament_cmake_symlink_install_targets)
[0.619s]   CMakeLists.txt:47 (install)
[0.619s] 
[0.619s] [0m
[0.619s] -- Configuring incomplete, errors occurred!
[0.619s] See also "/home/kch/ros2_ws/build/krac_control/CMakeFiles/CMakeOutput.log".
[0.630s] gmake: *** [Makefile:390: cmake_check_build_system] Error 1
[0.632s] Invoked command in '/home/kch/ros2_ws/build/krac_control' returned '2': AMENT_PREFIX_PATH=/home/kch/ros2_ws/install/krac_interfaces:${AMENT_PREFIX_PATH} CMAKE_PREFIX_PATH=/home/kch/ros2_ws/install/krac_interfaces:/opt/ros/humble LD_LIBRARY_PATH=/home/kch/ros2_ws/install/krac_interfaces/lib:${LD_LIBRARY_PATH} PYTHONPATH=/home/kch/ros2_ws/install/krac_interfaces/local/lib/python3.10/dist-packages:${PYTHONPATH} /usr/bin/cmake --build /home/kch/ros2_ws/build/krac_control -- -j16 -l16
