[0.028s] Invoking command in '/home/kch/ros2_ws/build/krac_mission': CMAKE_PREFIX_PATH=/home/kch/ros2_ws/install/krac_interfaces:/home/kch/ros2_ws/install/yolo_bringup:/home/kch/ros2_ws/install/yolo_msgs:/home/kch/ros2_ws/install/vision_msgs_rviz_plugins:/home/kch/ros2_ws/install/vision_msgs:/home/kch/ros2_ws/install/px4_ros_com:/home/kch/ros2_ws/install/px4_msgs:/home/kch/ros2_ws/install/krac_utils:/home/kch/ros2_ws/install/krac_mission:/home/kch/ros2_ws/install/krac_control:/home/kch/ros2_ws/install/yolo_ros:/home/kch/ros2_ws/install/krac_vision:/opt/ros/humble LD_LIBRARY_PATH=/home/kch/ros2_ws/install/krac_interfaces/lib:/home/kch/ros2_ws/install/yolo_msgs/lib:/home/kch/ros2_ws/install/vision_msgs_rviz_plugins/lib:/home/kch/ros2_ws/install/vision_msgs/lib:/home/kch/ros2_ws/install/px4_ros_com/lib:/home/kch/ros2_ws/install/px4_msgs/lib:/opt/ros/humble/opt/rviz_ogre_vendor/lib:/opt/ros/humble/lib/x86_64-linux-gnu:/opt/ros/humble/lib /usr/bin/cmake --build /home/kch/ros2_ws/build/krac_mission -- -j16 -l16
[0.047s] -- Found ament_cmake: 1.3.12 (/opt/ros/humble/share/ament_cmake/cmake)
[0.142s] -- Override CMake install command with custom implementation using symlinks instead of copying resources
[0.148s] -- Found rclcpp: 16.0.17 (/opt/ros/humble/share/rclcpp/cmake)
[0.173s] -- Found rosidl_generator_c: 3.1.8 (/opt/ros/humble/share/rosidl_generator_c/cmake)
[0.174s] -- Found rosidl_adapter: 3.1.8 (/opt/ros/humble/share/rosidl_adapter/cmake)
[0.177s] -- Found rosidl_generator_cpp: 3.1.8 (/opt/ros/humble/share/rosidl_generator_cpp/cmake)
[0.184s] -- Using all available rosidl_typesupport_c: rosidl_typesupport_fastrtps_c;rosidl_typesupport_introspection_c
[0.192s] -- Using all available rosidl_typesupport_cpp: rosidl_typesupport_fastrtps_cpp;rosidl_typesupport_introspection_cpp
[0.211s] -- Found rmw_implementation_cmake: 6.1.2 (/opt/ros/humble/share/rmw_implementation_cmake/cmake)
[0.212s] -- Found rmw_fastrtps_cpp: 6.2.9 (/opt/ros/humble/share/rmw_fastrtps_cpp/cmake)
[0.298s] -- Using RMW implementation 'rmw_fastrtps_cpp' as default
[0.326s] -- Found mavros_msgs: 2.14.0 (/opt/ros/humble/share/mavros_msgs/cmake)
[0.371s] -- Found krac_interfaces: 0.0.0 (/home/kch/ros2_ws/install/krac_interfaces/share/krac_interfaces/cmake)
[0.446s] -- Configuring done
[0.451s] -- Generating done
[0.452s] -- Build files have been written to: /home/kch/ros2_ws/build/krac_mission
[0.481s] Invoked command in '/home/kch/ros2_ws/build/krac_mission' returned '0': CMAKE_PREFIX_PATH=/home/kch/ros2_ws/install/krac_interfaces:/home/kch/ros2_ws/install/yolo_bringup:/home/kch/ros2_ws/install/yolo_msgs:/home/kch/ros2_ws/install/vision_msgs_rviz_plugins:/home/kch/ros2_ws/install/vision_msgs:/home/kch/ros2_ws/install/px4_ros_com:/home/kch/ros2_ws/install/px4_msgs:/home/kch/ros2_ws/install/krac_utils:/home/kch/ros2_ws/install/krac_mission:/home/kch/ros2_ws/install/krac_control:/home/kch/ros2_ws/install/yolo_ros:/home/kch/ros2_ws/install/krac_vision:/opt/ros/humble LD_LIBRARY_PATH=/home/kch/ros2_ws/install/krac_interfaces/lib:/home/kch/ros2_ws/install/yolo_msgs/lib:/home/kch/ros2_ws/install/vision_msgs_rviz_plugins/lib:/home/kch/ros2_ws/install/vision_msgs/lib:/home/kch/ros2_ws/install/px4_ros_com/lib:/home/kch/ros2_ws/install/px4_msgs/lib:/opt/ros/humble/opt/rviz_ogre_vendor/lib:/opt/ros/humble/lib/x86_64-linux-gnu:/opt/ros/humble/lib /usr/bin/cmake --build /home/kch/ros2_ws/build/krac_mission -- -j16 -l16
[0.483s] Invoking command in '/home/kch/ros2_ws/build/krac_mission': CMAKE_PREFIX_PATH=/home/kch/ros2_ws/install/krac_interfaces:/home/kch/ros2_ws/install/yolo_bringup:/home/kch/ros2_ws/install/yolo_msgs:/home/kch/ros2_ws/install/vision_msgs_rviz_plugins:/home/kch/ros2_ws/install/vision_msgs:/home/kch/ros2_ws/install/px4_ros_com:/home/kch/ros2_ws/install/px4_msgs:/home/kch/ros2_ws/install/krac_utils:/home/kch/ros2_ws/install/krac_mission:/home/kch/ros2_ws/install/krac_control:/home/kch/ros2_ws/install/yolo_ros:/home/kch/ros2_ws/install/krac_vision:/opt/ros/humble LD_LIBRARY_PATH=/home/kch/ros2_ws/install/krac_interfaces/lib:/home/kch/ros2_ws/install/yolo_msgs/lib:/home/kch/ros2_ws/install/vision_msgs_rviz_plugins/lib:/home/kch/ros2_ws/install/vision_msgs/lib:/home/kch/ros2_ws/install/px4_ros_com/lib:/home/kch/ros2_ws/install/px4_msgs/lib:/opt/ros/humble/opt/rviz_ogre_vendor/lib:/opt/ros/humble/lib/x86_64-linux-gnu:/opt/ros/humble/lib /usr/bin/cmake --install /home/kch/ros2_ws/build/krac_mission
[0.491s] -- Install configuration: ""
[0.491s] -- Execute custom install script
[0.491s] -- Up-to-date symlink: /home/kch/ros2_ws/install/krac_mission/share/krac_mission/launch/krac_24_sitl.launch.py
[0.491s] -- Up-to-date symlink: /home/kch/ros2_ws/install/krac_mission/share/krac_mission/launch/main_mission.launch.py
[0.491s] -- Up-to-date symlink: /home/kch/ros2_ws/install/krac_mission/share/krac_mission/launch/sitl_vtol.launch.py
[0.492s] -- Up-to-date symlink: /home/kch/ros2_ws/install/krac_mission/share/krac_mission/launch/sitl_x500.launch.py
[0.492s] -- Up-to-date symlink: /home/kch/ros2_ws/install/krac_mission/share/krac_mission/config/mavros_params.yaml
[0.492s] -- Up-to-date symlink: /home/kch/ros2_ws/install/krac_mission/share/krac_mission/config/vtol_params.yaml
[0.492s] -- Up-to-date symlink: /home/kch/ros2_ws/install/krac_mission/share/krac_mission/config/waypoints.yaml
[0.492s] -- Symlinking: /home/kch/ros2_ws/install/krac_mission/lib/krac_mission/mission_loader.py
[0.500s] -- Up-to-date symlink: /home/kch/ros2_ws/install/krac_mission/share/ament_index/resource_index/package_run_dependencies/krac_mission
[0.500s] -- Up-to-date symlink: /home/kch/ros2_ws/install/krac_mission/share/ament_index/resource_index/parent_prefix_path/krac_mission
[0.500s] -- Up-to-date symlink: /home/kch/ros2_ws/install/krac_mission/share/krac_mission/environment/ament_prefix_path.sh
[0.501s] -- Up-to-date symlink: /home/kch/ros2_ws/install/krac_mission/share/krac_mission/environment/ament_prefix_path.dsv
[0.501s] -- Up-to-date symlink: /home/kch/ros2_ws/install/krac_mission/share/krac_mission/environment/path.sh
[0.501s] -- Up-to-date symlink: /home/kch/ros2_ws/install/krac_mission/share/krac_mission/environment/path.dsv
[0.501s] -- Up-to-date symlink: /home/kch/ros2_ws/install/krac_mission/share/krac_mission/local_setup.bash
[0.501s] -- Up-to-date symlink: /home/kch/ros2_ws/install/krac_mission/share/krac_mission/local_setup.sh
[0.501s] -- Up-to-date symlink: /home/kch/ros2_ws/install/krac_mission/share/krac_mission/local_setup.zsh
[0.501s] -- Up-to-date symlink: /home/kch/ros2_ws/install/krac_mission/share/krac_mission/local_setup.dsv
[0.501s] -- Symlinking: /home/kch/ros2_ws/install/krac_mission/share/krac_mission/package.dsv
[0.509s] -- Up-to-date symlink: /home/kch/ros2_ws/install/krac_mission/share/ament_index/resource_index/packages/krac_mission
[0.509s] -- Up-to-date symlink: /home/kch/ros2_ws/install/krac_mission/share/krac_mission/cmake/krac_missionConfig.cmake
[0.509s] -- Up-to-date symlink: /home/kch/ros2_ws/install/krac_mission/share/krac_mission/cmake/krac_missionConfig-version.cmake
[0.509s] -- Up-to-date symlink: /home/kch/ros2_ws/install/krac_mission/share/krac_mission/package.xml
[0.512s] Invoked command in '/home/kch/ros2_ws/build/krac_mission' returned '0': CMAKE_PREFIX_PATH=/home/kch/ros2_ws/install/krac_interfaces:/home/kch/ros2_ws/install/yolo_bringup:/home/kch/ros2_ws/install/yolo_msgs:/home/kch/ros2_ws/install/vision_msgs_rviz_plugins:/home/kch/ros2_ws/install/vision_msgs:/home/kch/ros2_ws/install/px4_ros_com:/home/kch/ros2_ws/install/px4_msgs:/home/kch/ros2_ws/install/krac_utils:/home/kch/ros2_ws/install/krac_mission:/home/kch/ros2_ws/install/krac_control:/home/kch/ros2_ws/install/yolo_ros:/home/kch/ros2_ws/install/krac_vision:/opt/ros/humble LD_LIBRARY_PATH=/home/kch/ros2_ws/install/krac_interfaces/lib:/home/kch/ros2_ws/install/yolo_msgs/lib:/home/kch/ros2_ws/install/vision_msgs_rviz_plugins/lib:/home/kch/ros2_ws/install/vision_msgs/lib:/home/kch/ros2_ws/install/px4_ros_com/lib:/home/kch/ros2_ws/install/px4_msgs/lib:/opt/ros/humble/opt/rviz_ogre_vendor/lib:/opt/ros/humble/lib/x86_64-linux-gnu:/opt/ros/humble/lib /usr/bin/cmake --install /home/kch/ros2_ws/build/krac_mission
