[0.010s] Invoking command in '/home/kch/ros2_ws/build/px4_msgs': CMAKE_PREFIX_PATH=${CMAKE_PREFIX_PATH}:/home/kch/ros2_ws/install/krac_vision:/opt/ros/humble /usr/bin/cmake --build /home/kch/ros2_ws/build/px4_msgs -- -j16 -l16
[0.449s] [  0%] Built target ament_cmake_python_symlink_px4_msgs
[0.466s] [  0%] Built target px4_msgs__cpp
[0.496s] [ 12%] Built target px4_msgs__rosidl_generator_c
[0.548s] [ 24%] Built target px4_msgs__rosidl_typesupport_cpp
[0.557s] [ 37%] Built target px4_msgs__rosidl_typesupport_c
[0.571s] [ 75%] Built target px4_msgs__rosidl_typesupport_introspection_cpp
[0.571s] [ 75%] Built target px4_msgs__rosidl_typesupport_fastrtps_cpp
[0.571s] [ 75%] Built target px4_msgs__rosidl_typesupport_introspection_c
[0.598s] [ 88%] Built target px4_msgs__rosidl_typesupport_fastrtps_c
[0.620s] [ 88%] Built target px4_msgs
[0.624s] running egg_info
[0.624s] writing px4_msgs.egg-info/PKG-INFO
[0.625s] writing dependency_links to px4_msgs.egg-info/dependency_links.txt
[0.625s] writing top-level names to px4_msgs.egg-info/top_level.txt
[0.629s] reading manifest file 'px4_msgs.egg-info/SOURCES.txt'
[0.632s] writing manifest file 'px4_msgs.egg-info/SOURCES.txt'
[0.650s] [ 88%] Built target px4_msgs__py
[0.663s] [ 88%] Built target ament_cmake_python_build_px4_msgs_egg
[0.731s] [100%] Built target px4_msgs__rosidl_generator_py
[0.757s] [100%] Built target px4_msgs__rosidl_typesupport_fastrtps_c__pyext
[0.758s] [100%] Built target px4_msgs__rosidl_typesupport_c__pyext
[0.758s] [100%] Built target px4_msgs__rosidl_typesupport_introspection_c__pyext
