[0.648s] Invoking command in '/home/kch/ros2_ws/build/krac_vision': CMAKE_PREFIX_PATH=/home/kch/ros2_ws/install/krac_interfaces:/home/kch/ros2_ws/install/vision_msgs_rviz_plugins:/home/kch/ros2_ws/install/vision_msgs:/home/kch/ros2_ws/install/px4_ros_com:/home/kch/ros2_ws/install/px4_msgs:/home/kch/ros2_ws/install/krac_utils:/home/kch/ros2_ws/install/krac_mission:/home/kch/ros2_ws/install/krac_control LD_LIBRARY_PATH=/home/kch/ros2_ws/install/krac_interfaces/lib:/home/kch/ros2_ws/install/vision_msgs_rviz_plugins/lib:/home/kch/ros2_ws/install/vision_msgs/lib:/home/kch/ros2_ws/install/px4_ros_com/lib:/home/kch/ros2_ws/install/px4_msgs/lib:/opt/ros/humble/opt/rviz_ogre_vendor/lib:/opt/ros/humble/lib/x86_64-linux-gnu:/opt/ros/humble/lib PYTHONPATH=/home/kch/ros2_ws/build/krac_vision/prefix_override:/usr/lib/python3/dist-packages/colcon_core/task/python/colcon_distutils_commands:/home/kch/ros2_ws/install/krac_vision/lib/python3.10/site-packages:${PYTHONPATH} /usr/bin/python3 -W ignore:setup.py install is deprecated -W ignore:easy_install command is deprecated setup.py develop --uninstall --editable --build-directory /home/kch/ros2_ws/build/krac_vision/build
[0.881s] running develop
[1.013s] Removing /home/kch/ros2_ws/install/krac_vision/lib/python3.10/site-packages/krac-vision.egg-link (link to .)
[1.055s] Invoked command in '/home/kch/ros2_ws/build/krac_vision' returned '0': CMAKE_PREFIX_PATH=/home/kch/ros2_ws/install/krac_interfaces:/home/kch/ros2_ws/install/vision_msgs_rviz_plugins:/home/kch/ros2_ws/install/vision_msgs:/home/kch/ros2_ws/install/px4_ros_com:/home/kch/ros2_ws/install/px4_msgs:/home/kch/ros2_ws/install/krac_utils:/home/kch/ros2_ws/install/krac_mission:/home/kch/ros2_ws/install/krac_control LD_LIBRARY_PATH=/home/kch/ros2_ws/install/krac_interfaces/lib:/home/kch/ros2_ws/install/vision_msgs_rviz_plugins/lib:/home/kch/ros2_ws/install/vision_msgs/lib:/home/kch/ros2_ws/install/px4_ros_com/lib:/home/kch/ros2_ws/install/px4_msgs/lib:/opt/ros/humble/opt/rviz_ogre_vendor/lib:/opt/ros/humble/lib/x86_64-linux-gnu:/opt/ros/humble/lib PYTHONPATH=/home/kch/ros2_ws/build/krac_vision/prefix_override:/usr/lib/python3/dist-packages/colcon_core/task/python/colcon_distutils_commands:/home/kch/ros2_ws/install/krac_vision/lib/python3.10/site-packages:${PYTHONPATH} /usr/bin/python3 -W ignore:setup.py install is deprecated -W ignore:easy_install command is deprecated setup.py develop --uninstall --editable --build-directory /home/kch/ros2_ws/build/krac_vision/build
[1.057s] Invoking command in '/home/kch/ros2_ws/src/krac_vision': CMAKE_PREFIX_PATH=/home/kch/ros2_ws/install/krac_interfaces:/home/kch/ros2_ws/install/vision_msgs_rviz_plugins:/home/kch/ros2_ws/install/vision_msgs:/home/kch/ros2_ws/install/px4_ros_com:/home/kch/ros2_ws/install/px4_msgs:/home/kch/ros2_ws/install/krac_utils:/home/kch/ros2_ws/install/krac_mission:/home/kch/ros2_ws/install/krac_control LD_LIBRARY_PATH=/home/kch/ros2_ws/install/krac_interfaces/lib:/home/kch/ros2_ws/install/vision_msgs_rviz_plugins/lib:/home/kch/ros2_ws/install/vision_msgs/lib:/home/kch/ros2_ws/install/px4_ros_com/lib:/home/kch/ros2_ws/install/px4_msgs/lib:/opt/ros/humble/opt/rviz_ogre_vendor/lib:/opt/ros/humble/lib/x86_64-linux-gnu:/opt/ros/humble/lib PYTHONPATH=/home/kch/ros2_ws/build/krac_vision/prefix_override:/usr/lib/python3/dist-packages/colcon_core/task/python/colcon_distutils_commands:/home/kch/ros2_ws/install/krac_vision/lib/python3.10/site-packages:${PYTHONPATH} /usr/bin/python3 -W ignore:setup.py install is deprecated -W ignore:easy_install command is deprecated setup.py egg_info --egg-base ../../build/krac_vision build --build-base /home/kch/ros2_ws/build/krac_vision/build install --record /home/kch/ros2_ws/build/krac_vision/install.log --single-version-externally-managed install_data --force
[1.237s] running egg_info
[1.237s] writing ../../build/krac_vision/krac_vision.egg-info/PKG-INFO
[1.238s] writing dependency_links to ../../build/krac_vision/krac_vision.egg-info/dependency_links.txt
[1.238s] writing entry points to ../../build/krac_vision/krac_vision.egg-info/entry_points.txt
[1.238s] writing requirements to ../../build/krac_vision/krac_vision.egg-info/requires.txt
[1.238s] writing top-level names to ../../build/krac_vision/krac_vision.egg-info/top_level.txt
[1.239s] reading manifest file '../../build/krac_vision/krac_vision.egg-info/SOURCES.txt'
[1.240s] writing manifest file '../../build/krac_vision/krac_vision.egg-info/SOURCES.txt'
[1.240s] running build
[1.240s] running build_py
[1.241s] copying krac_vision/gripper_test.py -> /home/kch/ros2_ws/build/krac_vision/build/lib/krac_vision
[1.241s] running install
[1.241s] running install_lib
[1.242s] creating /home/kch/ros2_ws/install/krac_vision/lib/python3.10/site-packages/krac_vision
[1.242s] copying /home/kch/ros2_ws/build/krac_vision/build/lib/krac_vision/gripper_test.py -> /home/kch/ros2_ws/install/krac_vision/lib/python3.10/site-packages/krac_vision
[1.242s] copying /home/kch/ros2_ws/build/krac_vision/build/lib/krac_vision/__init__.py -> /home/kch/ros2_ws/install/krac_vision/lib/python3.10/site-packages/krac_vision
[1.242s] copying /home/kch/ros2_ws/build/krac_vision/build/lib/krac_vision/vision_tracker.py -> /home/kch/ros2_ws/install/krac_vision/lib/python3.10/site-packages/krac_vision
[1.242s] copying /home/kch/ros2_ws/build/krac_vision/build/lib/krac_vision/yolo_detector.py -> /home/kch/ros2_ws/install/krac_vision/lib/python3.10/site-packages/krac_vision
[1.242s] copying /home/kch/ros2_ws/build/krac_vision/build/lib/krac_vision/landing_marker.py -> /home/kch/ros2_ws/install/krac_vision/lib/python3.10/site-packages/krac_vision
[1.243s] copying /home/kch/ros2_ws/build/krac_vision/build/lib/krac_vision/survivor_yolo.py -> /home/kch/ros2_ws/install/krac_vision/lib/python3.10/site-packages/krac_vision
[1.244s] byte-compiling /home/kch/ros2_ws/install/krac_vision/lib/python3.10/site-packages/krac_vision/gripper_test.py to gripper_test.cpython-310.pyc
[1.244s] byte-compiling /home/kch/ros2_ws/install/krac_vision/lib/python3.10/site-packages/krac_vision/__init__.py to __init__.cpython-310.pyc
[1.244s] byte-compiling /home/kch/ros2_ws/install/krac_vision/lib/python3.10/site-packages/krac_vision/vision_tracker.py to vision_tracker.cpython-310.pyc
[1.246s] byte-compiling /home/kch/ros2_ws/install/krac_vision/lib/python3.10/site-packages/krac_vision/yolo_detector.py to yolo_detector.cpython-310.pyc
[1.247s] byte-compiling /home/kch/ros2_ws/install/krac_vision/lib/python3.10/site-packages/krac_vision/landing_marker.py to landing_marker.cpython-310.pyc
[1.247s] byte-compiling /home/kch/ros2_ws/install/krac_vision/lib/python3.10/site-packages/krac_vision/survivor_yolo.py to survivor_yolo.cpython-310.pyc
[1.247s] running install_data
[1.247s] copying resource/krac_vision -> /home/kch/ros2_ws/install/krac_vision/share/ament_index/resource_index/packages
[1.248s] copying package.xml -> /home/kch/ros2_ws/install/krac_vision/share/krac_vision
[1.248s] copying weights/best.pt -> /home/kch/ros2_ws/install/krac_vision/share/krac_vision/weights
[1.259s] copying launch/yolo_detector.launch.py -> /home/kch/ros2_ws/install/krac_vision/share/krac_vision/launch
[1.259s] running install_egg_info
[1.261s] Copying ../../build/krac_vision/krac_vision.egg-info to /home/kch/ros2_ws/install/krac_vision/lib/python3.10/site-packages/krac_vision-0.0.0-py3.10.egg-info
[1.262s] running install_scripts
[1.278s] Installing vision_tracker script to /home/kch/ros2_ws/install/krac_vision/lib/krac_vision
[1.279s] writing list of installed files to '/home/kch/ros2_ws/build/krac_vision/install.log'
[1.308s] Invoked command in '/home/kch/ros2_ws/src/krac_vision' returned '0': CMAKE_PREFIX_PATH=/home/kch/ros2_ws/install/krac_interfaces:/home/kch/ros2_ws/install/vision_msgs_rviz_plugins:/home/kch/ros2_ws/install/vision_msgs:/home/kch/ros2_ws/install/px4_ros_com:/home/kch/ros2_ws/install/px4_msgs:/home/kch/ros2_ws/install/krac_utils:/home/kch/ros2_ws/install/krac_mission:/home/kch/ros2_ws/install/krac_control LD_LIBRARY_PATH=/home/kch/ros2_ws/install/krac_interfaces/lib:/home/kch/ros2_ws/install/vision_msgs_rviz_plugins/lib:/home/kch/ros2_ws/install/vision_msgs/lib:/home/kch/ros2_ws/install/px4_ros_com/lib:/home/kch/ros2_ws/install/px4_msgs/lib:/opt/ros/humble/opt/rviz_ogre_vendor/lib:/opt/ros/humble/lib/x86_64-linux-gnu:/opt/ros/humble/lib PYTHONPATH=/home/kch/ros2_ws/build/krac_vision/prefix_override:/usr/lib/python3/dist-packages/colcon_core/task/python/colcon_distutils_commands:/home/kch/ros2_ws/install/krac_vision/lib/python3.10/site-packages:${PYTHONPATH} /usr/bin/python3 -W ignore:setup.py install is deprecated -W ignore:easy_install command is deprecated setup.py egg_info --egg-base ../../build/krac_vision build --build-base /home/kch/ros2_ws/build/krac_vision/build install --record /home/kch/ros2_ws/build/krac_vision/install.log --single-version-externally-managed install_data --force
