[0.015s] Invoking command in '/home/kch/ros2_ws/build/krac_interfaces': CMAKE_PREFIX_PATH=${CMAKE_PREFIX_PATH}:/home/kch/ros2_ws/install/krac_vision:/opt/ros/humble /usr/bin/cmake /home/kch/ros2_ws/src/krac_interfaces -DCMAKE_INSTALL_PREFIX=/home/kch/ros2_ws/install/krac_interfaces
[0.027s] -- Found ament_cmake: 1.3.12 (/opt/ros/humble/share/ament_cmake/cmake)
[0.126s] -- Override CMake install command with custom implementation using symlinks instead of copying resources
[0.133s] -- Found rosidl_default_generators: 1.2.0 (/opt/ros/humble/share/rosidl_default_generators/cmake)
[0.142s] -- Using all available rosidl_typesupport_c: rosidl_typesupport_fastrtps_c;rosidl_typesupport_introspection_c
[0.145s] -- Found rosidl_adapter: 3.1.8 (/opt/ros/humble/share/rosidl_adapter/cmake)
[0.175s] -- Using all available rosidl_typesupport_cpp: rosidl_typesupport_fastrtps_cpp;rosidl_typesupport_introspection_cpp
[0.195s] -- Found std_msgs: 4.9.0 (/opt/ros/humble/share/std_msgs/cmake)
[0.472s] -- Found ament_cmake_ros: 0.10.0 (/opt/ros/humble/share/ament_cmake_ros/cmake)
[0.660s] -- Using all available rosidl_typesupport_c: rosidl_typesupport_fastrtps_c;rosidl_typesupport_introspection_c
[0.900s] -- Using all available rosidl_typesupport_cpp: rosidl_typesupport_fastrtps_cpp;rosidl_typesupport_introspection_cpp
[0.922s] -- Found python_cmake_module: 0.10.0 (/opt/ros/humble/share/python_cmake_module/cmake)
[0.944s] -- Using PYTHON_EXECUTABLE: /usr/bin/python3
[0.944s] -- Using PYTHON_INCLUDE_DIRS: /usr/include/python3.10
[0.944s] -- Using PYTHON_LIBRARIES: /usr/lib/x86_64-linux-gnu/libpython3.10.so
[0.979s] -- Configuring done
[1.045s] -- Generating done
[1.056s] -- Build files have been written to: /home/kch/ros2_ws/build/krac_interfaces
[1.064s] Invoked command in '/home/kch/ros2_ws/build/krac_interfaces' returned '0': CMAKE_PREFIX_PATH=${CMAKE_PREFIX_PATH}:/home/kch/ros2_ws/install/krac_vision:/opt/ros/humble /usr/bin/cmake /home/kch/ros2_ws/src/krac_interfaces -DCMAKE_INSTALL_PREFIX=/home/kch/ros2_ws/install/krac_interfaces
[1.066s] Invoking command in '/home/kch/ros2_ws/build/krac_interfaces': CMAKE_PREFIX_PATH=${CMAKE_PREFIX_PATH}:/home/kch/ros2_ws/install/krac_vision:/opt/ros/humble /usr/bin/cmake --build /home/kch/ros2_ws/build/krac_interfaces -- -j16 -l16
[1.110s] [35m[1mConsolidate compiler generated dependencies of target krac_interfaces__rosidl_generator_c[0m
[1.119s] [  2%] Built target krac_interfaces__cpp
[1.121s] [ 12%] Built target krac_interfaces__rosidl_generator_c
[1.128s] [ 12%] Built target ament_cmake_python_symlink_krac_interfaces
[1.131s] [35m[1mConsolidate compiler generated dependencies of target krac_interfaces__rosidl_typesupport_cpp[0m
[1.131s] [35m[1mConsolidate compiler generated dependencies of target krac_interfaces__rosidl_typesupport_introspection_cpp[0m
[1.132s] [35m[1mConsolidate compiler generated dependencies of target krac_interfaces__rosidl_typesupport_fastrtps_cpp[0m
[1.132s] [35m[1mConsolidate compiler generated dependencies of target krac_interfaces__rosidl_typesupport_introspection_c[0m
[1.133s] [35m[1mConsolidate compiler generated dependencies of target krac_interfaces__rosidl_typesupport_c[0m
[1.133s] [35m[1mConsolidate compiler generated dependencies of target krac_interfaces__rosidl_typesupport_fastrtps_c[0m
[1.145s] [ 34%] Built target krac_interfaces__rosidl_typesupport_cpp
[1.145s] [ 34%] Built target krac_interfaces__rosidl_typesupport_c
[1.145s] [ 44%] Built target krac_interfaces__rosidl_typesupport_introspection_cpp
[1.146s] [ 55%] Built target krac_interfaces__rosidl_typesupport_introspection_c
[1.147s] [ 76%] Built target krac_interfaces__rosidl_typesupport_fastrtps_c
[1.147s] [ 76%] Built target krac_interfaces__rosidl_typesupport_fastrtps_cpp
[1.169s] [ 76%] Built target krac_interfaces
[1.192s] [ 78%] Built target krac_interfaces__py
[1.205s] [35m[1mConsolidate compiler generated dependencies of target krac_interfaces__rosidl_generator_py[0m
[1.224s] [ 87%] Built target krac_interfaces__rosidl_generator_py
[1.236s] [35m[1mConsolidate compiler generated dependencies of target krac_interfaces__rosidl_typesupport_fastrtps_c__pyext[0m
[1.236s] [35m[1mConsolidate compiler generated dependencies of target krac_interfaces__rosidl_typesupport_c__pyext[0m
[1.236s] [35m[1mConsolidate compiler generated dependencies of target krac_interfaces__rosidl_typesupport_introspection_c__pyext[0m
[1.250s] [ 95%] Built target krac_interfaces__rosidl_typesupport_fastrtps_c__pyext
[1.250s] [ 95%] Built target krac_interfaces__rosidl_typesupport_c__pyext
[1.250s] [100%] Built target krac_interfaces__rosidl_typesupport_introspection_c__pyext
[1.333s] running egg_info
[1.334s] writing krac_interfaces.egg-info/PKG-INFO
[1.334s] writing dependency_links to krac_interfaces.egg-info/dependency_links.txt
[1.334s] writing top-level names to krac_interfaces.egg-info/top_level.txt
[1.337s] reading manifest file 'krac_interfaces.egg-info/SOURCES.txt'
[1.338s] writing manifest file 'krac_interfaces.egg-info/SOURCES.txt'
[1.375s] [100%] Built target ament_cmake_python_build_krac_interfaces_egg
[1.389s] Invoked command in '/home/kch/ros2_ws/build/krac_interfaces' returned '0': CMAKE_PREFIX_PATH=${CMAKE_PREFIX_PATH}:/home/kch/ros2_ws/install/krac_vision:/opt/ros/humble /usr/bin/cmake --build /home/kch/ros2_ws/build/krac_interfaces -- -j16 -l16
[1.400s] Invoking command in '/home/kch/ros2_ws/build/krac_interfaces': CMAKE_PREFIX_PATH=${CMAKE_PREFIX_PATH}:/home/kch/ros2_ws/install/krac_vision:/opt/ros/humble /usr/bin/cmake --install /home/kch/ros2_ws/build/krac_interfaces
[1.408s] -- Install configuration: ""
[1.408s] -- Execute custom install script
[1.409s] -- Up-to-date symlink: /home/kch/ros2_ws/install/krac_interfaces/share/ament_index/resource_index/rosidl_interfaces/krac_interfaces
[1.410s] -- Up-to-date symlink: /home/kch/ros2_ws/install/krac_interfaces/include/krac_interfaces/krac_interfaces/msg/detail/flight_phase__functions.h
[1.411s] -- Up-to-date symlink: /home/kch/ros2_ws/install/krac_interfaces/include/krac_interfaces/krac_interfaces/msg/detail/flight_phase__struct.h
[1.411s] -- Up-to-date symlink: /home/kch/ros2_ws/install/krac_interfaces/include/krac_interfaces/krac_interfaces/msg/detail/flight_phase__type_support.h
[1.411s] -- Up-to-date symlink: /home/kch/ros2_ws/install/krac_interfaces/include/krac_interfaces/krac_interfaces/msg/detail/target_error__functions.h
[1.411s] -- Up-to-date symlink: /home/kch/ros2_ws/install/krac_interfaces/include/krac_interfaces/krac_interfaces/msg/detail/target_error__struct.h
[1.412s] -- Up-to-date symlink: /home/kch/ros2_ws/install/krac_interfaces/include/krac_interfaces/krac_interfaces/msg/detail/target_error__type_support.h
[1.412s] -- Up-to-date symlink: /home/kch/ros2_ws/install/krac_interfaces/include/krac_interfaces/krac_interfaces/msg/detail/target_info__functions.h
[1.412s] -- Up-to-date symlink: /home/kch/ros2_ws/install/krac_interfaces/include/krac_interfaces/krac_interfaces/msg/detail/target_info__struct.h
[1.413s] -- Up-to-date symlink: /home/kch/ros2_ws/install/krac_interfaces/include/krac_interfaces/krac_interfaces/msg/detail/target_info__type_support.h
[1.413s] -- Up-to-date symlink: /home/kch/ros2_ws/install/krac_interfaces/include/krac_interfaces/krac_interfaces/msg/flight_phase.h
[1.413s] -- Up-to-date symlink: /home/kch/ros2_ws/install/krac_interfaces/include/krac_interfaces/krac_interfaces/msg/rosidl_generator_c__visibility_control.h
[1.413s] -- Up-to-date symlink: /home/kch/ros2_ws/install/krac_interfaces/include/krac_interfaces/krac_interfaces/msg/target_error.h
[1.414s] -- Up-to-date symlink: /home/kch/ros2_ws/install/krac_interfaces/include/krac_interfaces/krac_interfaces/msg/target_info.h
[1.414s] -- Up-to-date symlink: /home/kch/ros2_ws/install/krac_interfaces/share/krac_interfaces/environment/library_path.sh
[1.414s] -- Up-to-date symlink: /home/kch/ros2_ws/install/krac_interfaces/share/krac_interfaces/environment/library_path.dsv
[1.415s] -- Up-to-date symlink: /home/kch/ros2_ws/install/krac_interfaces/include/krac_interfaces/krac_interfaces/msg/detail/flight_phase__rosidl_typesupport_fastrtps_c.h
[1.415s] -- Up-to-date symlink: /home/kch/ros2_ws/install/krac_interfaces/include/krac_interfaces/krac_interfaces/msg/detail/target_error__rosidl_typesupport_fastrtps_c.h
[1.415s] -- Up-to-date symlink: /home/kch/ros2_ws/install/krac_interfaces/include/krac_interfaces/krac_interfaces/msg/detail/target_info__rosidl_typesupport_fastrtps_c.h
[1.415s] -- Up-to-date symlink: /home/kch/ros2_ws/install/krac_interfaces/include/krac_interfaces/krac_interfaces/msg/rosidl_typesupport_fastrtps_c__visibility_control.h
[1.416s] -- Up-to-date symlink: /home/kch/ros2_ws/install/krac_interfaces/include/krac_interfaces/krac_interfaces/msg/detail/flight_phase__rosidl_typesupport_introspection_c.h
[1.416s] -- Up-to-date symlink: /home/kch/ros2_ws/install/krac_interfaces/include/krac_interfaces/krac_interfaces/msg/detail/target_error__rosidl_typesupport_introspection_c.h
[1.416s] -- Up-to-date symlink: /home/kch/ros2_ws/install/krac_interfaces/include/krac_interfaces/krac_interfaces/msg/detail/target_info__rosidl_typesupport_introspection_c.h
[1.416s] -- Up-to-date symlink: /home/kch/ros2_ws/install/krac_interfaces/include/krac_interfaces/krac_interfaces/msg/rosidl_typesupport_introspection_c__visibility_control.h
[1.417s] -- Up-to-date symlink: /home/kch/ros2_ws/install/krac_interfaces/include/krac_interfaces/krac_interfaces/msg/detail/flight_phase__builder.hpp
[1.417s] -- Up-to-date symlink: /home/kch/ros2_ws/install/krac_interfaces/include/krac_interfaces/krac_interfaces/msg/detail/flight_phase__struct.hpp
[1.417s] -- Up-to-date symlink: /home/kch/ros2_ws/install/krac_interfaces/include/krac_interfaces/krac_interfaces/msg/detail/flight_phase__traits.hpp
[1.418s] -- Up-to-date symlink: /home/kch/ros2_ws/install/krac_interfaces/include/krac_interfaces/krac_interfaces/msg/detail/flight_phase__type_support.hpp
[1.418s] -- Up-to-date symlink: /home/kch/ros2_ws/install/krac_interfaces/include/krac_interfaces/krac_interfaces/msg/detail/target_error__builder.hpp
[1.418s] -- Up-to-date symlink: /home/kch/ros2_ws/install/krac_interfaces/include/krac_interfaces/krac_interfaces/msg/detail/target_error__struct.hpp
[1.418s] -- Up-to-date symlink: /home/kch/ros2_ws/install/krac_interfaces/include/krac_interfaces/krac_interfaces/msg/detail/target_error__traits.hpp
[1.418s] -- Up-to-date symlink: /home/kch/ros2_ws/install/krac_interfaces/include/krac_interfaces/krac_interfaces/msg/detail/target_error__type_support.hpp
[1.419s] -- Up-to-date symlink: /home/kch/ros2_ws/install/krac_interfaces/include/krac_interfaces/krac_interfaces/msg/detail/target_info__builder.hpp
[1.419s] -- Up-to-date symlink: /home/kch/ros2_ws/install/krac_interfaces/include/krac_interfaces/krac_interfaces/msg/detail/target_info__struct.hpp
[1.419s] -- Up-to-date symlink: /home/kch/ros2_ws/install/krac_interfaces/include/krac_interfaces/krac_interfaces/msg/detail/target_info__traits.hpp
[1.419s] -- Up-to-date symlink: /home/kch/ros2_ws/install/krac_interfaces/include/krac_interfaces/krac_interfaces/msg/detail/target_info__type_support.hpp
[1.420s] -- Up-to-date symlink: /home/kch/ros2_ws/install/krac_interfaces/include/krac_interfaces/krac_interfaces/msg/flight_phase.hpp
[1.420s] -- Up-to-date symlink: /home/kch/ros2_ws/install/krac_interfaces/include/krac_interfaces/krac_interfaces/msg/rosidl_generator_cpp__visibility_control.hpp
[1.420s] -- Up-to-date symlink: /home/kch/ros2_ws/install/krac_interfaces/include/krac_interfaces/krac_interfaces/msg/target_error.hpp
[1.420s] -- Up-to-date symlink: /home/kch/ros2_ws/install/krac_interfaces/include/krac_interfaces/krac_interfaces/msg/target_info.hpp
[1.421s] -- Up-to-date symlink: /home/kch/ros2_ws/install/krac_interfaces/include/krac_interfaces/krac_interfaces/msg/detail/flight_phase__rosidl_typesupport_fastrtps_cpp.hpp
[1.421s] -- Up-to-date symlink: /home/kch/ros2_ws/install/krac_interfaces/include/krac_interfaces/krac_interfaces/msg/detail/target_error__rosidl_typesupport_fastrtps_cpp.hpp
[1.421s] -- Up-to-date symlink: /home/kch/ros2_ws/install/krac_interfaces/include/krac_interfaces/krac_interfaces/msg/detail/target_info__rosidl_typesupport_fastrtps_cpp.hpp
[1.421s] -- Up-to-date symlink: /home/kch/ros2_ws/install/krac_interfaces/include/krac_interfaces/krac_interfaces/msg/rosidl_typesupport_fastrtps_cpp__visibility_control.h
[1.422s] -- Up-to-date symlink: /home/kch/ros2_ws/install/krac_interfaces/include/krac_interfaces/krac_interfaces/msg/detail/flight_phase__rosidl_typesupport_introspection_cpp.hpp
[1.422s] -- Up-to-date symlink: /home/kch/ros2_ws/install/krac_interfaces/include/krac_interfaces/krac_interfaces/msg/detail/target_error__rosidl_typesupport_introspection_cpp.hpp
[1.422s] -- Up-to-date symlink: /home/kch/ros2_ws/install/krac_interfaces/include/krac_interfaces/krac_interfaces/msg/detail/target_info__rosidl_typesupport_introspection_cpp.hpp
[1.422s] -- Up-to-date symlink: /home/kch/ros2_ws/install/krac_interfaces/share/krac_interfaces/environment/pythonpath.sh
[1.422s] -- Up-to-date symlink: /home/kch/ros2_ws/install/krac_interfaces/share/krac_interfaces/environment/pythonpath.dsv
[1.423s] -- Up-to-date symlink: /home/kch/ros2_ws/install/krac_interfaces/local/lib/python3.10/dist-packages/krac_interfaces-0.0.0-py3.10.egg-info/PKG-INFO
[1.423s] -- Up-to-date symlink: /home/kch/ros2_ws/install/krac_interfaces/local/lib/python3.10/dist-packages/krac_interfaces-0.0.0-py3.10.egg-info/SOURCES.txt
[1.423s] -- Up-to-date symlink: /home/kch/ros2_ws/install/krac_interfaces/local/lib/python3.10/dist-packages/krac_interfaces-0.0.0-py3.10.egg-info/dependency_links.txt
[1.423s] -- Up-to-date symlink: /home/kch/ros2_ws/install/krac_interfaces/local/lib/python3.10/dist-packages/krac_interfaces-0.0.0-py3.10.egg-info/top_level.txt
[1.424s] -- Up-to-date symlink: /home/kch/ros2_ws/install/krac_interfaces/local/lib/python3.10/dist-packages/krac_interfaces/__init__.py
[1.424s] -- Up-to-date symlink: /home/kch/ros2_ws/install/krac_interfaces/local/lib/python3.10/dist-packages/krac_interfaces/_krac_interfaces_s.ep.rosidl_typesupport_c.c
[1.424s] -- Up-to-date symlink: /home/kch/ros2_ws/install/krac_interfaces/local/lib/python3.10/dist-packages/krac_interfaces/_krac_interfaces_s.ep.rosidl_typesupport_fastrtps_c.c
[1.424s] -- Up-to-date symlink: /home/kch/ros2_ws/install/krac_interfaces/local/lib/python3.10/dist-packages/krac_interfaces/_krac_interfaces_s.ep.rosidl_typesupport_introspection_c.c
[1.425s] -- Up-to-date symlink: /home/kch/ros2_ws/install/krac_interfaces/local/lib/python3.10/dist-packages/krac_interfaces/krac_interfaces_s__rosidl_typesupport_c.cpython-310-x86_64-linux-gnu.so
[1.425s] -- Up-to-date symlink: /home/kch/ros2_ws/install/krac_interfaces/local/lib/python3.10/dist-packages/krac_interfaces/krac_interfaces_s__rosidl_typesupport_fastrtps_c.cpython-310-x86_64-linux-gnu.so
[1.425s] -- Up-to-date symlink: /home/kch/ros2_ws/install/krac_interfaces/local/lib/python3.10/dist-packages/krac_interfaces/krac_interfaces_s__rosidl_typesupport_introspection_c.cpython-310-x86_64-linux-gnu.so
[1.425s] -- Up-to-date symlink: /home/kch/ros2_ws/install/krac_interfaces/local/lib/python3.10/dist-packages/krac_interfaces/libkrac_interfaces__rosidl_generator_py.so
[1.426s] -- Up-to-date symlink: /home/kch/ros2_ws/install/krac_interfaces/local/lib/python3.10/dist-packages/krac_interfaces/msg/__init__.py
[1.426s] -- Up-to-date symlink: /home/kch/ros2_ws/install/krac_interfaces/local/lib/python3.10/dist-packages/krac_interfaces/msg/_flight_phase.py
[1.426s] -- Up-to-date symlink: /home/kch/ros2_ws/install/krac_interfaces/local/lib/python3.10/dist-packages/krac_interfaces/msg/_flight_phase_s.c
[1.426s] -- Up-to-date symlink: /home/kch/ros2_ws/install/krac_interfaces/local/lib/python3.10/dist-packages/krac_interfaces/msg/_target_error.py
[1.426s] -- Up-to-date symlink: /home/kch/ros2_ws/install/krac_interfaces/local/lib/python3.10/dist-packages/krac_interfaces/msg/_target_error_s.c
[1.427s] -- Up-to-date symlink: /home/kch/ros2_ws/install/krac_interfaces/local/lib/python3.10/dist-packages/krac_interfaces/msg/_target_info.py
[1.427s] -- Up-to-date symlink: /home/kch/ros2_ws/install/krac_interfaces/local/lib/python3.10/dist-packages/krac_interfaces/msg/_target_info_s.c
[1.427s] -- Up-to-date symlink: /home/kch/ros2_ws/install/krac_interfaces/local/lib/python3.10/dist-packages/krac_interfaces/krac_interfaces_s__rosidl_typesupport_fastrtps_c.cpython-310-x86_64-linux-gnu.so
[1.427s] -- Up-to-date symlink: /home/kch/ros2_ws/install/krac_interfaces/local/lib/python3.10/dist-packages/krac_interfaces/krac_interfaces_s__rosidl_typesupport_introspection_c.cpython-310-x86_64-linux-gnu.so
[1.427s] -- Up-to-date symlink: /home/kch/ros2_ws/install/krac_interfaces/local/lib/python3.10/dist-packages/krac_interfaces/krac_interfaces_s__rosidl_typesupport_c.cpython-310-x86_64-linux-gnu.so
[1.428s] -- Up-to-date symlink: /home/kch/ros2_ws/install/krac_interfaces/share/krac_interfaces/msg/FlightPhase.idl
[1.428s] -- Up-to-date symlink: /home/kch/ros2_ws/install/krac_interfaces/share/krac_interfaces/msg/TargetInfo.idl
[1.428s] -- Up-to-date symlink: /home/kch/ros2_ws/install/krac_interfaces/share/krac_interfaces/msg/TargetError.idl
[1.428s] -- Up-to-date symlink: /home/kch/ros2_ws/install/krac_interfaces/share/krac_interfaces/msg/FlightPhase.msg
[1.428s] -- Up-to-date symlink: /home/kch/ros2_ws/install/krac_interfaces/share/krac_interfaces/msg/TargetInfo.msg
[1.429s] -- Up-to-date symlink: /home/kch/ros2_ws/install/krac_interfaces/share/krac_interfaces/msg/TargetError.msg
[1.429s] -- Up-to-date symlink: /home/kch/ros2_ws/install/krac_interfaces/share/ament_index/resource_index/package_run_dependencies/krac_interfaces
[1.429s] -- Up-to-date symlink: /home/kch/ros2_ws/install/krac_interfaces/share/ament_index/resource_index/parent_prefix_path/krac_interfaces
[1.429s] -- Up-to-date symlink: /home/kch/ros2_ws/install/krac_interfaces/share/krac_interfaces/environment/ament_prefix_path.sh
[1.430s] -- Up-to-date symlink: /home/kch/ros2_ws/install/krac_interfaces/share/krac_interfaces/environment/ament_prefix_path.dsv
[1.430s] -- Up-to-date symlink: /home/kch/ros2_ws/install/krac_interfaces/share/krac_interfaces/environment/path.sh
[1.430s] -- Up-to-date symlink: /home/kch/ros2_ws/install/krac_interfaces/share/krac_interfaces/environment/path.dsv
[1.430s] -- Up-to-date symlink: /home/kch/ros2_ws/install/krac_interfaces/share/krac_interfaces/local_setup.bash
[1.430s] -- Up-to-date symlink: /home/kch/ros2_ws/install/krac_interfaces/share/krac_interfaces/local_setup.sh
[1.430s] -- Up-to-date symlink: /home/kch/ros2_ws/install/krac_interfaces/share/krac_interfaces/local_setup.zsh
[1.430s] -- Up-to-date symlink: /home/kch/ros2_ws/install/krac_interfaces/share/krac_interfaces/local_setup.dsv
[1.430s] -- Symlinking: /home/kch/ros2_ws/install/krac_interfaces/share/krac_interfaces/package.dsv
[1.441s] -- Up-to-date symlink: /home/kch/ros2_ws/install/krac_interfaces/share/ament_index/resource_index/packages/krac_interfaces
[1.441s] -- Up-to-date symlink: /home/kch/ros2_ws/install/krac_interfaces/share/krac_interfaces/cmake/rosidl_cmake-extras.cmake
[1.441s] -- Up-to-date symlink: /home/kch/ros2_ws/install/krac_interfaces/share/krac_interfaces/cmake/ament_cmake_export_dependencies-extras.cmake
[1.441s] -- Up-to-date symlink: /home/kch/ros2_ws/install/krac_interfaces/share/krac_interfaces/cmake/ament_cmake_export_include_directories-extras.cmake
[1.441s] -- Up-to-date symlink: /home/kch/ros2_ws/install/krac_interfaces/share/krac_interfaces/cmake/ament_cmake_export_libraries-extras.cmake
[1.441s] -- Up-to-date symlink: /home/kch/ros2_ws/install/krac_interfaces/share/krac_interfaces/cmake/ament_cmake_export_targets-extras.cmake
[1.441s] -- Up-to-date symlink: /home/kch/ros2_ws/install/krac_interfaces/share/krac_interfaces/cmake/rosidl_cmake_export_typesupport_targets-extras.cmake
[1.441s] -- Up-to-date symlink: /home/kch/ros2_ws/install/krac_interfaces/share/krac_interfaces/cmake/rosidl_cmake_export_typesupport_libraries-extras.cmake
[1.441s] -- Up-to-date symlink: /home/kch/ros2_ws/install/krac_interfaces/share/krac_interfaces/cmake/krac_interfacesConfig.cmake
[1.442s] -- Up-to-date symlink: /home/kch/ros2_ws/install/krac_interfaces/share/krac_interfaces/cmake/krac_interfacesConfig-version.cmake
[1.442s] -- Up-to-date symlink: /home/kch/ros2_ws/install/krac_interfaces/share/krac_interfaces/package.xml
[1.443s] -- Up-to-date: /home/kch/ros2_ws/install/krac_interfaces/lib/libkrac_interfaces__rosidl_generator_c.so
[1.443s] -- Up-to-date: /home/kch/ros2_ws/install/krac_interfaces/lib/libkrac_interfaces__rosidl_typesupport_fastrtps_c.so
[1.444s] -- Up-to-date: /home/kch/ros2_ws/install/krac_interfaces/lib/libkrac_interfaces__rosidl_typesupport_introspection_c.so
[1.445s] -- Up-to-date: /home/kch/ros2_ws/install/krac_interfaces/lib/libkrac_interfaces__rosidl_typesupport_c.so
[1.445s] -- Up-to-date: /home/kch/ros2_ws/install/krac_interfaces/lib/libkrac_interfaces__rosidl_typesupport_fastrtps_cpp.so
[1.446s] -- Up-to-date: /home/kch/ros2_ws/install/krac_interfaces/lib/libkrac_interfaces__rosidl_typesupport_introspection_cpp.so
[1.446s] -- Up-to-date: /home/kch/ros2_ws/install/krac_interfaces/lib/libkrac_interfaces__rosidl_typesupport_cpp.so
[1.479s] Listing '/home/kch/ros2_ws/install/krac_interfaces/local/lib/python3.10/dist-packages/krac_interfaces'...
[1.479s] Compiling '/home/kch/ros2_ws/install/krac_interfaces/local/lib/python3.10/dist-packages/krac_interfaces/__init__.py'...
[1.479s] Listing '/home/kch/ros2_ws/install/krac_interfaces/local/lib/python3.10/dist-packages/krac_interfaces/msg'...
[1.484s] -- Up-to-date: /home/kch/ros2_ws/install/krac_interfaces/lib/libkrac_interfaces__rosidl_generator_py.so
[1.485s] -- Up-to-date: /home/kch/ros2_ws/install/krac_interfaces/share/krac_interfaces/cmake/export_krac_interfaces__rosidl_generator_cExport.cmake
[1.485s] -- Up-to-date: /home/kch/ros2_ws/install/krac_interfaces/share/krac_interfaces/cmake/export_krac_interfaces__rosidl_generator_cExport-noconfig.cmake
[1.485s] -- Up-to-date: /home/kch/ros2_ws/install/krac_interfaces/share/krac_interfaces/cmake/export_krac_interfaces__rosidl_typesupport_fastrtps_cExport.cmake
[1.485s] -- Up-to-date: /home/kch/ros2_ws/install/krac_interfaces/share/krac_interfaces/cmake/export_krac_interfaces__rosidl_typesupport_fastrtps_cExport-noconfig.cmake
[1.485s] -- Up-to-date: /home/kch/ros2_ws/install/krac_interfaces/share/krac_interfaces/cmake/krac_interfaces__rosidl_typesupport_introspection_cExport.cmake
[1.485s] -- Up-to-date: /home/kch/ros2_ws/install/krac_interfaces/share/krac_interfaces/cmake/krac_interfaces__rosidl_typesupport_introspection_cExport-noconfig.cmake
[1.485s] -- Up-to-date: /home/kch/ros2_ws/install/krac_interfaces/share/krac_interfaces/cmake/krac_interfaces__rosidl_typesupport_cExport.cmake
[1.485s] -- Up-to-date: /home/kch/ros2_ws/install/krac_interfaces/share/krac_interfaces/cmake/krac_interfaces__rosidl_typesupport_cExport-noconfig.cmake
[1.485s] -- Up-to-date: /home/kch/ros2_ws/install/krac_interfaces/share/krac_interfaces/cmake/export_krac_interfaces__rosidl_generator_cppExport.cmake
[1.486s] -- Up-to-date: /home/kch/ros2_ws/install/krac_interfaces/share/krac_interfaces/cmake/export_krac_interfaces__rosidl_typesupport_fastrtps_cppExport.cmake
[1.486s] -- Up-to-date: /home/kch/ros2_ws/install/krac_interfaces/share/krac_interfaces/cmake/export_krac_interfaces__rosidl_typesupport_fastrtps_cppExport-noconfig.cmake
[1.486s] -- Up-to-date: /home/kch/ros2_ws/install/krac_interfaces/share/krac_interfaces/cmake/krac_interfaces__rosidl_typesupport_introspection_cppExport.cmake
[1.486s] -- Up-to-date: /home/kch/ros2_ws/install/krac_interfaces/share/krac_interfaces/cmake/krac_interfaces__rosidl_typesupport_introspection_cppExport-noconfig.cmake
[1.486s] -- Up-to-date: /home/kch/ros2_ws/install/krac_interfaces/share/krac_interfaces/cmake/krac_interfaces__rosidl_typesupport_cppExport.cmake
[1.486s] -- Up-to-date: /home/kch/ros2_ws/install/krac_interfaces/share/krac_interfaces/cmake/krac_interfaces__rosidl_typesupport_cppExport-noconfig.cmake
[1.486s] -- Up-to-date: /home/kch/ros2_ws/install/krac_interfaces/share/krac_interfaces/cmake/export_krac_interfaces__rosidl_generator_pyExport.cmake
[1.486s] -- Up-to-date: /home/kch/ros2_ws/install/krac_interfaces/share/krac_interfaces/cmake/export_krac_interfaces__rosidl_generator_pyExport-noconfig.cmake
[1.489s] Invoked command in '/home/kch/ros2_ws/build/krac_interfaces' returned '0': CMAKE_PREFIX_PATH=${CMAKE_PREFIX_PATH}:/home/kch/ros2_ws/install/krac_vision:/opt/ros/humble /usr/bin/cmake --install /home/kch/ros2_ws/build/krac_interfaces
