[0.399s] Invoking command in '/home/kch/ros2_ws/src/krac_vision': CMAKE_PREFIX_PATH=/home/kch/ros2_ws/install/krac_interfaces:/home/kch/ros2_ws/install/vision_msgs_rviz_plugins:/home/kch/ros2_ws/install/vision_msgs:/home/kch/ros2_ws/install/px4_ros_com:/home/kch/ros2_ws/install/px4_msgs:/home/kch/ros2_ws/install/krac_utils:/home/kch/ros2_ws/install/krac_mission:/home/kch/ros2_ws/install/krac_control LD_LIBRARY_PATH=/home/kch/ros2_ws/install/krac_interfaces/lib:/home/kch/ros2_ws/install/vision_msgs_rviz_plugins/lib:/home/kch/ros2_ws/install/vision_msgs/lib:/home/kch/ros2_ws/install/px4_ros_com/lib:/home/kch/ros2_ws/install/px4_msgs/lib:/opt/ros/humble/opt/rviz_ogre_vendor/lib:/opt/ros/humble/lib/x86_64-linux-gnu:/opt/ros/humble/lib PYTHONPATH=/home/kch/ros2_ws/build/krac_vision/prefix_override:/usr/lib/python3/dist-packages/colcon_core/task/python/colcon_distutils_commands:/home/kch/ros2_ws/install/krac_vision/lib/python3.10/site-packages:${PYTHONPATH} /usr/bin/python3 -W ignore:setup.py install is deprecated -W ignore:easy_install command is deprecated setup.py egg_info --egg-base ../../build/krac_vision build --build-base /home/kch/ros2_ws/build/krac_vision/build install --record /home/kch/ros2_ws/build/krac_vision/install.log --single-version-externally-managed install_data
[0.537s] running egg_info
[0.537s] writing ../../build/krac_vision/krac_vision.egg-info/PKG-INFO
[0.537s] writing dependency_links to ../../build/krac_vision/krac_vision.egg-info/dependency_links.txt
[0.537s] writing entry points to ../../build/krac_vision/krac_vision.egg-info/entry_points.txt
[0.538s] writing requirements to ../../build/krac_vision/krac_vision.egg-info/requires.txt
[0.538s] writing top-level names to ../../build/krac_vision/krac_vision.egg-info/top_level.txt
[0.538s] reading manifest file '../../build/krac_vision/krac_vision.egg-info/SOURCES.txt'
[0.539s] writing manifest file '../../build/krac_vision/krac_vision.egg-info/SOURCES.txt'
[0.539s] running build
[0.539s] running build_py
[0.539s] running install
[0.539s] running install_lib
[0.540s] running install_data
[0.540s] running install_egg_info
[0.541s] removing '/home/kch/ros2_ws/install/krac_vision/lib/python3.10/site-packages/krac_vision-0.0.0-py3.10.egg-info' (and everything under it)
[0.541s] Copying ../../build/krac_vision/krac_vision.egg-info to /home/kch/ros2_ws/install/krac_vision/lib/python3.10/site-packages/krac_vision-0.0.0-py3.10.egg-info
[0.542s] running install_scripts
[0.554s] Installing vision_tracker script to /home/kch/ros2_ws/install/krac_vision/lib/krac_vision
[0.554s] writing list of installed files to '/home/kch/ros2_ws/build/krac_vision/install.log'
[0.570s] Invoked command in '/home/kch/ros2_ws/src/krac_vision' returned '0': CMAKE_PREFIX_PATH=/home/kch/ros2_ws/install/krac_interfaces:/home/kch/ros2_ws/install/vision_msgs_rviz_plugins:/home/kch/ros2_ws/install/vision_msgs:/home/kch/ros2_ws/install/px4_ros_com:/home/kch/ros2_ws/install/px4_msgs:/home/kch/ros2_ws/install/krac_utils:/home/kch/ros2_ws/install/krac_mission:/home/kch/ros2_ws/install/krac_control LD_LIBRARY_PATH=/home/kch/ros2_ws/install/krac_interfaces/lib:/home/kch/ros2_ws/install/vision_msgs_rviz_plugins/lib:/home/kch/ros2_ws/install/vision_msgs/lib:/home/kch/ros2_ws/install/px4_ros_com/lib:/home/kch/ros2_ws/install/px4_msgs/lib:/opt/ros/humble/opt/rviz_ogre_vendor/lib:/opt/ros/humble/lib/x86_64-linux-gnu:/opt/ros/humble/lib PYTHONPATH=/home/kch/ros2_ws/build/krac_vision/prefix_override:/usr/lib/python3/dist-packages/colcon_core/task/python/colcon_distutils_commands:/home/kch/ros2_ws/install/krac_vision/lib/python3.10/site-packages:${PYTHONPATH} /usr/bin/python3 -W ignore:setup.py install is deprecated -W ignore:easy_install command is deprecated setup.py egg_info --egg-base ../../build/krac_vision build --build-base /home/kch/ros2_ws/build/krac_vision/build install --record /home/kch/ros2_ws/build/krac_vision/install.log --single-version-externally-managed install_data
