running egg_info
writing ../../build/krac_vision/krac_vision.egg-info/PKG-INFO
writing dependency_links to ../../build/krac_vision/krac_vision.egg-info/dependency_links.txt
writing entry points to ../../build/krac_vision/krac_vision.egg-info/entry_points.txt
writing requirements to ../../build/krac_vision/krac_vision.egg-info/requires.txt
writing top-level names to ../../build/krac_vision/krac_vision.egg-info/top_level.txt
reading manifest file '../../build/krac_vision/krac_vision.egg-info/SOURCES.txt'
writing manifest file '../../build/krac_vision/krac_vision.egg-info/SOURCES.txt'
running build
running build_py
copying krac_vision/vision_tracker.py -> /home/kch/ros2_ws/build/krac_vision/build/lib/krac_vision
running install
running install_lib
copying /home/kch/ros2_ws/build/krac_vision/build/lib/krac_vision/vision_tracker.py -> /home/kch/ros2_ws/install/krac_vision/lib/python3.10/site-packages/krac_vision
byte-compiling /home/kch/ros2_ws/install/krac_vision/lib/python3.10/site-packages/krac_vision/vision_tracker.py to vision_tracker.cpython-310.pyc
running install_data
running install_egg_info
removing '/home/kch/ros2_ws/install/krac_vision/lib/python3.10/site-packages/krac_vision-0.0.0-py3.10.egg-info' (and everything under it)
Copying ../../build/krac_vision/krac_vision.egg-info to /home/kch/ros2_ws/install/krac_vision/lib/python3.10/site-packages/krac_vision-0.0.0-py3.10.egg-info
running install_scripts
Installing vision_tracker script to /home/kch/ros2_ws/install/krac_vision/lib/krac_vision
writing list of installed files to '/home/kch/ros2_ws/build/krac_vision/install.log'
