[0.429s] Invoking command in '/home/kch/ros2_ws/src/krac_vision': AMENT_PREFIX_PATH=/home/kch/ros2_ws/install/krac_interfaces:${AMENT_PREFIX_PATH} CMAKE_PREFIX_PATH=/home/kch/ros2_ws/install/krac_interfaces LD_LIBRARY_PATH=/home/kch/ros2_ws/install/krac_interfaces/lib:${LD_LIBRARY_PATH} PYTHONPATH=/home/kch/ros2_ws/build/krac_vision/prefix_override:/usr/lib/python3/dist-packages/colcon_core/task/python/colcon_distutils_commands:/home/kch/ros2_ws/install/krac_vision/lib/python3.10/site-packages:/home/kch/ros2_ws/install/krac_interfaces/local/lib/python3.10/dist-packages:${PYTHONPATH} /usr/bin/python3 -W ignore:setup.py install is deprecated -W ignore:easy_install command is deprecated setup.py egg_info --egg-base ../../build/krac_vision build --build-base /home/kch/ros2_ws/build/krac_vision/build install --record /home/kch/ros2_ws/build/krac_vision/install.log --single-version-externally-managed install_data
[0.557s] running egg_info
[0.558s] writing ../../build/krac_vision/krac_vision.egg-info/PKG-INFO
[0.558s] writing dependency_links to ../../build/krac_vision/krac_vision.egg-info/dependency_links.txt
[0.558s] writing entry points to ../../build/krac_vision/krac_vision.egg-info/entry_points.txt
[0.558s] writing requirements to ../../build/krac_vision/krac_vision.egg-info/requires.txt
[0.558s] writing top-level names to ../../build/krac_vision/krac_vision.egg-info/top_level.txt
[0.560s] reading manifest file '../../build/krac_vision/krac_vision.egg-info/SOURCES.txt'
[0.560s] writing manifest file '../../build/krac_vision/krac_vision.egg-info/SOURCES.txt'
[0.561s] running build
[0.561s] running build_py
[0.561s] running install
[0.562s] running install_lib
[0.563s] running install_data
[0.564s] running install_egg_info
[0.564s] removing '/home/kch/ros2_ws/install/krac_vision/lib/python3.10/site-packages/krac_vision-0.0.0-py3.10.egg-info' (and everything under it)
[0.565s] Copying ../../build/krac_vision/krac_vision.egg-info to /home/kch/ros2_ws/install/krac_vision/lib/python3.10/site-packages/krac_vision-0.0.0-py3.10.egg-info
[0.565s] running install_scripts
[0.577s] Installing vision_tracker script to /home/kch/ros2_ws/install/krac_vision/lib/krac_vision
[0.577s] writing list of installed files to '/home/kch/ros2_ws/build/krac_vision/install.log'
[0.593s] Invoked command in '/home/kch/ros2_ws/src/krac_vision' returned '0': AMENT_PREFIX_PATH=/home/kch/ros2_ws/install/krac_interfaces:${AMENT_PREFIX_PATH} CMAKE_PREFIX_PATH=/home/kch/ros2_ws/install/krac_interfaces LD_LIBRARY_PATH=/home/kch/ros2_ws/install/krac_interfaces/lib:${LD_LIBRARY_PATH} PYTHONPATH=/home/kch/ros2_ws/build/krac_vision/prefix_override:/usr/lib/python3/dist-packages/colcon_core/task/python/colcon_distutils_commands:/home/kch/ros2_ws/install/krac_vision/lib/python3.10/site-packages:/home/kch/ros2_ws/install/krac_interfaces/local/lib/python3.10/dist-packages:${PYTHONPATH} /usr/bin/python3 -W ignore:setup.py install is deprecated -W ignore:easy_install command is deprecated setup.py egg_info --egg-base ../../build/krac_vision build --build-base /home/kch/ros2_ws/build/krac_vision/build install --record /home/kch/ros2_ws/build/krac_vision/install.log --single-version-externally-managed install_data
