[0.010s] Invoking command in '/home/kch/ros2_ws/build/krac_interfaces': CMAKE_PREFIX_PATH=/opt/ros/humble /usr/bin/cmake /home/kch/ros2_ws/src/krac_interfaces -DAMENT_CMAKE_SYMLINK_INSTALL=1 -DCMAKE_INSTALL_PREFIX=/home/kch/ros2_ws/install/krac_interfaces
[0.033s] -- Found ament_cmake: 1.3.12 (/opt/ros/humble/share/ament_cmake/cmake)
[0.128s] -- Override CMake install command with custom implementation using symlinks instead of copying resources
[0.140s] -- Found rosidl_default_generators: 1.2.0 (/opt/ros/humble/share/rosidl_default_generators/cmake)
[0.143s] -- Using all available rosidl_typesupport_c: rosidl_typesupport_fastrtps_c;rosidl_typesupport_introspection_c
[0.146s] -- Found rosidl_adapter: 3.1.8 (/opt/ros/humble/share/rosidl_adapter/cmake)
[0.175s] -- Using all available rosidl_typesupport_cpp: rosidl_typesupport_fastrtps_cpp;rosidl_typesupport_introspection_cpp
[0.193s] -- Found std_msgs: 4.9.0 (/opt/ros/humble/share/std_msgs/cmake)
[0.414s] -- Found ament_cmake_ros: 0.10.0 (/opt/ros/humble/share/ament_cmake_ros/cmake)
[0.572s] -- Using all available rosidl_typesupport_c: rosidl_typesupport_fastrtps_c;rosidl_typesupport_introspection_c
[0.766s] -- Using all available rosidl_typesupport_cpp: rosidl_typesupport_fastrtps_cpp;rosidl_typesupport_introspection_cpp
[0.782s] -- Found python_cmake_module: 0.10.0 (/opt/ros/humble/share/python_cmake_module/cmake)
[0.799s] -- Using PYTHON_EXECUTABLE: /usr/bin/python3
[0.799s] -- Using PYTHON_INCLUDE_DIRS: /usr/include/python3.10
[0.799s] -- Using PYTHON_LIBRARIES: /usr/lib/x86_64-linux-gnu/libpython3.10.so
[0.827s] -- Configuring done
[0.856s] -- Generating done
[0.863s] -- Build files have been written to: /home/kch/ros2_ws/build/krac_interfaces
[0.869s] Invoked command in '/home/kch/ros2_ws/build/krac_interfaces' returned '0': CMAKE_PREFIX_PATH=/opt/ros/humble /usr/bin/cmake /home/kch/ros2_ws/src/krac_interfaces -DAMENT_CMAKE_SYMLINK_INSTALL=1 -DCMAKE_INSTALL_PREFIX=/home/kch/ros2_ws/install/krac_interfaces
[0.870s] Invoking command in '/home/kch/ros2_ws/build/krac_interfaces': CMAKE_PREFIX_PATH=/opt/ros/humble /usr/bin/cmake --build /home/kch/ros2_ws/build/krac_interfaces -- -j16 -l16
[0.908s] [35m[1mConsolidate compiler generated dependencies of target krac_interfaces__rosidl_generator_c[0m
[0.917s] [  2%] Built target krac_interfaces__cpp
[0.918s] [ 12%] Built target krac_interfaces__rosidl_generator_c
[0.926s] [ 12%] Built target ament_cmake_python_symlink_krac_interfaces
[0.927s] [35m[1mConsolidate compiler generated dependencies of target krac_interfaces__rosidl_typesupport_c[0m
[0.927s] [35m[1mConsolidate compiler generated dependencies of target krac_interfaces__rosidl_typesupport_introspection_c[0m
[0.927s] [35m[1mConsolidate compiler generated dependencies of target krac_interfaces__rosidl_typesupport_cpp[0m
[0.927s] [35m[1mConsolidate compiler generated dependencies of target krac_interfaces__rosidl_typesupport_introspection_cpp[0m
[0.927s] [35m[1mConsolidate compiler generated dependencies of target krac_interfaces__rosidl_typesupport_fastrtps_c[0m
[0.928s] [35m[1mConsolidate compiler generated dependencies of target krac_interfaces__rosidl_typesupport_fastrtps_cpp[0m
[0.935s] [ 23%] Built target krac_interfaces__rosidl_typesupport_c
[0.935s] [ 34%] Built target krac_interfaces__rosidl_typesupport_introspection_c
[0.936s] [ 44%] Built target krac_interfaces__rosidl_typesupport_cpp
[0.936s] [ 55%] Built target krac_interfaces__rosidl_typesupport_fastrtps_c
[0.938s] [ 65%] Built target krac_interfaces__rosidl_typesupport_introspection_cpp
[0.938s] [ 76%] Built target krac_interfaces__rosidl_typesupport_fastrtps_cpp
[0.954s] [ 76%] Built target krac_interfaces
[0.971s] [ 78%] Built target krac_interfaces__py
[0.981s] [35m[1mConsolidate compiler generated dependencies of target krac_interfaces__rosidl_generator_py[0m
[0.992s] [ 87%] Built target krac_interfaces__rosidl_generator_py
[1.001s] [35m[1mConsolidate compiler generated dependencies of target krac_interfaces__rosidl_typesupport_introspection_c__pyext[0m
[1.001s] [35m[1mConsolidate compiler generated dependencies of target krac_interfaces__rosidl_typesupport_c__pyext[0m
[1.001s] [35m[1mConsolidate compiler generated dependencies of target krac_interfaces__rosidl_typesupport_fastrtps_c__pyext[0m
[1.011s] [ 95%] Built target krac_interfaces__rosidl_typesupport_c__pyext
[1.011s] [ 95%] Built target krac_interfaces__rosidl_typesupport_introspection_c__pyext
[1.011s] [100%] Built target krac_interfaces__rosidl_typesupport_fastrtps_c__pyext
[1.064s] running egg_info
[1.064s] writing krac_interfaces.egg-info/PKG-INFO
[1.065s] writing dependency_links to krac_interfaces.egg-info/dependency_links.txt
[1.065s] writing top-level names to krac_interfaces.egg-info/top_level.txt
[1.066s] reading manifest file 'krac_interfaces.egg-info/SOURCES.txt'
[1.066s] writing manifest file 'krac_interfaces.egg-info/SOURCES.txt'
[1.091s] [100%] Built target ament_cmake_python_build_krac_interfaces_egg
[1.100s] Invoked command in '/home/kch/ros2_ws/build/krac_interfaces' returned '0': CMAKE_PREFIX_PATH=/opt/ros/humble /usr/bin/cmake --build /home/kch/ros2_ws/build/krac_interfaces -- -j16 -l16
[1.108s] Invoking command in '/home/kch/ros2_ws/build/krac_interfaces': CMAKE_PREFIX_PATH=/opt/ros/humble /usr/bin/cmake --install /home/kch/ros2_ws/build/krac_interfaces
[1.114s] -- Install configuration: ""
[1.114s] -- Execute custom install script
[1.114s] -- Up-to-date symlink: /home/kch/ros2_ws/install/krac_interfaces/share/ament_index/resource_index/rosidl_interfaces/krac_interfaces
[1.114s] -- Up-to-date symlink: /home/kch/ros2_ws/install/krac_interfaces/include/krac_interfaces/krac_interfaces/msg/detail/flight_phase__functions.h
[1.114s] -- Up-to-date symlink: /home/kch/ros2_ws/install/krac_interfaces/include/krac_interfaces/krac_interfaces/msg/detail/flight_phase__struct.h
[1.115s] -- Up-to-date symlink: /home/kch/ros2_ws/install/krac_interfaces/include/krac_interfaces/krac_interfaces/msg/detail/flight_phase__type_support.h
[1.115s] -- Up-to-date symlink: /home/kch/ros2_ws/install/krac_interfaces/include/krac_interfaces/krac_interfaces/msg/detail/target_error__functions.h
[1.115s] -- Up-to-date symlink: /home/kch/ros2_ws/install/krac_interfaces/include/krac_interfaces/krac_interfaces/msg/detail/target_error__struct.h
[1.115s] -- Up-to-date symlink: /home/kch/ros2_ws/install/krac_interfaces/include/krac_interfaces/krac_interfaces/msg/detail/target_error__type_support.h
[1.115s] -- Up-to-date symlink: /home/kch/ros2_ws/install/krac_interfaces/include/krac_interfaces/krac_interfaces/msg/detail/target_info__functions.h
[1.115s] -- Up-to-date symlink: /home/kch/ros2_ws/install/krac_interfaces/include/krac_interfaces/krac_interfaces/msg/detail/target_info__struct.h
[1.115s] -- Up-to-date symlink: /home/kch/ros2_ws/install/krac_interfaces/include/krac_interfaces/krac_interfaces/msg/detail/target_info__type_support.h
[1.115s] -- Up-to-date symlink: /home/kch/ros2_ws/install/krac_interfaces/include/krac_interfaces/krac_interfaces/msg/flight_phase.h
[1.115s] -- Up-to-date symlink: /home/kch/ros2_ws/install/krac_interfaces/include/krac_interfaces/krac_interfaces/msg/rosidl_generator_c__visibility_control.h
[1.115s] -- Up-to-date symlink: /home/kch/ros2_ws/install/krac_interfaces/include/krac_interfaces/krac_interfaces/msg/target_error.h
[1.115s] -- Up-to-date symlink: /home/kch/ros2_ws/install/krac_interfaces/include/krac_interfaces/krac_interfaces/msg/target_info.h
[1.115s] -- Up-to-date symlink: /home/kch/ros2_ws/install/krac_interfaces/share/krac_interfaces/environment/library_path.sh
[1.115s] -- Up-to-date symlink: /home/kch/ros2_ws/install/krac_interfaces/share/krac_interfaces/environment/library_path.dsv
[1.116s] -- Up-to-date symlink: /home/kch/ros2_ws/install/krac_interfaces/include/krac_interfaces/krac_interfaces/msg/detail/flight_phase__rosidl_typesupport_fastrtps_c.h
[1.116s] -- Up-to-date symlink: /home/kch/ros2_ws/install/krac_interfaces/include/krac_interfaces/krac_interfaces/msg/detail/target_error__rosidl_typesupport_fastrtps_c.h
[1.116s] -- Up-to-date symlink: /home/kch/ros2_ws/install/krac_interfaces/include/krac_interfaces/krac_interfaces/msg/detail/target_info__rosidl_typesupport_fastrtps_c.h
[1.116s] -- Up-to-date symlink: /home/kch/ros2_ws/install/krac_interfaces/include/krac_interfaces/krac_interfaces/msg/rosidl_typesupport_fastrtps_c__visibility_control.h
[1.116s] -- Up-to-date symlink: /home/kch/ros2_ws/install/krac_interfaces/include/krac_interfaces/krac_interfaces/msg/detail/flight_phase__rosidl_typesupport_introspection_c.h
[1.116s] -- Up-to-date symlink: /home/kch/ros2_ws/install/krac_interfaces/include/krac_interfaces/krac_interfaces/msg/detail/target_error__rosidl_typesupport_introspection_c.h
[1.116s] -- Up-to-date symlink: /home/kch/ros2_ws/install/krac_interfaces/include/krac_interfaces/krac_interfaces/msg/detail/target_info__rosidl_typesupport_introspection_c.h
[1.116s] -- Up-to-date symlink: /home/kch/ros2_ws/install/krac_interfaces/include/krac_interfaces/krac_interfaces/msg/rosidl_typesupport_introspection_c__visibility_control.h
[1.116s] -- Up-to-date symlink: /home/kch/ros2_ws/install/krac_interfaces/include/krac_interfaces/krac_interfaces/msg/detail/flight_phase__builder.hpp
[1.116s] -- Up-to-date symlink: /home/kch/ros2_ws/install/krac_interfaces/include/krac_interfaces/krac_interfaces/msg/detail/flight_phase__struct.hpp
[1.117s] -- Up-to-date symlink: /home/kch/ros2_ws/install/krac_interfaces/include/krac_interfaces/krac_interfaces/msg/detail/flight_phase__traits.hpp
[1.117s] -- Up-to-date symlink: /home/kch/ros2_ws/install/krac_interfaces/include/krac_interfaces/krac_interfaces/msg/detail/flight_phase__type_support.hpp
[1.117s] -- Up-to-date symlink: /home/kch/ros2_ws/install/krac_interfaces/include/krac_interfaces/krac_interfaces/msg/detail/target_error__builder.hpp
[1.117s] -- Up-to-date symlink: /home/kch/ros2_ws/install/krac_interfaces/include/krac_interfaces/krac_interfaces/msg/detail/target_error__struct.hpp
[1.117s] -- Up-to-date symlink: /home/kch/ros2_ws/install/krac_interfaces/include/krac_interfaces/krac_interfaces/msg/detail/target_error__traits.hpp
[1.117s] -- Up-to-date symlink: /home/kch/ros2_ws/install/krac_interfaces/include/krac_interfaces/krac_interfaces/msg/detail/target_error__type_support.hpp
[1.117s] -- Up-to-date symlink: /home/kch/ros2_ws/install/krac_interfaces/include/krac_interfaces/krac_interfaces/msg/detail/target_info__builder.hpp
[1.117s] -- Up-to-date symlink: /home/kch/ros2_ws/install/krac_interfaces/include/krac_interfaces/krac_interfaces/msg/detail/target_info__struct.hpp
[1.118s] -- Up-to-date symlink: /home/kch/ros2_ws/install/krac_interfaces/include/krac_interfaces/krac_interfaces/msg/detail/target_info__traits.hpp
[1.118s] -- Up-to-date symlink: /home/kch/ros2_ws/install/krac_interfaces/include/krac_interfaces/krac_interfaces/msg/detail/target_info__type_support.hpp
[1.118s] -- Up-to-date symlink: /home/kch/ros2_ws/install/krac_interfaces/include/krac_interfaces/krac_interfaces/msg/flight_phase.hpp
[1.118s] -- Up-to-date symlink: /home/kch/ros2_ws/install/krac_interfaces/include/krac_interfaces/krac_interfaces/msg/rosidl_generator_cpp__visibility_control.hpp
[1.118s] -- Up-to-date symlink: /home/kch/ros2_ws/install/krac_interfaces/include/krac_interfaces/krac_interfaces/msg/target_error.hpp
[1.118s] -- Up-to-date symlink: /home/kch/ros2_ws/install/krac_interfaces/include/krac_interfaces/krac_interfaces/msg/target_info.hpp
[1.119s] -- Up-to-date symlink: /home/kch/ros2_ws/install/krac_interfaces/include/krac_interfaces/krac_interfaces/msg/detail/flight_phase__rosidl_typesupport_fastrtps_cpp.hpp
[1.119s] -- Up-to-date symlink: /home/kch/ros2_ws/install/krac_interfaces/include/krac_interfaces/krac_interfaces/msg/detail/target_error__rosidl_typesupport_fastrtps_cpp.hpp
[1.119s] -- Up-to-date symlink: /home/kch/ros2_ws/install/krac_interfaces/include/krac_interfaces/krac_interfaces/msg/detail/target_info__rosidl_typesupport_fastrtps_cpp.hpp
[1.119s] -- Up-to-date symlink: /home/kch/ros2_ws/install/krac_interfaces/include/krac_interfaces/krac_interfaces/msg/rosidl_typesupport_fastrtps_cpp__visibility_control.h
[1.119s] -- Up-to-date symlink: /home/kch/ros2_ws/install/krac_interfaces/include/krac_interfaces/krac_interfaces/msg/detail/flight_phase__rosidl_typesupport_introspection_cpp.hpp
[1.119s] -- Up-to-date symlink: /home/kch/ros2_ws/install/krac_interfaces/include/krac_interfaces/krac_interfaces/msg/detail/target_error__rosidl_typesupport_introspection_cpp.hpp
[1.119s] -- Up-to-date symlink: /home/kch/ros2_ws/install/krac_interfaces/include/krac_interfaces/krac_interfaces/msg/detail/target_info__rosidl_typesupport_introspection_cpp.hpp
[1.119s] -- Up-to-date symlink: /home/kch/ros2_ws/install/krac_interfaces/share/krac_interfaces/environment/pythonpath.sh
[1.119s] -- Up-to-date symlink: /home/kch/ros2_ws/install/krac_interfaces/share/krac_interfaces/environment/pythonpath.dsv
[1.119s] -- Up-to-date symlink: /home/kch/ros2_ws/install/krac_interfaces/local/lib/python3.10/dist-packages/krac_interfaces-0.0.0-py3.10.egg-info/PKG-INFO
[1.119s] -- Up-to-date symlink: /home/kch/ros2_ws/install/krac_interfaces/local/lib/python3.10/dist-packages/krac_interfaces-0.0.0-py3.10.egg-info/SOURCES.txt
[1.120s] -- Up-to-date symlink: /home/kch/ros2_ws/install/krac_interfaces/local/lib/python3.10/dist-packages/krac_interfaces-0.0.0-py3.10.egg-info/dependency_links.txt
[1.120s] -- Up-to-date symlink: /home/kch/ros2_ws/install/krac_interfaces/local/lib/python3.10/dist-packages/krac_interfaces-0.0.0-py3.10.egg-info/top_level.txt
[1.120s] -- Up-to-date symlink: /home/kch/ros2_ws/install/krac_interfaces/local/lib/python3.10/dist-packages/krac_interfaces/__init__.py
[1.120s] -- Up-to-date symlink: /home/kch/ros2_ws/install/krac_interfaces/local/lib/python3.10/dist-packages/krac_interfaces/_krac_interfaces_s.ep.rosidl_typesupport_c.c
[1.120s] -- Up-to-date symlink: /home/kch/ros2_ws/install/krac_interfaces/local/lib/python3.10/dist-packages/krac_interfaces/_krac_interfaces_s.ep.rosidl_typesupport_fastrtps_c.c
[1.120s] -- Up-to-date symlink: /home/kch/ros2_ws/install/krac_interfaces/local/lib/python3.10/dist-packages/krac_interfaces/_krac_interfaces_s.ep.rosidl_typesupport_introspection_c.c
[1.120s] -- Up-to-date symlink: /home/kch/ros2_ws/install/krac_interfaces/local/lib/python3.10/dist-packages/krac_interfaces/krac_interfaces_s__rosidl_typesupport_c.cpython-310-x86_64-linux-gnu.so
[1.120s] -- Up-to-date symlink: /home/kch/ros2_ws/install/krac_interfaces/local/lib/python3.10/dist-packages/krac_interfaces/krac_interfaces_s__rosidl_typesupport_fastrtps_c.cpython-310-x86_64-linux-gnu.so
[1.120s] -- Up-to-date symlink: /home/kch/ros2_ws/install/krac_interfaces/local/lib/python3.10/dist-packages/krac_interfaces/krac_interfaces_s__rosidl_typesupport_introspection_c.cpython-310-x86_64-linux-gnu.so
[1.121s] -- Up-to-date symlink: /home/kch/ros2_ws/install/krac_interfaces/local/lib/python3.10/dist-packages/krac_interfaces/libkrac_interfaces__rosidl_generator_py.so
[1.121s] -- Up-to-date symlink: /home/kch/ros2_ws/install/krac_interfaces/local/lib/python3.10/dist-packages/krac_interfaces/msg/__init__.py
[1.121s] -- Up-to-date symlink: /home/kch/ros2_ws/install/krac_interfaces/local/lib/python3.10/dist-packages/krac_interfaces/msg/_flight_phase.py
[1.121s] -- Up-to-date symlink: /home/kch/ros2_ws/install/krac_interfaces/local/lib/python3.10/dist-packages/krac_interfaces/msg/_flight_phase_s.c
[1.121s] -- Up-to-date symlink: /home/kch/ros2_ws/install/krac_interfaces/local/lib/python3.10/dist-packages/krac_interfaces/msg/_target_error.py
[1.121s] -- Up-to-date symlink: /home/kch/ros2_ws/install/krac_interfaces/local/lib/python3.10/dist-packages/krac_interfaces/msg/_target_error_s.c
[1.121s] -- Up-to-date symlink: /home/kch/ros2_ws/install/krac_interfaces/local/lib/python3.10/dist-packages/krac_interfaces/msg/_target_info.py
[1.121s] -- Up-to-date symlink: /home/kch/ros2_ws/install/krac_interfaces/local/lib/python3.10/dist-packages/krac_interfaces/msg/_target_info_s.c
[1.121s] -- Up-to-date symlink: /home/kch/ros2_ws/install/krac_interfaces/local/lib/python3.10/dist-packages/krac_interfaces/krac_interfaces_s__rosidl_typesupport_fastrtps_c.cpython-310-x86_64-linux-gnu.so
[1.121s] -- Up-to-date symlink: /home/kch/ros2_ws/install/krac_interfaces/local/lib/python3.10/dist-packages/krac_interfaces/krac_interfaces_s__rosidl_typesupport_introspection_c.cpython-310-x86_64-linux-gnu.so
[1.121s] -- Up-to-date symlink: /home/kch/ros2_ws/install/krac_interfaces/local/lib/python3.10/dist-packages/krac_interfaces/krac_interfaces_s__rosidl_typesupport_c.cpython-310-x86_64-linux-gnu.so
[1.122s] -- Up-to-date symlink: /home/kch/ros2_ws/install/krac_interfaces/share/krac_interfaces/msg/FlightPhase.idl
[1.122s] -- Up-to-date symlink: /home/kch/ros2_ws/install/krac_interfaces/share/krac_interfaces/msg/TargetInfo.idl
[1.122s] -- Up-to-date symlink: /home/kch/ros2_ws/install/krac_interfaces/share/krac_interfaces/msg/TargetError.idl
[1.122s] -- Up-to-date symlink: /home/kch/ros2_ws/install/krac_interfaces/share/krac_interfaces/msg/FlightPhase.msg
[1.122s] -- Up-to-date symlink: /home/kch/ros2_ws/install/krac_interfaces/share/krac_interfaces/msg/TargetInfo.msg
[1.122s] -- Up-to-date symlink: /home/kch/ros2_ws/install/krac_interfaces/share/krac_interfaces/msg/TargetError.msg
[1.122s] -- Up-to-date symlink: /home/kch/ros2_ws/install/krac_interfaces/share/ament_index/resource_index/package_run_dependencies/krac_interfaces
[1.122s] -- Up-to-date symlink: /home/kch/ros2_ws/install/krac_interfaces/share/ament_index/resource_index/parent_prefix_path/krac_interfaces
[1.122s] -- Up-to-date symlink: /home/kch/ros2_ws/install/krac_interfaces/share/krac_interfaces/environment/ament_prefix_path.sh
[1.122s] -- Up-to-date symlink: /home/kch/ros2_ws/install/krac_interfaces/share/krac_interfaces/environment/ament_prefix_path.dsv
[1.122s] -- Up-to-date symlink: /home/kch/ros2_ws/install/krac_interfaces/share/krac_interfaces/environment/path.sh
[1.122s] -- Up-to-date symlink: /home/kch/ros2_ws/install/krac_interfaces/share/krac_interfaces/environment/path.dsv
[1.123s] -- Up-to-date symlink: /home/kch/ros2_ws/install/krac_interfaces/share/krac_interfaces/local_setup.bash
[1.123s] -- Up-to-date symlink: /home/kch/ros2_ws/install/krac_interfaces/share/krac_interfaces/local_setup.sh
[1.123s] -- Up-to-date symlink: /home/kch/ros2_ws/install/krac_interfaces/share/krac_interfaces/local_setup.zsh
[1.123s] -- Up-to-date symlink: /home/kch/ros2_ws/install/krac_interfaces/share/krac_interfaces/local_setup.dsv
[1.123s] -- Symlinking: /home/kch/ros2_ws/install/krac_interfaces/share/krac_interfaces/package.dsv
[1.131s] -- Up-to-date symlink: /home/kch/ros2_ws/install/krac_interfaces/share/ament_index/resource_index/packages/krac_interfaces
[1.131s] -- Up-to-date symlink: /home/kch/ros2_ws/install/krac_interfaces/share/krac_interfaces/cmake/rosidl_cmake-extras.cmake
[1.131s] -- Up-to-date symlink: /home/kch/ros2_ws/install/krac_interfaces/share/krac_interfaces/cmake/ament_cmake_export_dependencies-extras.cmake
[1.131s] -- Up-to-date symlink: /home/kch/ros2_ws/install/krac_interfaces/share/krac_interfaces/cmake/ament_cmake_export_include_directories-extras.cmake
[1.131s] -- Up-to-date symlink: /home/kch/ros2_ws/install/krac_interfaces/share/krac_interfaces/cmake/ament_cmake_export_libraries-extras.cmake
[1.132s] -- Up-to-date symlink: /home/kch/ros2_ws/install/krac_interfaces/share/krac_interfaces/cmake/ament_cmake_export_targets-extras.cmake
[1.132s] -- Up-to-date symlink: /home/kch/ros2_ws/install/krac_interfaces/share/krac_interfaces/cmake/rosidl_cmake_export_typesupport_targets-extras.cmake
[1.132s] -- Up-to-date symlink: /home/kch/ros2_ws/install/krac_interfaces/share/krac_interfaces/cmake/rosidl_cmake_export_typesupport_libraries-extras.cmake
[1.132s] -- Up-to-date symlink: /home/kch/ros2_ws/install/krac_interfaces/share/krac_interfaces/cmake/krac_interfacesConfig.cmake
[1.132s] -- Up-to-date symlink: /home/kch/ros2_ws/install/krac_interfaces/share/krac_interfaces/cmake/krac_interfacesConfig-version.cmake
[1.132s] -- Up-to-date symlink: /home/kch/ros2_ws/install/krac_interfaces/share/krac_interfaces/package.xml
[1.132s] -- Up-to-date: /home/kch/ros2_ws/install/krac_interfaces/lib/libkrac_interfaces__rosidl_generator_c.so
[1.132s] -- Up-to-date: /home/kch/ros2_ws/install/krac_interfaces/lib/libkrac_interfaces__rosidl_typesupport_fastrtps_c.so
[1.132s] -- Up-to-date: /home/kch/ros2_ws/install/krac_interfaces/lib/libkrac_interfaces__rosidl_typesupport_introspection_c.so
[1.133s] -- Up-to-date: /home/kch/ros2_ws/install/krac_interfaces/lib/libkrac_interfaces__rosidl_typesupport_c.so
[1.133s] -- Up-to-date: /home/kch/ros2_ws/install/krac_interfaces/lib/libkrac_interfaces__rosidl_typesupport_fastrtps_cpp.so
[1.133s] -- Up-to-date: /home/kch/ros2_ws/install/krac_interfaces/lib/libkrac_interfaces__rosidl_typesupport_introspection_cpp.so
[1.133s] -- Up-to-date: /home/kch/ros2_ws/install/krac_interfaces/lib/libkrac_interfaces__rosidl_typesupport_cpp.so
[1.153s] Listing '/home/kch/ros2_ws/install/krac_interfaces/local/lib/python3.10/dist-packages/krac_interfaces'...
[1.153s] Compiling '/home/kch/ros2_ws/install/krac_interfaces/local/lib/python3.10/dist-packages/krac_interfaces/__init__.py'...
[1.153s] Listing '/home/kch/ros2_ws/install/krac_interfaces/local/lib/python3.10/dist-packages/krac_interfaces/msg'...
[1.157s] -- Up-to-date: /home/kch/ros2_ws/install/krac_interfaces/lib/libkrac_interfaces__rosidl_generator_py.so
[1.157s] -- Up-to-date: /home/kch/ros2_ws/install/krac_interfaces/share/krac_interfaces/cmake/export_krac_interfaces__rosidl_generator_cExport.cmake
[1.157s] -- Up-to-date: /home/kch/ros2_ws/install/krac_interfaces/share/krac_interfaces/cmake/export_krac_interfaces__rosidl_generator_cExport-noconfig.cmake
[1.157s] -- Up-to-date: /home/kch/ros2_ws/install/krac_interfaces/share/krac_interfaces/cmake/export_krac_interfaces__rosidl_typesupport_fastrtps_cExport.cmake
[1.157s] -- Up-to-date: /home/kch/ros2_ws/install/krac_interfaces/share/krac_interfaces/cmake/export_krac_interfaces__rosidl_typesupport_fastrtps_cExport-noconfig.cmake
[1.157s] -- Up-to-date: /home/kch/ros2_ws/install/krac_interfaces/share/krac_interfaces/cmake/krac_interfaces__rosidl_typesupport_introspection_cExport.cmake
[1.157s] -- Up-to-date: /home/kch/ros2_ws/install/krac_interfaces/share/krac_interfaces/cmake/krac_interfaces__rosidl_typesupport_introspection_cExport-noconfig.cmake
[1.157s] -- Up-to-date: /home/kch/ros2_ws/install/krac_interfaces/share/krac_interfaces/cmake/krac_interfaces__rosidl_typesupport_cExport.cmake
[1.157s] -- Up-to-date: /home/kch/ros2_ws/install/krac_interfaces/share/krac_interfaces/cmake/krac_interfaces__rosidl_typesupport_cExport-noconfig.cmake
[1.157s] -- Up-to-date: /home/kch/ros2_ws/install/krac_interfaces/share/krac_interfaces/cmake/export_krac_interfaces__rosidl_generator_cppExport.cmake
[1.158s] -- Up-to-date: /home/kch/ros2_ws/install/krac_interfaces/share/krac_interfaces/cmake/export_krac_interfaces__rosidl_typesupport_fastrtps_cppExport.cmake
[1.158s] -- Up-to-date: /home/kch/ros2_ws/install/krac_interfaces/share/krac_interfaces/cmake/export_krac_interfaces__rosidl_typesupport_fastrtps_cppExport-noconfig.cmake
[1.158s] -- Up-to-date: /home/kch/ros2_ws/install/krac_interfaces/share/krac_interfaces/cmake/krac_interfaces__rosidl_typesupport_introspection_cppExport.cmake
[1.158s] -- Up-to-date: /home/kch/ros2_ws/install/krac_interfaces/share/krac_interfaces/cmake/krac_interfaces__rosidl_typesupport_introspection_cppExport-noconfig.cmake
[1.158s] -- Up-to-date: /home/kch/ros2_ws/install/krac_interfaces/share/krac_interfaces/cmake/krac_interfaces__rosidl_typesupport_cppExport.cmake
[1.158s] -- Up-to-date: /home/kch/ros2_ws/install/krac_interfaces/share/krac_interfaces/cmake/krac_interfaces__rosidl_typesupport_cppExport-noconfig.cmake
[1.158s] -- Up-to-date: /home/kch/ros2_ws/install/krac_interfaces/share/krac_interfaces/cmake/export_krac_interfaces__rosidl_generator_pyExport.cmake
[1.158s] -- Up-to-date: /home/kch/ros2_ws/install/krac_interfaces/share/krac_interfaces/cmake/export_krac_interfaces__rosidl_generator_pyExport-noconfig.cmake
[1.160s] Invoked command in '/home/kch/ros2_ws/build/krac_interfaces' returned '0': CMAKE_PREFIX_PATH=/opt/ros/humble /usr/bin/cmake --install /home/kch/ros2_ws/build/krac_interfaces
