[0.019s] Invoking command in '/home/kch/ros2_ws/build/krac_utils': AMENT_PREFIX_PATH=/home/kch/ros2_ws/install/krac_interfaces:${AMENT_PREFIX_PATH} CMAKE_PREFIX_PATH=/home/kch/ros2_ws/install/krac_interfaces:/opt/ros/humble LD_LIBRARY_PATH=/home/kch/ros2_ws/install/krac_interfaces/lib:${LD_LIBRARY_PATH} PYTHONPATH=/home/kch/ros2_ws/install/krac_interfaces/local/lib/python3.10/dist-packages:${PYTHONPATH} /usr/bin/cmake /home/kch/ros2_ws/src/krac_utils -DCMAKE_INSTALL_PREFIX=/home/kch/ros2_ws/install/krac_utils
[0.031s] -- Found ament_cmake: 1.3.12 (/opt/ros/humble/share/ament_cmake/cmake)
[0.114s] -- Override CMake install command with custom implementation using symlinks instead of copying resources
[0.119s] -- Found rclcpp: 16.0.17 (/opt/ros/humble/share/rclcpp/cmake)
[0.137s] -- Found rosidl_generator_c: 3.1.8 (/opt/ros/humble/share/rosidl_generator_c/cmake)
[0.138s] -- Found rosidl_adapter: 3.1.8 (/opt/ros/humble/share/rosidl_adapter/cmake)
[0.142s] -- Found rosidl_generator_cpp: 3.1.8 (/opt/ros/humble/share/rosidl_generator_cpp/cmake)
[0.148s] -- Using all available rosidl_typesupport_c: rosidl_typesupport_fastrtps_c;rosidl_typesupport_introspection_c
[0.155s] -- Using all available rosidl_typesupport_cpp: rosidl_typesupport_fastrtps_cpp;rosidl_typesupport_introspection_cpp
[0.185s] -- Found rmw_implementation_cmake: 6.1.2 (/opt/ros/humble/share/rmw_implementation_cmake/cmake)
[0.188s] -- Found rmw_fastrtps_cpp: 6.2.9 (/opt/ros/humble/share/rmw_fastrtps_cpp/cmake)
[0.292s] -- Using RMW implementation 'rmw_fastrtps_cpp' as default
[0.338s] -- Found mavros_msgs: 2.14.0 (/opt/ros/humble/share/mavros_msgs/cmake)
[0.410s] -- Found krac_interfaces: 0.0.0 (/home/kch/ros2_ws/install/krac_interfaces/share/krac_interfaces/cmake)
[0.491s] -- Configuring done
[0.504s] -- Generating done
[0.509s] -- Build files have been written to: /home/kch/ros2_ws/build/krac_utils
[0.520s] Invoked command in '/home/kch/ros2_ws/build/krac_utils' returned '0': AMENT_PREFIX_PATH=/home/kch/ros2_ws/install/krac_interfaces:${AMENT_PREFIX_PATH} CMAKE_PREFIX_PATH=/home/kch/ros2_ws/install/krac_interfaces:/opt/ros/humble LD_LIBRARY_PATH=/home/kch/ros2_ws/install/krac_interfaces/lib:${LD_LIBRARY_PATH} PYTHONPATH=/home/kch/ros2_ws/install/krac_interfaces/local/lib/python3.10/dist-packages:${PYTHONPATH} /usr/bin/cmake /home/kch/ros2_ws/src/krac_utils -DCMAKE_INSTALL_PREFIX=/home/kch/ros2_ws/install/krac_utils
[0.521s] Invoking command in '/home/kch/ros2_ws/build/krac_utils': AMENT_PREFIX_PATH=/home/kch/ros2_ws/install/krac_interfaces:${AMENT_PREFIX_PATH} CMAKE_PREFIX_PATH=/home/kch/ros2_ws/install/krac_interfaces:/opt/ros/humble LD_LIBRARY_PATH=/home/kch/ros2_ws/install/krac_interfaces/lib:${LD_LIBRARY_PATH} PYTHONPATH=/home/kch/ros2_ws/install/krac_interfaces/local/lib/python3.10/dist-packages:${PYTHONPATH} /usr/bin/cmake --build /home/kch/ros2_ws/build/krac_utils -- -j16 -l16
[0.555s] [35m[1mConsolidate compiler generated dependencies of target competition_logger[0m
[0.588s] [100%] Built target competition_logger
[0.598s] Invoked command in '/home/kch/ros2_ws/build/krac_utils' returned '0': AMENT_PREFIX_PATH=/home/kch/ros2_ws/install/krac_interfaces:${AMENT_PREFIX_PATH} CMAKE_PREFIX_PATH=/home/kch/ros2_ws/install/krac_interfaces:/opt/ros/humble LD_LIBRARY_PATH=/home/kch/ros2_ws/install/krac_interfaces/lib:${LD_LIBRARY_PATH} PYTHONPATH=/home/kch/ros2_ws/install/krac_interfaces/local/lib/python3.10/dist-packages:${PYTHONPATH} /usr/bin/cmake --build /home/kch/ros2_ws/build/krac_utils -- -j16 -l16
[0.600s] Invoking command in '/home/kch/ros2_ws/build/krac_utils': AMENT_PREFIX_PATH=/home/kch/ros2_ws/install/krac_interfaces:${AMENT_PREFIX_PATH} CMAKE_PREFIX_PATH=/home/kch/ros2_ws/install/krac_interfaces:/opt/ros/humble LD_LIBRARY_PATH=/home/kch/ros2_ws/install/krac_interfaces/lib:${LD_LIBRARY_PATH} PYTHONPATH=/home/kch/ros2_ws/install/krac_interfaces/local/lib/python3.10/dist-packages:${PYTHONPATH} /usr/bin/cmake --install /home/kch/ros2_ws/build/krac_utils
[0.606s] -- Install configuration: ""
[0.607s] -- Execute custom install script
[0.607s] -- Up-to-date symlink: /home/kch/ros2_ws/install/krac_utils/lib/krac_utils/competition_logger
[0.608s] -- Up-to-date symlink: /home/kch/ros2_ws/install/krac_utils/share/ament_index/resource_index/package_run_dependencies/krac_utils
[0.608s] -- Up-to-date symlink: /home/kch/ros2_ws/install/krac_utils/share/ament_index/resource_index/parent_prefix_path/krac_utils
[0.609s] -- Up-to-date symlink: /home/kch/ros2_ws/install/krac_utils/share/krac_utils/environment/ament_prefix_path.sh
[0.609s] -- Up-to-date symlink: /home/kch/ros2_ws/install/krac_utils/share/krac_utils/environment/ament_prefix_path.dsv
[0.609s] -- Up-to-date symlink: /home/kch/ros2_ws/install/krac_utils/share/krac_utils/environment/path.sh
[0.610s] -- Up-to-date symlink: /home/kch/ros2_ws/install/krac_utils/share/krac_utils/environment/path.dsv
[0.610s] -- Up-to-date symlink: /home/kch/ros2_ws/install/krac_utils/share/krac_utils/local_setup.bash
[0.610s] -- Up-to-date symlink: /home/kch/ros2_ws/install/krac_utils/share/krac_utils/local_setup.sh
[0.610s] -- Up-to-date symlink: /home/kch/ros2_ws/install/krac_utils/share/krac_utils/local_setup.zsh
[0.610s] -- Up-to-date symlink: /home/kch/ros2_ws/install/krac_utils/share/krac_utils/local_setup.dsv
[0.610s] -- Symlinking: /home/kch/ros2_ws/install/krac_utils/share/krac_utils/package.dsv
[0.619s] -- Up-to-date symlink: /home/kch/ros2_ws/install/krac_utils/share/ament_index/resource_index/packages/krac_utils
[0.619s] -- Up-to-date symlink: /home/kch/ros2_ws/install/krac_utils/share/krac_utils/cmake/krac_utilsConfig.cmake
[0.620s] -- Up-to-date symlink: /home/kch/ros2_ws/install/krac_utils/share/krac_utils/cmake/krac_utilsConfig-version.cmake
[0.620s] -- Up-to-date symlink: /home/kch/ros2_ws/install/krac_utils/share/krac_utils/package.xml
[0.622s] Invoked command in '/home/kch/ros2_ws/build/krac_utils' returned '0': AMENT_PREFIX_PATH=/home/kch/ros2_ws/install/krac_interfaces:${AMENT_PREFIX_PATH} CMAKE_PREFIX_PATH=/home/kch/ros2_ws/install/krac_interfaces:/opt/ros/humble LD_LIBRARY_PATH=/home/kch/ros2_ws/install/krac_interfaces/lib:${LD_LIBRARY_PATH} PYTHONPATH=/home/kch/ros2_ws/install/krac_interfaces/local/lib/python3.10/dist-packages:${PYTHONPATH} /usr/bin/cmake --install /home/kch/ros2_ws/build/krac_utils
