-- The C compiler identification is GNU 11.4.0
-- The CXX compiler identification is GNU 11.4.0
-- Detecting C compiler ABI info
-- Detecting C compiler ABI info - done
-- Check for working C compiler: /usr/bin/cc - skipped
-- Detecting C compile features
-- Detecting C compile features - done
-- Detecting CXX compiler ABI info
-- Detecting CXX compiler ABI info - done
-- Check for working CXX compiler: /usr/bin/c++ - skipped
-- Detecting CXX compile features
-- Detecting CXX compile features - done
-- Found ament_cmake: 1.3.12 (/opt/ros/humble/share/ament_cmake/cmake)
-- Found Python3: /usr/bin/python3 (found version "3.10.12") found components: Interpreter 
-- Override CMake install command with custom implementation using symlinks instead of copying resources
-- Found rclcpp: 16.0.17 (/opt/ros/humble/share/rclcpp/cmake)
-- Found rosidl_generator_c: 3.1.8 (/opt/ros/humble/share/rosidl_generator_c/cmake)
-- Found rosidl_adapter: 3.1.8 (/opt/ros/humble/share/rosidl_adapter/cmake)
-- Found rosidl_generator_cpp: 3.1.8 (/opt/ros/humble/share/rosidl_generator_cpp/cmake)
-- Using all available rosidl_typesupport_c: rosidl_typesupport_fastrtps_c;rosidl_typesupport_introspection_c
-- Using all available rosidl_typesupport_cpp: rosidl_typesupport_fastrtps_cpp;rosidl_typesupport_introspection_cpp
-- Found rmw_implementation_cmake: 6.1.2 (/opt/ros/humble/share/rmw_implementation_cmake/cmake)
-- Found rmw_fastrtps_cpp: 6.2.9 (/opt/ros/humble/share/rmw_fastrtps_cpp/cmake)
-- Found OpenSSL: /usr/lib/x86_64-linux-gnu/libcrypto.so (found version "3.0.2")  
-- Found FastRTPS: /opt/ros/humble/include  
-- Using RMW implementation 'rmw_fastrtps_cpp' as default
-- Looking for pthread.h
-- Looking for pthread.h - found
-- Performing Test CMAKE_HAVE_LIBC_PTHREAD
-- Performing Test CMAKE_HAVE_LIBC_PTHREAD - Success
-- Found Threads: TRUE  
-- Found mavros_msgs: 2.14.0 (/opt/ros/humble/share/mavros_msgs/cmake)
-- Found krac_interfaces: 0.0.0 (/home/kch/ros2_ws/install/krac_interfaces/share/krac_interfaces/cmake)
-- Configuring done
-- Generating done
-- Build files have been written to: /home/kch/ros2_ws/build/krac_mission
-- Install configuration: ""
-- Execute custom install script
-- Symlinking: /home/kch/ros2_ws/install/krac_mission/share/krac_mission/launch/krac_24_sitl.launch.py
-- Symlinking: /home/kch/ros2_ws/install/krac_mission/share/krac_mission/launch/main_mission.launch.py
-- Symlinking: /home/kch/ros2_ws/install/krac_mission/share/krac_mission/launch/sitl_vtol.launch.py
-- Symlinking: /home/kch/ros2_ws/install/krac_mission/share/krac_mission/launch/sitl_x500.launch.py
-- Symlinking: /home/kch/ros2_ws/install/krac_mission/share/krac_mission/config/mavros_params.yaml
-- Symlinking: /home/kch/ros2_ws/install/krac_mission/share/krac_mission/config/vtol_params.yaml
-- Symlinking: /home/kch/ros2_ws/install/krac_mission/share/krac_mission/config/waypoints.yaml
-- Symlinking: /home/kch/ros2_ws/install/krac_mission/share/ament_index/resource_index/package_run_dependencies/krac_mission
-- Symlinking: /home/kch/ros2_ws/install/krac_mission/share/ament_index/resource_index/parent_prefix_path/krac_mission
-- Symlinking: /home/kch/ros2_ws/install/krac_mission/share/krac_mission/environment/ament_prefix_path.sh
-- Symlinking: /home/kch/ros2_ws/install/krac_mission/share/krac_mission/environment/ament_prefix_path.dsv
-- Symlinking: /home/kch/ros2_ws/install/krac_mission/share/krac_mission/environment/path.sh
-- Symlinking: /home/kch/ros2_ws/install/krac_mission/share/krac_mission/environment/path.dsv
-- Symlinking: /home/kch/ros2_ws/install/krac_mission/share/krac_mission/local_setup.bash
-- Symlinking: /home/kch/ros2_ws/install/krac_mission/share/krac_mission/local_setup.sh
-- Symlinking: /home/kch/ros2_ws/install/krac_mission/share/krac_mission/local_setup.zsh
-- Symlinking: /home/kch/ros2_ws/install/krac_mission/share/krac_mission/local_setup.dsv
-- Symlinking: /home/kch/ros2_ws/install/krac_mission/share/krac_mission/package.dsv
-- Symlinking: /home/kch/ros2_ws/install/krac_mission/share/ament_index/resource_index/packages/krac_mission
-- Symlinking: /home/kch/ros2_ws/install/krac_mission/share/krac_mission/cmake/krac_missionConfig.cmake
-- Symlinking: /home/kch/ros2_ws/install/krac_mission/share/krac_mission/cmake/krac_missionConfig-version.cmake
-- Symlinking: /home/kch/ros2_ws/install/krac_mission/share/krac_mission/package.xml
