/home/kch/ros2_ws/install/krac_vision/lib/python3.10/site-packages/krac_vision/gripper_test.py
/home/kch/ros2_ws/install/krac_vision/lib/python3.10/site-packages/krac_vision/__init__.py
/home/kch/ros2_ws/install/krac_vision/lib/python3.10/site-packages/krac_vision/vision_tracker.py
/home/kch/ros2_ws/install/krac_vision/lib/python3.10/site-packages/krac_vision/yolo_detector.py
/home/kch/ros2_ws/install/krac_vision/lib/python3.10/site-packages/krac_vision/landing_marker.py
/home/kch/ros2_ws/install/krac_vision/lib/python3.10/site-packages/krac_vision/survivor_yolo.py
/home/kch/ros2_ws/install/krac_vision/lib/python3.10/site-packages/krac_vision/__pycache__/gripper_test.cpython-310.pyc
/home/kch/ros2_ws/install/krac_vision/lib/python3.10/site-packages/krac_vision/__pycache__/__init__.cpython-310.pyc
/home/kch/ros2_ws/install/krac_vision/lib/python3.10/site-packages/krac_vision/__pycache__/vision_tracker.cpython-310.pyc
/home/kch/ros2_ws/install/krac_vision/lib/python3.10/site-packages/krac_vision/__pycache__/yolo_detector.cpython-310.pyc
/home/kch/ros2_ws/install/krac_vision/lib/python3.10/site-packages/krac_vision/__pycache__/landing_marker.cpython-310.pyc
/home/kch/ros2_ws/install/krac_vision/lib/python3.10/site-packages/krac_vision/__pycache__/survivor_yolo.cpython-310.pyc
/home/kch/ros2_ws/install/krac_vision/share/ament_index/resource_index/packages/krac_vision
/home/kch/ros2_ws/install/krac_vision/share/krac_vision/package.xml
/home/kch/ros2_ws/install/krac_vision/share/krac_vision/weights/best.pt
/home/kch/ros2_ws/install/krac_vision/share/krac_vision/launch/yolo_detector.launch.py
/home/kch/ros2_ws/install/krac_vision/lib/python3.10/site-packages/krac_vision-0.0.0-py3.10.egg-info/entry_points.txt
/home/kch/ros2_ws/install/krac_vision/lib/python3.10/site-packages/krac_vision-0.0.0-py3.10.egg-info/dependency_links.txt
/home/kch/ros2_ws/install/krac_vision/lib/python3.10/site-packages/krac_vision-0.0.0-py3.10.egg-info/PKG-INFO
/home/kch/ros2_ws/install/krac_vision/lib/python3.10/site-packages/krac_vision-0.0.0-py3.10.egg-info/zip-safe
/home/kch/ros2_ws/install/krac_vision/lib/python3.10/site-packages/krac_vision-0.0.0-py3.10.egg-info/top_level.txt
/home/kch/ros2_ws/install/krac_vision/lib/python3.10/site-packages/krac_vision-0.0.0-py3.10.egg-info/requires.txt
/home/kch/ros2_ws/install/krac_vision/lib/python3.10/site-packages/krac_vision-0.0.0-py3.10.egg-info/SOURCES.txt
/home/kch/ros2_ws/install/krac_vision/lib/krac_vision/vision_tracker
