[0.406s] Invoking command in '/home/kch/ros2_ws/build/krac_vision': AMENT_PREFIX_PATH=/home/kch/ros2_ws/install/krac_interfaces:${AMENT_PREFIX_PATH} CMAKE_PREFIX_PATH=/home/kch/ros2_ws/install/krac_interfaces LD_LIBRARY_PATH=/home/kch/ros2_ws/install/krac_interfaces/lib:${LD_LIBRARY_PATH} PYTHONPATH=/home/kch/ros2_ws/build/krac_vision/prefix_override:/usr/lib/python3/dist-packages/colcon_core/task/python/colcon_distutils_commands:/home/kch/ros2_ws/install/krac_vision/lib/python3.10/site-packages:/home/kch/ros2_ws/install/krac_interfaces/local/lib/python3.10/dist-packages:${PYTHONPATH} /usr/bin/python3 -W ignore:setup.py install is deprecated -W ignore:easy_install command is deprecated setup.py develop --uninstall --editable --build-directory /home/kch/ros2_ws/build/krac_vision/build
[0.566s] running develop
[0.674s] Removing /home/kch/ros2_ws/install/krac_vision/lib/python3.10/site-packages/krac-vision.egg-link (link to .)
[0.715s] Invoked command in '/home/kch/ros2_ws/build/krac_vision' returned '0': AMENT_PREFIX_PATH=/home/kch/ros2_ws/install/krac_interfaces:${AMENT_PREFIX_PATH} CMAKE_PREFIX_PATH=/home/kch/ros2_ws/install/krac_interfaces LD_LIBRARY_PATH=/home/kch/ros2_ws/install/krac_interfaces/lib:${LD_LIBRARY_PATH} PYTHONPATH=/home/kch/ros2_ws/build/krac_vision/prefix_override:/usr/lib/python3/dist-packages/colcon_core/task/python/colcon_distutils_commands:/home/kch/ros2_ws/install/krac_vision/lib/python3.10/site-packages:/home/kch/ros2_ws/install/krac_interfaces/local/lib/python3.10/dist-packages:${PYTHONPATH} /usr/bin/python3 -W ignore:setup.py install is deprecated -W ignore:easy_install command is deprecated setup.py develop --uninstall --editable --build-directory /home/kch/ros2_ws/build/krac_vision/build
[0.716s] Invoking command in '/home/kch/ros2_ws/src/krac_vision': AMENT_PREFIX_PATH=/home/kch/ros2_ws/install/krac_interfaces:${AMENT_PREFIX_PATH} CMAKE_PREFIX_PATH=/home/kch/ros2_ws/install/krac_interfaces LD_LIBRARY_PATH=/home/kch/ros2_ws/install/krac_interfaces/lib:${LD_LIBRARY_PATH} PYTHONPATH=/home/kch/ros2_ws/build/krac_vision/prefix_override:/usr/lib/python3/dist-packages/colcon_core/task/python/colcon_distutils_commands:/home/kch/ros2_ws/install/krac_vision/lib/python3.10/site-packages:/home/kch/ros2_ws/install/krac_interfaces/local/lib/python3.10/dist-packages:${PYTHONPATH} /usr/bin/python3 -W ignore:setup.py install is deprecated -W ignore:easy_install command is deprecated setup.py egg_info --egg-base ../../build/krac_vision build --build-base /home/kch/ros2_ws/build/krac_vision/build install --record /home/kch/ros2_ws/build/krac_vision/install.log --single-version-externally-managed install_data --force
[0.858s] running egg_info
[0.859s] writing ../../build/krac_vision/krac_vision.egg-info/PKG-INFO
[0.859s] writing dependency_links to ../../build/krac_vision/krac_vision.egg-info/dependency_links.txt
[0.859s] writing entry points to ../../build/krac_vision/krac_vision.egg-info/entry_points.txt
[0.859s] writing requirements to ../../build/krac_vision/krac_vision.egg-info/requires.txt
[0.859s] writing top-level names to ../../build/krac_vision/krac_vision.egg-info/top_level.txt
[0.861s] reading manifest file '../../build/krac_vision/krac_vision.egg-info/SOURCES.txt'
[0.862s] writing manifest file '../../build/krac_vision/krac_vision.egg-info/SOURCES.txt'
[0.862s] running build
[0.862s] running build_py
[0.862s] creating /home/kch/ros2_ws/build/krac_vision/build
[0.862s] creating /home/kch/ros2_ws/build/krac_vision/build/lib
[0.862s] creating /home/kch/ros2_ws/build/krac_vision/build/lib/krac_vision
[0.862s] copying krac_vision/__init__.py -> /home/kch/ros2_ws/build/krac_vision/build/lib/krac_vision
[0.862s] copying krac_vision/vision_tracker.py -> /home/kch/ros2_ws/build/krac_vision/build/lib/krac_vision
[0.862s] copying krac_vision/yolo_detector.py -> /home/kch/ros2_ws/build/krac_vision/build/lib/krac_vision
[0.862s] copying krac_vision/landing_marker.py -> /home/kch/ros2_ws/build/krac_vision/build/lib/krac_vision
[0.862s] copying krac_vision/survivor_yolo.py -> /home/kch/ros2_ws/build/krac_vision/build/lib/krac_vision
[0.862s] running install
[0.863s] running install_lib
[0.863s] creating /home/kch/ros2_ws/install/krac_vision/lib/python3.10/site-packages/krac_vision
[0.863s] copying /home/kch/ros2_ws/build/krac_vision/build/lib/krac_vision/__init__.py -> /home/kch/ros2_ws/install/krac_vision/lib/python3.10/site-packages/krac_vision
[0.863s] copying /home/kch/ros2_ws/build/krac_vision/build/lib/krac_vision/vision_tracker.py -> /home/kch/ros2_ws/install/krac_vision/lib/python3.10/site-packages/krac_vision
[0.863s] copying /home/kch/ros2_ws/build/krac_vision/build/lib/krac_vision/yolo_detector.py -> /home/kch/ros2_ws/install/krac_vision/lib/python3.10/site-packages/krac_vision
[0.863s] copying /home/kch/ros2_ws/build/krac_vision/build/lib/krac_vision/landing_marker.py -> /home/kch/ros2_ws/install/krac_vision/lib/python3.10/site-packages/krac_vision
[0.863s] copying /home/kch/ros2_ws/build/krac_vision/build/lib/krac_vision/survivor_yolo.py -> /home/kch/ros2_ws/install/krac_vision/lib/python3.10/site-packages/krac_vision
[0.864s] byte-compiling /home/kch/ros2_ws/install/krac_vision/lib/python3.10/site-packages/krac_vision/__init__.py to __init__.cpython-310.pyc
[0.864s] byte-compiling /home/kch/ros2_ws/install/krac_vision/lib/python3.10/site-packages/krac_vision/vision_tracker.py to vision_tracker.cpython-310.pyc
[0.865s] byte-compiling /home/kch/ros2_ws/install/krac_vision/lib/python3.10/site-packages/krac_vision/yolo_detector.py to yolo_detector.cpython-310.pyc
[0.866s] byte-compiling /home/kch/ros2_ws/install/krac_vision/lib/python3.10/site-packages/krac_vision/landing_marker.py to landing_marker.cpython-310.pyc
[0.866s] byte-compiling /home/kch/ros2_ws/install/krac_vision/lib/python3.10/site-packages/krac_vision/survivor_yolo.py to survivor_yolo.cpython-310.pyc
[0.866s] running install_data
[0.867s] copying resource/krac_vision -> /home/kch/ros2_ws/install/krac_vision/share/ament_index/resource_index/packages
[0.867s] copying package.xml -> /home/kch/ros2_ws/install/krac_vision/share/krac_vision
[0.867s] copying weights/best.pt -> /home/kch/ros2_ws/install/krac_vision/share/krac_vision/weights
[0.883s] copying launch/yolo_detector.launch.py -> /home/kch/ros2_ws/install/krac_vision/share/krac_vision/launch
[0.884s] running install_egg_info
[0.885s] Copying ../../build/krac_vision/krac_vision.egg-info to /home/kch/ros2_ws/install/krac_vision/lib/python3.10/site-packages/krac_vision-0.0.0-py3.10.egg-info
[0.886s] running install_scripts
[0.899s] Installing vision_tracker script to /home/kch/ros2_ws/install/krac_vision/lib/krac_vision
[0.899s] writing list of installed files to '/home/kch/ros2_ws/build/krac_vision/install.log'
[0.923s] Invoked command in '/home/kch/ros2_ws/src/krac_vision' returned '0': AMENT_PREFIX_PATH=/home/kch/ros2_ws/install/krac_interfaces:${AMENT_PREFIX_PATH} CMAKE_PREFIX_PATH=/home/kch/ros2_ws/install/krac_interfaces LD_LIBRARY_PATH=/home/kch/ros2_ws/install/krac_interfaces/lib:${LD_LIBRARY_PATH} PYTHONPATH=/home/kch/ros2_ws/build/krac_vision/prefix_override:/usr/lib/python3/dist-packages/colcon_core/task/python/colcon_distutils_commands:/home/kch/ros2_ws/install/krac_vision/lib/python3.10/site-packages:/home/kch/ros2_ws/install/krac_interfaces/local/lib/python3.10/dist-packages:${PYTHONPATH} /usr/bin/python3 -W ignore:setup.py install is deprecated -W ignore:easy_install command is deprecated setup.py egg_info --egg-base ../../build/krac_vision build --build-base /home/kch/ros2_ws/build/krac_vision/build install --record /home/kch/ros2_ws/build/krac_vision/install.log --single-version-externally-managed install_data --force
