[0.446s] Invoking command in '/home/kch/ros2_ws/build/krac_vision': AMENT_PREFIX_PATH=/home/kch/ros2_ws/install/krac_interfaces:${AMENT_PREFIX_PATH} CMAKE_PREFIX_PATH=/home/kch/ros2_ws/install/krac_interfaces LD_LIBRARY_PATH=/home/kch/ros2_ws/install/krac_interfaces/lib:${LD_LIBRARY_PATH} PYTHONPATH=/home/kch/ros2_ws/build/krac_vision/prefix_override:/usr/lib/python3/dist-packages/colcon_core/task/python/colcon_distutils_commands:/home/kch/ros2_ws/install/krac_vision/lib/python3.10/site-packages:/home/kch/ros2_ws/install/krac_interfaces/local/lib/python3.10/dist-packages:${PYTHONPATH} /usr/bin/python3 -W ignore:setup.py install is deprecated -W ignore:easy_install command is deprecated setup.py develop --uninstall --editable --build-directory /home/kch/ros2_ws/build/krac_vision/build
[0.605s] running develop
[0.711s] Removing /home/kch/ros2_ws/install/krac_vision/lib/python3.10/site-packages/krac-vision.egg-link (link to .)
[0.740s] Invoked command in '/home/kch/ros2_ws/build/krac_vision' returned '0': AMENT_PREFIX_PATH=/home/kch/ros2_ws/install/krac_interfaces:${AMENT_PREFIX_PATH} CMAKE_PREFIX_PATH=/home/kch/ros2_ws/install/krac_interfaces LD_LIBRARY_PATH=/home/kch/ros2_ws/install/krac_interfaces/lib:${LD_LIBRARY_PATH} PYTHONPATH=/home/kch/ros2_ws/build/krac_vision/prefix_override:/usr/lib/python3/dist-packages/colcon_core/task/python/colcon_distutils_commands:/home/kch/ros2_ws/install/krac_vision/lib/python3.10/site-packages:/home/kch/ros2_ws/install/krac_interfaces/local/lib/python3.10/dist-packages:${PYTHONPATH} /usr/bin/python3 -W ignore:setup.py install is deprecated -W ignore:easy_install command is deprecated setup.py develop --uninstall --editable --build-directory /home/kch/ros2_ws/build/krac_vision/build
[0.741s] Invoking command in '/home/kch/ros2_ws/src/krac_vision': AMENT_PREFIX_PATH=/home/kch/ros2_ws/install/krac_interfaces:${AMENT_PREFIX_PATH} CMAKE_PREFIX_PATH=/home/kch/ros2_ws/install/krac_interfaces LD_LIBRARY_PATH=/home/kch/ros2_ws/install/krac_interfaces/lib:${LD_LIBRARY_PATH} PYTHONPATH=/home/kch/ros2_ws/build/krac_vision/prefix_override:/usr/lib/python3/dist-packages/colcon_core/task/python/colcon_distutils_commands:/home/kch/ros2_ws/install/krac_vision/lib/python3.10/site-packages:/home/kch/ros2_ws/install/krac_interfaces/local/lib/python3.10/dist-packages:${PYTHONPATH} /usr/bin/python3 -W ignore:setup.py install is deprecated -W ignore:easy_install command is deprecated setup.py egg_info --egg-base ../../build/krac_vision build --build-base /home/kch/ros2_ws/build/krac_vision/build install --record /home/kch/ros2_ws/build/krac_vision/install.log --single-version-externally-managed install_data --force
[0.883s] running egg_info
[0.883s] writing ../../build/krac_vision/krac_vision.egg-info/PKG-INFO
[0.883s] writing dependency_links to ../../build/krac_vision/krac_vision.egg-info/dependency_links.txt
[0.883s] writing entry points to ../../build/krac_vision/krac_vision.egg-info/entry_points.txt
[0.883s] writing requirements to ../../build/krac_vision/krac_vision.egg-info/requires.txt
[0.883s] writing top-level names to ../../build/krac_vision/krac_vision.egg-info/top_level.txt
[0.885s] reading manifest file '../../build/krac_vision/krac_vision.egg-info/SOURCES.txt'
[0.886s] writing manifest file '../../build/krac_vision/krac_vision.egg-info/SOURCES.txt'
[0.886s] running build
[0.886s] running build_py
[0.887s] running install
[0.888s] running install_lib
[0.888s] creating /home/kch/ros2_ws/install/krac_vision/lib/python3.10/site-packages/krac_vision
[0.888s] copying /home/kch/ros2_ws/build/krac_vision/build/lib/krac_vision/gripper_test.py -> /home/kch/ros2_ws/install/krac_vision/lib/python3.10/site-packages/krac_vision
[0.888s] copying /home/kch/ros2_ws/build/krac_vision/build/lib/krac_vision/__init__.py -> /home/kch/ros2_ws/install/krac_vision/lib/python3.10/site-packages/krac_vision
[0.889s] copying /home/kch/ros2_ws/build/krac_vision/build/lib/krac_vision/vision_tracker.py -> /home/kch/ros2_ws/install/krac_vision/lib/python3.10/site-packages/krac_vision
[0.889s] copying /home/kch/ros2_ws/build/krac_vision/build/lib/krac_vision/yolo_detector.py -> /home/kch/ros2_ws/install/krac_vision/lib/python3.10/site-packages/krac_vision
[0.889s] copying /home/kch/ros2_ws/build/krac_vision/build/lib/krac_vision/landing_marker.py -> /home/kch/ros2_ws/install/krac_vision/lib/python3.10/site-packages/krac_vision
[0.889s] copying /home/kch/ros2_ws/build/krac_vision/build/lib/krac_vision/survivor_yolo.py -> /home/kch/ros2_ws/install/krac_vision/lib/python3.10/site-packages/krac_vision
[0.890s] byte-compiling /home/kch/ros2_ws/install/krac_vision/lib/python3.10/site-packages/krac_vision/gripper_test.py to gripper_test.cpython-310.pyc
[0.891s] byte-compiling /home/kch/ros2_ws/install/krac_vision/lib/python3.10/site-packages/krac_vision/__init__.py to __init__.cpython-310.pyc
[0.891s] byte-compiling /home/kch/ros2_ws/install/krac_vision/lib/python3.10/site-packages/krac_vision/vision_tracker.py to vision_tracker.cpython-310.pyc
[0.892s] byte-compiling /home/kch/ros2_ws/install/krac_vision/lib/python3.10/site-packages/krac_vision/yolo_detector.py to yolo_detector.cpython-310.pyc
[0.893s] byte-compiling /home/kch/ros2_ws/install/krac_vision/lib/python3.10/site-packages/krac_vision/landing_marker.py to landing_marker.cpython-310.pyc
[0.893s] byte-compiling /home/kch/ros2_ws/install/krac_vision/lib/python3.10/site-packages/krac_vision/survivor_yolo.py to survivor_yolo.cpython-310.pyc
[0.893s] running install_data
[0.894s] copying resource/krac_vision -> /home/kch/ros2_ws/install/krac_vision/share/ament_index/resource_index/packages
[0.894s] copying package.xml -> /home/kch/ros2_ws/install/krac_vision/share/krac_vision
[0.894s] copying weights/best.pt -> /home/kch/ros2_ws/install/krac_vision/share/krac_vision/weights
[0.920s] copying launch/yolo_detector.launch.py -> /home/kch/ros2_ws/install/krac_vision/share/krac_vision/launch
[0.924s] running install_egg_info
[0.927s] Copying ../../build/krac_vision/krac_vision.egg-info to /home/kch/ros2_ws/install/krac_vision/lib/python3.10/site-packages/krac_vision-0.0.0-py3.10.egg-info
[0.927s] running install_scripts
[0.941s] Installing vision_tracker script to /home/kch/ros2_ws/install/krac_vision/lib/krac_vision
[0.941s] writing list of installed files to '/home/kch/ros2_ws/build/krac_vision/install.log'
[0.962s] Invoked command in '/home/kch/ros2_ws/src/krac_vision' returned '0': AMENT_PREFIX_PATH=/home/kch/ros2_ws/install/krac_interfaces:${AMENT_PREFIX_PATH} CMAKE_PREFIX_PATH=/home/kch/ros2_ws/install/krac_interfaces LD_LIBRARY_PATH=/home/kch/ros2_ws/install/krac_interfaces/lib:${LD_LIBRARY_PATH} PYTHONPATH=/home/kch/ros2_ws/build/krac_vision/prefix_override:/usr/lib/python3/dist-packages/colcon_core/task/python/colcon_distutils_commands:/home/kch/ros2_ws/install/krac_vision/lib/python3.10/site-packages:/home/kch/ros2_ws/install/krac_interfaces/local/lib/python3.10/dist-packages:${PYTHONPATH} /usr/bin/python3 -W ignore:setup.py install is deprecated -W ignore:easy_install command is deprecated setup.py egg_info --egg-base ../../build/krac_vision build --build-base /home/kch/ros2_ws/build/krac_vision/build install --record /home/kch/ros2_ws/build/krac_vision/install.log --single-version-externally-managed install_data --force
