[0.018s] Invoking command in '/home/kch/ros2_ws/build/krac_mission': AMENT_PREFIX_PATH=/home/kch/ros2_ws/install/krac_interfaces:${AMENT_PREFIX_PATH} CMAKE_PREFIX_PATH=/home/kch/ros2_ws/install/krac_interfaces:/opt/ros/humble LD_LIBRARY_PATH=/home/kch/ros2_ws/install/krac_interfaces/lib:${LD_LIBRARY_PATH} PYTHONPATH=/home/kch/ros2_ws/install/krac_interfaces/local/lib/python3.10/dist-packages:${PYTHONPATH} /usr/bin/cmake /home/kch/ros2_ws/src/krac_mission -DCMAKE_INSTALL_PREFIX=/home/kch/ros2_ws/install/krac_mission
[0.027s] -- Found ament_cmake: 1.3.12 (/opt/ros/humble/share/ament_cmake/cmake)
[0.109s] -- Override CMake install command with custom implementation using symlinks instead of copying resources
[0.115s] -- Found rclcpp: 16.0.17 (/opt/ros/humble/share/rclcpp/cmake)
[0.139s] -- Found rosidl_generator_c: 3.1.8 (/opt/ros/humble/share/rosidl_generator_c/cmake)
[0.140s] -- Found rosidl_adapter: 3.1.8 (/opt/ros/humble/share/rosidl_adapter/cmake)
[0.143s] -- Found rosidl_generator_cpp: 3.1.8 (/opt/ros/humble/share/rosidl_generator_cpp/cmake)
[0.150s] -- Using all available rosidl_typesupport_c: rosidl_typesupport_fastrtps_c;rosidl_typesupport_introspection_c
[0.157s] -- Using all available rosidl_typesupport_cpp: rosidl_typesupport_fastrtps_cpp;rosidl_typesupport_introspection_cpp
[0.188s] -- Found rmw_implementation_cmake: 6.1.2 (/opt/ros/humble/share/rmw_implementation_cmake/cmake)
[0.190s] -- Found rmw_fastrtps_cpp: 6.2.9 (/opt/ros/humble/share/rmw_fastrtps_cpp/cmake)
[0.292s] -- Using RMW implementation 'rmw_fastrtps_cpp' as default
[0.340s] -- Found mavros_msgs: 2.14.0 (/opt/ros/humble/share/mavros_msgs/cmake)
[0.412s] -- Found krac_interfaces: 0.0.0 (/home/kch/ros2_ws/install/krac_interfaces/share/krac_interfaces/cmake)
[0.500s] -- Configuring done
[0.507s] -- Generating done
[0.508s] -- Build files have been written to: /home/kch/ros2_ws/build/krac_mission
[0.516s] Invoked command in '/home/kch/ros2_ws/build/krac_mission' returned '0': AMENT_PREFIX_PATH=/home/kch/ros2_ws/install/krac_interfaces:${AMENT_PREFIX_PATH} CMAKE_PREFIX_PATH=/home/kch/ros2_ws/install/krac_interfaces:/opt/ros/humble LD_LIBRARY_PATH=/home/kch/ros2_ws/install/krac_interfaces/lib:${LD_LIBRARY_PATH} PYTHONPATH=/home/kch/ros2_ws/install/krac_interfaces/local/lib/python3.10/dist-packages:${PYTHONPATH} /usr/bin/cmake /home/kch/ros2_ws/src/krac_mission -DCMAKE_INSTALL_PREFIX=/home/kch/ros2_ws/install/krac_mission
[0.518s] Invoking command in '/home/kch/ros2_ws/build/krac_mission': AMENT_PREFIX_PATH=/home/kch/ros2_ws/install/krac_interfaces:${AMENT_PREFIX_PATH} CMAKE_PREFIX_PATH=/home/kch/ros2_ws/install/krac_interfaces:/opt/ros/humble LD_LIBRARY_PATH=/home/kch/ros2_ws/install/krac_interfaces/lib:${LD_LIBRARY_PATH} PYTHONPATH=/home/kch/ros2_ws/install/krac_interfaces/local/lib/python3.10/dist-packages:${PYTHONPATH} /usr/bin/cmake --build /home/kch/ros2_ws/build/krac_mission -- -j16 -l16
[0.550s] Invoked command in '/home/kch/ros2_ws/build/krac_mission' returned '0': AMENT_PREFIX_PATH=/home/kch/ros2_ws/install/krac_interfaces:${AMENT_PREFIX_PATH} CMAKE_PREFIX_PATH=/home/kch/ros2_ws/install/krac_interfaces:/opt/ros/humble LD_LIBRARY_PATH=/home/kch/ros2_ws/install/krac_interfaces/lib:${LD_LIBRARY_PATH} PYTHONPATH=/home/kch/ros2_ws/install/krac_interfaces/local/lib/python3.10/dist-packages:${PYTHONPATH} /usr/bin/cmake --build /home/kch/ros2_ws/build/krac_mission -- -j16 -l16
[0.551s] Invoking command in '/home/kch/ros2_ws/build/krac_mission': AMENT_PREFIX_PATH=/home/kch/ros2_ws/install/krac_interfaces:${AMENT_PREFIX_PATH} CMAKE_PREFIX_PATH=/home/kch/ros2_ws/install/krac_interfaces:/opt/ros/humble LD_LIBRARY_PATH=/home/kch/ros2_ws/install/krac_interfaces/lib:${LD_LIBRARY_PATH} PYTHONPATH=/home/kch/ros2_ws/install/krac_interfaces/local/lib/python3.10/dist-packages:${PYTHONPATH} /usr/bin/cmake --install /home/kch/ros2_ws/build/krac_mission
[0.556s] -- Install configuration: ""
[0.556s] -- Execute custom install script
[0.557s] -- Up-to-date symlink: /home/kch/ros2_ws/install/krac_mission/share/krac_mission/launch/krac_24.launch.py
[0.558s] -- Up-to-date symlink: /home/kch/ros2_ws/install/krac_mission/share/krac_mission/launch/krac_24_sitl.launch.py
[0.558s] -- Up-to-date symlink: /home/kch/ros2_ws/install/krac_mission/share/krac_mission/launch/offboard_test.launch.py
[0.558s] -- Up-to-date symlink: /home/kch/ros2_ws/install/krac_mission/share/krac_mission/launch/offboard_test.py
[0.558s] -- Up-to-date symlink: /home/kch/ros2_ws/install/krac_mission/share/krac_mission/launch/sitl_vtol.launch.py
[0.558s] -- Up-to-date symlink: /home/kch/ros2_ws/install/krac_mission/share/krac_mission/launch/sitl_x500.launch.py
[0.559s] -- Up-to-date symlink: /home/kch/ros2_ws/install/krac_mission/share/krac_mission/config/mavros_params.yaml
[0.560s] -- Up-to-date symlink: /home/kch/ros2_ws/install/krac_mission/share/krac_mission/config/vtol_params.yaml
[0.560s] -- Up-to-date symlink: /home/kch/ros2_ws/install/krac_mission/share/krac_mission/config/waypoints.yaml
[0.560s] -- Up-to-date symlink: /home/kch/ros2_ws/install/krac_mission/share/ament_index/resource_index/package_run_dependencies/krac_mission
[0.561s] -- Up-to-date symlink: /home/kch/ros2_ws/install/krac_mission/share/ament_index/resource_index/parent_prefix_path/krac_mission
[0.561s] -- Up-to-date symlink: /home/kch/ros2_ws/install/krac_mission/share/krac_mission/environment/ament_prefix_path.sh
[0.561s] -- Up-to-date symlink: /home/kch/ros2_ws/install/krac_mission/share/krac_mission/environment/ament_prefix_path.dsv
[0.561s] -- Up-to-date symlink: /home/kch/ros2_ws/install/krac_mission/share/krac_mission/environment/path.sh
[0.562s] -- Up-to-date symlink: /home/kch/ros2_ws/install/krac_mission/share/krac_mission/environment/path.dsv
[0.562s] -- Up-to-date symlink: /home/kch/ros2_ws/install/krac_mission/share/krac_mission/local_setup.bash
[0.562s] -- Up-to-date symlink: /home/kch/ros2_ws/install/krac_mission/share/krac_mission/local_setup.sh
[0.562s] -- Up-to-date symlink: /home/kch/ros2_ws/install/krac_mission/share/krac_mission/local_setup.zsh
[0.562s] -- Up-to-date symlink: /home/kch/ros2_ws/install/krac_mission/share/krac_mission/local_setup.dsv
[0.563s] -- Symlinking: /home/kch/ros2_ws/install/krac_mission/share/krac_mission/package.dsv
[0.572s] -- Up-to-date symlink: /home/kch/ros2_ws/install/krac_mission/share/ament_index/resource_index/packages/krac_mission
[0.572s] -- Up-to-date symlink: /home/kch/ros2_ws/install/krac_mission/share/krac_mission/cmake/krac_missionConfig.cmake
[0.573s] -- Up-to-date symlink: /home/kch/ros2_ws/install/krac_mission/share/krac_mission/cmake/krac_missionConfig-version.cmake
[0.573s] -- Up-to-date symlink: /home/kch/ros2_ws/install/krac_mission/share/krac_mission/package.xml
[0.573s] -- Up-to-date: /home/kch/ros2_ws/install/krac_mission/lib/krac_mission/mission_loader
[0.575s] Invoked command in '/home/kch/ros2_ws/build/krac_mission' returned '0': AMENT_PREFIX_PATH=/home/kch/ros2_ws/install/krac_interfaces:${AMENT_PREFIX_PATH} CMAKE_PREFIX_PATH=/home/kch/ros2_ws/install/krac_interfaces:/opt/ros/humble LD_LIBRARY_PATH=/home/kch/ros2_ws/install/krac_interfaces/lib:${LD_LIBRARY_PATH} PYTHONPATH=/home/kch/ros2_ws/install/krac_interfaces/local/lib/python3.10/dist-packages:${PYTHONPATH} /usr/bin/cmake --install /home/kch/ros2_ws/build/krac_mission
