running develop
running egg_info
creating krac_vision.egg-info
writing krac_vision.egg-info/PKG-INFO
writing dependency_links to krac_vision.egg-info/dependency_links.txt
writing entry points to krac_vision.egg-info/entry_points.txt
writing requirements to krac_vision.egg-info/requires.txt
writing top-level names to krac_vision.egg-info/top_level.txt
writing manifest file 'krac_vision.egg-info/SOURCES.txt'
reading manifest file 'krac_vision.egg-info/SOURCES.txt'
writing manifest file 'krac_vision.egg-info/SOURCES.txt'
running build_ext
Creating /home/kch/ros2_ws/install/krac_vision/lib/python3.10/site-packages/krac-vision.egg-link (link to .)
Installing yolo_node script to /home/kch/ros2_ws/install/krac_vision/lib/krac_vision

Installed /home/kch/ros2_ws/build/krac_vision
running symlink_data
creating /home/kch/ros2_ws/install/krac_vision/share/ament_index
creating /home/kch/ros2_ws/install/krac_vision/share/ament_index/resource_index
creating /home/kch/ros2_ws/install/krac_vision/share/ament_index/resource_index/packages
symbolically linking /home/kch/ros2_ws/build/krac_vision/resource/krac_vision -> /home/kch/ros2_ws/install/krac_vision/share/ament_index/resource_index/packages
symbolically linking /home/kch/ros2_ws/build/krac_vision/package.xml -> /home/kch/ros2_ws/install/krac_vision/share/krac_vision
creating /home/kch/ros2_ws/install/krac_vision/share/krac_vision/weights
symbolically linking /home/kch/ros2_ws/build/krac_vision/weights/best.pt -> /home/kch/ros2_ws/install/krac_vision/share/krac_vision/weights
creating /home/kch/ros2_ws/install/krac_vision/share/krac_vision/launch
symbolically linking /home/kch/ros2_ws/build/krac_vision/launch/yolo_detector.launch.py -> /home/kch/ros2_ws/install/krac_vision/share/krac_vision/launch
