[0.010s] Invoking command in '/home/kch/ros2_ws/build/vision_msgs_rviz_plugins': AMENT_PREFIX_PATH=/home/kch/ros2_ws/install/vision_msgs:${AMENT_PREFIX_PATH} CMAKE_PREFIX_PATH=/home/kch/ros2_ws/install/vision_msgs:/opt/ros/humble LD_LIBRARY_PATH=/home/kch/ros2_ws/install/vision_msgs/lib:${LD_LIBRARY_PATH} PYTHONPATH=/home/kch/ros2_ws/install/vision_msgs/local/lib/python3.10/dist-packages:${PYTHONPATH} /usr/bin/cmake --build /home/kch/ros2_ws/build/vision_msgs_rviz_plugins -- -j16 -l16
[0.068s] [  6%] [34m[1mAutomatic MOC for target vision_msgs_rviz_plugins[0m
[0.085s] [  6%] Built target vision_msgs_rviz_plugins_autogen
[0.139s] [100%] Built target vision_msgs_rviz_plugins
[0.146s] Invoked command in '/home/kch/ros2_ws/build/vision_msgs_rviz_plugins' returned '0': AMENT_PREFIX_PATH=/home/kch/ros2_ws/install/vision_msgs:${AMENT_PREFIX_PATH} CMAKE_PREFIX_PATH=/home/kch/ros2_ws/install/vision_msgs:/opt/ros/humble LD_LIBRARY_PATH=/home/kch/ros2_ws/install/vision_msgs/lib:${LD_LIBRARY_PATH} PYTHONPATH=/home/kch/ros2_ws/install/vision_msgs/local/lib/python3.10/dist-packages:${PYTHONPATH} /usr/bin/cmake --build /home/kch/ros2_ws/build/vision_msgs_rviz_plugins -- -j16 -l16
[0.149s] Invoking command in '/home/kch/ros2_ws/build/vision_msgs_rviz_plugins': AMENT_PREFIX_PATH=/home/kch/ros2_ws/install/vision_msgs:${AMENT_PREFIX_PATH} CMAKE_PREFIX_PATH=/home/kch/ros2_ws/install/vision_msgs:/opt/ros/humble LD_LIBRARY_PATH=/home/kch/ros2_ws/install/vision_msgs/lib:${LD_LIBRARY_PATH} PYTHONPATH=/home/kch/ros2_ws/install/vision_msgs/local/lib/python3.10/dist-packages:${PYTHONPATH} /usr/bin/cmake --install /home/kch/ros2_ws/build/vision_msgs_rviz_plugins
[0.155s] -- Install configuration: ""
[0.156s] -- Execute custom install script
[0.156s] -- Up-to-date symlink: /home/kch/ros2_ws/install/vision_msgs_rviz_plugins/share/vision_msgs_rviz_plugins//plugins_description.xml
[0.157s] -- Up-to-date symlink: /home/kch/ros2_ws/install/vision_msgs_rviz_plugins/share/vision_msgs_rviz_plugins/environment/library_path.sh
[0.157s] -- Up-to-date symlink: /home/kch/ros2_ws/install/vision_msgs_rviz_plugins/share/vision_msgs_rviz_plugins/environment/library_path.dsv
[0.158s] -- Up-to-date symlink: /home/kch/ros2_ws/install/vision_msgs_rviz_plugins/include/vision_msgs_rviz_plugins/vision_msgs_rviz_plugins/bounding_box_3d.hpp
[0.158s] -- Up-to-date symlink: /home/kch/ros2_ws/install/vision_msgs_rviz_plugins/include/vision_msgs_rviz_plugins/vision_msgs_rviz_plugins/bounding_box_3d_array.hpp
[0.158s] -- Up-to-date symlink: /home/kch/ros2_ws/install/vision_msgs_rviz_plugins/include/vision_msgs_rviz_plugins/vision_msgs_rviz_plugins/bounding_box_3d_common.hpp
[0.159s] -- Up-to-date symlink: /home/kch/ros2_ws/install/vision_msgs_rviz_plugins/include/vision_msgs_rviz_plugins/vision_msgs_rviz_plugins/detection_3d.hpp
[0.159s] -- Up-to-date symlink: /home/kch/ros2_ws/install/vision_msgs_rviz_plugins/include/vision_msgs_rviz_plugins/vision_msgs_rviz_plugins/detection_3d_array.hpp
[0.160s] -- Up-to-date symlink: /home/kch/ros2_ws/install/vision_msgs_rviz_plugins/include/vision_msgs_rviz_plugins/vision_msgs_rviz_plugins/detection_3d_common.hpp
[0.160s] -- Up-to-date symlink: /home/kch/ros2_ws/install/vision_msgs_rviz_plugins/include/vision_msgs_rviz_plugins/vision_msgs_rviz_plugins/visibility_control.hpp
[0.160s] -- Up-to-date symlink: /home/kch/ros2_ws/install/vision_msgs_rviz_plugins/share/vision_msgs_rviz_plugins/launch/test_all.launch.py
[0.160s] -- Up-to-date symlink: /home/kch/ros2_ws/install/vision_msgs_rviz_plugins/share/vision_msgs_rviz_plugins/conf/conf.rviz
[0.160s] -- Up-to-date symlink: /home/kch/ros2_ws/install/vision_msgs_rviz_plugins/share/vision_msgs_rviz_plugins/conf/example.yaml
[0.161s] -- Up-to-date symlink: /home/kch/ros2_ws/install/vision_msgs_rviz_plugins/share/vision_msgs_rviz_plugins/icons/classes/BoundingBox3D.png
[0.161s] -- Up-to-date symlink: /home/kch/ros2_ws/install/vision_msgs_rviz_plugins/share/vision_msgs_rviz_plugins/icons/classes/BoundingBox3DArray.png
[0.161s] -- Up-to-date symlink: /home/kch/ros2_ws/install/vision_msgs_rviz_plugins/share/vision_msgs_rviz_plugins/icons/classes/Detection3D.png
[0.162s] -- Up-to-date symlink: /home/kch/ros2_ws/install/vision_msgs_rviz_plugins/share/vision_msgs_rviz_plugins/icons/classes/Detection3DArray.png
[0.162s] -- Up-to-date symlink: /home/kch/ros2_ws/install/vision_msgs_rviz_plugins/lib/vision_msgs_rviz_plugins/Detection3DArray.py
[0.163s] -- Up-to-date symlink: /home/kch/ros2_ws/install/vision_msgs_rviz_plugins/lib/vision_msgs_rviz_plugins/Detection3D.py
[0.163s] -- Up-to-date symlink: /home/kch/ros2_ws/install/vision_msgs_rviz_plugins/lib/vision_msgs_rviz_plugins/BoundingBox3D.py
[0.163s] -- Up-to-date symlink: /home/kch/ros2_ws/install/vision_msgs_rviz_plugins/lib/vision_msgs_rviz_plugins/BoundingBox3DArray.py
[0.163s] -- Up-to-date symlink: /home/kch/ros2_ws/install/vision_msgs_rviz_plugins/share/ament_index/resource_index/package_run_dependencies/vision_msgs_rviz_plugins
[0.164s] -- Up-to-date symlink: /home/kch/ros2_ws/install/vision_msgs_rviz_plugins/share/ament_index/resource_index/parent_prefix_path/vision_msgs_rviz_plugins
[0.164s] -- Up-to-date symlink: /home/kch/ros2_ws/install/vision_msgs_rviz_plugins/share/vision_msgs_rviz_plugins/environment/ament_prefix_path.sh
[0.164s] -- Up-to-date symlink: /home/kch/ros2_ws/install/vision_msgs_rviz_plugins/share/vision_msgs_rviz_plugins/environment/ament_prefix_path.dsv
[0.164s] -- Up-to-date symlink: /home/kch/ros2_ws/install/vision_msgs_rviz_plugins/share/vision_msgs_rviz_plugins/environment/path.sh
[0.164s] -- Up-to-date symlink: /home/kch/ros2_ws/install/vision_msgs_rviz_plugins/share/vision_msgs_rviz_plugins/environment/path.dsv
[0.165s] -- Up-to-date symlink: /home/kch/ros2_ws/install/vision_msgs_rviz_plugins/share/vision_msgs_rviz_plugins/local_setup.bash
[0.165s] -- Up-to-date symlink: /home/kch/ros2_ws/install/vision_msgs_rviz_plugins/share/vision_msgs_rviz_plugins/local_setup.sh
[0.165s] -- Up-to-date symlink: /home/kch/ros2_ws/install/vision_msgs_rviz_plugins/share/vision_msgs_rviz_plugins/local_setup.zsh
[0.165s] -- Up-to-date symlink: /home/kch/ros2_ws/install/vision_msgs_rviz_plugins/share/vision_msgs_rviz_plugins/local_setup.dsv
[0.165s] -- Symlinking: /home/kch/ros2_ws/install/vision_msgs_rviz_plugins/share/vision_msgs_rviz_plugins/package.dsv
[0.173s] -- Up-to-date symlink: /home/kch/ros2_ws/install/vision_msgs_rviz_plugins/share/ament_index/resource_index/packages/vision_msgs_rviz_plugins
[0.174s] -- Up-to-date symlink: /home/kch/ros2_ws/install/vision_msgs_rviz_plugins/share/ament_index/resource_index/rviz_common__pluginlib__plugin/vision_msgs_rviz_plugins
[0.174s] -- Up-to-date symlink: /home/kch/ros2_ws/install/vision_msgs_rviz_plugins/share/vision_msgs_rviz_plugins/cmake/ament_cmake_export_include_directories-extras.cmake
[0.175s] -- Up-to-date symlink: /home/kch/ros2_ws/install/vision_msgs_rviz_plugins/share/vision_msgs_rviz_plugins/cmake/ament_cmake_export_targets-extras.cmake
[0.175s] -- Up-to-date symlink: /home/kch/ros2_ws/install/vision_msgs_rviz_plugins/share/vision_msgs_rviz_plugins/cmake/ament_cmake_export_dependencies-extras.cmake
[0.175s] -- Up-to-date symlink: /home/kch/ros2_ws/install/vision_msgs_rviz_plugins/share/vision_msgs_rviz_plugins/cmake/vision_msgs_rviz_pluginsConfig.cmake
[0.176s] -- Up-to-date symlink: /home/kch/ros2_ws/install/vision_msgs_rviz_plugins/share/vision_msgs_rviz_plugins/cmake/vision_msgs_rviz_pluginsConfig-version.cmake
[0.176s] -- Up-to-date symlink: /home/kch/ros2_ws/install/vision_msgs_rviz_plugins/share/vision_msgs_rviz_plugins/package.xml
[0.177s] -- Up-to-date: /home/kch/ros2_ws/install/vision_msgs_rviz_plugins/lib/libvision_msgs_rviz_plugins.so
[0.178s] -- Up-to-date: /home/kch/ros2_ws/install/vision_msgs_rviz_plugins/share/vision_msgs_rviz_plugins/cmake/vision_msgs_rviz_pluginsExport.cmake
[0.178s] -- Up-to-date: /home/kch/ros2_ws/install/vision_msgs_rviz_plugins/share/vision_msgs_rviz_plugins/cmake/vision_msgs_rviz_pluginsExport-noconfig.cmake
[0.180s] Invoked command in '/home/kch/ros2_ws/build/vision_msgs_rviz_plugins' returned '0': AMENT_PREFIX_PATH=/home/kch/ros2_ws/install/vision_msgs:${AMENT_PREFIX_PATH} CMAKE_PREFIX_PATH=/home/kch/ros2_ws/install/vision_msgs:/opt/ros/humble LD_LIBRARY_PATH=/home/kch/ros2_ws/install/vision_msgs/lib:${LD_LIBRARY_PATH} PYTHONPATH=/home/kch/ros2_ws/install/vision_msgs/local/lib/python3.10/dist-packages:${PYTHONPATH} /usr/bin/cmake --install /home/kch/ros2_ws/build/vision_msgs_rviz_plugins
