[0.012s] Invoking command in '/home/kch/ros2_ws/build/px4_ros_com': CMAKE_PREFIX_PATH=/home/kch/ros2_ws/install/px4_msgs:/home/kch/ros2_ws/install/vision_msgs_rviz_plugins:/home/kch/ros2_ws/install/vision_msgs:/home/kch/ros2_ws/install/px4_ros_com:/home/kch/ros2_ws/install/krac_utils:/home/kch/ros2_ws/install/krac_mission:/home/kch/ros2_ws/install/krac_control:/home/kch/ros2_ws/install/krac_interfaces:/home/kch/ros2_ws/install/krac_vision:/opt/ros/humble LD_LIBRARY_PATH=/home/kch/ros2_ws/install/px4_msgs/lib:/home/kch/ros2_ws/install/vision_msgs_rviz_plugins/lib:/home/kch/ros2_ws/install/vision_msgs/lib:/home/kch/ros2_ws/install/px4_ros_com/lib:/home/kch/ros2_ws/install/krac_interfaces/lib:/opt/ros/humble/opt/rviz_ogre_vendor/lib:/opt/ros/humble/lib/x86_64-linux-gnu:/opt/ros/humble/lib /usr/bin/cmake /home/kch/ros2_ws/src/px4_ros_com -DCMAKE_INSTALL_PREFIX=/home/kch/ros2_ws/install/px4_ros_com
[0.023s] -- Found ament_cmake: 1.3.12 (/opt/ros/humble/share/ament_cmake/cmake)
[0.128s] -- Override CMake install command with custom implementation using symlinks instead of copying resources
[0.134s] -- Found builtin_interfaces: 1.2.2 (/opt/ros/humble/share/builtin_interfaces/cmake)
[0.153s] -- Found rosidl_generator_c: 3.1.8 (/opt/ros/humble/share/rosidl_generator_c/cmake)
[0.155s] -- Found rosidl_adapter: 3.1.8 (/opt/ros/humble/share/rosidl_adapter/cmake)
[0.159s] -- Found rosidl_generator_cpp: 3.1.8 (/opt/ros/humble/share/rosidl_generator_cpp/cmake)
[0.166s] -- Using all available rosidl_typesupport_c: rosidl_typesupport_fastrtps_c;rosidl_typesupport_introspection_c
[0.175s] -- Using all available rosidl_typesupport_cpp: rosidl_typesupport_fastrtps_cpp;rosidl_typesupport_introspection_cpp
[0.183s] -- Found eigen3_cmake_module: 0.1.1 (/opt/ros/humble/share/eigen3_cmake_module/cmake)
[0.184s] -- Found geometry_msgs: 4.9.0 (/opt/ros/humble/share/geometry_msgs/cmake)
[0.203s] -- Found px4_msgs: 2.0.1 (/home/kch/ros2_ws/install/px4_msgs/share/px4_msgs/cmake)
[0.213s] -- Found rclcpp: 16.0.17 (/opt/ros/humble/share/rclcpp/cmake)
[0.231s] -- Found rmw_implementation_cmake: 6.1.2 (/opt/ros/humble/share/rmw_implementation_cmake/cmake)
[0.232s] -- Found rmw_fastrtps_cpp: 6.2.9 (/opt/ros/humble/share/rmw_fastrtps_cpp/cmake)
[0.331s] -- Using RMW implementation 'rmw_fastrtps_cpp' as default
[0.356s] -- Found sensor_msgs: 4.9.0 (/opt/ros/humble/share/sensor_msgs/cmake)
[0.371s] -- Found rclpy: 3.3.19 (/opt/ros/humble/share/rclpy/cmake)
[0.380s] -- Found ament_lint_auto: 0.12.14 (/opt/ros/humble/share/ament_lint_auto/cmake)
[0.468s] -- Added test 'copyright' to check source files copyright and LICENSE
[0.477s] -- Added test 'cppcheck' to perform static code analysis on C / C++ code
[0.477s] -- Configured cppcheck include dirs: /home/kch/ros2_ws/src/px4_ros_com/include;$<BUILD_INTERFACE:/home/kch/ros2_ws/src/px4_ros_com/include/px4_ros_com>
[0.477s] -- Configured cppcheck exclude dirs and/or files: 
[0.482s] -- Added test 'cpplint' to check C / C++ code against the Google style
[0.482s] -- Configured cpplint exclude dirs and/or files: 
[0.482s] -- Added test 'flake8' to check Python code syntax and style conventions
[0.483s] -- Added test 'lint_cmake' to check CMake code style
[0.484s] -- Added test 'pep257' to check Python code against some of the docstring style conventions in PEP 257
[0.488s] -- Added test 'uncrustify' to check C / C++ code style
[0.488s] -- Configured uncrustify additional arguments: 
[0.489s] -- Added test 'xmllint' to check XML markup files
[0.491s] -- Configuring done
[0.534s] -- Generating done
[0.542s] -- Build files have been written to: /home/kch/ros2_ws/build/px4_ros_com
[0.551s] Invoked command in '/home/kch/ros2_ws/build/px4_ros_com' returned '0': CMAKE_PREFIX_PATH=/home/kch/ros2_ws/install/px4_msgs:/home/kch/ros2_ws/install/vision_msgs_rviz_plugins:/home/kch/ros2_ws/install/vision_msgs:/home/kch/ros2_ws/install/px4_ros_com:/home/kch/ros2_ws/install/krac_utils:/home/kch/ros2_ws/install/krac_mission:/home/kch/ros2_ws/install/krac_control:/home/kch/ros2_ws/install/krac_interfaces:/home/kch/ros2_ws/install/krac_vision:/opt/ros/humble LD_LIBRARY_PATH=/home/kch/ros2_ws/install/px4_msgs/lib:/home/kch/ros2_ws/install/vision_msgs_rviz_plugins/lib:/home/kch/ros2_ws/install/vision_msgs/lib:/home/kch/ros2_ws/install/px4_ros_com/lib:/home/kch/ros2_ws/install/krac_interfaces/lib:/opt/ros/humble/opt/rviz_ogre_vendor/lib:/opt/ros/humble/lib/x86_64-linux-gnu:/opt/ros/humble/lib /usr/bin/cmake /home/kch/ros2_ws/src/px4_ros_com -DCMAKE_INSTALL_PREFIX=/home/kch/ros2_ws/install/px4_ros_com
[0.552s] Invoking command in '/home/kch/ros2_ws/build/px4_ros_com': CMAKE_PREFIX_PATH=/home/kch/ros2_ws/install/px4_msgs:/home/kch/ros2_ws/install/vision_msgs_rviz_plugins:/home/kch/ros2_ws/install/vision_msgs:/home/kch/ros2_ws/install/px4_ros_com:/home/kch/ros2_ws/install/krac_utils:/home/kch/ros2_ws/install/krac_mission:/home/kch/ros2_ws/install/krac_control:/home/kch/ros2_ws/install/krac_interfaces:/home/kch/ros2_ws/install/krac_vision:/opt/ros/humble LD_LIBRARY_PATH=/home/kch/ros2_ws/install/px4_msgs/lib:/home/kch/ros2_ws/install/vision_msgs_rviz_plugins/lib:/home/kch/ros2_ws/install/vision_msgs/lib:/home/kch/ros2_ws/install/px4_ros_com/lib:/home/kch/ros2_ws/install/krac_interfaces/lib:/opt/ros/humble/opt/rviz_ogre_vendor/lib:/opt/ros/humble/lib/x86_64-linux-gnu:/opt/ros/humble/lib /usr/bin/cmake --build /home/kch/ros2_ws/build/px4_ros_com -- -j16 -l16
[0.592s] [35m[1mConsolidate compiler generated dependencies of target frame_transforms[0m
[0.592s] [35m[1mConsolidate compiler generated dependencies of target sensor_combined_listener[0m
[0.592s] [35m[1mConsolidate compiler generated dependencies of target vehicle_gps_position_listener[0m
[0.593s] [35m[1mConsolidate compiler generated dependencies of target debug_vect_advertiser[0m
[0.593s] [35m[1mConsolidate compiler generated dependencies of target offboard_control[0m
[0.593s] [35m[1mConsolidate compiler generated dependencies of target offboard_control_srv[0m
[0.607s] [ 50%] Built target debug_vect_advertiser
[0.607s] [ 50%] Built target sensor_combined_listener
[0.607s] [ 50%] Built target vehicle_gps_position_listener
[0.609s] [ 66%] Built target offboard_control_srv
[0.609s] [ 83%] Built target offboard_control
[0.612s] [ 83%] Built target ament_cmake_python_symlink_px4_ros_com
[0.613s] [100%] Built target frame_transforms
[0.805s] running egg_info
[0.806s] writing px4_ros_com.egg-info/PKG-INFO
[0.806s] writing dependency_links to px4_ros_com.egg-info/dependency_links.txt
[0.806s] writing top-level names to px4_ros_com.egg-info/top_level.txt
[0.808s] reading manifest file 'px4_ros_com.egg-info/SOURCES.txt'
[0.808s] writing manifest file 'px4_ros_com.egg-info/SOURCES.txt'
[0.837s] [100%] Built target ament_cmake_python_build_px4_ros_com_egg
[0.850s] Invoked command in '/home/kch/ros2_ws/build/px4_ros_com' returned '0': CMAKE_PREFIX_PATH=/home/kch/ros2_ws/install/px4_msgs:/home/kch/ros2_ws/install/vision_msgs_rviz_plugins:/home/kch/ros2_ws/install/vision_msgs:/home/kch/ros2_ws/install/px4_ros_com:/home/kch/ros2_ws/install/krac_utils:/home/kch/ros2_ws/install/krac_mission:/home/kch/ros2_ws/install/krac_control:/home/kch/ros2_ws/install/krac_interfaces:/home/kch/ros2_ws/install/krac_vision:/opt/ros/humble LD_LIBRARY_PATH=/home/kch/ros2_ws/install/px4_msgs/lib:/home/kch/ros2_ws/install/vision_msgs_rviz_plugins/lib:/home/kch/ros2_ws/install/vision_msgs/lib:/home/kch/ros2_ws/install/px4_ros_com/lib:/home/kch/ros2_ws/install/krac_interfaces/lib:/opt/ros/humble/opt/rviz_ogre_vendor/lib:/opt/ros/humble/lib/x86_64-linux-gnu:/opt/ros/humble/lib /usr/bin/cmake --build /home/kch/ros2_ws/build/px4_ros_com -- -j16 -l16
[0.852s] Invoking command in '/home/kch/ros2_ws/build/px4_ros_com': CMAKE_PREFIX_PATH=/home/kch/ros2_ws/install/px4_msgs:/home/kch/ros2_ws/install/vision_msgs_rviz_plugins:/home/kch/ros2_ws/install/vision_msgs:/home/kch/ros2_ws/install/px4_ros_com:/home/kch/ros2_ws/install/krac_utils:/home/kch/ros2_ws/install/krac_mission:/home/kch/ros2_ws/install/krac_control:/home/kch/ros2_ws/install/krac_interfaces:/home/kch/ros2_ws/install/krac_vision:/opt/ros/humble LD_LIBRARY_PATH=/home/kch/ros2_ws/install/px4_msgs/lib:/home/kch/ros2_ws/install/vision_msgs_rviz_plugins/lib:/home/kch/ros2_ws/install/vision_msgs/lib:/home/kch/ros2_ws/install/px4_ros_com/lib:/home/kch/ros2_ws/install/krac_interfaces/lib:/opt/ros/humble/opt/rviz_ogre_vendor/lib:/opt/ros/humble/lib/x86_64-linux-gnu:/opt/ros/humble/lib /usr/bin/cmake --install /home/kch/ros2_ws/build/px4_ros_com
[0.860s] -- Install configuration: ""
[0.860s] -- Execute custom install script
[0.860s] -- Up-to-date symlink: /home/kch/ros2_ws/install/px4_ros_com/lib/px4_ros_com/sensor_combined_listener
[0.861s] -- Up-to-date symlink: /home/kch/ros2_ws/install/px4_ros_com/lib/px4_ros_com/vehicle_gps_position_listener
[0.861s] -- Up-to-date symlink: /home/kch/ros2_ws/install/px4_ros_com/lib/px4_ros_com/debug_vect_advertiser
[0.861s] -- Up-to-date symlink: /home/kch/ros2_ws/install/px4_ros_com/lib/px4_ros_com/offboard_control
[0.861s] -- Up-to-date symlink: /home/kch/ros2_ws/install/px4_ros_com/lib/px4_ros_com/offboard_control_srv
[0.862s] -- Up-to-date symlink: /home/kch/ros2_ws/install/px4_ros_com/share/px4_ros_com/environment/library_path.sh
[0.862s] -- Up-to-date symlink: /home/kch/ros2_ws/install/px4_ros_com/share/px4_ros_com/environment/library_path.dsv
[0.862s] -- Up-to-date symlink: /home/kch/ros2_ws/install/px4_ros_com/include/px4_ros_com/frame_transforms.h
[0.863s] -- Up-to-date symlink: /home/kch/ros2_ws/install/px4_ros_com/share/px4_ros_com//launch/offboard_control_launch.yaml
[0.863s] -- Up-to-date symlink: /home/kch/ros2_ws/install/px4_ros_com/share/px4_ros_com//launch/sensor_combined_listener.launch.py
[0.863s] -- Up-to-date symlink: /home/kch/ros2_ws/install/px4_ros_com/share/px4_ros_com//test/__init__.py
[0.863s] -- Up-to-date symlink: /home/kch/ros2_ws/install/px4_ros_com/share/px4_ros_com//test/pipeline_io_test.py
[0.863s] -- Up-to-date symlink: /home/kch/ros2_ws/install/px4_ros_com/share/px4_ros_com//test/test_input.py
[0.863s] -- Up-to-date symlink: /home/kch/ros2_ws/install/px4_ros_com/share/px4_ros_com//test/test_output.py
[0.864s] -- Up-to-date symlink: /home/kch/ros2_ws/install/px4_ros_com/share/px4_ros_com/environment/pythonpath.sh
[0.864s] -- Up-to-date symlink: /home/kch/ros2_ws/install/px4_ros_com/share/px4_ros_com/environment/pythonpath.dsv
[0.864s] -- Up-to-date symlink: /home/kch/ros2_ws/install/px4_ros_com/local/lib/python3.10/dist-packages/px4_ros_com-0.1.0-py3.10.egg-info/PKG-INFO
[0.864s] -- Up-to-date symlink: /home/kch/ros2_ws/install/px4_ros_com/local/lib/python3.10/dist-packages/px4_ros_com-0.1.0-py3.10.egg-info/SOURCES.txt
[0.864s] -- Up-to-date symlink: /home/kch/ros2_ws/install/px4_ros_com/local/lib/python3.10/dist-packages/px4_ros_com-0.1.0-py3.10.egg-info/dependency_links.txt
[0.864s] -- Up-to-date symlink: /home/kch/ros2_ws/install/px4_ros_com/local/lib/python3.10/dist-packages/px4_ros_com-0.1.0-py3.10.egg-info/top_level.txt
[0.865s] -- Up-to-date symlink: /home/kch/ros2_ws/install/px4_ros_com/local/lib/python3.10/dist-packages/px4_ros_com/__init__.py
[0.865s] -- Up-to-date symlink: /home/kch/ros2_ws/install/px4_ros_com/local/lib/python3.10/dist-packages/px4_ros_com/module_to_import.py
[0.865s] -- Up-to-date symlink: /home/kch/ros2_ws/install/px4_ros_com/lib/px4_ros_com/offboard_control.py
[0.865s] -- Up-to-date symlink: /home/kch/ros2_ws/install/px4_ros_com/share/ament_index/resource_index/package_run_dependencies/px4_ros_com
[0.866s] -- Up-to-date symlink: /home/kch/ros2_ws/install/px4_ros_com/share/ament_index/resource_index/parent_prefix_path/px4_ros_com
[0.866s] -- Up-to-date symlink: /home/kch/ros2_ws/install/px4_ros_com/share/px4_ros_com/environment/ament_prefix_path.sh
[0.866s] -- Up-to-date symlink: /home/kch/ros2_ws/install/px4_ros_com/share/px4_ros_com/environment/ament_prefix_path.dsv
[0.866s] -- Up-to-date symlink: /home/kch/ros2_ws/install/px4_ros_com/share/px4_ros_com/environment/path.sh
[0.867s] -- Up-to-date symlink: /home/kch/ros2_ws/install/px4_ros_com/share/px4_ros_com/environment/path.dsv
[0.867s] -- Up-to-date symlink: /home/kch/ros2_ws/install/px4_ros_com/share/px4_ros_com/local_setup.bash
[0.867s] -- Up-to-date symlink: /home/kch/ros2_ws/install/px4_ros_com/share/px4_ros_com/local_setup.sh
[0.867s] -- Up-to-date symlink: /home/kch/ros2_ws/install/px4_ros_com/share/px4_ros_com/local_setup.zsh
[0.867s] -- Up-to-date symlink: /home/kch/ros2_ws/install/px4_ros_com/share/px4_ros_com/local_setup.dsv
[0.868s] -- Symlinking: /home/kch/ros2_ws/install/px4_ros_com/share/px4_ros_com/package.dsv
[0.878s] -- Up-to-date symlink: /home/kch/ros2_ws/install/px4_ros_com/share/ament_index/resource_index/packages/px4_ros_com
[0.878s] -- Up-to-date symlink: /home/kch/ros2_ws/install/px4_ros_com/share/px4_ros_com/cmake/ament_cmake_export_dependencies-extras.cmake
[0.878s] -- Up-to-date symlink: /home/kch/ros2_ws/install/px4_ros_com/share/px4_ros_com/cmake/ament_cmake_export_targets-extras.cmake
[0.879s] -- Up-to-date symlink: /home/kch/ros2_ws/install/px4_ros_com/share/px4_ros_com/cmake/ament_cmake_export_include_directories-extras.cmake
[0.879s] -- Up-to-date symlink: /home/kch/ros2_ws/install/px4_ros_com/share/px4_ros_com/cmake/ament_cmake_export_libraries-extras.cmake
[0.879s] -- Up-to-date symlink: /home/kch/ros2_ws/install/px4_ros_com/share/px4_ros_com/cmake/px4_ros_comConfig.cmake
[0.879s] -- Up-to-date symlink: /home/kch/ros2_ws/install/px4_ros_com/share/px4_ros_com/cmake/px4_ros_comConfig-version.cmake
[0.879s] -- Up-to-date symlink: /home/kch/ros2_ws/install/px4_ros_com/share/px4_ros_com/package.xml
[0.880s] -- Up-to-date: /home/kch/ros2_ws/install/px4_ros_com/lib/libframe_transforms.so
[0.904s] Listing '/home/kch/ros2_ws/install/px4_ros_com/local/lib/python3.10/dist-packages/px4_ros_com'...
[0.908s] -- Up-to-date: /home/kch/ros2_ws/install/px4_ros_com/share/px4_ros_com/cmake/export_frame_transformsExport.cmake
[0.908s] -- Up-to-date: /home/kch/ros2_ws/install/px4_ros_com/share/px4_ros_com/cmake/export_frame_transformsExport-noconfig.cmake
[0.910s] Invoked command in '/home/kch/ros2_ws/build/px4_ros_com' returned '0': CMAKE_PREFIX_PATH=/home/kch/ros2_ws/install/px4_msgs:/home/kch/ros2_ws/install/vision_msgs_rviz_plugins:/home/kch/ros2_ws/install/vision_msgs:/home/kch/ros2_ws/install/px4_ros_com:/home/kch/ros2_ws/install/krac_utils:/home/kch/ros2_ws/install/krac_mission:/home/kch/ros2_ws/install/krac_control:/home/kch/ros2_ws/install/krac_interfaces:/home/kch/ros2_ws/install/krac_vision:/opt/ros/humble LD_LIBRARY_PATH=/home/kch/ros2_ws/install/px4_msgs/lib:/home/kch/ros2_ws/install/vision_msgs_rviz_plugins/lib:/home/kch/ros2_ws/install/vision_msgs/lib:/home/kch/ros2_ws/install/px4_ros_com/lib:/home/kch/ros2_ws/install/krac_interfaces/lib:/opt/ros/humble/opt/rviz_ogre_vendor/lib:/opt/ros/humble/lib/x86_64-linux-gnu:/opt/ros/humble/lib /usr/bin/cmake --install /home/kch/ros2_ws/build/px4_ros_com
