running develop
Removing /home/kch/ros2_ws/install/krac_vision/lib/python3.10/site-packages/krac-vision.egg-link (link to .)
running egg_info
writing ../../build/krac_vision/krac_vision.egg-info/PKG-INFO
writing dependency_links to ../../build/krac_vision/krac_vision.egg-info/dependency_links.txt
writing entry points to ../../build/krac_vision/krac_vision.egg-info/entry_points.txt
writing requirements to ../../build/krac_vision/krac_vision.egg-info/requires.txt
writing top-level names to ../../build/krac_vision/krac_vision.egg-info/top_level.txt
reading manifest file '../../build/krac_vision/krac_vision.egg-info/SOURCES.txt'
writing manifest file '../../build/krac_vision/krac_vision.egg-info/SOURCES.txt'
running build
running build_py
running install
running install_lib
creating /home/kch/ros2_ws/install/krac_vision/lib/python3.10/site-packages/krac_vision
copying /home/kch/ros2_ws/build/krac_vision/build/lib/krac_vision/gripper_test.py -> /home/kch/ros2_ws/install/krac_vision/lib/python3.10/site-packages/krac_vision
copying /home/kch/ros2_ws/build/krac_vision/build/lib/krac_vision/__init__.py -> /home/kch/ros2_ws/install/krac_vision/lib/python3.10/site-packages/krac_vision
copying /home/kch/ros2_ws/build/krac_vision/build/lib/krac_vision/vision_tracker.py -> /home/kch/ros2_ws/install/krac_vision/lib/python3.10/site-packages/krac_vision
copying /home/kch/ros2_ws/build/krac_vision/build/lib/krac_vision/yolo_detector.py -> /home/kch/ros2_ws/install/krac_vision/lib/python3.10/site-packages/krac_vision
copying /home/kch/ros2_ws/build/krac_vision/build/lib/krac_vision/landing_marker.py -> /home/kch/ros2_ws/install/krac_vision/lib/python3.10/site-packages/krac_vision
copying /home/kch/ros2_ws/build/krac_vision/build/lib/krac_vision/survivor_yolo.py -> /home/kch/ros2_ws/install/krac_vision/lib/python3.10/site-packages/krac_vision
byte-compiling /home/kch/ros2_ws/install/krac_vision/lib/python3.10/site-packages/krac_vision/gripper_test.py to gripper_test.cpython-310.pyc
byte-compiling /home/kch/ros2_ws/install/krac_vision/lib/python3.10/site-packages/krac_vision/__init__.py to __init__.cpython-310.pyc
byte-compiling /home/kch/ros2_ws/install/krac_vision/lib/python3.10/site-packages/krac_vision/vision_tracker.py to vision_tracker.cpython-310.pyc
byte-compiling /home/kch/ros2_ws/install/krac_vision/lib/python3.10/site-packages/krac_vision/yolo_detector.py to yolo_detector.cpython-310.pyc
byte-compiling /home/kch/ros2_ws/install/krac_vision/lib/python3.10/site-packages/krac_vision/landing_marker.py to landing_marker.cpython-310.pyc
byte-compiling /home/kch/ros2_ws/install/krac_vision/lib/python3.10/site-packages/krac_vision/survivor_yolo.py to survivor_yolo.cpython-310.pyc
running install_data
copying resource/krac_vision -> /home/kch/ros2_ws/install/krac_vision/share/ament_index/resource_index/packages
copying package.xml -> /home/kch/ros2_ws/install/krac_vision/share/krac_vision
copying weights/best .pt -> /home/kch/ros2_ws/install/krac_vision/share/krac_vision/weights
copying launch/yolo_detector.launch.py -> /home/kch/ros2_ws/install/krac_vision/share/krac_vision/launch
running install_egg_info
Copying ../../build/krac_vision/krac_vision.egg-info to /home/kch/ros2_ws/install/krac_vision/lib/python3.10/site-packages/krac_vision-0.0.0-py3.10.egg-info
running install_scripts
Installing vision_tracker script to /home/kch/ros2_ws/install/krac_vision/lib/krac_vision
writing list of installed files to '/home/kch/ros2_ws/build/krac_vision/install.log'
