[ 20%] Built target vtol_fsm
[ 40%] Built target vtol_offboard
[35m[1mConsolidate compiler generated dependencies of target precision_lander[0m
[ 50%] [32mBuilding CXX object CMakeFiles/precision_lander.dir/src/precision_lander.cpp.o[0m
[01m[K/home/kch/ros2_ws/src/krac_control/src/precision_lander.cpp:[m[K In member function ‘[01m[Kvoid PrecisionLander::control_loop()[m[K’:
[01m[K/home/kch/ros2_ws/src/krac_control/src/precision_lander.cpp:155:16:[m[K [01;35m[Kwarning: [m[Kunused variable ‘[01m[Kyaw_deg[m[K’ [[01;35m[K]8;;https://gcc.gnu.org/onlinedocs/gcc/Warning-Options.html#index-Wunused-variable-Wunused-variable]8;;[m[K]
  155 |      double [01;35m[Kyaw_deg[m[K = target_yaw_err * (180.0 / M_PI);
      |             [01;35m[K^~~~~~~[m[K

[ 60%] [32m[1mLinking CXX executable precision_lander[0m
[ 60%] Built target precision_lander
[100%] Built target offboard
[100%] Built target vtol_fsm_P
-- Install configuration: ""
-- Execute custom install script
-- Up-to-date symlink: /home/kch/ros2_ws/install/krac_control/lib/krac_control/vtol_fsm
-- Up-to-date symlink: /home/kch/ros2_ws/install/krac_control/lib/krac_control/vtol_fsm_P
-- Up-to-date symlink: /home/kch/ros2_ws/install/krac_control/lib/krac_control/offboard
-- Up-to-date symlink: /home/kch/ros2_ws/install/krac_control/lib/krac_control/precision_lander
-- Up-to-date symlink: /home/kch/ros2_ws/install/krac_control/lib/krac_control/vtol_offboard
-- Up-to-date symlink: /home/kch/ros2_ws/install/krac_control/lib/krac_control/gripper_test.py
-- Up-to-date symlink: /home/kch/ros2_ws/install/krac_control/share/ament_index/resource_index/package_run_dependencies/krac_control
-- Up-to-date symlink: /home/kch/ros2_ws/install/krac_control/share/ament_index/resource_index/parent_prefix_path/krac_control
-- Up-to-date symlink: /home/kch/ros2_ws/install/krac_control/share/krac_control/environment/ament_prefix_path.sh
-- Up-to-date symlink: /home/kch/ros2_ws/install/krac_control/share/krac_control/environment/ament_prefix_path.dsv
-- Up-to-date symlink: /home/kch/ros2_ws/install/krac_control/share/krac_control/environment/path.sh
-- Up-to-date symlink: /home/kch/ros2_ws/install/krac_control/share/krac_control/environment/path.dsv
-- Up-to-date symlink: /home/kch/ros2_ws/install/krac_control/share/krac_control/local_setup.bash
-- Up-to-date symlink: /home/kch/ros2_ws/install/krac_control/share/krac_control/local_setup.sh
-- Up-to-date symlink: /home/kch/ros2_ws/install/krac_control/share/krac_control/local_setup.zsh
-- Up-to-date symlink: /home/kch/ros2_ws/install/krac_control/share/krac_control/local_setup.dsv
-- Symlinking: /home/kch/ros2_ws/install/krac_control/share/krac_control/package.dsv
-- Up-to-date symlink: /home/kch/ros2_ws/install/krac_control/share/ament_index/resource_index/packages/krac_control
-- Up-to-date symlink: /home/kch/ros2_ws/install/krac_control/share/krac_control/cmake/krac_controlConfig.cmake
-- Up-to-date symlink: /home/kch/ros2_ws/install/krac_control/share/krac_control/cmake/krac_controlConfig-version.cmake
-- Up-to-date symlink: /home/kch/ros2_ws/install/krac_control/share/krac_control/package.xml
