[0.010s] Invoking command in '/home/kch/ros2_ws/build/krac_interfaces': CMAKE_PREFIX_PATH=${CMAKE_PREFIX_PATH}:/home/kch/ros2_ws/install/yolo_ros:/home/kch/ros2_ws/install/krac_vision:/opt/ros/humble /usr/bin/cmake /home/kch/ros2_ws/src/krac_interfaces -DAMENT_CMAKE_SYMLINK_INSTALL=1 -DCMAKE_INSTALL_PREFIX=/home/kch/ros2_ws/install/krac_interfaces
[0.051s] -- The C compiler identification is GNU 11.4.0
[0.090s] -- The CXX compiler identification is GNU 11.4.0
[0.095s] -- Detecting C compiler ABI info
[0.146s] -- Detecting C compiler ABI info - done
[0.149s] -- Check for working C compiler: /usr/bin/cc - skipped
[0.150s] -- Detecting C compile features
[0.150s] -- Detecting C compile features - done
[0.152s] -- Detecting CXX compiler ABI info
[0.213s] -- Detecting CXX compiler ABI info - done
[0.217s] -- Check for working CXX compiler: /usr/bin/c++ - skipped
[0.217s] -- Detecting CXX compile features
[0.217s] -- Detecting CXX compile features - done
[0.219s] -- Found ament_cmake: 1.3.12 (/opt/ros/humble/share/ament_cmake/cmake)
[0.317s] -- Found Python3: /usr/bin/python3 (found version "3.10.12") found components: Interpreter 
[0.357s] -- Override CMake install command with custom implementation using symlinks instead of copying resources
[0.373s] -- Found rosidl_default_generators: 1.2.0 (/opt/ros/humble/share/rosidl_default_generators/cmake)
[0.375s] -- Using all available rosidl_typesupport_c: rosidl_typesupport_fastrtps_c;rosidl_typesupport_introspection_c
[0.378s] -- Found rosidl_adapter: 3.1.8 (/opt/ros/humble/share/rosidl_adapter/cmake)
[0.403s] -- Using all available rosidl_typesupport_cpp: rosidl_typesupport_fastrtps_cpp;rosidl_typesupport_introspection_cpp
[0.422s] -- Found std_msgs: 4.9.0 (/opt/ros/humble/share/std_msgs/cmake)
[0.643s] -- Found ament_cmake_ros: 0.10.0 (/opt/ros/humble/share/ament_cmake_ros/cmake)
[0.789s] -- Using all available rosidl_typesupport_c: rosidl_typesupport_fastrtps_c;rosidl_typesupport_introspection_c
[0.981s] -- Using all available rosidl_typesupport_cpp: rosidl_typesupport_fastrtps_cpp;rosidl_typesupport_introspection_cpp
[0.997s] -- Found PythonInterp: /usr/bin/python3 (found suitable version "3.10.12", minimum required is "3.6") 
[0.998s] -- Found python_cmake_module: 0.10.0 (/opt/ros/humble/share/python_cmake_module/cmake)
[1.019s] -- Found PythonLibs: /usr/lib/x86_64-linux-gnu/libpython3.10.so (found suitable version "3.10.12", minimum required is "3.5") 
[1.019s] -- Using PYTHON_EXECUTABLE: /usr/bin/python3
[1.019s] -- Using PYTHON_INCLUDE_DIRS: /usr/include/python3.10
[1.019s] -- Using PYTHON_LIBRARIES: /usr/lib/x86_64-linux-gnu/libpython3.10.so
[1.033s] -- Found PythonExtra: .so  
[1.075s] -- Configuring done
[1.097s] -- Generating done
[1.103s] -- Build files have been written to: /home/kch/ros2_ws/build/krac_interfaces
[1.111s] Invoked command in '/home/kch/ros2_ws/build/krac_interfaces' returned '0': CMAKE_PREFIX_PATH=${CMAKE_PREFIX_PATH}:/home/kch/ros2_ws/install/yolo_ros:/home/kch/ros2_ws/install/krac_vision:/opt/ros/humble /usr/bin/cmake /home/kch/ros2_ws/src/krac_interfaces -DAMENT_CMAKE_SYMLINK_INSTALL=1 -DCMAKE_INSTALL_PREFIX=/home/kch/ros2_ws/install/krac_interfaces
[1.113s] Invoking command in '/home/kch/ros2_ws/build/krac_interfaces': CMAKE_PREFIX_PATH=${CMAKE_PREFIX_PATH}:/home/kch/ros2_ws/install/yolo_ros:/home/kch/ros2_ws/install/krac_vision:/opt/ros/humble /usr/bin/cmake --build /home/kch/ros2_ws/build/krac_interfaces -- -j16 -l16
[1.148s] [  2%] [34m[1mGenerating C code for ROS interfaces[0m
[1.156s] [  4%] [34m[1mGenerating C++ code for ROS interfaces[0m
[1.162s] [  4%] Built target ament_cmake_python_symlink_krac_interfaces
[1.307s] running egg_info
[1.307s] creating krac_interfaces.egg-info
[1.308s] writing krac_interfaces.egg-info/PKG-INFO
[1.308s] writing dependency_links to krac_interfaces.egg-info/dependency_links.txt
[1.308s] writing top-level names to krac_interfaces.egg-info/top_level.txt
[1.308s] writing manifest file 'krac_interfaces.egg-info/SOURCES.txt'
[1.309s] reading manifest file 'krac_interfaces.egg-info/SOURCES.txt'
[1.309s] writing manifest file 'krac_interfaces.egg-info/SOURCES.txt'
[1.332s] [  4%] Built target ament_cmake_python_build_krac_interfaces_egg
[1.474s] [  4%] Built target krac_interfaces__cpp
[1.483s] [  8%] [32mBuilding C object CMakeFiles/krac_interfaces__rosidl_generator_c.dir/rosidl_generator_c/krac_interfaces/msg/detail/target_info__functions.c.o[0m
[1.483s] [  8%] [34m[1mGenerating C++ type support for eProsima Fast-RTPS[0m
[1.483s] [ 10%] [34m[1mGenerating C++ type support dispatch for ROS interfaces[0m
[1.483s] [ 12%] [32mBuilding C object CMakeFiles/krac_interfaces__rosidl_generator_c.dir/rosidl_generator_c/krac_interfaces/msg/detail/flight_phase__functions.c.o[0m
[1.483s] [ 14%] [34m[1mGenerating C++ introspection for ROS interfaces[0m
[1.484s] [ 17%] [32mBuilding C object CMakeFiles/krac_interfaces__rosidl_generator_c.dir/rosidl_generator_c/krac_interfaces/msg/detail/target_error__functions.c.o[0m
[1.526s] [ 19%] [32m[1mLinking C shared library libkrac_interfaces__rosidl_generator_c.so[0m
[1.558s] [ 19%] Built target krac_interfaces__rosidl_generator_c
[1.568s] [ 21%] [34m[1mGenerating C introspection for ROS interfaces[0m
[1.568s] [ 23%] [34m[1mGenerating C type support for eProsima Fast-RTPS[0m
[1.569s] [ 25%] [34m[1mGenerating C type support dispatch for ROS interfaces[0m
[1.883s] [ 31%] [32mBuilding CXX object CMakeFiles/krac_interfaces__rosidl_typesupport_fastrtps_cpp.dir/rosidl_typesupport_fastrtps_cpp/krac_interfaces/msg/detail/dds_fastrtps/target_error__type_support.cpp.o[0m
[1.884s] [ 31%] [32mBuilding CXX object CMakeFiles/krac_interfaces__rosidl_typesupport_fastrtps_cpp.dir/rosidl_typesupport_fastrtps_cpp/krac_interfaces/msg/detail/dds_fastrtps/target_info__type_support.cpp.o[0m
[1.884s] [ 31%] [32mBuilding CXX object CMakeFiles/krac_interfaces__rosidl_typesupport_fastrtps_cpp.dir/rosidl_typesupport_fastrtps_cpp/krac_interfaces/msg/detail/dds_fastrtps/flight_phase__type_support.cpp.o[0m
[1.914s] [ 36%] [32mBuilding CXX object CMakeFiles/krac_interfaces__rosidl_typesupport_cpp.dir/rosidl_typesupport_cpp/krac_interfaces/msg/target_error__type_support.cpp.o[0m
[1.914s] [ 36%] [32mBuilding CXX object CMakeFiles/krac_interfaces__rosidl_typesupport_cpp.dir/rosidl_typesupport_cpp/krac_interfaces/msg/flight_phase__type_support.cpp.o[0m
[1.914s] [ 38%] [32mBuilding CXX object CMakeFiles/krac_interfaces__rosidl_typesupport_cpp.dir/rosidl_typesupport_cpp/krac_interfaces/msg/target_info__type_support.cpp.o[0m
[1.979s] [ 40%] [32mBuilding CXX object CMakeFiles/krac_interfaces__rosidl_typesupport_introspection_cpp.dir/rosidl_typesupport_introspection_cpp/krac_interfaces/msg/detail/target_info__type_support.cpp.o[0m
[1.984s] [ 42%] [32mBuilding CXX object CMakeFiles/krac_interfaces__rosidl_typesupport_introspection_cpp.dir/rosidl_typesupport_introspection_cpp/krac_interfaces/msg/detail/flight_phase__type_support.cpp.o[0m
[1.992s] [ 44%] [32mBuilding CXX object CMakeFiles/krac_interfaces__rosidl_typesupport_introspection_cpp.dir/rosidl_typesupport_introspection_cpp/krac_interfaces/msg/detail/target_error__type_support.cpp.o[0m
[2.073s] [ 46%] [32mBuilding CXX object CMakeFiles/krac_interfaces__rosidl_typesupport_c.dir/rosidl_typesupport_c/krac_interfaces/msg/target_info__type_support.cpp.o[0m
[2.083s] [ 48%] [32mBuilding CXX object CMakeFiles/krac_interfaces__rosidl_typesupport_c.dir/rosidl_typesupport_c/krac_interfaces/msg/target_error__type_support.cpp.o[0m
[2.084s] [ 51%] [32mBuilding CXX object CMakeFiles/krac_interfaces__rosidl_typesupport_c.dir/rosidl_typesupport_c/krac_interfaces/msg/flight_phase__type_support.cpp.o[0m
[2.085s] [ 53%] [32mBuilding C object CMakeFiles/krac_interfaces__rosidl_typesupport_introspection_c.dir/rosidl_typesupport_introspection_c/krac_interfaces/msg/detail/target_info__type_support.c.o[0m
[2.089s] [ 55%] [32mBuilding C object CMakeFiles/krac_interfaces__rosidl_typesupport_introspection_c.dir/rosidl_typesupport_introspection_c/krac_interfaces/msg/detail/flight_phase__type_support.c.o[0m
[2.095s] [ 57%] [32mBuilding C object CMakeFiles/krac_interfaces__rosidl_typesupport_introspection_c.dir/rosidl_typesupport_introspection_c/krac_interfaces/msg/detail/target_error__type_support.c.o[0m
[2.125s] [ 59%] [32mBuilding CXX object CMakeFiles/krac_interfaces__rosidl_typesupport_fastrtps_c.dir/rosidl_typesupport_fastrtps_c/krac_interfaces/msg/detail/flight_phase__type_support_c.cpp.o[0m
[2.134s] [ 61%] [32mBuilding CXX object CMakeFiles/krac_interfaces__rosidl_typesupport_fastrtps_c.dir/rosidl_typesupport_fastrtps_c/krac_interfaces/msg/detail/target_info__type_support_c.cpp.o[0m
[2.148s] [ 63%] [32mBuilding CXX object CMakeFiles/krac_interfaces__rosidl_typesupport_fastrtps_c.dir/rosidl_typesupport_fastrtps_c/krac_interfaces/msg/detail/target_error__type_support_c.cpp.o[0m
[2.151s] [ 65%] [32m[1mLinking CXX shared library libkrac_interfaces__rosidl_typesupport_c.so[0m
[2.168s] [ 68%] [32m[1mLinking C shared library libkrac_interfaces__rosidl_typesupport_introspection_c.so[0m
[2.210s] [ 70%] [32m[1mLinking CXX shared library libkrac_interfaces__rosidl_typesupport_cpp.so[0m
[2.221s] [ 70%] Built target krac_interfaces__rosidl_typesupport_c
[2.222s] [ 70%] Built target krac_interfaces__rosidl_typesupport_introspection_c
[2.262s] [ 70%] Built target krac_interfaces__rosidl_typesupport_cpp
[2.326s] [ 72%] [32m[1mLinking CXX shared library libkrac_interfaces__rosidl_typesupport_fastrtps_cpp.so[0m
[2.401s] [ 72%] Built target krac_interfaces__rosidl_typesupport_fastrtps_cpp
[2.403s] [ 74%] [32m[1mLinking CXX shared library libkrac_interfaces__rosidl_typesupport_introspection_cpp.so[0m
[2.446s] [ 76%] [32m[1mLinking CXX shared library libkrac_interfaces__rosidl_typesupport_fastrtps_c.so[0m
[2.465s] [ 76%] Built target krac_interfaces__rosidl_typesupport_introspection_cpp
[2.527s] [ 76%] Built target krac_interfaces__rosidl_typesupport_fastrtps_c
[2.549s] [ 76%] Built target krac_interfaces
[2.587s] [ 78%] [34m[1mGenerating Python code for ROS interfaces[0m
[3.152s] [ 78%] Built target krac_interfaces__py
[3.175s] [ 85%] [32mBuilding C object CMakeFiles/krac_interfaces__rosidl_generator_py.dir/rosidl_generator_py/krac_interfaces/msg/_flight_phase_s.c.o[0m
[3.175s] [ 85%] [32mBuilding C object CMakeFiles/krac_interfaces__rosidl_generator_py.dir/rosidl_generator_py/krac_interfaces/msg/_target_error_s.c.o[0m
[3.175s] [ 85%] [32mBuilding C object CMakeFiles/krac_interfaces__rosidl_generator_py.dir/rosidl_generator_py/krac_interfaces/msg/_target_info_s.c.o[0m
[3.278s] [ 87%] [32m[1mLinking C shared library rosidl_generator_py/krac_interfaces/libkrac_interfaces__rosidl_generator_py.so[0m
[3.322s] [ 87%] Built target krac_interfaces__rosidl_generator_py
[3.346s] [ 89%] [32mBuilding C object CMakeFiles/krac_interfaces__rosidl_typesupport_fastrtps_c__pyext.dir/rosidl_generator_py/krac_interfaces/_krac_interfaces_s.ep.rosidl_typesupport_fastrtps_c.c.o[0m
[3.354s] [ 91%] [32mBuilding C object CMakeFiles/krac_interfaces__rosidl_typesupport_c__pyext.dir/rosidl_generator_py/krac_interfaces/_krac_interfaces_s.ep.rosidl_typesupport_c.c.o[0m
[3.356s] [ 93%] [32mBuilding C object CMakeFiles/krac_interfaces__rosidl_typesupport_introspection_c__pyext.dir/rosidl_generator_py/krac_interfaces/_krac_interfaces_s.ep.rosidl_typesupport_introspection_c.c.o[0m
[3.476s] [ 97%] [32m[1mLinking C shared library rosidl_generator_py/krac_interfaces/krac_interfaces_s__rosidl_typesupport_c.cpython-310-x86_64-linux-gnu.so[0m
[3.476s] [ 97%] [32m[1mLinking C shared library rosidl_generator_py/krac_interfaces/krac_interfaces_s__rosidl_typesupport_introspection_c.cpython-310-x86_64-linux-gnu.so[0m
[3.484s] [100%] [32m[1mLinking C shared library rosidl_generator_py/krac_interfaces/krac_interfaces_s__rosidl_typesupport_fastrtps_c.cpython-310-x86_64-linux-gnu.so[0m
[3.525s] [100%] Built target krac_interfaces__rosidl_typesupport_introspection_c__pyext
[3.531s] [100%] Built target krac_interfaces__rosidl_typesupport_fastrtps_c__pyext
[3.531s] [100%] Built target krac_interfaces__rosidl_typesupport_c__pyext
[3.547s] Invoked command in '/home/kch/ros2_ws/build/krac_interfaces' returned '0': CMAKE_PREFIX_PATH=${CMAKE_PREFIX_PATH}:/home/kch/ros2_ws/install/yolo_ros:/home/kch/ros2_ws/install/krac_vision:/opt/ros/humble /usr/bin/cmake --build /home/kch/ros2_ws/build/krac_interfaces -- -j16 -l16
[3.556s] Invoking command in '/home/kch/ros2_ws/build/krac_interfaces': CMAKE_PREFIX_PATH=${CMAKE_PREFIX_PATH}:/home/kch/ros2_ws/install/yolo_ros:/home/kch/ros2_ws/install/krac_vision:/opt/ros/humble /usr/bin/cmake --install /home/kch/ros2_ws/build/krac_interfaces
[3.572s] -- Install configuration: ""
[3.572s] -- Execute custom install script
[3.572s] -- Symlinking: /home/kch/ros2_ws/install/krac_interfaces/share/ament_index/resource_index/rosidl_interfaces/krac_interfaces
[3.582s] -- Symlinking: /home/kch/ros2_ws/install/krac_interfaces/include/krac_interfaces/krac_interfaces/msg/detail/flight_phase__functions.h
[3.594s] -- Symlinking: /home/kch/ros2_ws/install/krac_interfaces/include/krac_interfaces/krac_interfaces/msg/detail/flight_phase__struct.h
[3.617s] -- Symlinking: /home/kch/ros2_ws/install/krac_interfaces/include/krac_interfaces/krac_interfaces/msg/detail/flight_phase__type_support.h
[3.642s] -- Symlinking: /home/kch/ros2_ws/install/krac_interfaces/include/krac_interfaces/krac_interfaces/msg/detail/target_error__functions.h
[3.666s] -- Symlinking: /home/kch/ros2_ws/install/krac_interfaces/include/krac_interfaces/krac_interfaces/msg/detail/target_error__struct.h
[3.688s] -- Symlinking: /home/kch/ros2_ws/install/krac_interfaces/include/krac_interfaces/krac_interfaces/msg/detail/target_error__type_support.h
[3.706s] -- Symlinking: /home/kch/ros2_ws/install/krac_interfaces/include/krac_interfaces/krac_interfaces/msg/detail/target_info__functions.h
[3.728s] -- Symlinking: /home/kch/ros2_ws/install/krac_interfaces/include/krac_interfaces/krac_interfaces/msg/detail/target_info__struct.h
[3.754s] -- Symlinking: /home/kch/ros2_ws/install/krac_interfaces/include/krac_interfaces/krac_interfaces/msg/detail/target_info__type_support.h
[3.780s] -- Symlinking: /home/kch/ros2_ws/install/krac_interfaces/include/krac_interfaces/krac_interfaces/msg/flight_phase.h
[3.799s] -- Symlinking: /home/kch/ros2_ws/install/krac_interfaces/include/krac_interfaces/krac_interfaces/msg/rosidl_generator_c__visibility_control.h
[3.838s] -- Symlinking: /home/kch/ros2_ws/install/krac_interfaces/include/krac_interfaces/krac_interfaces/msg/target_error.h
[3.866s] -- Symlinking: /home/kch/ros2_ws/install/krac_interfaces/include/krac_interfaces/krac_interfaces/msg/target_info.h
[3.885s] -- Symlinking: /home/kch/ros2_ws/install/krac_interfaces/share/krac_interfaces/environment/library_path.sh
[3.899s] -- Symlinking: /home/kch/ros2_ws/install/krac_interfaces/share/krac_interfaces/environment/library_path.dsv
[3.923s] -- Symlinking: /home/kch/ros2_ws/install/krac_interfaces/include/krac_interfaces/krac_interfaces/msg/detail/flight_phase__rosidl_typesupport_fastrtps_c.h
[3.947s] -- Symlinking: /home/kch/ros2_ws/install/krac_interfaces/include/krac_interfaces/krac_interfaces/msg/detail/target_error__rosidl_typesupport_fastrtps_c.h
[3.969s] -- Symlinking: /home/kch/ros2_ws/install/krac_interfaces/include/krac_interfaces/krac_interfaces/msg/detail/target_info__rosidl_typesupport_fastrtps_c.h
[3.988s] -- Symlinking: /home/kch/ros2_ws/install/krac_interfaces/include/krac_interfaces/krac_interfaces/msg/rosidl_typesupport_fastrtps_c__visibility_control.h
[3.999s] -- Symlinking: /home/kch/ros2_ws/install/krac_interfaces/include/krac_interfaces/krac_interfaces/msg/detail/flight_phase__rosidl_typesupport_introspection_c.h
[4.020s] -- Symlinking: /home/kch/ros2_ws/install/krac_interfaces/include/krac_interfaces/krac_interfaces/msg/detail/target_error__rosidl_typesupport_introspection_c.h
[4.041s] -- Symlinking: /home/kch/ros2_ws/install/krac_interfaces/include/krac_interfaces/krac_interfaces/msg/detail/target_info__rosidl_typesupport_introspection_c.h
[4.070s] -- Symlinking: /home/kch/ros2_ws/install/krac_interfaces/include/krac_interfaces/krac_interfaces/msg/rosidl_typesupport_introspection_c__visibility_control.h
[4.082s] -- Symlinking: /home/kch/ros2_ws/install/krac_interfaces/include/krac_interfaces/krac_interfaces/msg/detail/flight_phase__builder.hpp
[4.104s] -- Symlinking: /home/kch/ros2_ws/install/krac_interfaces/include/krac_interfaces/krac_interfaces/msg/detail/flight_phase__struct.hpp
[4.115s] -- Symlinking: /home/kch/ros2_ws/install/krac_interfaces/include/krac_interfaces/krac_interfaces/msg/detail/flight_phase__traits.hpp
[4.133s] -- Symlinking: /home/kch/ros2_ws/install/krac_interfaces/include/krac_interfaces/krac_interfaces/msg/detail/flight_phase__type_support.hpp
[4.155s] -- Symlinking: /home/kch/ros2_ws/install/krac_interfaces/include/krac_interfaces/krac_interfaces/msg/detail/target_error__builder.hpp
[4.176s] -- Symlinking: /home/kch/ros2_ws/install/krac_interfaces/include/krac_interfaces/krac_interfaces/msg/detail/target_error__struct.hpp
[4.211s] -- Symlinking: /home/kch/ros2_ws/install/krac_interfaces/include/krac_interfaces/krac_interfaces/msg/detail/target_error__traits.hpp
[4.223s] -- Symlinking: /home/kch/ros2_ws/install/krac_interfaces/include/krac_interfaces/krac_interfaces/msg/detail/target_error__type_support.hpp
[4.244s] -- Symlinking: /home/kch/ros2_ws/install/krac_interfaces/include/krac_interfaces/krac_interfaces/msg/detail/target_info__builder.hpp
[4.261s] -- Symlinking: /home/kch/ros2_ws/install/krac_interfaces/include/krac_interfaces/krac_interfaces/msg/detail/target_info__struct.hpp
[4.279s] -- Symlinking: /home/kch/ros2_ws/install/krac_interfaces/include/krac_interfaces/krac_interfaces/msg/detail/target_info__traits.hpp
[4.300s] -- Symlinking: /home/kch/ros2_ws/install/krac_interfaces/include/krac_interfaces/krac_interfaces/msg/detail/target_info__type_support.hpp
[4.313s] -- Symlinking: /home/kch/ros2_ws/install/krac_interfaces/include/krac_interfaces/krac_interfaces/msg/flight_phase.hpp
[4.341s] -- Symlinking: /home/kch/ros2_ws/install/krac_interfaces/include/krac_interfaces/krac_interfaces/msg/rosidl_generator_cpp__visibility_control.hpp
[4.361s] -- Symlinking: /home/kch/ros2_ws/install/krac_interfaces/include/krac_interfaces/krac_interfaces/msg/target_error.hpp
[4.378s] -- Symlinking: /home/kch/ros2_ws/install/krac_interfaces/include/krac_interfaces/krac_interfaces/msg/target_info.hpp
[4.390s] -- Symlinking: /home/kch/ros2_ws/install/krac_interfaces/include/krac_interfaces/krac_interfaces/msg/detail/flight_phase__rosidl_typesupport_fastrtps_cpp.hpp
[4.402s] -- Symlinking: /home/kch/ros2_ws/install/krac_interfaces/include/krac_interfaces/krac_interfaces/msg/detail/target_error__rosidl_typesupport_fastrtps_cpp.hpp
[4.417s] -- Symlinking: /home/kch/ros2_ws/install/krac_interfaces/include/krac_interfaces/krac_interfaces/msg/detail/target_info__rosidl_typesupport_fastrtps_cpp.hpp
[4.433s] -- Symlinking: /home/kch/ros2_ws/install/krac_interfaces/include/krac_interfaces/krac_interfaces/msg/rosidl_typesupport_fastrtps_cpp__visibility_control.h
[4.453s] -- Symlinking: /home/kch/ros2_ws/install/krac_interfaces/include/krac_interfaces/krac_interfaces/msg/detail/flight_phase__rosidl_typesupport_introspection_cpp.hpp
[4.469s] -- Symlinking: /home/kch/ros2_ws/install/krac_interfaces/include/krac_interfaces/krac_interfaces/msg/detail/target_error__rosidl_typesupport_introspection_cpp.hpp
[4.494s] -- Symlinking: /home/kch/ros2_ws/install/krac_interfaces/include/krac_interfaces/krac_interfaces/msg/detail/target_info__rosidl_typesupport_introspection_cpp.hpp
[4.527s] -- Symlinking: /home/kch/ros2_ws/install/krac_interfaces/share/krac_interfaces/environment/pythonpath.sh
[4.557s] -- Symlinking: /home/kch/ros2_ws/install/krac_interfaces/share/krac_interfaces/environment/pythonpath.dsv
[4.590s] -- Symlinking: /home/kch/ros2_ws/install/krac_interfaces/local/lib/python3.10/dist-packages/krac_interfaces-0.0.0-py3.10.egg-info/PKG-INFO
[4.612s] -- Symlinking: /home/kch/ros2_ws/install/krac_interfaces/local/lib/python3.10/dist-packages/krac_interfaces-0.0.0-py3.10.egg-info/SOURCES.txt
[4.624s] -- Symlinking: /home/kch/ros2_ws/install/krac_interfaces/local/lib/python3.10/dist-packages/krac_interfaces-0.0.0-py3.10.egg-info/dependency_links.txt
[4.652s] -- Symlinking: /home/kch/ros2_ws/install/krac_interfaces/local/lib/python3.10/dist-packages/krac_interfaces-0.0.0-py3.10.egg-info/top_level.txt
[4.679s] -- Symlinking: /home/kch/ros2_ws/install/krac_interfaces/local/lib/python3.10/dist-packages/krac_interfaces/__init__.py
[4.703s] -- Symlinking: /home/kch/ros2_ws/install/krac_interfaces/local/lib/python3.10/dist-packages/krac_interfaces/_krac_interfaces_s.ep.rosidl_typesupport_c.c
[4.723s] -- Symlinking: /home/kch/ros2_ws/install/krac_interfaces/local/lib/python3.10/dist-packages/krac_interfaces/_krac_interfaces_s.ep.rosidl_typesupport_fastrtps_c.c
[4.744s] -- Symlinking: /home/kch/ros2_ws/install/krac_interfaces/local/lib/python3.10/dist-packages/krac_interfaces/_krac_interfaces_s.ep.rosidl_typesupport_introspection_c.c
[4.769s] -- Symlinking: /home/kch/ros2_ws/install/krac_interfaces/local/lib/python3.10/dist-packages/krac_interfaces/krac_interfaces_s__rosidl_typesupport_c.cpython-310-x86_64-linux-gnu.so
[4.789s] -- Symlinking: /home/kch/ros2_ws/install/krac_interfaces/local/lib/python3.10/dist-packages/krac_interfaces/krac_interfaces_s__rosidl_typesupport_fastrtps_c.cpython-310-x86_64-linux-gnu.so
[4.799s] -- Symlinking: /home/kch/ros2_ws/install/krac_interfaces/local/lib/python3.10/dist-packages/krac_interfaces/krac_interfaces_s__rosidl_typesupport_introspection_c.cpython-310-x86_64-linux-gnu.so
[4.812s] -- Symlinking: /home/kch/ros2_ws/install/krac_interfaces/local/lib/python3.10/dist-packages/krac_interfaces/libkrac_interfaces__rosidl_generator_py.so
[4.828s] -- Symlinking: /home/kch/ros2_ws/install/krac_interfaces/local/lib/python3.10/dist-packages/krac_interfaces/msg/__init__.py
[4.844s] -- Symlinking: /home/kch/ros2_ws/install/krac_interfaces/local/lib/python3.10/dist-packages/krac_interfaces/msg/_flight_phase.py
[4.862s] -- Symlinking: /home/kch/ros2_ws/install/krac_interfaces/local/lib/python3.10/dist-packages/krac_interfaces/msg/_flight_phase_s.c
[4.883s] -- Symlinking: /home/kch/ros2_ws/install/krac_interfaces/local/lib/python3.10/dist-packages/krac_interfaces/msg/_target_error.py
[4.908s] -- Symlinking: /home/kch/ros2_ws/install/krac_interfaces/local/lib/python3.10/dist-packages/krac_interfaces/msg/_target_error_s.c
[4.928s] -- Symlinking: /home/kch/ros2_ws/install/krac_interfaces/local/lib/python3.10/dist-packages/krac_interfaces/msg/_target_info.py
[4.948s] -- Symlinking: /home/kch/ros2_ws/install/krac_interfaces/local/lib/python3.10/dist-packages/krac_interfaces/msg/_target_info_s.c
[4.965s] -- Up-to-date symlink: /home/kch/ros2_ws/install/krac_interfaces/local/lib/python3.10/dist-packages/krac_interfaces/krac_interfaces_s__rosidl_typesupport_fastrtps_c.cpython-310-x86_64-linux-gnu.so
[4.965s] -- Up-to-date symlink: /home/kch/ros2_ws/install/krac_interfaces/local/lib/python3.10/dist-packages/krac_interfaces/krac_interfaces_s__rosidl_typesupport_introspection_c.cpython-310-x86_64-linux-gnu.so
[4.965s] -- Up-to-date symlink: /home/kch/ros2_ws/install/krac_interfaces/local/lib/python3.10/dist-packages/krac_interfaces/krac_interfaces_s__rosidl_typesupport_c.cpython-310-x86_64-linux-gnu.so
[4.965s] -- Symlinking: /home/kch/ros2_ws/install/krac_interfaces/share/krac_interfaces/msg/FlightPhase.idl
[4.991s] -- Symlinking: /home/kch/ros2_ws/install/krac_interfaces/share/krac_interfaces/msg/TargetInfo.idl
[5.015s] -- Symlinking: /home/kch/ros2_ws/install/krac_interfaces/share/krac_interfaces/msg/TargetError.idl
[5.033s] -- Symlinking: /home/kch/ros2_ws/install/krac_interfaces/share/krac_interfaces/msg/FlightPhase.msg
[5.059s] -- Symlinking: /home/kch/ros2_ws/install/krac_interfaces/share/krac_interfaces/msg/TargetInfo.msg
[5.076s] -- Symlinking: /home/kch/ros2_ws/install/krac_interfaces/share/krac_interfaces/msg/TargetError.msg
[5.100s] -- Symlinking: /home/kch/ros2_ws/install/krac_interfaces/share/ament_index/resource_index/package_run_dependencies/krac_interfaces
[5.113s] -- Symlinking: /home/kch/ros2_ws/install/krac_interfaces/share/ament_index/resource_index/parent_prefix_path/krac_interfaces
[5.126s] -- Symlinking: /home/kch/ros2_ws/install/krac_interfaces/share/krac_interfaces/environment/ament_prefix_path.sh
[5.140s] -- Symlinking: /home/kch/ros2_ws/install/krac_interfaces/share/krac_interfaces/environment/ament_prefix_path.dsv
[5.161s] -- Symlinking: /home/kch/ros2_ws/install/krac_interfaces/share/krac_interfaces/environment/path.sh
[5.183s] -- Symlinking: /home/kch/ros2_ws/install/krac_interfaces/share/krac_interfaces/environment/path.dsv
[5.205s] -- Symlinking: /home/kch/ros2_ws/install/krac_interfaces/share/krac_interfaces/local_setup.bash
[5.223s] -- Symlinking: /home/kch/ros2_ws/install/krac_interfaces/share/krac_interfaces/local_setup.sh
[5.248s] -- Symlinking: /home/kch/ros2_ws/install/krac_interfaces/share/krac_interfaces/local_setup.zsh
[5.268s] -- Symlinking: /home/kch/ros2_ws/install/krac_interfaces/share/krac_interfaces/local_setup.dsv
[5.286s] -- Symlinking: /home/kch/ros2_ws/install/krac_interfaces/share/krac_interfaces/package.dsv
[5.297s] -- Symlinking: /home/kch/ros2_ws/install/krac_interfaces/share/ament_index/resource_index/packages/krac_interfaces
[5.309s] -- Symlinking: /home/kch/ros2_ws/install/krac_interfaces/share/krac_interfaces/cmake/rosidl_cmake-extras.cmake
[5.321s] -- Symlinking: /home/kch/ros2_ws/install/krac_interfaces/share/krac_interfaces/cmake/ament_cmake_export_dependencies-extras.cmake
[5.331s] -- Symlinking: /home/kch/ros2_ws/install/krac_interfaces/share/krac_interfaces/cmake/ament_cmake_export_include_directories-extras.cmake
[5.345s] -- Symlinking: /home/kch/ros2_ws/install/krac_interfaces/share/krac_interfaces/cmake/ament_cmake_export_libraries-extras.cmake
[5.356s] -- Symlinking: /home/kch/ros2_ws/install/krac_interfaces/share/krac_interfaces/cmake/ament_cmake_export_targets-extras.cmake
[5.370s] -- Symlinking: /home/kch/ros2_ws/install/krac_interfaces/share/krac_interfaces/cmake/rosidl_cmake_export_typesupport_targets-extras.cmake
[5.381s] -- Symlinking: /home/kch/ros2_ws/install/krac_interfaces/share/krac_interfaces/cmake/rosidl_cmake_export_typesupport_libraries-extras.cmake
[5.394s] -- Symlinking: /home/kch/ros2_ws/install/krac_interfaces/share/krac_interfaces/cmake/krac_interfacesConfig.cmake
[5.405s] -- Symlinking: /home/kch/ros2_ws/install/krac_interfaces/share/krac_interfaces/cmake/krac_interfacesConfig-version.cmake
[5.417s] -- Symlinking: /home/kch/ros2_ws/install/krac_interfaces/share/krac_interfaces/package.xml
[5.427s] -- Installing: /home/kch/ros2_ws/install/krac_interfaces/lib/libkrac_interfaces__rosidl_generator_c.so
[5.428s] -- Set runtime path of "/home/kch/ros2_ws/install/krac_interfaces/lib/libkrac_interfaces__rosidl_generator_c.so" to ""
[5.428s] -- Installing: /home/kch/ros2_ws/install/krac_interfaces/lib/libkrac_interfaces__rosidl_typesupport_fastrtps_c.so
[5.428s] -- Set runtime path of "/home/kch/ros2_ws/install/krac_interfaces/lib/libkrac_interfaces__rosidl_typesupport_fastrtps_c.so" to ""
[5.428s] -- Installing: /home/kch/ros2_ws/install/krac_interfaces/lib/libkrac_interfaces__rosidl_typesupport_introspection_c.so
[5.428s] -- Set runtime path of "/home/kch/ros2_ws/install/krac_interfaces/lib/libkrac_interfaces__rosidl_typesupport_introspection_c.so" to ""
[5.428s] -- Installing: /home/kch/ros2_ws/install/krac_interfaces/lib/libkrac_interfaces__rosidl_typesupport_c.so
[5.429s] -- Set runtime path of "/home/kch/ros2_ws/install/krac_interfaces/lib/libkrac_interfaces__rosidl_typesupport_c.so" to ""
[5.429s] -- Installing: /home/kch/ros2_ws/install/krac_interfaces/lib/libkrac_interfaces__rosidl_typesupport_fastrtps_cpp.so
[5.429s] -- Set runtime path of "/home/kch/ros2_ws/install/krac_interfaces/lib/libkrac_interfaces__rosidl_typesupport_fastrtps_cpp.so" to ""
[5.429s] -- Installing: /home/kch/ros2_ws/install/krac_interfaces/lib/libkrac_interfaces__rosidl_typesupport_introspection_cpp.so
[5.429s] -- Set runtime path of "/home/kch/ros2_ws/install/krac_interfaces/lib/libkrac_interfaces__rosidl_typesupport_introspection_cpp.so" to ""
[5.429s] -- Installing: /home/kch/ros2_ws/install/krac_interfaces/lib/libkrac_interfaces__rosidl_typesupport_cpp.so
[5.430s] -- Set runtime path of "/home/kch/ros2_ws/install/krac_interfaces/lib/libkrac_interfaces__rosidl_typesupport_cpp.so" to ""
[5.467s] Listing '/home/kch/ros2_ws/install/krac_interfaces/local/lib/python3.10/dist-packages/krac_interfaces'...
[5.467s] Compiling '/home/kch/ros2_ws/install/krac_interfaces/local/lib/python3.10/dist-packages/krac_interfaces/__init__.py'...
[5.467s] Listing '/home/kch/ros2_ws/install/krac_interfaces/local/lib/python3.10/dist-packages/krac_interfaces/msg'...
[5.467s] Compiling '/home/kch/ros2_ws/install/krac_interfaces/local/lib/python3.10/dist-packages/krac_interfaces/msg/__init__.py'...
[5.467s] Compiling '/home/kch/ros2_ws/install/krac_interfaces/local/lib/python3.10/dist-packages/krac_interfaces/msg/_flight_phase.py'...
[5.467s] Compiling '/home/kch/ros2_ws/install/krac_interfaces/local/lib/python3.10/dist-packages/krac_interfaces/msg/_target_error.py'...
[5.467s] Compiling '/home/kch/ros2_ws/install/krac_interfaces/local/lib/python3.10/dist-packages/krac_interfaces/msg/_target_info.py'...
[5.474s] -- Installing: /home/kch/ros2_ws/install/krac_interfaces/lib/libkrac_interfaces__rosidl_generator_py.so
[5.474s] -- Set runtime path of "/home/kch/ros2_ws/install/krac_interfaces/lib/libkrac_interfaces__rosidl_generator_py.so" to ""
[5.474s] -- Installing: /home/kch/ros2_ws/install/krac_interfaces/share/krac_interfaces/cmake/export_krac_interfaces__rosidl_generator_cExport.cmake
[5.474s] -- Installing: /home/kch/ros2_ws/install/krac_interfaces/share/krac_interfaces/cmake/export_krac_interfaces__rosidl_generator_cExport-noconfig.cmake
[5.474s] -- Installing: /home/kch/ros2_ws/install/krac_interfaces/share/krac_interfaces/cmake/export_krac_interfaces__rosidl_typesupport_fastrtps_cExport.cmake
[5.475s] -- Installing: /home/kch/ros2_ws/install/krac_interfaces/share/krac_interfaces/cmake/export_krac_interfaces__rosidl_typesupport_fastrtps_cExport-noconfig.cmake
[5.475s] -- Installing: /home/kch/ros2_ws/install/krac_interfaces/share/krac_interfaces/cmake/krac_interfaces__rosidl_typesupport_introspection_cExport.cmake
[5.475s] -- Installing: /home/kch/ros2_ws/install/krac_interfaces/share/krac_interfaces/cmake/krac_interfaces__rosidl_typesupport_introspection_cExport-noconfig.cmake
[5.475s] -- Installing: /home/kch/ros2_ws/install/krac_interfaces/share/krac_interfaces/cmake/krac_interfaces__rosidl_typesupport_cExport.cmake
[5.475s] -- Installing: /home/kch/ros2_ws/install/krac_interfaces/share/krac_interfaces/cmake/krac_interfaces__rosidl_typesupport_cExport-noconfig.cmake
[5.475s] -- Installing: /home/kch/ros2_ws/install/krac_interfaces/share/krac_interfaces/cmake/export_krac_interfaces__rosidl_generator_cppExport.cmake
[5.475s] -- Installing: /home/kch/ros2_ws/install/krac_interfaces/share/krac_interfaces/cmake/export_krac_interfaces__rosidl_typesupport_fastrtps_cppExport.cmake
[5.476s] -- Installing: /home/kch/ros2_ws/install/krac_interfaces/share/krac_interfaces/cmake/export_krac_interfaces__rosidl_typesupport_fastrtps_cppExport-noconfig.cmake
[5.476s] -- Installing: /home/kch/ros2_ws/install/krac_interfaces/share/krac_interfaces/cmake/krac_interfaces__rosidl_typesupport_introspection_cppExport.cmake
[5.476s] -- Installing: /home/kch/ros2_ws/install/krac_interfaces/share/krac_interfaces/cmake/krac_interfaces__rosidl_typesupport_introspection_cppExport-noconfig.cmake
[5.476s] -- Installing: /home/kch/ros2_ws/install/krac_interfaces/share/krac_interfaces/cmake/krac_interfaces__rosidl_typesupport_cppExport.cmake
[5.476s] -- Installing: /home/kch/ros2_ws/install/krac_interfaces/share/krac_interfaces/cmake/krac_interfaces__rosidl_typesupport_cppExport-noconfig.cmake
[5.476s] -- Installing: /home/kch/ros2_ws/install/krac_interfaces/share/krac_interfaces/cmake/export_krac_interfaces__rosidl_generator_pyExport.cmake
[5.476s] -- Installing: /home/kch/ros2_ws/install/krac_interfaces/share/krac_interfaces/cmake/export_krac_interfaces__rosidl_generator_pyExport-noconfig.cmake
[5.480s] Invoked command in '/home/kch/ros2_ws/build/krac_interfaces' returned '0': CMAKE_PREFIX_PATH=${CMAKE_PREFIX_PATH}:/home/kch/ros2_ws/install/yolo_ros:/home/kch/ros2_ws/install/krac_vision:/opt/ros/humble /usr/bin/cmake --install /home/kch/ros2_ws/build/krac_interfaces
