[0.022s] Invoking command in '/home/kch/ros2_ws/build/krac_mission': CMAKE_PREFIX_PATH=/home/kch/ros2_ws/install/krac_interfaces:/home/kch/ros2_ws/install/vision_msgs_rviz_plugins:/home/kch/ros2_ws/install/vision_msgs:/home/kch/ros2_ws/install/px4_ros_com:/home/kch/ros2_ws/install/px4_msgs:/home/kch/ros2_ws/install/krac_utils:/home/kch/ros2_ws/install/krac_mission:/home/kch/ros2_ws/install/krac_control:/home/kch/ros2_ws/install/krac_vision:/opt/ros/humble LD_LIBRARY_PATH=/home/kch/ros2_ws/install/krac_interfaces/lib:/home/kch/ros2_ws/install/vision_msgs_rviz_plugins/lib:/home/kch/ros2_ws/install/vision_msgs/lib:/home/kch/ros2_ws/install/px4_ros_com/lib:/home/kch/ros2_ws/install/px4_msgs/lib:/opt/ros/humble/opt/rviz_ogre_vendor/lib:/opt/ros/humble/lib/x86_64-linux-gnu:/opt/ros/humble/lib /usr/bin/cmake /home/kch/ros2_ws/src/krac_mission -DCMAKE_INSTALL_PREFIX=/home/kch/ros2_ws/install/krac_mission
[0.034s] -- Found ament_cmake: 1.3.12 (/opt/ros/humble/share/ament_cmake/cmake)
[0.149s] -- Override CMake install command with custom implementation using symlinks instead of copying resources
[0.155s] -- Found rclcpp: 16.0.17 (/opt/ros/humble/share/rclcpp/cmake)
[0.181s] -- Found rosidl_generator_c: 3.1.8 (/opt/ros/humble/share/rosidl_generator_c/cmake)
[0.183s] -- Found rosidl_adapter: 3.1.8 (/opt/ros/humble/share/rosidl_adapter/cmake)
[0.188s] -- Found rosidl_generator_cpp: 3.1.8 (/opt/ros/humble/share/rosidl_generator_cpp/cmake)
[0.195s] -- Using all available rosidl_typesupport_c: rosidl_typesupport_fastrtps_c;rosidl_typesupport_introspection_c
[0.205s] -- Using all available rosidl_typesupport_cpp: rosidl_typesupport_fastrtps_cpp;rosidl_typesupport_introspection_cpp
[0.231s] -- Found rmw_implementation_cmake: 6.1.2 (/opt/ros/humble/share/rmw_implementation_cmake/cmake)
[0.232s] -- Found rmw_fastrtps_cpp: 6.2.9 (/opt/ros/humble/share/rmw_fastrtps_cpp/cmake)
[0.341s] -- Using RMW implementation 'rmw_fastrtps_cpp' as default
[0.385s] -- Found mavros_msgs: 2.14.0 (/opt/ros/humble/share/mavros_msgs/cmake)
[0.463s] -- Found krac_interfaces: 0.0.0 (/home/kch/ros2_ws/install/krac_interfaces/share/krac_interfaces/cmake)
[0.589s] -- Configuring done
[0.596s] -- Generating done
[0.599s] -- Build files have been written to: /home/kch/ros2_ws/build/krac_mission
[0.611s] Invoked command in '/home/kch/ros2_ws/build/krac_mission' returned '0': CMAKE_PREFIX_PATH=/home/kch/ros2_ws/install/krac_interfaces:/home/kch/ros2_ws/install/vision_msgs_rviz_plugins:/home/kch/ros2_ws/install/vision_msgs:/home/kch/ros2_ws/install/px4_ros_com:/home/kch/ros2_ws/install/px4_msgs:/home/kch/ros2_ws/install/krac_utils:/home/kch/ros2_ws/install/krac_mission:/home/kch/ros2_ws/install/krac_control:/home/kch/ros2_ws/install/krac_vision:/opt/ros/humble LD_LIBRARY_PATH=/home/kch/ros2_ws/install/krac_interfaces/lib:/home/kch/ros2_ws/install/vision_msgs_rviz_plugins/lib:/home/kch/ros2_ws/install/vision_msgs/lib:/home/kch/ros2_ws/install/px4_ros_com/lib:/home/kch/ros2_ws/install/px4_msgs/lib:/opt/ros/humble/opt/rviz_ogre_vendor/lib:/opt/ros/humble/lib/x86_64-linux-gnu:/opt/ros/humble/lib /usr/bin/cmake /home/kch/ros2_ws/src/krac_mission -DCMAKE_INSTALL_PREFIX=/home/kch/ros2_ws/install/krac_mission
[0.613s] Invoking command in '/home/kch/ros2_ws/build/krac_mission': CMAKE_PREFIX_PATH=/home/kch/ros2_ws/install/krac_interfaces:/home/kch/ros2_ws/install/vision_msgs_rviz_plugins:/home/kch/ros2_ws/install/vision_msgs:/home/kch/ros2_ws/install/px4_ros_com:/home/kch/ros2_ws/install/px4_msgs:/home/kch/ros2_ws/install/krac_utils:/home/kch/ros2_ws/install/krac_mission:/home/kch/ros2_ws/install/krac_control:/home/kch/ros2_ws/install/krac_vision:/opt/ros/humble LD_LIBRARY_PATH=/home/kch/ros2_ws/install/krac_interfaces/lib:/home/kch/ros2_ws/install/vision_msgs_rviz_plugins/lib:/home/kch/ros2_ws/install/vision_msgs/lib:/home/kch/ros2_ws/install/px4_ros_com/lib:/home/kch/ros2_ws/install/px4_msgs/lib:/opt/ros/humble/opt/rviz_ogre_vendor/lib:/opt/ros/humble/lib/x86_64-linux-gnu:/opt/ros/humble/lib /usr/bin/cmake --build /home/kch/ros2_ws/build/krac_mission -- -j16 -l16
[0.661s] Invoked command in '/home/kch/ros2_ws/build/krac_mission' returned '0': CMAKE_PREFIX_PATH=/home/kch/ros2_ws/install/krac_interfaces:/home/kch/ros2_ws/install/vision_msgs_rviz_plugins:/home/kch/ros2_ws/install/vision_msgs:/home/kch/ros2_ws/install/px4_ros_com:/home/kch/ros2_ws/install/px4_msgs:/home/kch/ros2_ws/install/krac_utils:/home/kch/ros2_ws/install/krac_mission:/home/kch/ros2_ws/install/krac_control:/home/kch/ros2_ws/install/krac_vision:/opt/ros/humble LD_LIBRARY_PATH=/home/kch/ros2_ws/install/krac_interfaces/lib:/home/kch/ros2_ws/install/vision_msgs_rviz_plugins/lib:/home/kch/ros2_ws/install/vision_msgs/lib:/home/kch/ros2_ws/install/px4_ros_com/lib:/home/kch/ros2_ws/install/px4_msgs/lib:/opt/ros/humble/opt/rviz_ogre_vendor/lib:/opt/ros/humble/lib/x86_64-linux-gnu:/opt/ros/humble/lib /usr/bin/cmake --build /home/kch/ros2_ws/build/krac_mission -- -j16 -l16
[0.663s] Invoking command in '/home/kch/ros2_ws/build/krac_mission': CMAKE_PREFIX_PATH=/home/kch/ros2_ws/install/krac_interfaces:/home/kch/ros2_ws/install/vision_msgs_rviz_plugins:/home/kch/ros2_ws/install/vision_msgs:/home/kch/ros2_ws/install/px4_ros_com:/home/kch/ros2_ws/install/px4_msgs:/home/kch/ros2_ws/install/krac_utils:/home/kch/ros2_ws/install/krac_mission:/home/kch/ros2_ws/install/krac_control:/home/kch/ros2_ws/install/krac_vision:/opt/ros/humble LD_LIBRARY_PATH=/home/kch/ros2_ws/install/krac_interfaces/lib:/home/kch/ros2_ws/install/vision_msgs_rviz_plugins/lib:/home/kch/ros2_ws/install/vision_msgs/lib:/home/kch/ros2_ws/install/px4_ros_com/lib:/home/kch/ros2_ws/install/px4_msgs/lib:/opt/ros/humble/opt/rviz_ogre_vendor/lib:/opt/ros/humble/lib/x86_64-linux-gnu:/opt/ros/humble/lib /usr/bin/cmake --install /home/kch/ros2_ws/build/krac_mission
[0.671s] -- Install configuration: ""
[0.672s] -- Execute custom install script
[0.672s] -- Symlinking: /home/kch/ros2_ws/install/krac_mission/share/krac_mission/launch/krac_24.launch .py
[0.683s] -- Up-to-date symlink: /home/kch/ros2_ws/install/krac_mission/share/krac_mission/launch/krac_24_sitl.launch.py
[0.683s] -- Up-to-date symlink: /home/kch/ros2_ws/install/krac_mission/share/krac_mission/launch/main_mission.launch.py
[0.683s] -- Up-to-date symlink: /home/kch/ros2_ws/install/krac_mission/share/krac_mission/launch/sitl_vtol.launch.py
[0.683s] -- Up-to-date symlink: /home/kch/ros2_ws/install/krac_mission/share/krac_mission/launch/sitl_x500.launch.py
[0.684s] -- Up-to-date symlink: /home/kch/ros2_ws/install/krac_mission/share/krac_mission/config/mavros_params.yaml
[0.684s] -- Up-to-date symlink: /home/kch/ros2_ws/install/krac_mission/share/krac_mission/config/vtol_params.yaml
[0.684s] -- Up-to-date symlink: /home/kch/ros2_ws/install/krac_mission/share/krac_mission/config/waypoints.yaml
[0.684s] -- Up-to-date symlink: /home/kch/ros2_ws/install/krac_mission/share/ament_index/resource_index/package_run_dependencies/krac_mission
[0.685s] -- Up-to-date symlink: /home/kch/ros2_ws/install/krac_mission/share/ament_index/resource_index/parent_prefix_path/krac_mission
[0.685s] -- Up-to-date symlink: /home/kch/ros2_ws/install/krac_mission/share/krac_mission/environment/ament_prefix_path.sh
[0.685s] -- Up-to-date symlink: /home/kch/ros2_ws/install/krac_mission/share/krac_mission/environment/ament_prefix_path.dsv
[0.686s] -- Up-to-date symlink: /home/kch/ros2_ws/install/krac_mission/share/krac_mission/environment/path.sh
[0.686s] -- Up-to-date symlink: /home/kch/ros2_ws/install/krac_mission/share/krac_mission/environment/path.dsv
[0.686s] -- Up-to-date symlink: /home/kch/ros2_ws/install/krac_mission/share/krac_mission/local_setup.bash
[0.686s] -- Up-to-date symlink: /home/kch/ros2_ws/install/krac_mission/share/krac_mission/local_setup.sh
[0.687s] -- Up-to-date symlink: /home/kch/ros2_ws/install/krac_mission/share/krac_mission/local_setup.zsh
[0.687s] -- Up-to-date symlink: /home/kch/ros2_ws/install/krac_mission/share/krac_mission/local_setup.dsv
[0.687s] -- Symlinking: /home/kch/ros2_ws/install/krac_mission/share/krac_mission/package.dsv
[0.697s] -- Up-to-date symlink: /home/kch/ros2_ws/install/krac_mission/share/ament_index/resource_index/packages/krac_mission
[0.698s] -- Up-to-date symlink: /home/kch/ros2_ws/install/krac_mission/share/krac_mission/cmake/krac_missionConfig.cmake
[0.698s] -- Up-to-date symlink: /home/kch/ros2_ws/install/krac_mission/share/krac_mission/cmake/krac_missionConfig-version.cmake
[0.698s] -- Up-to-date symlink: /home/kch/ros2_ws/install/krac_mission/share/krac_mission/package.xml
[0.699s] -- Up-to-date: /home/kch/ros2_ws/install/krac_mission/lib/krac_mission/mission_loader
[0.703s] Invoked command in '/home/kch/ros2_ws/build/krac_mission' returned '0': CMAKE_PREFIX_PATH=/home/kch/ros2_ws/install/krac_interfaces:/home/kch/ros2_ws/install/vision_msgs_rviz_plugins:/home/kch/ros2_ws/install/vision_msgs:/home/kch/ros2_ws/install/px4_ros_com:/home/kch/ros2_ws/install/px4_msgs:/home/kch/ros2_ws/install/krac_utils:/home/kch/ros2_ws/install/krac_mission:/home/kch/ros2_ws/install/krac_control:/home/kch/ros2_ws/install/krac_vision:/opt/ros/humble LD_LIBRARY_PATH=/home/kch/ros2_ws/install/krac_interfaces/lib:/home/kch/ros2_ws/install/vision_msgs_rviz_plugins/lib:/home/kch/ros2_ws/install/vision_msgs/lib:/home/kch/ros2_ws/install/px4_ros_com/lib:/home/kch/ros2_ws/install/px4_msgs/lib:/opt/ros/humble/opt/rviz_ogre_vendor/lib:/opt/ros/humble/lib/x86_64-linux-gnu:/opt/ros/humble/lib /usr/bin/cmake --install /home/kch/ros2_ws/build/krac_mission
